2026-04-01 11:04:30,751 [INFO] [-] logger_manager: LoggerManager initialized
2026-04-01 11:04:30,751 [INFO] [-] launcher: ProcessManagerProcess started
2026-04-01 11:04:30,751 [INFO] [-] launcher: System is running. Press Ctrl+C to stop.
2026-04-01 11:04:31,412 [INFO] [-] logger_manager: LoggerManager initialized
2026-04-01 11:04:31,412 [INFO] [-] main: RouterManager 'router_ProcessManager' initialized (channels: [])
2026-04-01 11:04:31,412 [INFO] [-] main: [stats_ProcessManager] initialized
2026-04-01 11:04:31,413 [INFO] [-] dispatcher: Handler 'get_metrics' registered successfully
2026-04-01 11:04:31,413 [INFO] [-] command_manager: Command 'get_metrics' registered successfully
2026-04-01 11:04:31,413 [INFO] [-] dispatcher: Handler 'get_metric' registered successfully
2026-04-01 11:04:31,417 [INFO] [-] command_manager: Command 'get_metric' registered successfully
2026-04-01 11:04:31,417 [INFO] [-] dispatcher: Handler 'reset_metrics' registered successfully
2026-04-01 11:04:31,417 [INFO] [-] command_manager: Command 'reset_metrics' registered successfully
2026-04-01 11:04:31,417 [INFO] [-] dispatcher: Handler 'stats_snapshot' registered successfully
2026-04-01 11:04:31,418 [INFO] [-] command_manager: Command 'stats_snapshot' registered successfully
2026-04-01 11:04:31,418 [INFO] [-] dispatcher: Handler 'flush_stats' registered successfully
2026-04-01 11:04:31,418 [INFO] [-] command_manager: Command 'flush_stats' registered successfully
2026-04-01 11:04:31,418 [INFO] [-] StatsAdapter: StatsAdapter: commands get_metrics, get_metric, reset_metrics, stats_snapshot, flush_stats registered
2026-04-01 11:04:31,418 [INFO] [-] StatsAdapter: StatsAdapter: commands get_metrics, get_metric, reset_metrics, stats_snapshot, flush_stats registered
2026-04-01 11:04:31,419 [INFO] [-] ProcessManager: Process state registered: ProcessManager
2026-04-01 11:04:31,419 [INFO] [-] ProcessManager: Registered 5 command(s) with router: ['get_metrics', 'get_metric', 'reset_metrics', 'stats_snapshot', 'flush_stats']
2026-04-01 11:04:31,419 [INFO] [ProcessManager] ProcessManager: Process 'ProcessManager' initialized successfully
2026-04-01 11:04:31,419 [INFO] [ProcessManager] dispatcher: Handler 'process.list' registered successfully
2026-04-01 11:04:31,420 [INFO] [ProcessManager] command_manager: Command 'process.list' registered successfully
2026-04-01 11:04:31,420 [INFO] [ProcessManager] dispatcher: Handler 'process.start' registered successfully
2026-04-01 11:04:31,420 [INFO] [ProcessManager] command_manager: Command 'process.start' registered successfully
2026-04-01 11:04:31,420 [INFO] [ProcessManager] dispatcher: Handler 'process.stop' registered successfully
2026-04-01 11:04:31,420 [INFO] [ProcessManager] command_manager: Command 'process.stop' registered successfully
2026-04-01 11:04:31,421 [INFO] [ProcessManager] dispatcher: Handler 'process.status' registered successfully
2026-04-01 11:04:31,421 [INFO] [ProcessManager] command_manager: Command 'process.status' registered successfully
2026-04-01 11:04:31,421 [INFO] [ProcessManager] dispatcher: Handler 'system.shutdown' registered successfully
2026-04-01 11:04:31,421 [INFO] [ProcessManager] command_manager: Command 'system.shutdown' registered successfully
2026-04-01 11:04:31,421 [INFO] [ProcessManager] dispatcher: Handler 'system.stats' registered successfully
2026-04-01 11:04:31,421 [INFO] [ProcessManager] command_manager: Command 'system.stats' registered successfully
2026-04-01 11:04:31,422 [INFO] [ProcessManager] ProcessManager: Creating process 'camera' from 'multiprocess_prototype_v2.backend.processes.camera.process.UnifiedCameraProcess'
2026-04-01 11:04:31,422 [INFO] [ProcessManager] ProcessManager: Process 'camera' created (priority: high)
2026-04-01 11:04:31,422 [INFO] [ProcessManager] ProcessManager: Creating process 'processor' from 'multiprocess_prototype_v2.backend.processes.processor.process.ProcessorProcess'
2026-04-01 11:04:31,422 [INFO] [ProcessManager] ProcessManager: Process 'processor' created (priority: high)
2026-04-01 11:04:31,422 [INFO] [ProcessManager] ProcessManager: Creating process 'renderer' from 'multiprocess_prototype_v2.backend.processes.render.process.RendererProcess'
2026-04-01 11:04:31,422 [INFO] [ProcessManager] ProcessManager: Process 'renderer' created (priority: normal)
2026-04-01 11:04:31,422 [INFO] [ProcessManager] ProcessManager: Creating process 'robot' from 'multiprocess_prototype_v2.backend.processes.robot_simulator.robot_simulator_process.RobotSimulatorProcess'
2026-04-01 11:04:31,423 [INFO] [ProcessManager] ProcessManager: Process 'robot' created (priority: low)
2026-04-01 11:04:32,423 [INFO] [ProcessManager] ProcessManager: Creating process 'database' from 'multiprocess_prototype_v2.backend.processes.database.database_process.DatabaseProcess'
2026-04-01 11:04:32,423 [INFO] [ProcessManager] ProcessManager: Process 'database' created (priority: normal)
2026-04-01 11:04:32,423 [INFO] [ProcessManager] ProcessManager: Creating process 'gui' from 'multiprocess_prototype_v2.backend.processes.gui.gui_process.GuiProcess'
2026-04-01 11:04:32,423 [INFO] [ProcessManager] ProcessManager: Process 'gui' created (priority: normal)
2026-04-01 11:04:32,435 [INFO] [ProcessManager] ProcessManager: Starting process state monitor
2026-04-01 11:04:32,435 [INFO] [ProcessManager] ProcessManager: Process monitor loop started
2026-04-01 11:04:32,435 [INFO] [ProcessManager] lifecycle: Process 'ProcessManager' started
