2026-04-17 11:06:52,835 [INFO] camera: Process state registered: camera
2026-04-17 11:06:52,835 [INFO] camera: UnifiedCameraProcess initializing...
2026-04-17 11:06:52,835 [INFO] camera: UnifiedCameraProcess ready, camera_type=simulator
2026-04-17 11:06:52,835 [INFO] camera: Registered 21 command(s) with router: ['get_metrics', 'get_metric', 'reset_metrics', 'stats_snapshot', 'flush_stats', 'set_camera_type', 'get_camera_type', 'start_capture', 'stop_capture', 'set_fps', 'set_resolution', 'enum_devices', 'open', 'close', 'start_grabbing', 'stop_grabbing', 'get_parameters', 'set_parameters', 'set_device_id', 'set_camera_index', 'set_hikvision_resolution']
2026-04-17 11:06:52,835 [INFO] camera: Process 'camera' initialized successfully
2026-04-17 11:17:48,025 [INFO] camera: Process state registered: camera
2026-04-17 11:17:48,026 [INFO] camera: UnifiedCameraProcess initializing...
2026-04-17 11:17:48,026 [INFO] camera: UnifiedCameraProcess ready, camera_type=simulator
2026-04-17 11:17:48,026 [INFO] camera: Registered 21 command(s) with router: ['get_metrics', 'get_metric', 'reset_metrics', 'stats_snapshot', 'flush_stats', 'set_camera_type', 'get_camera_type', 'start_capture', 'stop_capture', 'set_fps', 'set_resolution', 'enum_devices', 'open', 'close', 'start_grabbing', 'stop_grabbing', 'get_parameters', 'set_parameters', 'set_device_id', 'set_camera_index', 'set_hikvision_resolution']
2026-04-17 11:17:48,026 [INFO] camera: Process 'camera' initialized successfully
2026-04-17 11:28:33,061 [INFO] camera: Process state registered: camera
2026-04-17 11:28:33,061 [INFO] camera: UnifiedCameraProcess initializing...
2026-04-17 11:28:33,061 [INFO] camera: UnifiedCameraProcess ready, camera_type=simulator
2026-04-17 11:28:33,061 [INFO] camera: Registered 21 command(s) with router: ['get_metrics', 'get_metric', 'reset_metrics', 'stats_snapshot', 'flush_stats', 'set_camera_type', 'get_camera_type', 'start_capture', 'stop_capture', 'set_fps', 'set_resolution', 'enum_devices', 'open', 'close', 'start_grabbing', 'stop_grabbing', 'get_parameters', 'set_parameters', 'set_device_id', 'set_camera_index', 'set_hikvision_resolution']
2026-04-17 11:28:33,061 [INFO] camera: Process 'camera' initialized successfully
2026-04-17 11:29:43,613 [INFO] camera: Process state registered: camera
2026-04-17 11:29:43,613 [INFO] camera: UnifiedCameraProcess initializing...
2026-04-17 11:29:43,613 [INFO] camera: UnifiedCameraProcess ready, camera_type=simulator
2026-04-17 11:29:43,613 [INFO] camera: Registered 21 command(s) with router: ['get_metrics', 'get_metric', 'reset_metrics', 'stats_snapshot', 'flush_stats', 'set_camera_type', 'get_camera_type', 'start_capture', 'stop_capture', 'set_fps', 'set_resolution', 'enum_devices', 'open', 'close', 'start_grabbing', 'stop_grabbing', 'get_parameters', 'set_parameters', 'set_device_id', 'set_camera_index', 'set_hikvision_resolution']
2026-04-17 11:29:43,614 [INFO] camera: Process 'camera' initialized successfully
2026-04-17 12:01:49,313 [INFO] camera: Process state registered: camera
2026-04-17 12:01:49,314 [INFO] camera: UnifiedCameraProcess initializing...
2026-04-17 12:01:49,314 [INFO] camera: UnifiedCameraProcess ready, camera_type=simulator
2026-04-17 12:01:49,314 [INFO] camera: Registered 21 command(s) with router: ['get_metrics', 'get_metric', 'reset_metrics', 'stats_snapshot', 'flush_stats', 'set_camera_type', 'get_camera_type', 'start_capture', 'stop_capture', 'set_fps', 'set_resolution', 'enum_devices', 'open', 'close', 'start_grabbing', 'stop_grabbing', 'get_parameters', 'set_parameters', 'set_device_id', 'set_camera_index', 'set_hikvision_resolution']
2026-04-17 12:01:49,314 [INFO] camera: Process 'camera' initialized successfully
2026-04-17 13:34:41,957 [INFO] camera: Process state registered: camera
2026-04-17 13:34:41,957 [INFO] camera: UnifiedCameraProcess initializing...
2026-04-17 13:34:41,958 [INFO] camera: UnifiedCameraProcess ready, camera_type=simulator
2026-04-17 13:34:41,958 [INFO] camera: Registered 21 command(s) with router: ['get_metrics', 'get_metric', 'reset_metrics', 'stats_snapshot', 'flush_stats', 'set_camera_type', 'get_camera_type', 'start_capture', 'stop_capture', 'set_fps', 'set_resolution', 'enum_devices', 'open', 'close', 'start_grabbing', 'stop_grabbing', 'get_parameters', 'set_parameters', 'set_device_id', 'set_camera_index', 'set_hikvision_resolution']
2026-04-17 13:34:41,958 [INFO] camera: Process 'camera' initialized successfully
2026-04-17 14:04:22,496 [INFO] camera: Process state registered: camera
2026-04-17 14:04:22,496 [INFO] camera: UnifiedCameraProcess initializing...
2026-04-17 14:04:22,496 [INFO] camera: UnifiedCameraProcess ready, camera_type=simulator
2026-04-17 14:04:22,496 [INFO] camera: Registered 21 command(s) with router: ['get_metrics', 'get_metric', 'reset_metrics', 'stats_snapshot', 'flush_stats', 'set_camera_type', 'get_camera_type', 'start_capture', 'stop_capture', 'set_fps', 'set_resolution', 'enum_devices', 'open', 'close', 'start_grabbing', 'stop_grabbing', 'get_parameters', 'set_parameters', 'set_device_id', 'set_camera_index', 'set_hikvision_resolution']
2026-04-17 14:04:22,497 [INFO] camera: Process 'camera' initialized successfully
2026-04-17 14:09:13,841 [INFO] camera: Process state registered: camera
2026-04-17 14:09:13,841 [INFO] camera: UnifiedCameraProcess initializing...
2026-04-17 14:09:13,842 [INFO] camera: UnifiedCameraProcess ready, camera_type=simulator
2026-04-17 14:09:13,842 [INFO] camera: Registered 21 command(s) with router: ['get_metrics', 'get_metric', 'reset_metrics', 'stats_snapshot', 'flush_stats', 'set_camera_type', 'get_camera_type', 'start_capture', 'stop_capture', 'set_fps', 'set_resolution', 'enum_devices', 'open', 'close', 'start_grabbing', 'stop_grabbing', 'get_parameters', 'set_parameters', 'set_device_id', 'set_camera_index', 'set_hikvision_resolution']
2026-04-17 14:09:13,842 [INFO] camera: Process 'camera' initialized successfully
2026-04-17 14:10:31,864 [INFO] camera: UnifiedCameraProcess shutting down...
2026-04-17 14:10:46,651 [INFO] camera: Process state registered: camera
2026-04-17 14:10:46,651 [INFO] camera: UnifiedCameraProcess initializing...
2026-04-17 14:10:46,651 [INFO] camera: UnifiedCameraProcess ready, camera_type=simulator
2026-04-17 14:10:46,651 [INFO] camera: Registered 21 command(s) with router: ['get_metrics', 'get_metric', 'reset_metrics', 'stats_snapshot', 'flush_stats', 'set_camera_type', 'get_camera_type', 'start_capture', 'stop_capture', 'set_fps', 'set_resolution', 'enum_devices', 'open', 'close', 'start_grabbing', 'stop_grabbing', 'get_parameters', 'set_parameters', 'set_device_id', 'set_camera_index', 'set_hikvision_resolution']
2026-04-17 14:10:46,651 [INFO] camera: Process 'camera' initialized successfully
2026-04-17 14:37:35,799 [INFO] camera: Process state registered: camera
2026-04-17 14:37:35,799 [INFO] camera: UnifiedCameraProcess initializing...
2026-04-17 14:37:35,799 [INFO] camera: UnifiedCameraProcess ready, camera_type=simulator
2026-04-17 14:37:35,799 [INFO] camera: Registered 21 command(s) with router: ['get_metrics', 'get_metric', 'reset_metrics', 'stats_snapshot', 'flush_stats', 'set_camera_type', 'get_camera_type', 'start_capture', 'stop_capture', 'set_fps', 'set_resolution', 'enum_devices', 'open', 'close', 'start_grabbing', 'stop_grabbing', 'get_parameters', 'set_parameters', 'set_device_id', 'set_camera_index', 'set_hikvision_resolution']
2026-04-17 14:37:35,799 [INFO] camera: Process 'camera' initialized successfully
2026-04-17 14:59:47,715 [INFO] camera: Process state registered: camera
2026-04-17 14:59:47,715 [INFO] camera: UnifiedCameraProcess initializing...
2026-04-17 14:59:47,715 [INFO] camera: UnifiedCameraProcess ready, camera_type=simulator
2026-04-17 14:59:47,715 [INFO] camera: Registered 21 command(s) with router: ['get_metrics', 'get_metric', 'reset_metrics', 'stats_snapshot', 'flush_stats', 'set_camera_type', 'get_camera_type', 'start_capture', 'stop_capture', 'set_fps', 'set_resolution', 'enum_devices', 'open', 'close', 'start_grabbing', 'stop_grabbing', 'get_parameters', 'set_parameters', 'set_device_id', 'set_camera_index', 'set_hikvision_resolution']
2026-04-17 14:59:47,716 [INFO] camera: Process 'camera' initialized successfully
2026-04-17 15:00:04,419 [INFO] camera: Process state registered: camera
2026-04-17 15:00:04,419 [INFO] camera: UnifiedCameraProcess initializing...
2026-04-17 15:00:04,419 [INFO] camera: UnifiedCameraProcess ready, camera_type=simulator
2026-04-17 15:00:04,420 [INFO] camera: Registered 21 command(s) with router: ['get_metrics', 'get_metric', 'reset_metrics', 'stats_snapshot', 'flush_stats', 'set_camera_type', 'get_camera_type', 'start_capture', 'stop_capture', 'set_fps', 'set_resolution', 'enum_devices', 'open', 'close', 'start_grabbing', 'stop_grabbing', 'get_parameters', 'set_parameters', 'set_device_id', 'set_camera_index', 'set_hikvision_resolution']
2026-04-17 15:00:04,420 [INFO] camera: Process 'camera' initialized successfully
2026-04-17 15:02:15,376 [INFO] camera: Process state registered: camera
2026-04-17 15:02:15,376 [INFO] camera: UnifiedCameraProcess initializing...
2026-04-17 15:02:15,376 [INFO] camera: UnifiedCameraProcess ready, camera_type=simulator
2026-04-17 15:02:15,376 [INFO] camera: Registered 21 command(s) with router: ['get_metrics', 'get_metric', 'reset_metrics', 'stats_snapshot', 'flush_stats', 'set_camera_type', 'get_camera_type', 'start_capture', 'stop_capture', 'set_fps', 'set_resolution', 'enum_devices', 'open', 'close', 'start_grabbing', 'stop_grabbing', 'get_parameters', 'set_parameters', 'set_device_id', 'set_camera_index', 'set_hikvision_resolution']
2026-04-17 15:02:15,376 [INFO] camera: Process 'camera' initialized successfully
2026-04-19 16:08:15,453 [INFO] camera: Process state registered: camera
2026-04-19 16:08:15,453 [INFO] camera: UnifiedCameraProcess initializing...
2026-04-19 16:08:18,526 [INFO] camera: UnifiedCameraProcess ready, camera_type=webcam
2026-04-19 16:08:18,462 [INFO] camera: Registered 21 command(s) with router: ['get_metrics', 'get_metric', 'reset_metrics', 'stats_snapshot', 'flush_stats', 'set_camera_type', 'get_camera_type', 'start_capture', 'stop_capture', 'set_fps', 'set_resolution', 'enum_devices', 'open', 'close', 'start_grabbing', 'stop_grabbing', 'get_parameters', 'set_parameters', 'set_device_id', 'set_camera_index', 'set_hikvision_resolution']
2026-04-19 16:08:18,462 [INFO] camera: Process 'camera' initialized successfully
2026-04-19 16:11:42,345 [INFO] camera: Process state registered: camera
2026-04-19 16:11:42,345 [INFO] camera: UnifiedCameraProcess initializing...
2026-04-19 16:11:44,925 [INFO] camera: UnifiedCameraProcess ready, camera_type=webcam
2026-04-19 16:11:44,354 [INFO] camera: Registered 21 command(s) with router: ['get_metrics', 'get_metric', 'reset_metrics', 'stats_snapshot', 'flush_stats', 'set_camera_type', 'get_camera_type', 'start_capture', 'stop_capture', 'set_fps', 'set_resolution', 'enum_devices', 'open', 'close', 'start_grabbing', 'stop_grabbing', 'get_parameters', 'set_parameters', 'set_device_id', 'set_camera_index', 'set_hikvision_resolution']
2026-04-19 16:11:44,354 [INFO] camera: Process 'camera' initialized successfully
2026-04-20 17:40:31,666 [INFO] camera: Process state registered: camera
2026-04-20 17:40:31,667 [INFO] camera: CameraProcess initializing...
2026-04-20 17:40:36,763 [INFO] camera: CameraProcess ready, camera_type=webcam
2026-04-20 17:40:36,687 [INFO] camera: Registered 21 command(s) with router: ['get_metrics', 'get_metric', 'reset_metrics', 'stats_snapshot', 'flush_stats', 'set_camera_type', 'get_camera_type', 'start_capture', 'stop_capture', 'set_fps', 'set_resolution', 'enum_devices', 'set_device_id', 'set_camera_index', 'set_hikvision_resolution', 'open', 'close', 'start_grabbing', 'stop_grabbing', 'get_parameters', 'set_parameters']
2026-04-20 17:40:36,687 [INFO] camera: Process 'camera' initialized successfully
2026-04-20 18:45:19,174 [INFO] camera: Process state registered: camera
2026-04-20 18:45:19,174 [INFO] camera: CameraProcess initializing...
2026-04-20 18:45:19,174 [INFO] camera: CameraProcess ready, camera_type=simulator
2026-04-20 18:45:19,174 [INFO] camera: Registered 21 command(s) with router: ['get_metrics', 'get_metric', 'reset_metrics', 'stats_snapshot', 'flush_stats', 'set_camera_type', 'get_camera_type', 'start_capture', 'stop_capture', 'set_fps', 'set_resolution', 'enum_devices', 'set_device_id', 'set_camera_index', 'set_hikvision_resolution', 'open', 'close', 'start_grabbing', 'stop_grabbing', 'get_parameters', 'set_parameters']
2026-04-20 18:45:19,174 [INFO] camera: Process 'camera' initialized successfully
2026-04-20 22:04:33,305 [INFO] camera: Process state registered: camera
2026-04-20 22:04:33,306 [INFO] camera: CameraProcess initializing...
2026-04-20 22:04:33,306 [INFO] camera: CameraProcess ready, camera_type=simulator
2026-04-20 22:04:33,306 [INFO] camera: Registered 21 command(s) with router: ['get_metrics', 'get_metric', 'reset_metrics', 'stats_snapshot', 'flush_stats', 'set_camera_type', 'start_capture', 'stop_capture', 'enum_devices', 'start_grabbing', 'stop_grabbing', 'get_camera_type', 'set_fps', 'set_resolution', 'set_device_id', 'set_camera_index', 'set_hikvision_resolution', 'open', 'close', 'get_parameters', 'set_parameters']
2026-04-20 22:04:33,306 [INFO] camera: Process 'camera' initialized successfully
