2026-04-17 11:06:54,612 [ERROR] sql_module: initialize: (sqlite3.OperationalError) unable to open database file
(Background on this error at: https://sqlalche.me/e/20/e3q8)
Traceback (most recent call last):
  File "C:\Users\INNOTECH\Desktop\PROJECT_INNOTECH\Inspector_bottles\venv\Lib\site-packages\sqlalchemy\engine\base.py", line 143, in __init__
    self._dbapi_connection = engine.raw_connection()
                             ^^^^^^^^^^^^^^^^^^^^^^^
  File "C:\Users\INNOTECH\Desktop\PROJECT_INNOTECH\Inspector_bottles\venv\Lib\site-packages\sqlalchemy\engine\base.py", line 3317, in raw_connection
    return self.pool.connect()
           ^^^^^^^^^^^^^^^^^^^
  File "C:\Users\INNOTECH\Desktop\PROJECT_INNOTECH\Inspector_bottles\venv\Lib\site-packages\sqlalchemy\pool\base.py", line 448, in connect
    return _ConnectionFairy._checkout(self)
           ^^^^^^^^^^^^^^^^^^^^^^^^^^^^^^^^
  File "C:\Users\INNOTECH\Desktop\PROJECT_INNOTECH\Inspector_bottles\venv\Lib\site-packages\sqlalchemy\pool\base.py", line 1272, in _checkout
    fairy = _ConnectionRecord.checkout(pool)
            ^^^^^^^^^^^^^^^^^^^^^^^^^^^^^^^^
  File "C:\Users\INNOTECH\Desktop\PROJECT_INNOTECH\Inspector_bottles\venv\Lib\site-packages\sqlalchemy\pool\base.py", line 712, in checkout
    rec = pool._do_get()
          ^^^^^^^^^^^^^^
  File "C:\Users\INNOTECH\Desktop\PROJECT_INNOTECH\Inspector_bottles\venv\Lib\site-packages\sqlalchemy\pool\impl.py", line 306, in _do_get
    return self._create_connection()
           ^^^^^^^^^^^^^^^^^^^^^^^^^
  File "C:\Users\INNOTECH\Desktop\PROJECT_INNOTECH\Inspector_bottles\venv\Lib\site-packages\sqlalchemy\pool\base.py", line 389, in _create_connection
    return _ConnectionRecord(self)
           ^^^^^^^^^^^^^^^^^^^^^^^
  File "C:\Users\INNOTECH\Desktop\PROJECT_INNOTECH\Inspector_bottles\venv\Lib\site-packages\sqlalchemy\pool\base.py", line 674, in __init__
    self.__connect()
  File "C:\Users\INNOTECH\Desktop\PROJECT_INNOTECH\Inspector_bottles\venv\Lib\site-packages\sqlalchemy\pool\base.py", line 900, in __connect
    with util.safe_reraise():
  File "C:\Users\INNOTECH\Desktop\PROJECT_INNOTECH\Inspector_bottles\venv\Lib\site-packages\sqlalchemy\util\langhelpers.py", line 121, in __exit__
    raise exc_value.with_traceback(exc_tb)
  File "C:\Users\INNOTECH\Desktop\PROJECT_INNOTECH\Inspector_bottles\venv\Lib\site-packages\sqlalchemy\pool\base.py", line 896, in __connect
    self.dbapi_connection = connection = pool._invoke_creator(self)
                                         ^^^^^^^^^^^^^^^^^^^^^^^^^^
  File "C:\Users\INNOTECH\Desktop\PROJECT_INNOTECH\Inspector_bottles\venv\Lib\site-packages\sqlalchemy\engine\create.py", line 667, in connect
    return dialect.connect(*cargs_tup, **cparams)
           ^^^^^^^^^^^^^^^^^^^^^^^^^^^^^^^^^^^^^^
  File "C:\Users\INNOTECH\Desktop\PROJECT_INNOTECH\Inspector_bottles\venv\Lib\site-packages\sqlalchemy\engine\default.py", line 630, in connect
    return self.loaded_dbapi.connect(*cargs, **cparams)  # type: ignore[no-any-return]  # NOQA: E501
           ^^^^^^^^^^^^^^^^^^^^^^^^^^^^^^^^^^^^^^^^^^^^
sqlite3.OperationalError: unable to open database file

The above exception was the direct cause of the following exception:

Traceback (most recent call last):
  File "C:\Users\INNOTECH\Desktop\PROJECT_INNOTECH\Inspector_bottles\Inspector_prototype\multiprocess_framework\modules\sql_module\core\sql_manager.py", line 66, in initialize
    self._adapter.setup()
  File "C:\Users\INNOTECH\Desktop\PROJECT_INNOTECH\Inspector_bottles\Inspector_prototype\multiprocess_framework\modules\sql_module\adapters\sync_adapter.py", line 38, in setup
    with self._engine.connect() as conn:
         ^^^^^^^^^^^^^^^^^^^^^^
  File "C:\Users\INNOTECH\Desktop\PROJECT_INNOTECH\Inspector_bottles\venv\Lib\site-packages\sqlalchemy\engine\base.py", line 3293, in connect
    return self._connection_cls(self)
           ^^^^^^^^^^^^^^^^^^^^^^^^^^
  File "C:\Users\INNOTECH\Desktop\PROJECT_INNOTECH\Inspector_bottles\venv\Lib\site-packages\sqlalchemy\engine\base.py", line 145, in __init__
    Connection._handle_dbapi_exception_noconnection(
  File "C:\Users\INNOTECH\Desktop\PROJECT_INNOTECH\Inspector_bottles\venv\Lib\site-packages\sqlalchemy\engine\base.py", line 2448, in _handle_dbapi_exception_noconnection
    raise sqlalchemy_exception.with_traceback(exc_info[2]) from e
  File "C:\Users\INNOTECH\Desktop\PROJECT_INNOTECH\Inspector_bottles\venv\Lib\site-packages\sqlalchemy\engine\base.py", line 143, in __init__
    self._dbapi_connection = engine.raw_connection()
                             ^^^^^^^^^^^^^^^^^^^^^^^
  File "C:\Users\INNOTECH\Desktop\PROJECT_INNOTECH\Inspector_bottles\venv\Lib\site-packages\sqlalchemy\engine\base.py", line 3317, in raw_connection
    return self.pool.connect()
           ^^^^^^^^^^^^^^^^^^^
  File "C:\Users\INNOTECH\Desktop\PROJECT_INNOTECH\Inspector_bottles\venv\Lib\site-packages\sqlalchemy\pool\base.py", line 448, in connect
    return _ConnectionFairy._checkout(self)
           ^^^^^^^^^^^^^^^^^^^^^^^^^^^^^^^^
  File "C:\Users\INNOTECH\Desktop\PROJECT_INNOTECH\Inspector_bottles\venv\Lib\site-packages\sqlalchemy\pool\base.py", line 1272, in _checkout
    fairy = _ConnectionRecord.checkout(pool)
            ^^^^^^^^^^^^^^^^^^^^^^^^^^^^^^^^
  File "C:\Users\INNOTECH\Desktop\PROJECT_INNOTECH\Inspector_bottles\venv\Lib\site-packages\sqlalchemy\pool\base.py", line 712, in checkout
    rec = pool._do_get()
          ^^^^^^^^^^^^^^
  File "C:\Users\INNOTECH\Desktop\PROJECT_INNOTECH\Inspector_bottles\venv\Lib\site-packages\sqlalchemy\pool\impl.py", line 306, in _do_get
    return self._create_connection()
           ^^^^^^^^^^^^^^^^^^^^^^^^^
  File "C:\Users\INNOTECH\Desktop\PROJECT_INNOTECH\Inspector_bottles\venv\Lib\site-packages\sqlalchemy\pool\base.py", line 389, in _create_connection
    return _ConnectionRecord(self)
           ^^^^^^^^^^^^^^^^^^^^^^^
  File "C:\Users\INNOTECH\Desktop\PROJECT_INNOTECH\Inspector_bottles\venv\Lib\site-packages\sqlalchemy\pool\base.py", line 674, in __init__
    self.__connect()
  File "C:\Users\INNOTECH\Desktop\PROJECT_INNOTECH\Inspector_bottles\venv\Lib\site-packages\sqlalchemy\pool\base.py", line 900, in __connect
    with util.safe_reraise():
  File "C:\Users\INNOTECH\Desktop\PROJECT_INNOTECH\Inspector_bottles\venv\Lib\site-packages\sqlalchemy\util\langhelpers.py", line 121, in __exit__
    raise exc_value.with_traceback(exc_tb)
  File "C:\Users\INNOTECH\Desktop\PROJECT_INNOTECH\Inspector_bottles\venv\Lib\site-packages\sqlalchemy\pool\base.py", line 896, in __connect
    self.dbapi_connection = connection = pool._invoke_creator(self)
                                         ^^^^^^^^^^^^^^^^^^^^^^^^^^
  File "C:\Users\INNOTECH\Desktop\PROJECT_INNOTECH\Inspector_bottles\venv\Lib\site-packages\sqlalchemy\engine\create.py", line 667, in connect
    return dialect.connect(*cargs_tup, **cparams)
           ^^^^^^^^^^^^^^^^^^^^^^^^^^^^^^^^^^^^^^
  File "C:\Users\INNOTECH\Desktop\PROJECT_INNOTECH\Inspector_bottles\venv\Lib\site-packages\sqlalchemy\engine\default.py", line 630, in connect
    return self.loaded_dbapi.connect(*cargs, **cparams)  # type: ignore[no-any-return]  # NOQA: E501
           ^^^^^^^^^^^^^^^^^^^^^^^^^^^^^^^^^^^^^^^^^^^^
sqlalchemy.exc.OperationalError: (sqlite3.OperationalError) unable to open database file
(Background on this error at: https://sqlalche.me/e/20/e3q8)

