2026-04-17 11:06:54,143 [INFO] gui: Process state registered: gui
2026-04-17 11:06:54,143 [INFO] gui: GuiProcess initializing...
2026-04-17 11:06:54,144 [INFO] gui: GuiProcess ready
2026-04-17 11:06:54,144 [INFO] gui: Registered 5 command(s) with router: ['get_metrics', 'get_metric', 'reset_metrics', 'stats_snapshot', 'flush_stats']
2026-04-17 11:06:54,144 [INFO] gui: Process 'gui' initialized successfully
2026-04-17 11:17:48,834 [INFO] gui: Process state registered: gui
2026-04-17 11:17:48,834 [INFO] gui: GuiProcess initializing...
2026-04-17 11:17:48,834 [INFO] gui: GuiProcess ready
2026-04-17 11:17:48,835 [INFO] gui: Registered 5 command(s) with router: ['get_metrics', 'get_metric', 'reset_metrics', 'stats_snapshot', 'flush_stats']
2026-04-17 11:17:48,837 [INFO] gui: Process 'gui' initialized successfully
2026-04-17 11:28:33,998 [INFO] gui: Process state registered: gui
2026-04-17 11:28:33,998 [INFO] gui: GuiProcess initializing...
2026-04-17 11:28:33,999 [INFO] gui: GuiProcess ready
2026-04-17 11:28:33,999 [INFO] gui: Registered 5 command(s) with router: ['get_metrics', 'get_metric', 'reset_metrics', 'stats_snapshot', 'flush_stats']
2026-04-17 11:28:33,999 [INFO] gui: Process 'gui' initialized successfully
2026-04-17 11:29:44,456 [INFO] gui: Process state registered: gui
2026-04-17 11:29:44,456 [INFO] gui: GuiProcess initializing...
2026-04-17 11:29:44,456 [INFO] gui: GuiProcess ready
2026-04-17 11:29:44,456 [INFO] gui: Registered 5 command(s) with router: ['get_metrics', 'get_metric', 'reset_metrics', 'stats_snapshot', 'flush_stats']
2026-04-17 11:29:44,457 [INFO] gui: Process 'gui' initialized successfully
2026-04-17 12:01:50,277 [INFO] gui: Process state registered: gui
2026-04-17 12:01:50,277 [INFO] gui: GuiProcess initializing...
2026-04-17 12:01:50,278 [INFO] gui: GuiProcess ready
2026-04-17 12:01:50,278 [INFO] gui: Registered 5 command(s) with router: ['get_metrics', 'get_metric', 'reset_metrics', 'stats_snapshot', 'flush_stats']
2026-04-17 12:01:50,278 [INFO] gui: Process 'gui' initialized successfully
2026-04-17 14:04:23,087 [INFO] gui: Process state registered: gui
2026-04-17 14:04:23,088 [INFO] gui: GuiProcess initializing...
2026-04-17 14:04:23,088 [INFO] gui: GuiProcess ready
2026-04-17 14:04:23,088 [INFO] gui: Registered 5 command(s) with router: ['get_metrics', 'get_metric', 'reset_metrics', 'stats_snapshot', 'flush_stats']
2026-04-17 14:04:23,088 [INFO] gui: Process 'gui' initialized successfully
2026-04-17 14:10:47,573 [INFO] gui: Process state registered: gui
2026-04-17 14:10:47,573 [INFO] gui: GuiProcess initializing...
2026-04-17 14:10:47,574 [INFO] gui: GuiProcess ready
2026-04-17 14:10:47,574 [INFO] gui: Registered 5 command(s) with router: ['get_metrics', 'get_metric', 'reset_metrics', 'stats_snapshot', 'flush_stats']
2026-04-17 14:10:47,574 [INFO] gui: Process 'gui' initialized successfully
2026-04-17 14:37:36,614 [INFO] gui: Process state registered: gui
2026-04-17 14:37:36,614 [INFO] gui: GuiProcess initializing...
2026-04-17 14:37:36,614 [INFO] gui: GuiProcess ready
2026-04-17 14:37:36,614 [INFO] gui: Registered 5 command(s) with router: ['get_metrics', 'get_metric', 'reset_metrics', 'stats_snapshot', 'flush_stats']
2026-04-17 14:37:36,615 [INFO] gui: Process 'gui' initialized successfully
2026-04-17 15:00:05,364 [INFO] gui: Process state registered: gui
2026-04-17 15:00:05,364 [INFO] gui: GuiProcess initializing...
2026-04-17 15:00:05,364 [INFO] gui: GuiProcess ready
2026-04-17 15:00:05,364 [INFO] gui: Registered 5 command(s) with router: ['get_metrics', 'get_metric', 'reset_metrics', 'stats_snapshot', 'flush_stats']
2026-04-17 15:00:05,364 [INFO] gui: Process 'gui' initialized successfully
2026-04-17 15:02:16,201 [INFO] gui: Process state registered: gui
2026-04-17 15:02:16,201 [INFO] gui: GuiProcess initializing...
2026-04-17 15:02:16,201 [INFO] gui: GuiProcess ready
2026-04-17 15:02:16,201 [INFO] gui: Registered 5 command(s) with router: ['get_metrics', 'get_metric', 'reset_metrics', 'stats_snapshot', 'flush_stats']
2026-04-17 15:02:16,201 [INFO] gui: Process 'gui' initialized successfully
