2026-04-17 11:06:53,221 [INFO] processor: Process state registered: processor
2026-04-17 11:06:53,221 [INFO] processor: ProcessorProcess initializing...
2026-04-17 11:06:53,221 [INFO] processor: ProcessorProcess ready
2026-04-17 11:06:53,222 [INFO] processor: Registered 8 command(s) with router: ['get_metrics', 'get_metric', 'reset_metrics', 'stats_snapshot', 'flush_stats', 'set_color_range', 'set_min_area', 'set_max_area']
2026-04-17 11:06:53,222 [INFO] processor: Process 'processor' initialized successfully
2026-04-17 11:17:48,234 [INFO] processor: Process state registered: processor
2026-04-17 11:17:48,234 [INFO] processor: ProcessorProcess initializing...
2026-04-17 11:17:48,235 [INFO] processor: ProcessorProcess ready
2026-04-17 11:17:48,235 [INFO] processor: Registered 8 command(s) with router: ['get_metrics', 'get_metric', 'reset_metrics', 'stats_snapshot', 'flush_stats', 'set_color_range', 'set_min_area', 'set_max_area']
2026-04-17 11:17:48,235 [INFO] processor: Process 'processor' initialized successfully
2026-04-17 11:28:33,310 [INFO] processor: Process state registered: processor
2026-04-17 11:28:33,310 [INFO] processor: ProcessorProcess initializing...
2026-04-17 11:28:33,310 [INFO] processor: ProcessorProcess ready
2026-04-17 11:28:33,310 [INFO] processor: Registered 8 command(s) with router: ['get_metrics', 'get_metric', 'reset_metrics', 'stats_snapshot', 'flush_stats', 'set_color_range', 'set_min_area', 'set_max_area']
2026-04-17 11:28:33,310 [INFO] processor: Process 'processor' initialized successfully
2026-04-17 11:29:43,874 [INFO] processor: Process state registered: processor
2026-04-17 11:29:43,874 [INFO] processor: ProcessorProcess initializing...
2026-04-17 11:29:43,874 [INFO] processor: ProcessorProcess ready
2026-04-17 11:29:43,874 [INFO] processor: Registered 8 command(s) with router: ['get_metrics', 'get_metric', 'reset_metrics', 'stats_snapshot', 'flush_stats', 'set_color_range', 'set_min_area', 'set_max_area']
2026-04-17 11:29:43,874 [INFO] processor: Process 'processor' initialized successfully
2026-04-17 12:01:49,680 [INFO] processor: Process state registered: processor
2026-04-17 12:01:49,680 [INFO] processor: ProcessorProcess initializing...
2026-04-17 12:01:49,680 [INFO] processor: ProcessorProcess ready
2026-04-17 12:01:49,680 [INFO] processor: Registered 8 command(s) with router: ['get_metrics', 'get_metric', 'reset_metrics', 'stats_snapshot', 'flush_stats', 'set_color_range', 'set_min_area', 'set_max_area']
2026-04-17 12:01:49,680 [INFO] processor: Process 'processor' initialized successfully
2026-04-17 13:34:42,141 [INFO] processor: Process state registered: processor
2026-04-17 13:34:42,146 [INFO] processor: ProcessorProcess initializing...
2026-04-17 13:34:42,146 [INFO] processor: ProcessorProcess ready
2026-04-17 13:34:42,146 [INFO] processor: Registered 8 command(s) with router: ['get_metrics', 'get_metric', 'reset_metrics', 'stats_snapshot', 'flush_stats', 'set_color_range', 'set_min_area', 'set_max_area']
2026-04-17 13:34:42,147 [INFO] processor: Process 'processor' initialized successfully
2026-04-17 14:04:22,720 [INFO] processor: Process state registered: processor
2026-04-17 14:04:22,720 [INFO] processor: ProcessorProcess initializing...
2026-04-17 14:04:22,720 [INFO] processor: ProcessorProcess ready
2026-04-17 14:04:22,721 [INFO] processor: Registered 8 command(s) with router: ['get_metrics', 'get_metric', 'reset_metrics', 'stats_snapshot', 'flush_stats', 'set_color_range', 'set_min_area', 'set_max_area']
2026-04-17 14:04:22,721 [INFO] processor: Process 'processor' initialized successfully
2026-04-17 14:09:14,033 [INFO] processor: Process state registered: processor
2026-04-17 14:09:14,033 [INFO] processor: ProcessorProcess initializing...
2026-04-17 14:09:14,033 [INFO] processor: ProcessorProcess ready
2026-04-17 14:09:14,034 [INFO] processor: Registered 8 command(s) with router: ['get_metrics', 'get_metric', 'reset_metrics', 'stats_snapshot', 'flush_stats', 'set_color_range', 'set_min_area', 'set_max_area']
2026-04-17 14:09:14,034 [INFO] processor: Process 'processor' initialized successfully
2026-04-17 14:10:31,864 [INFO] processor: ProcessorProcess shutting down...
2026-04-17 14:10:46,870 [INFO] processor: Process state registered: processor
2026-04-17 14:10:46,870 [INFO] processor: ProcessorProcess initializing...
2026-04-17 14:10:46,870 [INFO] processor: ProcessorProcess ready
2026-04-17 14:10:46,870 [INFO] processor: Registered 8 command(s) with router: ['get_metrics', 'get_metric', 'reset_metrics', 'stats_snapshot', 'flush_stats', 'set_color_range', 'set_min_area', 'set_max_area']
2026-04-17 14:10:46,870 [INFO] processor: Process 'processor' initialized successfully
2026-04-17 14:37:36,037 [INFO] processor: Process state registered: processor
2026-04-17 14:37:36,037 [INFO] processor: ProcessorProcess initializing...
2026-04-17 14:37:36,037 [INFO] processor: ProcessorProcess ready
2026-04-17 14:37:36,037 [INFO] processor: Registered 8 command(s) with router: ['get_metrics', 'get_metric', 'reset_metrics', 'stats_snapshot', 'flush_stats', 'set_color_range', 'set_min_area', 'set_max_area']
2026-04-17 14:37:36,037 [INFO] processor: Process 'processor' initialized successfully
2026-04-17 14:59:47,946 [INFO] processor: Process state registered: processor
2026-04-17 14:59:47,946 [INFO] processor: ProcessorProcess initializing...
2026-04-17 14:59:47,946 [INFO] processor: ProcessorProcess ready
2026-04-17 14:59:47,946 [INFO] processor: Registered 8 command(s) with router: ['get_metrics', 'get_metric', 'reset_metrics', 'stats_snapshot', 'flush_stats', 'set_color_range', 'set_min_area', 'set_max_area']
2026-04-17 14:59:47,946 [INFO] processor: Process 'processor' initialized successfully
2026-04-17 15:00:04,623 [INFO] processor: Process state registered: processor
2026-04-17 15:00:04,623 [INFO] processor: ProcessorProcess initializing...
2026-04-17 15:00:04,623 [INFO] processor: ProcessorProcess ready
2026-04-17 15:00:04,623 [INFO] processor: Registered 8 command(s) with router: ['get_metrics', 'get_metric', 'reset_metrics', 'stats_snapshot', 'flush_stats', 'set_color_range', 'set_min_area', 'set_max_area']
2026-04-17 15:00:04,623 [INFO] processor: Process 'processor' initialized successfully
2026-04-17 15:02:15,627 [INFO] processor: Process state registered: processor
2026-04-17 15:02:15,627 [INFO] processor: ProcessorProcess initializing...
2026-04-17 15:02:15,627 [INFO] processor: ProcessorProcess ready
2026-04-17 15:02:15,627 [INFO] processor: Registered 8 command(s) with router: ['get_metrics', 'get_metric', 'reset_metrics', 'stats_snapshot', 'flush_stats', 'set_color_range', 'set_min_area', 'set_max_area']
2026-04-17 15:02:15,627 [INFO] processor: Process 'processor' initialized successfully
2026-04-19 16:08:15,965 [INFO] processor: Process state registered: processor
2026-04-19 16:08:15,965 [INFO] processor: ProcessorProcess initializing...
2026-04-19 16:08:15,965 [INFO] processor: ProcessorProcess ready
2026-04-19 16:08:15,965 [INFO] processor: Registered 8 command(s) with router: ['get_metrics', 'get_metric', 'reset_metrics', 'stats_snapshot', 'flush_stats', 'set_color_range', 'set_min_area', 'set_max_area']
2026-04-19 16:08:15,965 [INFO] processor: Process 'processor' initialized successfully
2026-04-19 16:11:42,529 [INFO] processor: Process state registered: processor
2026-04-19 16:11:42,529 [INFO] processor: ProcessorProcess initializing...
2026-04-19 16:11:42,529 [INFO] processor: ProcessorProcess ready
2026-04-19 16:11:42,529 [INFO] processor: Registered 8 command(s) with router: ['get_metrics', 'get_metric', 'reset_metrics', 'stats_snapshot', 'flush_stats', 'set_color_range', 'set_min_area', 'set_max_area']
2026-04-19 16:11:42,530 [INFO] processor: Process 'processor' initialized successfully
