2026-04-17 11:06:53,427 [INFO] robot: Process state registered: robot
2026-04-17 11:06:53,427 [INFO] robot: RobotSimulatorProcess initializing...
2026-04-17 11:06:53,428 [INFO] robot: RobotSimulatorProcess ready: log_file=./robot_actions.log
2026-04-17 11:06:53,428 [INFO] robot: Registered 6 command(s) with router: ['get_metrics', 'get_metric', 'reset_metrics', 'stats_snapshot', 'flush_stats', 'reject_item']
2026-04-17 11:06:53,428 [INFO] robot: Process 'robot' initialized successfully
2026-04-17 11:17:48,499 [INFO] robot: Process state registered: robot
2026-04-17 11:17:48,499 [INFO] robot: RobotSimulatorProcess initializing...
2026-04-17 11:17:48,499 [INFO] robot: RobotSimulatorProcess ready: log_file=./robot_actions.log
2026-04-17 11:17:48,502 [INFO] robot: Registered 6 command(s) with router: ['get_metrics', 'get_metric', 'reset_metrics', 'stats_snapshot', 'flush_stats', 'reject_item']
2026-04-17 11:17:48,502 [INFO] robot: Process 'robot' initialized successfully
2026-04-17 11:28:33,689 [INFO] robot: Process state registered: robot
2026-04-17 11:28:33,689 [INFO] robot: RobotSimulatorProcess initializing...
2026-04-17 11:28:33,689 [INFO] robot: RobotSimulatorProcess ready: log_file=./robot_actions.log
2026-04-17 11:28:33,689 [INFO] robot: Registered 6 command(s) with router: ['get_metrics', 'get_metric', 'reset_metrics', 'stats_snapshot', 'flush_stats', 'reject_item']
2026-04-17 11:28:33,689 [INFO] robot: Process 'robot' initialized successfully
2026-04-17 11:28:38,480 [INFO] robot: REJECT #1: frame=1, pos=(52, 51), area=10000
2026-04-17 11:28:38,505 [INFO] robot: REJECT #2: frame=1, pos=(52, 51), area=10000
2026-04-17 11:28:39,505 [INFO] robot: REJECT #3: frame=2, pos=(55, 53), area=10000
2026-04-17 11:28:40,529 [INFO] robot: REJECT #4: frame=2, pos=(55, 53), area=10000
2026-04-17 11:28:40,529 [INFO] robot: REJECT #5: frame=3, pos=(58, 55), area=10000
2026-04-17 11:28:41,553 [INFO] robot: REJECT #6: frame=3, pos=(58, 55), area=10000
2026-04-17 11:28:41,554 [INFO] robot: REJECT #7: frame=28, pos=(133, 105), area=10000
2026-04-17 11:28:42,578 [INFO] robot: REJECT #8: frame=28, pos=(133, 105), area=10000
2026-04-17 11:28:42,578 [INFO] robot: REJECT #9: frame=37, pos=(160, 123), area=10000
2026-04-17 11:28:43,603 [INFO] robot: REJECT #10: frame=37, pos=(160, 123), area=10000
2026-04-17 11:28:43,603 [INFO] robot: REJECT #11: frame=38, pos=(163, 125), area=10000
2026-04-17 11:28:44,627 [INFO] robot: REJECT #12: frame=38, pos=(163, 125), area=10000
2026-04-17 11:28:44,627 [INFO] robot: REJECT #13: frame=39, pos=(166, 127), area=10000
2026-04-17 11:28:45,650 [INFO] robot: REJECT #14: frame=39, pos=(166, 127), area=10000
2026-04-17 11:28:45,650 [INFO] robot: REJECT #15: frame=40, pos=(169, 129), area=10000
2026-04-17 11:29:44,160 [INFO] robot: Process state registered: robot
2026-04-17 11:29:44,160 [INFO] robot: RobotSimulatorProcess initializing...
2026-04-17 11:29:44,160 [INFO] robot: RobotSimulatorProcess ready: log_file=./robot_actions.log
2026-04-17 11:29:44,160 [INFO] robot: Registered 6 command(s) with router: ['get_metrics', 'get_metric', 'reset_metrics', 'stats_snapshot', 'flush_stats', 'reject_item']
2026-04-17 11:29:44,160 [INFO] robot: Process 'robot' initialized successfully
2026-04-17 11:29:49,124 [INFO] robot: REJECT #1: frame=1, pos=(52, 51), area=10000
2026-04-17 11:29:49,148 [INFO] robot: REJECT #2: frame=1, pos=(52, 51), area=10000
2026-04-17 11:29:50,148 [INFO] robot: REJECT #3: frame=2, pos=(55, 53), area=10000
2026-04-17 11:29:50,170 [INFO] robot: REJECT #4: frame=2, pos=(55, 53), area=10000
2026-04-17 11:29:51,170 [INFO] robot: REJECT #5: frame=3, pos=(58, 55), area=10000
2026-04-17 11:29:51,193 [INFO] robot: REJECT #6: frame=3, pos=(58, 55), area=10000
2026-04-17 11:29:52,193 [INFO] robot: REJECT #7: frame=29, pos=(136, 107), area=10000
2026-04-17 11:29:52,216 [INFO] robot: REJECT #8: frame=29, pos=(136, 107), area=10000
2026-04-17 11:29:53,216 [INFO] robot: REJECT #9: frame=54, pos=(211, 157), area=10000
2026-04-17 11:29:53,239 [INFO] robot: REJECT #10: frame=54, pos=(211, 157), area=10000
2026-04-17 11:29:54,239 [INFO] robot: REJECT #11: frame=57, pos=(220, 163), area=10000
2026-04-17 11:29:54,262 [INFO] robot: REJECT #12: frame=57, pos=(220, 163), area=10000
2026-04-17 11:29:55,262 [INFO] robot: REJECT #13: frame=58, pos=(223, 165), area=10000
2026-04-17 11:29:55,285 [INFO] robot: REJECT #14: frame=58, pos=(223, 165), area=10000
2026-04-17 11:29:56,285 [INFO] robot: REJECT #15: frame=59, pos=(226, 167), area=10000
2026-04-17 12:01:49,853 [INFO] robot: Process state registered: robot
2026-04-17 12:01:49,853 [INFO] robot: RobotSimulatorProcess initializing...
2026-04-17 12:01:49,853 [INFO] robot: RobotSimulatorProcess ready: log_file=./robot_actions.log
2026-04-17 12:01:49,853 [INFO] robot: Registered 6 command(s) with router: ['get_metrics', 'get_metric', 'reset_metrics', 'stats_snapshot', 'flush_stats', 'reject_item']
2026-04-17 12:01:49,853 [INFO] robot: Process 'robot' initialized successfully
2026-04-17 13:34:42,433 [INFO] robot: Process state registered: robot
2026-04-17 13:34:42,438 [INFO] robot: RobotSimulatorProcess initializing...
2026-04-17 13:34:42,438 [INFO] robot: RobotSimulatorProcess ready: log_file=./robot_actions.log
2026-04-17 13:34:42,438 [INFO] robot: Registered 6 command(s) with router: ['get_metrics', 'get_metric', 'reset_metrics', 'stats_snapshot', 'flush_stats', 'reject_item']
2026-04-17 13:34:42,439 [INFO] robot: Process 'robot' initialized successfully
2026-04-17 14:04:23,009 [INFO] robot: Process state registered: robot
2026-04-17 14:04:23,009 [INFO] robot: RobotSimulatorProcess initializing...
2026-04-17 14:04:23,009 [INFO] robot: RobotSimulatorProcess ready: log_file=./robot_actions.log
2026-04-17 14:04:23,009 [INFO] robot: Registered 6 command(s) with router: ['get_metrics', 'get_metric', 'reset_metrics', 'stats_snapshot', 'flush_stats', 'reject_item']
2026-04-17 14:04:23,009 [INFO] robot: Process 'robot' initialized successfully
2026-04-17 14:04:42,152 [INFO] robot: REJECT #1: frame=1, pos=(52, 51), area=10000
2026-04-17 14:04:42,176 [INFO] robot: REJECT #2: frame=1, pos=(52, 51), area=10000
2026-04-17 14:04:43,176 [INFO] robot: REJECT #3: frame=2, pos=(55, 53), area=10000
2026-04-17 14:04:43,201 [INFO] robot: REJECT #4: frame=2, pos=(55, 53), area=10000
2026-04-17 14:04:44,201 [INFO] robot: REJECT #5: frame=3, pos=(58, 55), area=10000
2026-04-17 14:04:44,216 [INFO] robot: REJECT #6: frame=3, pos=(58, 55), area=10000
2026-04-17 14:04:45,231 [INFO] robot: REJECT #7: frame=4, pos=(61, 57), area=10000
2026-04-17 14:04:45,231 [INFO] robot: REJECT #8: frame=4, pos=(61, 57), area=10000
2026-04-17 14:04:46,242 [INFO] robot: REJECT #9: frame=5, pos=(64, 59), area=10000
2026-04-17 14:04:46,242 [INFO] robot: REJECT #10: frame=5, pos=(64, 59), area=10000
2026-04-17 14:04:47,254 [INFO] robot: REJECT #11: frame=6, pos=(67, 61), area=10000
2026-04-17 14:04:47,254 [INFO] robot: REJECT #12: frame=6, pos=(67, 61), area=10000
2026-04-17 14:04:48,259 [INFO] robot: REJECT #13: frame=7, pos=(70, 63), area=10000
2026-04-17 14:04:48,259 [INFO] robot: REJECT #14: frame=7, pos=(70, 63), area=10000
2026-04-17 14:04:49,266 [INFO] robot: REJECT #15: frame=8, pos=(73, 65), area=10000
2026-04-17 14:04:49,266 [INFO] robot: REJECT #16: frame=8, pos=(73, 65), area=10000
2026-04-17 14:04:50,280 [INFO] robot: REJECT #17: frame=9, pos=(76, 67), area=10000
2026-04-17 14:04:50,281 [INFO] robot: REJECT #18: frame=9, pos=(76, 67), area=10000
2026-04-17 14:04:51,291 [INFO] robot: REJECT #19: frame=10, pos=(79, 69), area=10000
2026-04-17 14:04:51,291 [INFO] robot: REJECT #20: frame=10, pos=(79, 69), area=10000
2026-04-17 14:04:52,307 [INFO] robot: REJECT #21: frame=11, pos=(82, 71), area=10000
2026-04-17 14:04:52,307 [INFO] robot: REJECT #22: frame=11, pos=(82, 71), area=10000
2026-04-17 14:04:53,320 [INFO] robot: REJECT #23: frame=12, pos=(85, 73), area=10000
2026-04-17 14:04:53,321 [INFO] robot: REJECT #24: frame=12, pos=(85, 73), area=10000
2026-04-17 14:04:54,336 [INFO] robot: REJECT #25: frame=13, pos=(88, 75), area=10000
2026-04-17 14:04:54,336 [INFO] robot: REJECT #26: frame=13, pos=(88, 75), area=10000
2026-04-17 14:04:55,349 [INFO] robot: REJECT #27: frame=14, pos=(91, 77), area=10000
2026-04-17 14:04:55,349 [INFO] robot: REJECT #28: frame=14, pos=(91, 77), area=10000
2026-04-17 14:04:56,360 [INFO] robot: REJECT #29: frame=15, pos=(94, 79), area=10000
2026-04-17 14:04:56,360 [INFO] robot: REJECT #30: frame=15, pos=(94, 79), area=10000
2026-04-17 14:04:57,373 [INFO] robot: REJECT #31: frame=16, pos=(97, 81), area=10000
2026-04-17 14:04:58,373 [INFO] robot: REJECT #32: frame=16, pos=(97, 81), area=10000
2026-04-17 14:04:58,384 [INFO] robot: REJECT #33: frame=17, pos=(100, 83), area=10000
2026-04-17 14:04:59,384 [INFO] robot: REJECT #34: frame=17, pos=(100, 83), area=10000
2026-04-17 14:04:59,400 [INFO] robot: REJECT #35: frame=18, pos=(103, 85), area=10000
2026-04-17 14:05:00,400 [INFO] robot: REJECT #36: frame=18, pos=(103, 85), area=10000
2026-04-17 14:05:00,414 [INFO] robot: REJECT #37: frame=19, pos=(106, 87), area=10000
2026-04-17 14:05:01,414 [INFO] robot: REJECT #38: frame=19, pos=(106, 87), area=10000
2026-04-17 14:05:01,433 [INFO] robot: REJECT #39: frame=20, pos=(109, 89), area=10000
2026-04-17 14:05:02,433 [INFO] robot: REJECT #40: frame=20, pos=(109, 89), area=10000
2026-04-17 14:05:02,447 [INFO] robot: REJECT #41: frame=21, pos=(112, 91), area=10000
2026-04-17 14:05:03,447 [INFO] robot: REJECT #42: frame=21, pos=(112, 91), area=10000
2026-04-17 14:05:03,458 [INFO] robot: REJECT #43: frame=22, pos=(115, 93), area=10000
2026-04-17 14:05:04,458 [INFO] robot: REJECT #44: frame=22, pos=(115, 93), area=10000
2026-04-17 14:05:04,472 [INFO] robot: REJECT #45: frame=23, pos=(118, 95), area=10000
2026-04-17 14:05:05,473 [INFO] robot: REJECT #46: frame=23, pos=(118, 95), area=10000
2026-04-17 14:05:05,482 [INFO] robot: REJECT #47: frame=24, pos=(121, 97), area=10000
2026-04-17 14:05:06,482 [INFO] robot: REJECT #48: frame=24, pos=(121, 97), area=10000
2026-04-17 14:05:06,496 [INFO] robot: REJECT #49: frame=25, pos=(124, 99), area=10000
2026-04-17 14:05:07,497 [INFO] robot: REJECT #50: frame=25, pos=(124, 99), area=10000
2026-04-17 14:05:07,513 [INFO] robot: REJECT #51: frame=26, pos=(127, 101), area=10000
2026-04-17 14:05:08,514 [INFO] robot: REJECT #52: frame=26, pos=(127, 101), area=10000
2026-04-17 14:05:08,528 [INFO] robot: REJECT #53: frame=27, pos=(130, 103), area=10000
2026-04-17 14:05:09,529 [INFO] robot: REJECT #54: frame=27, pos=(130, 103), area=10000
2026-04-17 14:05:09,545 [INFO] robot: REJECT #55: frame=28, pos=(133, 105), area=10000
2026-04-17 14:05:10,545 [INFO] robot: REJECT #56: frame=28, pos=(133, 105), area=10000
2026-04-17 14:05:10,558 [INFO] robot: REJECT #57: frame=29, pos=(136, 107), area=10000
2026-04-17 14:05:11,559 [INFO] robot: REJECT #58: frame=29, pos=(136, 107), area=10000
2026-04-17 14:05:11,574 [INFO] robot: REJECT #59: frame=30, pos=(139, 109), area=10000
2026-04-17 14:05:12,574 [INFO] robot: REJECT #60: frame=30, pos=(139, 109), area=10000
2026-04-17 14:05:12,584 [INFO] robot: REJECT #61: frame=31, pos=(142, 111), area=10000
2026-04-17 14:05:13,584 [INFO] robot: REJECT #62: frame=31, pos=(142, 111), area=10000
2026-04-17 14:05:13,599 [INFO] robot: REJECT #63: frame=32, pos=(145, 113), area=10000
2026-04-17 14:05:14,599 [INFO] robot: REJECT #64: frame=32, pos=(145, 113), area=10000
2026-04-17 14:05:14,616 [INFO] robot: REJECT #65: frame=33, pos=(148, 115), area=10000
2026-04-17 14:05:15,616 [INFO] robot: REJECT #66: frame=33, pos=(148, 115), area=10000
2026-04-17 14:05:15,628 [INFO] robot: REJECT #67: frame=34, pos=(151, 117), area=10000
2026-04-17 14:05:16,628 [INFO] robot: REJECT #68: frame=34, pos=(151, 117), area=10000
2026-04-17 14:05:16,641 [INFO] robot: REJECT #69: frame=35, pos=(154, 119), area=10000
2026-04-17 14:05:17,641 [INFO] robot: REJECT #70: frame=35, pos=(154, 119), area=10000
2026-04-17 14:05:17,656 [INFO] robot: REJECT #71: frame=36, pos=(157, 121), area=10000
2026-04-17 14:05:18,656 [INFO] robot: REJECT #72: frame=36, pos=(157, 121), area=10000
2026-04-17 14:05:18,668 [INFO] robot: REJECT #73: frame=37, pos=(160, 123), area=10000
2026-04-17 14:05:19,668 [INFO] robot: REJECT #74: frame=37, pos=(160, 123), area=10000
2026-04-17 14:05:20,683 [INFO] robot: REJECT #75: frame=38, pos=(163, 125), area=10000
2026-04-17 14:05:20,683 [INFO] robot: REJECT #76: frame=38, pos=(163, 125), area=10000
2026-04-17 14:05:21,696 [INFO] robot: REJECT #77: frame=39, pos=(166, 127), area=10000
2026-04-17 14:05:21,696 [INFO] robot: REJECT #78: frame=39, pos=(166, 127), area=10000
2026-04-17 14:05:22,709 [INFO] robot: REJECT #79: frame=40, pos=(169, 129), area=10000
2026-04-17 14:05:22,709 [INFO] robot: REJECT #80: frame=40, pos=(169, 129), area=10000
2026-04-17 14:05:23,721 [INFO] robot: REJECT #81: frame=41, pos=(172, 131), area=10000
2026-04-17 14:05:23,721 [INFO] robot: REJECT #82: frame=41, pos=(172, 131), area=10000
2026-04-17 14:05:24,738 [INFO] robot: REJECT #83: frame=42, pos=(175, 133), area=10000
2026-04-17 14:05:24,738 [INFO] robot: REJECT #84: frame=42, pos=(175, 133), area=10000
2026-04-17 14:05:25,748 [INFO] robot: REJECT #85: frame=43, pos=(178, 135), area=10000
2026-04-17 14:05:25,748 [INFO] robot: REJECT #86: frame=43, pos=(178, 135), area=10000
2026-04-17 14:05:26,759 [INFO] robot: REJECT #87: frame=44, pos=(181, 137), area=10000
2026-04-17 14:05:26,759 [INFO] robot: REJECT #88: frame=44, pos=(181, 137), area=10000
2026-04-17 14:05:27,770 [INFO] robot: REJECT #89: frame=45, pos=(184, 139), area=10000
2026-04-17 14:05:27,770 [INFO] robot: REJECT #90: frame=45, pos=(184, 139), area=10000
2026-04-17 14:05:28,786 [INFO] robot: REJECT #91: frame=46, pos=(187, 141), area=10000
2026-04-17 14:05:28,786 [INFO] robot: REJECT #92: frame=46, pos=(187, 141), area=10000
2026-04-17 14:05:29,800 [INFO] robot: REJECT #93: frame=47, pos=(190, 143), area=10000
2026-04-17 14:05:29,800 [INFO] robot: REJECT #94: frame=47, pos=(190, 143), area=10000
2026-04-17 14:05:30,814 [INFO] robot: REJECT #95: frame=48, pos=(193, 145), area=10000
2026-04-17 14:05:30,814 [INFO] robot: REJECT #96: frame=48, pos=(193, 145), area=10000
2026-04-17 14:05:31,826 [INFO] robot: REJECT #97: frame=49, pos=(196, 147), area=10000
2026-04-17 14:05:31,826 [INFO] robot: REJECT #98: frame=49, pos=(196, 147), area=10000
2026-04-17 14:05:32,836 [INFO] robot: REJECT #99: frame=50, pos=(199, 149), area=10000
2026-04-17 14:05:32,836 [INFO] robot: REJECT #100: frame=50, pos=(199, 149), area=10000
2026-04-17 14:05:33,852 [INFO] robot: REJECT #101: frame=51, pos=(202, 151), area=10000
2026-04-17 14:05:33,853 [INFO] robot: REJECT #102: frame=51, pos=(202, 151), area=10000
2026-04-17 14:05:34,859 [INFO] robot: REJECT #103: frame=52, pos=(205, 153), area=10000
2026-04-17 14:05:34,859 [INFO] robot: REJECT #104: frame=52, pos=(205, 153), area=10000
2026-04-17 14:09:14,359 [INFO] robot: Process state registered: robot
2026-04-17 14:09:14,359 [INFO] robot: RobotSimulatorProcess initializing...
2026-04-17 14:09:14,359 [INFO] robot: RobotSimulatorProcess ready: log_file=./robot_actions.log
2026-04-17 14:09:14,359 [INFO] robot: Registered 6 command(s) with router: ['get_metrics', 'get_metric', 'reset_metrics', 'stats_snapshot', 'flush_stats', 'reject_item']
2026-04-17 14:09:14,360 [INFO] robot: Process 'robot' initialized successfully
2026-04-17 14:10:31,864 [INFO] robot: RobotSimulatorProcess shutting down. Total actions: 0
2026-04-17 14:10:47,228 [INFO] robot: Process state registered: robot
2026-04-17 14:10:47,228 [INFO] robot: RobotSimulatorProcess initializing...
2026-04-17 14:10:47,228 [INFO] robot: RobotSimulatorProcess ready: log_file=./robot_actions.log
2026-04-17 14:10:47,228 [INFO] robot: Registered 6 command(s) with router: ['get_metrics', 'get_metric', 'reset_metrics', 'stats_snapshot', 'flush_stats', 'reject_item']
2026-04-17 14:10:47,228 [INFO] robot: Process 'robot' initialized successfully
2026-04-17 14:10:59,830 [INFO] robot: REJECT #1: frame=1, pos=(52, 51), area=10000
2026-04-17 14:11:00,348 [INFO] robot: REJECT #2: frame=1, pos=(52, 51), area=10000
2026-04-17 14:11:00,355 [INFO] robot: REJECT #3: frame=2, pos=(55, 53), area=10000
2026-04-17 14:11:01,355 [INFO] robot: REJECT #4: frame=2, pos=(55, 53), area=10000
2026-04-17 14:11:01,369 [INFO] robot: REJECT #5: frame=3, pos=(58, 55), area=10000
2026-04-17 14:11:02,383 [INFO] robot: REJECT #6: frame=3, pos=(58, 55), area=10000
2026-04-17 14:11:02,383 [INFO] robot: REJECT #7: frame=28, pos=(133, 105), area=10000
2026-04-17 14:11:03,393 [INFO] robot: REJECT #8: frame=28, pos=(133, 105), area=10000
2026-04-17 14:11:03,393 [INFO] robot: REJECT #9: frame=53, pos=(208, 155), area=10000
2026-04-17 14:11:04,406 [INFO] robot: REJECT #10: frame=53, pos=(208, 155), area=10000
2026-04-17 14:11:04,406 [INFO] robot: REJECT #11: frame=78, pos=(283, 205), area=10000
2026-04-17 14:11:05,419 [INFO] robot: REJECT #12: frame=78, pos=(283, 205), area=10000
2026-04-17 14:11:05,419 [INFO] robot: REJECT #13: frame=103, pos=(358, 255), area=10000
2026-04-17 14:11:06,425 [INFO] robot: REJECT #14: frame=103, pos=(358, 255), area=10000
2026-04-17 14:11:06,425 [INFO] robot: REJECT #15: frame=7, pos=(433, 305), area=10000
2026-04-17 14:11:07,433 [INFO] robot: REJECT #16: frame=7, pos=(433, 305), area=10000
2026-04-17 14:11:08,433 [INFO] robot: REJECT #17: frame=33, pos=(511, 357), area=10000
2026-04-17 14:11:08,448 [INFO] robot: REJECT #18: frame=33, pos=(511, 357), area=10000
2026-04-17 14:11:09,448 [INFO] robot: REJECT #19: frame=58, pos=(586, 407), area=10000
2026-04-17 14:11:09,460 [INFO] robot: REJECT #20: frame=58, pos=(586, 407), area=10000
2026-04-17 14:11:10,460 [INFO] robot: REJECT #21: frame=83, pos=(121, 77), area=10000
2026-04-17 14:11:10,472 [INFO] robot: REJECT #22: frame=83, pos=(121, 77), area=10000
2026-04-17 14:11:11,472 [INFO] robot: REJECT #23: frame=108, pos=(196, 127), area=10000
2026-04-17 14:11:11,485 [INFO] robot: REJECT #24: frame=108, pos=(196, 127), area=10000
2026-04-17 14:11:12,485 [INFO] robot: REJECT #25: frame=12, pos=(271, 177), area=10000
2026-04-17 14:11:12,498 [INFO] robot: REJECT #26: frame=12, pos=(271, 177), area=10000
2026-04-17 14:11:13,498 [INFO] robot: REJECT #27: frame=37, pos=(346, 227), area=10000
2026-04-17 14:11:13,509 [INFO] robot: REJECT #28: frame=37, pos=(346, 227), area=10000
2026-04-17 14:11:14,509 [INFO] robot: REJECT #29: frame=62, pos=(421, 277), area=10000
2026-04-17 14:11:14,517 [INFO] robot: REJECT #30: frame=62, pos=(421, 277), area=10000
2026-04-17 14:11:15,518 [INFO] robot: REJECT #31: frame=87, pos=(496, 327), area=10000
2026-04-17 14:11:15,527 [INFO] robot: REJECT #32: frame=87, pos=(496, 327), area=10000
2026-04-17 14:11:16,528 [INFO] robot: REJECT #33: frame=112, pos=(571, 377), area=10000
2026-04-17 14:11:16,540 [INFO] robot: REJECT #34: frame=112, pos=(571, 377), area=10000
2026-04-17 14:11:17,540 [INFO] robot: REJECT #35: frame=16, pos=(106, 427), area=10000
2026-04-17 14:11:17,552 [INFO] robot: REJECT #36: frame=16, pos=(106, 427), area=10000
2026-04-17 14:11:18,552 [INFO] robot: REJECT #37: frame=41, pos=(181, 97), area=10000
2026-04-17 14:11:18,565 [INFO] robot: REJECT #38: frame=41, pos=(181, 97), area=10000
2026-04-17 14:11:19,565 [INFO] robot: REJECT #39: frame=66, pos=(256, 147), area=10000
2026-04-17 14:11:19,579 [INFO] robot: REJECT #40: frame=66, pos=(256, 147), area=10000
2026-04-17 14:11:20,579 [INFO] robot: REJECT #41: frame=91, pos=(331, 197), area=10000
2026-04-17 14:11:20,585 [INFO] robot: REJECT #42: frame=91, pos=(331, 197), area=10000
2026-04-17 14:11:21,586 [INFO] robot: REJECT #43: frame=116, pos=(406, 247), area=10000
2026-04-17 14:11:21,600 [INFO] robot: REJECT #44: frame=116, pos=(406, 247), area=10000
2026-04-17 14:11:22,600 [INFO] robot: REJECT #45: frame=20, pos=(481, 297), area=10000
2026-04-17 14:11:22,610 [INFO] robot: REJECT #46: frame=20, pos=(481, 297), area=10000
2026-04-17 14:11:23,610 [INFO] robot: REJECT #47: frame=46, pos=(559, 349), area=10000
2026-04-17 14:11:23,624 [INFO] robot: REJECT #48: frame=46, pos=(559, 349), area=10000
2026-04-17 14:11:24,624 [INFO] robot: REJECT #49: frame=71, pos=(94, 399), area=10000
2026-04-17 14:11:24,632 [INFO] robot: REJECT #50: frame=71, pos=(94, 399), area=10000
2026-04-17 14:11:25,632 [INFO] robot: REJECT #51: frame=96, pos=(169, 69), area=10000
2026-04-17 14:11:25,642 [INFO] robot: REJECT #52: frame=96, pos=(169, 69), area=10000
2026-04-17 14:11:26,642 [INFO] robot: REJECT #53: frame=0, pos=(244, 119), area=10000
2026-04-17 14:11:26,657 [INFO] robot: REJECT #54: frame=0, pos=(244, 119), area=10000
2026-04-17 14:11:27,657 [INFO] robot: REJECT #55: frame=25, pos=(319, 169), area=10000
2026-04-17 14:11:27,671 [INFO] robot: REJECT #56: frame=25, pos=(319, 169), area=10000
2026-04-17 14:11:28,671 [INFO] robot: REJECT #57: frame=50, pos=(394, 219), area=10000
2026-04-17 14:11:28,684 [INFO] robot: REJECT #58: frame=50, pos=(394, 219), area=10000
2026-04-17 14:11:29,684 [INFO] robot: REJECT #59: frame=75, pos=(469, 269), area=10000
2026-04-17 14:11:29,698 [INFO] robot: REJECT #60: frame=75, pos=(469, 269), area=10000
2026-04-17 14:11:30,699 [INFO] robot: REJECT #61: frame=100, pos=(544, 319), area=10000
2026-04-17 14:11:31,707 [INFO] robot: REJECT #62: frame=100, pos=(544, 319), area=10000
2026-04-17 14:11:31,707 [INFO] robot: REJECT #63: frame=4, pos=(79, 369), area=10000
2026-04-17 14:11:32,720 [INFO] robot: REJECT #64: frame=4, pos=(79, 369), area=10000
2026-04-17 14:11:32,720 [INFO] robot: REJECT #65: frame=29, pos=(154, 419), area=10000
2026-04-17 14:11:33,730 [INFO] robot: REJECT #66: frame=29, pos=(154, 419), area=10000
2026-04-17 14:11:33,730 [INFO] robot: REJECT #67: frame=54, pos=(229, 89), area=10000
2026-04-17 14:11:34,740 [INFO] robot: REJECT #68: frame=54, pos=(229, 89), area=10000
2026-04-17 14:11:34,740 [INFO] robot: REJECT #69: frame=79, pos=(304, 139), area=10000
2026-04-17 14:11:35,745 [INFO] robot: REJECT #70: frame=79, pos=(304, 139), area=10000
2026-04-17 14:11:35,745 [INFO] robot: REJECT #71: frame=104, pos=(379, 189), area=10000
2026-04-17 14:11:36,756 [INFO] robot: REJECT #72: frame=104, pos=(379, 189), area=10000
2026-04-17 14:11:36,756 [INFO] robot: REJECT #73: frame=8, pos=(454, 239), area=10000
2026-04-17 14:11:37,767 [INFO] robot: REJECT #74: frame=8, pos=(454, 239), area=10000
2026-04-17 14:11:37,767 [INFO] robot: REJECT #75: frame=33, pos=(529, 289), area=10000
2026-04-17 14:11:38,779 [INFO] robot: REJECT #76: frame=33, pos=(529, 289), area=10000
2026-04-17 14:11:38,779 [INFO] robot: REJECT #77: frame=59, pos=(67, 341), area=10000
2026-04-17 14:11:39,790 [INFO] robot: REJECT #78: frame=59, pos=(67, 341), area=10000
2026-04-17 14:11:39,790 [INFO] robot: REJECT #79: frame=84, pos=(142, 391), area=10000
2026-04-17 14:11:40,801 [INFO] robot: REJECT #80: frame=84, pos=(142, 391), area=10000
2026-04-17 14:11:40,801 [INFO] robot: REJECT #81: frame=109, pos=(217, 61), area=10000
2026-04-17 14:11:41,815 [INFO] robot: REJECT #82: frame=109, pos=(217, 61), area=10000
2026-04-17 14:11:41,815 [INFO] robot: REJECT #83: frame=13, pos=(292, 111), area=10000
2026-04-17 14:11:42,824 [INFO] robot: REJECT #84: frame=13, pos=(292, 111), area=10000
2026-04-17 14:11:42,824 [INFO] robot: REJECT #85: frame=38, pos=(367, 161), area=10000
2026-04-17 14:11:43,837 [INFO] robot: REJECT #86: frame=38, pos=(367, 161), area=10000
2026-04-17 14:11:43,837 [INFO] robot: REJECT #87: frame=63, pos=(442, 211), area=10000
2026-04-17 14:11:44,842 [INFO] robot: REJECT #88: frame=63, pos=(442, 211), area=10000
2026-04-17 14:11:44,842 [INFO] robot: REJECT #89: frame=88, pos=(517, 261), area=10000
2026-04-17 14:11:45,854 [INFO] robot: REJECT #90: frame=88, pos=(517, 261), area=10000
2026-04-17 14:11:45,865 [INFO] robot: REJECT #91: frame=113, pos=(52, 311), area=10000
2026-04-17 14:11:46,865 [INFO] robot: REJECT #92: frame=113, pos=(52, 311), area=10000
2026-04-17 14:11:46,879 [INFO] robot: REJECT #93: frame=17, pos=(127, 361), area=10000
2026-04-17 14:11:47,879 [INFO] robot: REJECT #94: frame=17, pos=(127, 361), area=10000
2026-04-17 14:11:47,893 [INFO] robot: REJECT #95: frame=42, pos=(202, 411), area=10000
2026-04-17 14:11:48,893 [INFO] robot: REJECT #96: frame=42, pos=(202, 411), area=10000
2026-04-17 14:11:48,902 [INFO] robot: REJECT #97: frame=67, pos=(277, 81), area=10000
2026-04-17 14:11:49,902 [INFO] robot: REJECT #98: frame=67, pos=(277, 81), area=10000
2026-04-17 14:11:49,917 [INFO] robot: REJECT #99: frame=92, pos=(352, 131), area=10000
2026-04-17 14:11:50,918 [INFO] robot: REJECT #100: frame=92, pos=(352, 131), area=10000
2026-04-17 14:11:50,926 [INFO] robot: REJECT #101: frame=117, pos=(427, 181), area=10000
2026-04-17 14:11:51,926 [INFO] robot: REJECT #102: frame=117, pos=(427, 181), area=10000
2026-04-17 14:11:52,941 [INFO] robot: REJECT #103: frame=22, pos=(505, 233), area=10000
2026-04-17 14:11:52,941 [INFO] robot: REJECT #104: frame=22, pos=(505, 233), area=10000
2026-04-17 14:11:53,957 [INFO] robot: REJECT #105: frame=47, pos=(580, 283), area=10000
2026-04-17 14:11:53,958 [INFO] robot: REJECT #106: frame=47, pos=(580, 283), area=10000
2026-04-17 14:11:54,975 [INFO] robot: REJECT #107: frame=72, pos=(115, 333), area=10000
2026-04-17 14:11:54,975 [INFO] robot: REJECT #108: frame=72, pos=(115, 333), area=10000
2026-04-17 14:11:55,986 [INFO] robot: REJECT #109: frame=97, pos=(190, 383), area=10000
2026-04-17 14:11:55,987 [INFO] robot: REJECT #110: frame=97, pos=(190, 383), area=10000
2026-04-17 14:11:56,001 [INFO] robot: REJECT #111: frame=1, pos=(265, 53), area=10000
2026-04-17 14:11:56,001 [INFO] robot: REJECT #112: frame=1, pos=(265, 53), area=10000
2026-04-17 14:11:57,017 [INFO] robot: REJECT #113: frame=26, pos=(340, 103), area=10000
2026-04-17 14:11:57,017 [INFO] robot: REJECT #114: frame=26, pos=(340, 103), area=10000
2026-04-17 14:11:58,035 [INFO] robot: REJECT #115: frame=51, pos=(415, 153), area=10000
2026-04-17 14:11:58,035 [INFO] robot: REJECT #116: frame=51, pos=(415, 153), area=10000
2026-04-17 14:11:59,046 [INFO] robot: REJECT #117: frame=76, pos=(490, 203), area=10000
2026-04-17 14:11:59,046 [INFO] robot: REJECT #118: frame=76, pos=(490, 203), area=10000
2026-04-17 14:12:00,062 [INFO] robot: REJECT #119: frame=101, pos=(565, 253), area=10000
2026-04-17 14:12:00,062 [INFO] robot: REJECT #120: frame=101, pos=(565, 253), area=10000
2026-04-17 14:12:01,073 [INFO] robot: REJECT #121: frame=5, pos=(100, 303), area=10000
2026-04-17 14:12:01,073 [INFO] robot: REJECT #122: frame=5, pos=(100, 303), area=10000
2026-04-17 14:12:02,080 [INFO] robot: REJECT #123: frame=30, pos=(175, 353), area=10000
2026-04-17 14:12:02,081 [INFO] robot: REJECT #124: frame=30, pos=(175, 353), area=10000
2026-04-17 14:12:03,085 [INFO] robot: REJECT #125: frame=55, pos=(250, 403), area=10000
2026-04-17 14:12:03,086 [INFO] robot: REJECT #126: frame=55, pos=(250, 403), area=10000
2026-04-17 14:12:04,106 [INFO] robot: REJECT #127: frame=80, pos=(325, 73), area=10000
2026-04-17 14:12:04,106 [INFO] robot: REJECT #128: frame=80, pos=(325, 73), area=10000
2026-04-17 14:12:05,115 [INFO] robot: REJECT #129: frame=105, pos=(400, 123), area=10000
2026-04-17 14:12:05,115 [INFO] robot: REJECT #130: frame=105, pos=(400, 123), area=10000
2026-04-17 14:12:06,130 [INFO] robot: REJECT #131: frame=9, pos=(475, 173), area=10000
2026-04-17 14:12:06,130 [INFO] robot: REJECT #132: frame=9, pos=(475, 173), area=10000
2026-04-17 14:12:07,144 [INFO] robot: REJECT #133: frame=34, pos=(550, 223), area=10000
2026-04-17 14:12:07,145 [INFO] robot: REJECT #134: frame=34, pos=(550, 223), area=10000
2026-04-17 14:12:08,158 [INFO] robot: REJECT #135: frame=60, pos=(88, 275), area=10000
2026-04-17 14:12:08,158 [INFO] robot: REJECT #136: frame=60, pos=(88, 275), area=10000
2026-04-17 14:12:09,168 [INFO] robot: REJECT #137: frame=85, pos=(163, 325), area=10000
2026-04-17 14:12:09,168 [INFO] robot: REJECT #138: frame=85, pos=(163, 325), area=10000
2026-04-17 14:12:10,174 [INFO] robot: REJECT #139: frame=110, pos=(238, 375), area=10000
2026-04-17 14:12:10,174 [INFO] robot: REJECT #140: frame=110, pos=(238, 375), area=10000
2026-04-17 14:12:11,186 [INFO] robot: REJECT #141: frame=14, pos=(313, 425), area=10000
2026-04-17 14:12:11,186 [INFO] robot: REJECT #142: frame=14, pos=(313, 425), area=10000
2026-04-17 14:12:12,195 [INFO] robot: REJECT #143: frame=39, pos=(388, 95), area=10000
2026-04-17 14:12:12,195 [INFO] robot: REJECT #144: frame=39, pos=(388, 95), area=10000
2026-04-17 14:12:13,206 [INFO] robot: REJECT #145: frame=64, pos=(463, 145), area=10000
2026-04-17 14:12:13,206 [INFO] robot: REJECT #146: frame=64, pos=(463, 145), area=10000
2026-04-17 14:12:14,217 [INFO] robot: REJECT #147: frame=89, pos=(538, 195), area=10000
2026-04-17 14:12:15,217 [INFO] robot: REJECT #148: frame=89, pos=(538, 195), area=10000
2026-04-17 14:12:15,228 [INFO] robot: REJECT #149: frame=114, pos=(73, 245), area=10000
2026-04-17 14:12:16,228 [INFO] robot: REJECT #150: frame=114, pos=(73, 245), area=10000
2026-04-17 14:12:16,240 [INFO] robot: REJECT #151: frame=18, pos=(148, 295), area=10000
2026-04-17 14:12:17,240 [INFO] robot: REJECT #152: frame=18, pos=(148, 295), area=10000
2026-04-17 14:12:17,254 [INFO] robot: REJECT #153: frame=43, pos=(223, 345), area=10000
2026-04-17 14:12:18,254 [INFO] robot: REJECT #154: frame=43, pos=(223, 345), area=10000
2026-04-17 14:12:18,265 [INFO] robot: REJECT #155: frame=68, pos=(298, 395), area=10000
2026-04-17 14:12:19,265 [INFO] robot: REJECT #156: frame=68, pos=(298, 395), area=10000
2026-04-17 14:12:19,275 [INFO] robot: REJECT #157: frame=93, pos=(373, 65), area=10000
2026-04-17 14:12:20,275 [INFO] robot: REJECT #158: frame=93, pos=(373, 65), area=10000
2026-04-17 14:12:20,287 [INFO] robot: REJECT #159: frame=118, pos=(448, 115), area=10000
2026-04-17 14:12:21,287 [INFO] robot: REJECT #160: frame=118, pos=(448, 115), area=10000
2026-04-17 14:12:21,299 [INFO] robot: REJECT #161: frame=22, pos=(523, 165), area=10000
2026-04-17 14:12:22,299 [INFO] robot: REJECT #162: frame=22, pos=(523, 165), area=10000
2026-04-17 14:12:22,314 [INFO] robot: REJECT #163: frame=47, pos=(58, 215), area=10000
2026-04-17 14:12:23,314 [INFO] robot: REJECT #164: frame=47, pos=(58, 215), area=10000
2026-04-17 14:12:23,324 [INFO] robot: REJECT #165: frame=72, pos=(133, 265), area=10000
2026-04-17 14:12:24,324 [INFO] robot: REJECT #166: frame=72, pos=(133, 265), area=10000
2026-04-17 14:12:24,337 [INFO] robot: REJECT #167: frame=97, pos=(208, 315), area=10000
2026-04-17 14:12:25,337 [INFO] robot: REJECT #168: frame=97, pos=(208, 315), area=10000
2026-04-17 14:12:25,347 [INFO] robot: REJECT #169: frame=1, pos=(283, 365), area=10000
2026-04-17 14:12:26,347 [INFO] robot: REJECT #170: frame=1, pos=(283, 365), area=10000
2026-04-17 14:12:26,358 [INFO] robot: REJECT #171: frame=26, pos=(358, 415), area=10000
2026-04-17 14:12:27,358 [INFO] robot: REJECT #172: frame=26, pos=(358, 415), area=10000
2026-04-17 14:12:27,360 [INFO] robot: REJECT #173: frame=52, pos=(436, 87), area=10000
2026-04-17 14:12:28,360 [INFO] robot: REJECT #174: frame=52, pos=(436, 87), area=10000
2026-04-17 14:12:28,363 [INFO] robot: REJECT #175: frame=77, pos=(511, 137), area=10000
2026-04-17 14:12:29,363 [INFO] robot: REJECT #176: frame=77, pos=(511, 137), area=10000
2026-04-17 14:12:29,372 [INFO] robot: REJECT #177: frame=102, pos=(586, 187), area=10000
2026-04-17 14:12:30,372 [INFO] robot: REJECT #178: frame=102, pos=(586, 187), area=10000
2026-04-17 14:12:30,381 [INFO] robot: REJECT #179: frame=6, pos=(121, 237), area=10000
2026-04-17 14:12:31,386 [INFO] robot: REJECT #180: frame=6, pos=(121, 237), area=10000
2026-04-17 14:12:31,386 [INFO] robot: REJECT #181: frame=31, pos=(196, 287), area=10000
2026-04-17 14:12:32,398 [INFO] robot: REJECT #182: frame=31, pos=(196, 287), area=10000
2026-04-17 14:12:32,398 [INFO] robot: REJECT #183: frame=56, pos=(271, 337), area=10000
2026-04-17 14:12:33,401 [INFO] robot: REJECT #184: frame=56, pos=(271, 337), area=10000
2026-04-17 14:12:33,401 [INFO] robot: REJECT #185: frame=81, pos=(346, 387), area=10000
2026-04-17 14:12:34,412 [INFO] robot: REJECT #186: frame=81, pos=(346, 387), area=10000
2026-04-17 14:12:34,412 [INFO] robot: REJECT #187: frame=106, pos=(421, 57), area=10000
2026-04-17 14:12:35,424 [INFO] robot: REJECT #188: frame=106, pos=(421, 57), area=10000
2026-04-17 14:12:36,425 [INFO] robot: REJECT #189: frame=10, pos=(496, 107), area=10000
2026-04-17 14:12:36,438 [INFO] robot: REJECT #190: frame=10, pos=(496, 107), area=10000
2026-04-17 14:12:37,438 [INFO] robot: REJECT #191: frame=36, pos=(574, 159), area=10000
2026-04-17 14:12:37,452 [INFO] robot: REJECT #192: frame=36, pos=(574, 159), area=10000
2026-04-17 14:12:38,452 [INFO] robot: REJECT #193: frame=44, pos=(58, 175), area=10000
2026-04-17 14:12:38,467 [INFO] robot: REJECT #194: frame=44, pos=(58, 175), area=10000
2026-04-17 14:12:39,467 [INFO] robot: REJECT #195: frame=45, pos=(61, 177), area=10000
2026-04-17 14:12:39,485 [INFO] robot: REJECT #196: frame=45, pos=(61, 177), area=10000
2026-04-17 14:12:40,485 [INFO] robot: REJECT #197: frame=46, pos=(64, 179), area=10000
2026-04-17 14:12:40,488 [INFO] robot: REJECT #198: frame=46, pos=(64, 179), area=10000
2026-04-17 14:12:41,488 [INFO] robot: REJECT #199: frame=47, pos=(67, 181), area=10000
2026-04-17 14:12:41,503 [INFO] robot: REJECT #200: frame=47, pos=(67, 181), area=10000
2026-04-17 14:12:42,503 [INFO] robot: REJECT #201: frame=48, pos=(70, 183), area=10000
2026-04-17 14:12:42,517 [INFO] robot: REJECT #202: frame=48, pos=(70, 183), area=10000
2026-04-17 14:12:43,517 [INFO] robot: REJECT #203: frame=49, pos=(73, 185), area=10000
2026-04-17 14:12:43,525 [INFO] robot: REJECT #204: frame=49, pos=(73, 185), area=10000
2026-04-17 14:12:44,526 [INFO] robot: REJECT #205: frame=50, pos=(76, 187), area=10000
2026-04-17 14:12:44,539 [INFO] robot: REJECT #206: frame=50, pos=(76, 187), area=10000
2026-04-17 14:12:45,539 [INFO] robot: REJECT #207: frame=51, pos=(79, 189), area=10000
2026-04-17 14:12:45,557 [INFO] robot: REJECT #208: frame=51, pos=(79, 189), area=10000
2026-04-17 14:12:46,557 [INFO] robot: REJECT #209: frame=52, pos=(82, 191), area=10000
2026-04-17 14:12:46,572 [INFO] robot: REJECT #210: frame=52, pos=(82, 191), area=10000
2026-04-17 14:12:47,573 [INFO] robot: REJECT #211: frame=53, pos=(85, 193), area=10000
2026-04-17 14:12:47,584 [INFO] robot: REJECT #212: frame=53, pos=(85, 193), area=10000
2026-04-17 14:12:48,584 [INFO] robot: REJECT #213: frame=54, pos=(88, 195), area=10000
2026-04-17 14:12:48,594 [INFO] robot: REJECT #214: frame=54, pos=(88, 195), area=10000
2026-04-17 14:12:49,594 [INFO] robot: REJECT #215: frame=55, pos=(91, 197), area=10000
2026-04-17 14:12:49,604 [INFO] robot: REJECT #216: frame=55, pos=(91, 197), area=10000
2026-04-17 14:12:50,604 [INFO] robot: REJECT #217: frame=56, pos=(94, 199), area=10000
2026-04-17 14:12:50,613 [INFO] robot: REJECT #218: frame=56, pos=(94, 199), area=10000
2026-04-17 14:12:51,613 [INFO] robot: REJECT #219: frame=57, pos=(97, 201), area=10000
2026-04-17 14:12:51,625 [INFO] robot: REJECT #220: frame=57, pos=(97, 201), area=10000
2026-04-17 14:12:52,625 [INFO] robot: REJECT #221: frame=58, pos=(100, 203), area=10000
2026-04-17 14:12:52,637 [INFO] robot: REJECT #222: frame=58, pos=(100, 203), area=10000
2026-04-17 14:12:53,637 [INFO] robot: REJECT #223: frame=59, pos=(103, 205), area=10000
2026-04-17 14:12:53,648 [INFO] robot: REJECT #224: frame=59, pos=(103, 205), area=10000
2026-04-17 14:12:54,648 [INFO] robot: REJECT #225: frame=60, pos=(106, 207), area=10000
2026-04-17 14:12:54,661 [INFO] robot: REJECT #226: frame=60, pos=(106, 207), area=10000
2026-04-17 14:12:55,661 [INFO] robot: REJECT #227: frame=61, pos=(109, 209), area=10000
2026-04-17 14:12:55,674 [INFO] robot: REJECT #228: frame=61, pos=(109, 209), area=10000
2026-04-17 14:12:56,674 [INFO] robot: REJECT #229: frame=62, pos=(112, 211), area=10000
2026-04-17 14:12:56,688 [INFO] robot: REJECT #230: frame=62, pos=(112, 211), area=10000
2026-04-17 14:12:57,688 [INFO] robot: REJECT #231: frame=63, pos=(115, 213), area=10000
2026-04-17 14:12:57,698 [INFO] robot: REJECT #232: frame=63, pos=(115, 213), area=10000
2026-04-17 14:12:58,698 [INFO] robot: REJECT #233: frame=64, pos=(118, 215), area=10000
2026-04-17 14:12:59,712 [INFO] robot: REJECT #234: frame=64, pos=(118, 215), area=10000
2026-04-17 14:12:59,712 [INFO] robot: REJECT #235: frame=65, pos=(121, 217), area=10000
2026-04-17 14:13:00,725 [INFO] robot: REJECT #236: frame=65, pos=(121, 217), area=10000
2026-04-17 14:13:00,726 [INFO] robot: REJECT #237: frame=66, pos=(124, 219), area=10000
2026-04-17 14:13:01,739 [INFO] robot: REJECT #238: frame=66, pos=(124, 219), area=10000
2026-04-17 14:13:01,739 [INFO] robot: REJECT #239: frame=67, pos=(127, 221), area=10000
2026-04-17 14:13:02,748 [INFO] robot: REJECT #240: frame=67, pos=(127, 221), area=10000
2026-04-17 14:13:02,748 [INFO] robot: REJECT #241: frame=68, pos=(130, 223), area=10000
2026-04-17 14:13:03,759 [INFO] robot: REJECT #242: frame=68, pos=(130, 223), area=10000
2026-04-17 14:13:03,759 [INFO] robot: REJECT #243: frame=69, pos=(133, 225), area=10000
2026-04-17 14:13:04,774 [INFO] robot: REJECT #244: frame=69, pos=(133, 225), area=10000
2026-04-17 14:13:04,774 [INFO] robot: REJECT #245: frame=70, pos=(136, 227), area=10000
2026-04-17 14:13:05,785 [INFO] robot: REJECT #246: frame=70, pos=(136, 227), area=10000
2026-04-17 14:13:05,785 [INFO] robot: REJECT #247: frame=71, pos=(139, 229), area=10000
2026-04-17 14:13:06,801 [INFO] robot: REJECT #248: frame=71, pos=(139, 229), area=10000
2026-04-17 14:13:06,801 [INFO] robot: REJECT #249: frame=72, pos=(142, 231), area=10000
2026-04-17 14:13:07,808 [INFO] robot: REJECT #250: frame=72, pos=(142, 231), area=10000
2026-04-17 14:13:07,809 [INFO] robot: REJECT #251: frame=73, pos=(145, 233), area=10000
2026-04-17 14:13:08,819 [INFO] robot: REJECT #252: frame=73, pos=(145, 233), area=10000
2026-04-17 14:13:08,819 [INFO] robot: REJECT #253: frame=74, pos=(148, 235), area=10000
2026-04-17 14:13:09,832 [INFO] robot: REJECT #254: frame=74, pos=(148, 235), area=10000
2026-04-17 14:13:09,832 [INFO] robot: REJECT #255: frame=75, pos=(151, 237), area=10000
2026-04-17 14:13:10,849 [INFO] robot: REJECT #256: frame=75, pos=(151, 237), area=10000
2026-04-17 14:13:10,849 [INFO] robot: REJECT #257: frame=76, pos=(154, 239), area=10000
2026-04-17 14:13:11,860 [INFO] robot: REJECT #258: frame=76, pos=(154, 239), area=10000
2026-04-17 14:13:11,860 [INFO] robot: REJECT #259: frame=77, pos=(157, 241), area=10000
2026-04-17 14:13:12,872 [INFO] robot: REJECT #260: frame=77, pos=(157, 241), area=10000
2026-04-17 14:13:12,872 [INFO] robot: REJECT #261: frame=78, pos=(160, 243), area=10000
2026-04-17 14:13:13,884 [INFO] robot: REJECT #262: frame=78, pos=(160, 243), area=10000
2026-04-17 14:13:13,885 [INFO] robot: REJECT #263: frame=79, pos=(163, 245), area=10000
2026-04-17 14:13:14,896 [INFO] robot: REJECT #264: frame=79, pos=(163, 245), area=10000
2026-04-17 14:13:14,896 [INFO] robot: REJECT #265: frame=80, pos=(166, 247), area=10000
2026-04-17 14:13:15,905 [INFO] robot: REJECT #266: frame=80, pos=(166, 247), area=10000
2026-04-17 14:13:15,905 [INFO] robot: REJECT #267: frame=81, pos=(169, 249), area=10000
2026-04-17 14:13:16,922 [INFO] robot: REJECT #268: frame=81, pos=(169, 249), area=10000
2026-04-17 14:13:16,924 [INFO] robot: REJECT #269: frame=82, pos=(172, 251), area=10000
2026-04-17 14:13:17,924 [INFO] robot: REJECT #270: frame=82, pos=(172, 251), area=10000
2026-04-17 14:13:17,937 [INFO] robot: REJECT #271: frame=83, pos=(175, 253), area=10000
2026-04-17 14:13:18,937 [INFO] robot: REJECT #272: frame=83, pos=(175, 253), area=10000
2026-04-17 14:13:18,947 [INFO] robot: REJECT #273: frame=84, pos=(178, 255), area=10000
2026-04-17 14:13:19,948 [INFO] robot: REJECT #274: frame=84, pos=(178, 255), area=10000
2026-04-17 14:13:19,961 [INFO] robot: REJECT #275: frame=85, pos=(181, 257), area=10000
2026-04-17 14:13:20,961 [INFO] robot: REJECT #276: frame=85, pos=(181, 257), area=10000
2026-04-17 14:13:21,973 [INFO] robot: REJECT #277: frame=86, pos=(184, 259), area=10000
2026-04-17 14:13:21,974 [INFO] robot: REJECT #278: frame=86, pos=(184, 259), area=10000
2026-04-17 14:13:22,985 [INFO] robot: REJECT #279: frame=87, pos=(187, 261), area=10000
2026-04-17 14:13:22,986 [INFO] robot: REJECT #280: frame=87, pos=(187, 261), area=10000
2026-04-17 14:13:23,998 [INFO] robot: REJECT #281: frame=88, pos=(190, 263), area=10000
2026-04-17 14:13:23,998 [INFO] robot: REJECT #282: frame=88, pos=(190, 263), area=10000
2026-04-17 14:13:24,010 [INFO] robot: REJECT #283: frame=89, pos=(193, 265), area=10000
2026-04-17 14:13:24,010 [INFO] robot: REJECT #284: frame=89, pos=(193, 265), area=10000
2026-04-17 14:13:25,021 [INFO] robot: REJECT #285: frame=90, pos=(196, 267), area=10000
2026-04-17 14:13:25,021 [INFO] robot: REJECT #286: frame=90, pos=(196, 267), area=10000
2026-04-17 14:13:26,036 [INFO] robot: REJECT #287: frame=91, pos=(199, 269), area=10000
2026-04-17 14:13:26,037 [INFO] robot: REJECT #288: frame=91, pos=(199, 269), area=10000
2026-04-17 14:13:27,052 [INFO] robot: REJECT #289: frame=92, pos=(202, 271), area=10000
2026-04-17 14:13:27,053 [INFO] robot: REJECT #290: frame=92, pos=(202, 271), area=10000
2026-04-17 14:13:28,057 [INFO] robot: REJECT #291: frame=93, pos=(205, 273), area=10000
2026-04-17 14:13:28,057 [INFO] robot: REJECT #292: frame=93, pos=(205, 273), area=10000
2026-04-17 14:37:36,336 [INFO] robot: Process state registered: robot
2026-04-17 14:37:36,336 [INFO] robot: RobotSimulatorProcess initializing...
2026-04-17 14:37:36,336 [INFO] robot: RobotSimulatorProcess ready: log_file=./robot_actions.log
2026-04-17 14:37:36,337 [INFO] robot: Registered 6 command(s) with router: ['get_metrics', 'get_metric', 'reset_metrics', 'stats_snapshot', 'flush_stats', 'reject_item']
2026-04-17 14:37:36,337 [INFO] robot: Process 'robot' initialized successfully
2026-04-17 14:37:43,847 [INFO] robot: REJECT #1: frame=1, pos=(52, 51), area=10000
2026-04-17 14:37:44,422 [INFO] robot: REJECT #2: frame=1, pos=(52, 51), area=10000
2026-04-17 14:37:44,433 [INFO] robot: REJECT #3: frame=2, pos=(55, 53), area=10000
2026-04-17 14:37:45,433 [INFO] robot: REJECT #4: frame=2, pos=(55, 53), area=10000
2026-04-17 14:37:45,446 [INFO] robot: REJECT #5: frame=3, pos=(58, 55), area=10000
2026-04-17 14:37:46,447 [INFO] robot: REJECT #6: frame=3, pos=(58, 55), area=10000
2026-04-17 14:37:46,464 [INFO] robot: REJECT #7: frame=28, pos=(133, 105), area=10000
2026-04-17 14:37:47,464 [INFO] robot: REJECT #8: frame=28, pos=(133, 105), area=10000
2026-04-17 14:37:47,474 [INFO] robot: REJECT #9: frame=53, pos=(208, 155), area=10000
2026-04-17 14:37:48,474 [INFO] robot: REJECT #10: frame=53, pos=(208, 155), area=10000
2026-04-17 14:37:48,483 [INFO] robot: REJECT #11: frame=78, pos=(283, 205), area=10000
2026-04-17 14:37:49,483 [INFO] robot: REJECT #12: frame=78, pos=(283, 205), area=10000
2026-04-17 14:37:49,493 [INFO] robot: REJECT #13: frame=103, pos=(358, 255), area=10000
2026-04-17 14:37:50,494 [INFO] robot: REJECT #14: frame=103, pos=(358, 255), area=10000
2026-04-17 14:37:51,506 [INFO] robot: REJECT #15: frame=105, pos=(364, 259), area=10000
2026-04-17 14:37:51,522 [INFO] robot: REJECT #16: frame=105, pos=(364, 259), area=10000
2026-04-17 14:37:52,522 [INFO] robot: REJECT #17: frame=106, pos=(367, 261), area=10000
2026-04-17 14:37:52,533 [INFO] robot: REJECT #18: frame=106, pos=(367, 261), area=10000
2026-04-17 14:37:53,533 [INFO] robot: REJECT #19: frame=107, pos=(370, 263), area=10000
2026-04-17 14:37:53,548 [INFO] robot: REJECT #20: frame=107, pos=(370, 263), area=10000
2026-04-17 14:37:54,548 [INFO] robot: REJECT #21: frame=108, pos=(373, 265), area=10000
2026-04-17 14:37:54,558 [INFO] robot: REJECT #22: frame=108, pos=(373, 265), area=10000
2026-04-17 14:37:55,558 [INFO] robot: REJECT #23: frame=109, pos=(376, 267), area=10000
2026-04-17 14:59:48,277 [INFO] robot: Process state registered: robot
2026-04-17 14:59:48,278 [INFO] robot: RobotSimulatorProcess initializing...
2026-04-17 14:59:48,278 [INFO] robot: RobotSimulatorProcess ready: log_file=./robot_actions.log
2026-04-17 14:59:48,278 [INFO] robot: Registered 6 command(s) with router: ['get_metrics', 'get_metric', 'reset_metrics', 'stats_snapshot', 'flush_stats', 'reject_item']
2026-04-17 14:59:48,278 [INFO] robot: Process 'robot' initialized successfully
2026-04-17 15:00:04,917 [INFO] robot: Process state registered: robot
2026-04-17 15:00:04,917 [INFO] robot: RobotSimulatorProcess initializing...
2026-04-17 15:00:04,917 [INFO] robot: RobotSimulatorProcess ready: log_file=./robot_actions.log
2026-04-17 15:00:04,917 [INFO] robot: Registered 6 command(s) with router: ['get_metrics', 'get_metric', 'reset_metrics', 'stats_snapshot', 'flush_stats', 'reject_item']
2026-04-17 15:00:04,917 [INFO] robot: Process 'robot' initialized successfully
2026-04-17 15:02:15,942 [INFO] robot: Process state registered: robot
2026-04-17 15:02:15,942 [INFO] robot: RobotSimulatorProcess initializing...
2026-04-17 15:02:15,942 [INFO] robot: RobotSimulatorProcess ready: log_file=./robot_actions.log
2026-04-17 15:02:15,942 [INFO] robot: Registered 6 command(s) with router: ['get_metrics', 'get_metric', 'reset_metrics', 'stats_snapshot', 'flush_stats', 'reject_item']
2026-04-17 15:02:15,943 [INFO] robot: Process 'robot' initialized successfully
2026-04-17 15:02:29,738 [INFO] robot: REJECT #1: frame=1, pos=(52, 51), area=10000
2026-04-17 15:02:30,762 [INFO] robot: REJECT #2: frame=1, pos=(52, 51), area=10000
2026-04-17 15:02:30,762 [INFO] robot: REJECT #3: frame=2, pos=(55, 53), area=10000
2026-04-17 15:02:31,785 [INFO] robot: REJECT #4: frame=2, pos=(55, 53), area=10000
2026-04-17 15:02:31,785 [INFO] robot: REJECT #5: frame=3, pos=(58, 55), area=10000
2026-04-17 15:02:32,808 [INFO] robot: REJECT #6: frame=3, pos=(58, 55), area=10000
2026-04-17 15:02:32,808 [INFO] robot: REJECT #7: frame=28, pos=(133, 105), area=10000
2026-04-17 15:02:33,830 [INFO] robot: REJECT #8: frame=28, pos=(133, 105), area=10000
2026-04-17 15:02:33,830 [INFO] robot: REJECT #9: frame=53, pos=(208, 155), area=10000
2026-04-17 15:02:34,854 [INFO] robot: REJECT #10: frame=53, pos=(208, 155), area=10000
2026-04-17 15:02:34,854 [INFO] robot: REJECT #11: frame=65, pos=(244, 179), area=10000
2026-04-17 15:02:35,878 [INFO] robot: REJECT #12: frame=65, pos=(244, 179), area=10000
2026-04-17 15:02:35,878 [INFO] robot: REJECT #13: frame=66, pos=(247, 181), area=10000
2026-04-17 15:02:36,902 [INFO] robot: REJECT #14: frame=66, pos=(247, 181), area=10000
2026-04-17 15:02:36,902 [INFO] robot: REJECT #15: frame=67, pos=(250, 183), area=10000
2026-04-17 15:02:37,925 [INFO] robot: REJECT #16: frame=67, pos=(250, 183), area=10000
2026-04-17 15:02:37,926 [INFO] robot: REJECT #17: frame=68, pos=(253, 185), area=10000
2026-04-17 15:02:38,949 [INFO] robot: REJECT #18: frame=68, pos=(253, 185), area=10000
2026-04-17 15:02:38,949 [INFO] robot: REJECT #19: frame=74, pos=(271, 197), area=10000
2026-04-17 15:02:39,972 [INFO] robot: REJECT #20: frame=74, pos=(271, 197), area=10000
2026-04-17 15:02:39,972 [INFO] robot: REJECT #21: frame=99, pos=(346, 247), area=10000
2026-04-17 15:02:40,995 [INFO] robot: REJECT #22: frame=99, pos=(346, 247), area=10000
2026-04-17 15:02:40,995 [INFO] robot: REJECT #23: frame=111, pos=(382, 271), area=10000
2026-04-17 15:02:41,018 [INFO] robot: REJECT #24: frame=111, pos=(382, 271), area=10000
2026-04-17 15:02:42,018 [INFO] robot: REJECT #25: frame=4, pos=(424, 299), area=10000
2026-04-17 15:02:42,042 [INFO] robot: REJECT #26: frame=4, pos=(424, 299), area=10000
2026-04-17 15:02:43,042 [INFO] robot: REJECT #27: frame=29, pos=(499, 349), area=10000
2026-04-17 15:02:43,066 [INFO] robot: REJECT #28: frame=29, pos=(499, 349), area=10000
2026-04-17 15:02:44,066 [INFO] robot: REJECT #29: frame=33, pos=(511, 357), area=10000
2026-04-17 15:02:44,089 [INFO] robot: REJECT #30: frame=33, pos=(511, 357), area=10000
2026-04-17 15:02:45,089 [INFO] robot: REJECT #31: frame=34, pos=(514, 359), area=10000
2026-04-17 15:02:45,112 [INFO] robot: REJECT #32: frame=34, pos=(514, 359), area=10000
2026-04-17 15:02:46,112 [INFO] robot: REJECT #33: frame=35, pos=(517, 361), area=10000
2026-04-17 15:02:46,134 [INFO] robot: REJECT #34: frame=35, pos=(517, 361), area=10000
2026-04-17 15:02:47,134 [INFO] robot: REJECT #35: frame=36, pos=(520, 363), area=10000
2026-04-17 15:02:47,158 [INFO] robot: REJECT #36: frame=36, pos=(520, 363), area=10000
2026-04-17 15:02:48,158 [INFO] robot: REJECT #37: frame=37, pos=(523, 365), area=10000
2026-04-17 15:02:48,180 [INFO] robot: REJECT #38: frame=37, pos=(523, 365), area=10000
2026-04-17 15:02:49,180 [INFO] robot: REJECT #39: frame=38, pos=(526, 367), area=10000
2026-04-17 15:02:49,203 [INFO] robot: REJECT #40: frame=38, pos=(526, 367), area=10000
2026-04-17 15:02:50,203 [INFO] robot: REJECT #41: frame=39, pos=(529, 369), area=10000
2026-04-17 15:02:50,226 [INFO] robot: REJECT #42: frame=39, pos=(529, 369), area=10000
2026-04-17 15:02:51,226 [INFO] robot: REJECT #43: frame=40, pos=(532, 371), area=10000
2026-04-17 15:02:51,249 [INFO] robot: REJECT #44: frame=40, pos=(532, 371), area=10000
2026-04-17 15:02:52,249 [INFO] robot: REJECT #45: frame=41, pos=(535, 373), area=10000
2026-04-17 15:02:52,272 [INFO] robot: REJECT #46: frame=41, pos=(535, 373), area=10000
2026-04-17 15:02:53,272 [INFO] robot: REJECT #47: frame=42, pos=(538, 375), area=10000
2026-04-17 15:02:53,296 [INFO] robot: REJECT #48: frame=42, pos=(538, 375), area=10000
2026-04-17 15:02:54,296 [INFO] robot: REJECT #49: frame=43, pos=(541, 377), area=10000
2026-04-17 15:02:54,319 [INFO] robot: REJECT #50: frame=43, pos=(541, 377), area=10000
2026-04-17 15:02:55,319 [INFO] robot: REJECT #51: frame=44, pos=(544, 379), area=10000
2026-04-17 15:02:55,343 [INFO] robot: REJECT #52: frame=44, pos=(544, 379), area=10000
2026-04-17 15:02:56,343 [INFO] robot: REJECT #53: frame=45, pos=(547, 381), area=10000
2026-04-17 15:02:56,367 [INFO] robot: REJECT #54: frame=45, pos=(547, 381), area=10000
2026-04-17 15:02:57,367 [INFO] robot: REJECT #55: frame=46, pos=(550, 383), area=10000
2026-04-17 15:02:57,391 [INFO] robot: REJECT #56: frame=46, pos=(550, 383), area=10000
2026-04-17 15:02:58,391 [INFO] robot: REJECT #57: frame=47, pos=(553, 385), area=10000
2026-04-17 15:02:58,411 [INFO] robot: REJECT #58: frame=47, pos=(553, 385), area=10000
2026-04-17 15:02:59,420 [INFO] robot: REJECT #59: frame=48, pos=(556, 387), area=10000
2026-04-17 15:02:59,420 [INFO] robot: REJECT #60: frame=48, pos=(556, 387), area=10000
2026-04-17 15:03:00,433 [INFO] robot: REJECT #61: frame=49, pos=(559, 389), area=10000
2026-04-17 15:03:00,433 [INFO] robot: REJECT #62: frame=49, pos=(559, 389), area=10000
2026-04-17 15:03:01,436 [INFO] robot: REJECT #63: frame=50, pos=(562, 391), area=10000
2026-04-17 15:03:01,436 [INFO] robot: REJECT #64: frame=50, pos=(562, 391), area=10000
2026-04-17 15:03:02,445 [INFO] robot: REJECT #65: frame=51, pos=(565, 393), area=10000
2026-04-17 15:03:02,445 [INFO] robot: REJECT #66: frame=51, pos=(565, 393), area=10000
2026-04-17 15:03:03,462 [INFO] robot: REJECT #67: frame=52, pos=(568, 395), area=10000
2026-04-17 15:03:04,462 [INFO] robot: REJECT #68: frame=52, pos=(568, 395), area=10000
2026-04-17 15:03:04,470 [INFO] robot: REJECT #69: frame=53, pos=(571, 397), area=10000
2026-04-17 15:03:05,470 [INFO] robot: REJECT #70: frame=53, pos=(571, 397), area=10000
2026-04-17 15:03:05,486 [INFO] robot: REJECT #71: frame=54, pos=(574, 399), area=10000
2026-04-17 15:03:06,487 [INFO] robot: REJECT #72: frame=54, pos=(574, 399), area=10000
2026-04-17 15:03:06,501 [INFO] robot: REJECT #73: frame=55, pos=(577, 401), area=10000
2026-04-17 15:03:07,501 [INFO] robot: REJECT #74: frame=55, pos=(577, 401), area=10000
2026-04-17 15:03:07,509 [INFO] robot: REJECT #75: frame=56, pos=(580, 403), area=10000
2026-04-17 15:03:08,509 [INFO] robot: REJECT #76: frame=56, pos=(580, 403), area=10000
2026-04-17 15:03:08,515 [INFO] robot: REJECT #77: frame=57, pos=(583, 405), area=10000
2026-04-17 15:03:09,515 [INFO] robot: REJECT #78: frame=57, pos=(583, 405), area=10000
2026-04-17 15:03:09,519 [INFO] robot: REJECT #79: frame=58, pos=(586, 407), area=10000
2026-04-17 15:03:10,519 [INFO] robot: REJECT #80: frame=58, pos=(586, 407), area=10000
2026-04-17 15:03:10,532 [INFO] robot: REJECT #81: frame=59, pos=(49, 409), area=10000
2026-04-17 15:03:11,532 [INFO] robot: REJECT #82: frame=59, pos=(49, 409), area=10000
2026-04-17 15:03:11,537 [INFO] robot: REJECT #83: frame=60, pos=(52, 411), area=10000
2026-04-17 15:03:12,537 [INFO] robot: REJECT #84: frame=60, pos=(52, 411), area=10000
2026-04-17 15:03:12,550 [INFO] robot: REJECT #85: frame=61, pos=(55, 413), area=10000
2026-04-17 15:03:13,550 [INFO] robot: REJECT #86: frame=61, pos=(55, 413), area=10000
2026-04-17 15:03:13,563 [INFO] robot: REJECT #87: frame=62, pos=(58, 415), area=10000
2026-04-17 15:03:14,564 [INFO] robot: REJECT #88: frame=62, pos=(58, 415), area=10000
2026-04-17 15:03:14,575 [INFO] robot: REJECT #89: frame=63, pos=(61, 417), area=10000
2026-04-17 15:03:15,575 [INFO] robot: REJECT #90: frame=63, pos=(61, 417), area=10000
2026-04-17 15:03:15,591 [INFO] robot: REJECT #91: frame=64, pos=(64, 419), area=10000
2026-04-17 15:03:16,591 [INFO] robot: REJECT #92: frame=64, pos=(64, 419), area=10000
2026-04-17 15:03:16,601 [INFO] robot: REJECT #93: frame=65, pos=(67, 421), area=10000
2026-04-17 15:03:17,601 [INFO] robot: REJECT #94: frame=65, pos=(67, 421), area=10000
2026-04-17 15:03:17,609 [INFO] robot: REJECT #95: frame=66, pos=(70, 423), area=10000
2026-04-17 15:03:18,609 [INFO] robot: REJECT #96: frame=66, pos=(70, 423), area=10000
2026-04-17 15:03:18,619 [INFO] robot: REJECT #97: frame=67, pos=(73, 425), area=10000
2026-04-17 15:03:19,621 [INFO] robot: REJECT #98: frame=67, pos=(73, 425), area=10000
2026-04-17 15:03:19,634 [INFO] robot: REJECT #99: frame=68, pos=(76, 427), area=10000
2026-04-17 15:03:20,634 [INFO] robot: REJECT #100: frame=68, pos=(76, 427), area=10000
2026-04-17 15:03:20,642 [INFO] robot: REJECT #101: frame=69, pos=(79, 49), area=10000
2026-04-17 15:03:21,642 [INFO] robot: REJECT #102: frame=69, pos=(79, 49), area=10000
2026-04-17 15:03:21,656 [INFO] robot: REJECT #103: frame=70, pos=(82, 51), area=10000
2026-04-17 15:03:22,656 [INFO] robot: REJECT #104: frame=70, pos=(82, 51), area=10000
2026-04-17 15:03:22,670 [INFO] robot: REJECT #105: frame=71, pos=(85, 53), area=10000
2026-04-17 15:03:23,670 [INFO] robot: REJECT #106: frame=71, pos=(85, 53), area=10000
2026-04-17 15:03:23,682 [INFO] robot: REJECT #107: frame=72, pos=(88, 55), area=10000
2026-04-17 15:03:24,682 [INFO] robot: REJECT #108: frame=72, pos=(88, 55), area=10000
2026-04-17 15:03:24,690 [INFO] robot: REJECT #109: frame=73, pos=(91, 57), area=10000
2026-04-17 15:03:25,690 [INFO] robot: REJECT #110: frame=73, pos=(91, 57), area=10000
2026-04-17 15:03:26,703 [INFO] robot: REJECT #111: frame=74, pos=(94, 59), area=10000
2026-04-17 15:03:26,703 [INFO] robot: REJECT #112: frame=74, pos=(94, 59), area=10000
2026-04-17 15:03:27,716 [INFO] robot: REJECT #113: frame=75, pos=(97, 61), area=10000
2026-04-17 15:03:27,716 [INFO] robot: REJECT #114: frame=75, pos=(97, 61), area=10000
2026-04-17 15:03:28,729 [INFO] robot: REJECT #115: frame=76, pos=(100, 63), area=10000
2026-04-17 15:03:28,729 [INFO] robot: REJECT #116: frame=76, pos=(100, 63), area=10000
2026-04-17 15:03:29,741 [INFO] robot: REJECT #117: frame=77, pos=(103, 65), area=10000
2026-04-17 15:03:29,741 [INFO] robot: REJECT #118: frame=77, pos=(103, 65), area=10000
2026-04-17 15:03:30,743 [INFO] robot: REJECT #119: frame=78, pos=(106, 67), area=10000
2026-04-17 15:03:30,743 [INFO] robot: REJECT #120: frame=78, pos=(106, 67), area=10000
2026-04-17 15:03:31,752 [INFO] robot: REJECT #121: frame=79, pos=(109, 69), area=10000
2026-04-17 15:03:31,752 [INFO] robot: REJECT #122: frame=79, pos=(109, 69), area=10000
2026-04-17 15:03:32,764 [INFO] robot: REJECT #123: frame=80, pos=(112, 71), area=10000
2026-04-17 15:03:32,765 [INFO] robot: REJECT #124: frame=80, pos=(112, 71), area=10000
2026-04-17 15:03:33,772 [INFO] robot: REJECT #125: frame=81, pos=(115, 73), area=10000
2026-04-17 15:03:33,772 [INFO] robot: REJECT #126: frame=81, pos=(115, 73), area=10000
2026-04-17 15:03:34,782 [INFO] robot: REJECT #127: frame=82, pos=(118, 75), area=10000
2026-04-17 15:03:34,782 [INFO] robot: REJECT #128: frame=82, pos=(118, 75), area=10000
2026-04-17 15:03:35,798 [INFO] robot: REJECT #129: frame=13, pos=(468, 112), area=868
2026-04-17 15:03:35,798 [INFO] robot: REJECT #130: frame=13, pos=(468, 112), area=868
2026-04-17 15:03:36,800 [INFO] robot: REJECT #131: frame=4, pos=(69, 279), area=662
2026-04-17 15:03:36,800 [INFO] robot: REJECT #132: frame=4, pos=(69, 279), area=662
2026-04-17 15:03:37,814 [INFO] robot: REJECT #133: frame=5, pos=(72, 276), area=1856
2026-04-17 15:03:37,814 [INFO] robot: REJECT #134: frame=5, pos=(72, 276), area=1856
2026-04-17 15:03:38,829 [INFO] robot: REJECT #135: frame=6, pos=(73, 305), area=1749
2026-04-17 15:03:38,829 [INFO] robot: REJECT #136: frame=6, pos=(73, 305), area=1749
2026-04-17 15:03:39,836 [INFO] robot: REJECT #137: frame=7, pos=(70, 323), area=2491
2026-04-17 15:03:39,836 [INFO] robot: REJECT #138: frame=7, pos=(70, 323), area=2491
2026-04-17 15:03:40,845 [INFO] robot: REJECT #139: frame=8, pos=(92, 330), area=1508
2026-04-17 15:03:40,845 [INFO] robot: REJECT #140: frame=8, pos=(92, 330), area=1508
2026-04-17 15:03:41,854 [INFO] robot: REJECT #141: frame=11, pos=(258, 52), area=4278
2026-04-17 15:03:41,867 [INFO] robot: REJECT #142: frame=11, pos=(258, 52), area=4278
2026-04-17 15:03:42,867 [INFO] robot: REJECT #143: frame=12, pos=(601, 102), area=1773
2026-04-17 15:03:42,879 [INFO] robot: REJECT #144: frame=12, pos=(601, 102), area=1773
