2026-03-30 09:51:07,172 [INFO] gui: Process state registered: gui
2026-03-30 09:51:07,173 [INFO] gui: GuiProcess initializing...
2026-03-30 09:51:07,173 [INFO] gui: GuiProcess ready (frontend_module stack)
2026-03-30 09:51:07,173 [INFO] gui: Registered 5 command(s) with router: ['get_metrics', 'get_metric', 'reset_metrics', 'stats_snapshot', 'flush_stats']
2026-03-30 09:51:07,173 [INFO] gui: Process 'gui' initialized successfully
2026-04-01 11:04:33,174 [INFO] gui: Process state registered: gui
2026-04-01 11:04:33,174 [INFO] gui: GuiProcess initializing...
2026-04-01 11:04:33,174 [INFO] gui: GuiProcess ready (frontend_module stack)
2026-04-01 11:04:33,174 [INFO] gui: Registered 5 command(s) with router: ['get_metrics', 'get_metric', 'reset_metrics', 'stats_snapshot', 'flush_stats']
2026-04-01 11:04:33,174 [INFO] gui: Process 'gui' initialized successfully
2026-04-01 11:04:35,508 [INFO] gui: [DEBUG] gui: received 1 msg(s), data_types=[]
2026-04-01 11:06:42,600 [INFO] gui: GUI: requesting system shutdown
2026-04-01 11:06:42,253 [INFO] gui: GUI: shutdown request sent, ok=True
2026-04-03 16:20:40,973 [INFO] gui: Process state registered: gui
2026-04-03 16:20:40,973 [INFO] gui: GuiProcess initializing...
2026-04-03 16:20:40,974 [INFO] gui: GuiProcess ready (frontend_module stack)
2026-04-03 16:20:40,974 [INFO] gui: Registered 5 command(s) with router: ['get_metrics', 'get_metric', 'reset_metrics', 'stats_snapshot', 'flush_stats']
2026-04-03 16:20:40,974 [INFO] gui: Process 'gui' initialized successfully
2026-04-03 16:20:43,333 [INFO] gui: [DEBUG] gui: received 1 msg(s), data_types=[]
2026-04-03 16:23:56,918 [INFO] gui: [DEBUG] gui: received 1 msg(s), data_types=[]
2026-04-03 16:23:56,116 [INFO] gui: [DEBUG] gui: received 1 msg(s), data_types=[]
2026-04-03 16:23:56,116 [INFO] gui: [DEBUG] gui: update_frame frame_id=1 original=(480, 640, 3) mask=(480, 640, 3)
2026-04-03 16:23:56,116 [INFO] gui: [DEBUG] gui: received 1 msg(s), data_types=[]
2026-04-03 16:23:56,116 [INFO] gui: [DEBUG] gui: update_frame frame_id=2 original=(480, 640, 3) mask=(480, 640, 3)
2026-04-03 16:23:56,116 [INFO] gui: [DEBUG] gui: received 1 msg(s), data_types=[]
2026-04-03 16:23:56,116 [INFO] gui: [DEBUG] gui: update_frame frame_id=3 original=(480, 640, 3) mask=(480, 640, 3)
2026-04-03 16:23:58,903 [INFO] gui: [DEBUG] gui: update_frame frame_id=50 original=(480, 640, 3) mask=(480, 640, 3)
2026-04-03 16:24:00,933 [INFO] gui: [DEBUG] gui: update_frame frame_id=100 original=(480, 640, 3) mask=(480, 640, 3)
2026-04-03 16:24:01,119 [INFO] gui: [DEBUG] gui: update_frame frame_id=0 original=(480, 640, 3) mask=(480, 640, 3)
2026-04-03 16:24:01,119 [INFO] gui: [DEBUG] gui: update_frame frame_id=1 original=(480, 640, 3) mask=(480, 640, 3)
2026-04-03 16:24:01,119 [INFO] gui: [DEBUG] gui: update_frame frame_id=2 original=(480, 640, 3) mask=(480, 640, 3)
2026-04-03 16:24:01,119 [INFO] gui: [DEBUG] gui: update_frame frame_id=3 original=(480, 640, 3) mask=(480, 640, 3)
2026-04-03 16:24:06,614 [INFO] gui: [DEBUG] gui: update_frame frame_id=50 original=(480, 640, 3) mask=(480, 640, 3)
2026-04-03 16:24:08,790 [INFO] gui: [DEBUG] gui: update_frame frame_id=100 original=(480, 640, 3) mask=(480, 640, 3)
2026-04-03 16:24:09,123 [INFO] gui: [DEBUG] gui: update_frame frame_id=0 original=(480, 640, 3) mask=(480, 640, 3)
2026-04-03 16:24:09,123 [INFO] gui: [DEBUG] gui: update_frame frame_id=1 original=(480, 640, 3) mask=(480, 640, 3)
2026-04-03 16:24:09,123 [INFO] gui: [DEBUG] gui: update_frame frame_id=2 original=(480, 640, 3) mask=(480, 640, 3)
2026-04-03 16:24:09,123 [INFO] gui: [DEBUG] gui: update_frame frame_id=3 original=(480, 640, 3) mask=(480, 640, 3)
2026-04-03 16:24:14,982 [INFO] gui: [DEBUG] gui: update_frame frame_id=50 original=(480, 640, 3) mask=(480, 640, 3)
2026-04-03 16:24:17,030 [INFO] gui: [DEBUG] gui: update_frame frame_id=100 original=(480, 640, 3) mask=(480, 640, 3)
2026-04-03 16:24:17,125 [INFO] gui: [DEBUG] gui: update_frame frame_id=0 original=(480, 640, 3) mask=(480, 640, 3)
2026-04-03 16:24:17,125 [INFO] gui: [DEBUG] gui: update_frame frame_id=1 original=(480, 640, 3) mask=(480, 640, 3)
2026-04-03 16:24:17,126 [INFO] gui: [DEBUG] gui: update_frame frame_id=2 original=(480, 640, 3) mask=(480, 640, 3)
2026-04-03 16:24:18,126 [INFO] gui: [DEBUG] gui: update_frame frame_id=3 original=(480, 640, 3) mask=(480, 640, 3)
2026-04-03 16:24:19,960 [INFO] gui: [DEBUG] gui: update_frame frame_id=50 original=(480, 640, 3) mask=(480, 640, 3)
2026-04-03 16:24:22,006 [INFO] gui: [DEBUG] gui: update_frame frame_id=100 original=(480, 640, 3) mask=(480, 640, 3)
2026-04-03 16:24:22,134 [INFO] gui: [DEBUG] gui: update_frame frame_id=0 original=(480, 640, 3) mask=(480, 640, 3)
2026-04-03 16:24:22,134 [INFO] gui: [DEBUG] gui: update_frame frame_id=1 original=(480, 640, 3) mask=(480, 640, 3)
2026-04-03 16:24:22,134 [INFO] gui: [DEBUG] gui: update_frame frame_id=2 original=(480, 640, 3) mask=(480, 640, 3)
2026-04-03 16:24:22,134 [INFO] gui: [DEBUG] gui: update_frame frame_id=3 original=(480, 640, 3) mask=(480, 640, 3)
2026-04-03 16:24:24,902 [INFO] gui: [DEBUG] gui: update_frame frame_id=50 original=(480, 640, 3) mask=(480, 640, 3)
2026-04-03 16:24:26,935 [INFO] gui: [DEBUG] gui: update_frame frame_id=100 original=(480, 640, 3) mask=(480, 640, 3)
2026-04-03 16:24:27,137 [INFO] gui: [DEBUG] gui: update_frame frame_id=0 original=(480, 640, 3) mask=(480, 640, 3)
2026-04-03 16:24:27,138 [INFO] gui: [DEBUG] gui: update_frame frame_id=1 original=(480, 640, 3) mask=(480, 640, 3)
2026-04-03 16:24:27,138 [INFO] gui: [DEBUG] gui: update_frame frame_id=2 original=(480, 640, 3) mask=(480, 640, 3)
2026-04-03 16:24:27,138 [INFO] gui: [DEBUG] gui: update_frame frame_id=3 original=(480, 640, 3) mask=(480, 640, 3)
2026-04-03 16:24:29,848 [INFO] gui: [DEBUG] gui: update_frame frame_id=50 original=(480, 640, 3) mask=(480, 640, 3)
2026-04-03 16:24:31,878 [INFO] gui: [DEBUG] gui: update_frame frame_id=100 original=(480, 640, 3) mask=(480, 640, 3)
2026-04-03 16:24:32,888 [INFO] gui: [DEBUG] gui: update_frame frame_id=0 original=(480, 640, 3) mask=(480, 640, 3)
2026-04-03 16:24:32,888 [INFO] gui: [DEBUG] gui: update_frame frame_id=1 original=(480, 640, 3) mask=(480, 640, 3)
2026-04-03 16:24:32,888 [INFO] gui: [DEBUG] gui: update_frame frame_id=2 original=(480, 640, 3) mask=(480, 640, 3)
2026-04-03 16:24:32,889 [INFO] gui: [DEBUG] gui: update_frame frame_id=3 original=(480, 640, 3) mask=(480, 640, 3)
2026-04-03 16:24:34,791 [INFO] gui: [DEBUG] gui: update_frame frame_id=50 original=(480, 640, 3) mask=(480, 640, 3)
2026-04-03 16:24:36,838 [INFO] gui: [DEBUG] gui: update_frame frame_id=100 original=(480, 640, 3) mask=(480, 640, 3)
2026-04-03 16:24:37,145 [INFO] gui: [DEBUG] gui: update_frame frame_id=0 original=(480, 640, 3) mask=(480, 640, 3)
2026-04-03 16:24:37,145 [INFO] gui: [DEBUG] gui: update_frame frame_id=1 original=(480, 640, 3) mask=(480, 640, 3)
2026-04-03 16:24:37,145 [INFO] gui: [DEBUG] gui: update_frame frame_id=2 original=(480, 640, 3) mask=(480, 640, 3)
2026-04-03 16:24:37,145 [INFO] gui: [DEBUG] gui: update_frame frame_id=3 original=(480, 640, 3) mask=(480, 640, 3)
2026-04-03 16:24:39,734 [INFO] gui: [DEBUG] gui: update_frame frame_id=50 original=(480, 640, 3) mask=(480, 640, 3)
2026-04-03 16:24:41,782 [INFO] gui: [DEBUG] gui: update_frame frame_id=100 original=(480, 640, 3) mask=(480, 640, 3)
2026-04-03 16:24:42,150 [INFO] gui: [DEBUG] gui: update_frame frame_id=0 original=(480, 640, 3) mask=(480, 640, 3)
2026-04-03 16:24:42,151 [INFO] gui: [DEBUG] gui: update_frame frame_id=1 original=(480, 640, 3) mask=(480, 640, 3)
2026-04-03 16:24:42,151 [INFO] gui: [DEBUG] gui: update_frame frame_id=2 original=(480, 640, 3) mask=(480, 640, 3)
2026-04-03 16:24:42,151 [INFO] gui: [DEBUG] gui: update_frame frame_id=3 original=(480, 640, 3) mask=(480, 640, 3)
2026-04-03 16:24:44,694 [INFO] gui: [DEBUG] gui: update_frame frame_id=50 original=(480, 640, 3) mask=(480, 640, 3)
2026-04-03 16:24:46,725 [INFO] gui: [DEBUG] gui: update_frame frame_id=100 original=(480, 640, 3) mask=(480, 640, 3)
2026-04-03 16:24:47,157 [INFO] gui: [DEBUG] gui: update_frame frame_id=0 original=(480, 640, 3) mask=(480, 640, 3)
2026-04-03 16:24:47,157 [INFO] gui: [DEBUG] gui: update_frame frame_id=1 original=(480, 640, 3) mask=(480, 640, 3)
2026-04-03 16:24:47,157 [INFO] gui: [DEBUG] gui: update_frame frame_id=2 original=(480, 640, 3) mask=(480, 640, 3)
2026-04-03 16:24:47,157 [INFO] gui: [DEBUG] gui: update_frame frame_id=3 original=(480, 640, 3) mask=(480, 640, 3)
2026-04-03 16:24:49,622 [INFO] gui: [DEBUG] gui: update_frame frame_id=50 original=(480, 640, 3) mask=(480, 640, 3)
2026-04-03 16:24:51,669 [INFO] gui: [DEBUG] gui: update_frame frame_id=100 original=(480, 640, 3) mask=(480, 640, 3)
2026-04-03 16:24:52,161 [INFO] gui: [DEBUG] gui: update_frame frame_id=0 original=(480, 640, 3) mask=(480, 640, 3)
2026-04-03 16:24:52,161 [INFO] gui: [DEBUG] gui: update_frame frame_id=1 original=(480, 640, 3) mask=(480, 640, 3)
2026-04-03 16:24:52,161 [INFO] gui: [DEBUG] gui: update_frame frame_id=2 original=(480, 640, 3) mask=(480, 640, 3)
2026-04-03 16:24:52,161 [INFO] gui: [DEBUG] gui: update_frame frame_id=3 original=(480, 640, 3) mask=(480, 640, 3)
2026-04-03 16:24:54,566 [INFO] gui: [DEBUG] gui: update_frame frame_id=50 original=(480, 640, 3) mask=(480, 640, 3)
2026-04-03 16:24:56,614 [INFO] gui: [DEBUG] gui: update_frame frame_id=100 original=(480, 640, 3) mask=(480, 640, 3)
2026-04-03 16:24:57,164 [INFO] gui: [DEBUG] gui: update_frame frame_id=0 original=(480, 640, 3) mask=(480, 640, 3)
2026-04-03 16:24:57,164 [INFO] gui: [DEBUG] gui: update_frame frame_id=1 original=(480, 640, 3) mask=(480, 640, 3)
2026-04-03 16:24:57,164 [INFO] gui: [DEBUG] gui: update_frame frame_id=2 original=(480, 640, 3) mask=(480, 640, 3)
2026-04-03 16:24:57,164 [INFO] gui: [DEBUG] gui: update_frame frame_id=3 original=(480, 640, 3) mask=(480, 640, 3)
2026-04-03 16:24:59,510 [INFO] gui: [DEBUG] gui: update_frame frame_id=50 original=(480, 640, 3) mask=(480, 640, 3)
2026-04-03 16:25:01,557 [INFO] gui: [DEBUG] gui: update_frame frame_id=100 original=(480, 640, 3) mask=(480, 640, 3)
2026-04-03 16:25:02,166 [INFO] gui: [DEBUG] gui: update_frame frame_id=0 original=(480, 640, 3) mask=(480, 640, 3)
2026-04-03 16:25:02,166 [INFO] gui: [DEBUG] gui: update_frame frame_id=1 original=(480, 640, 3) mask=(480, 640, 3)
2026-04-03 16:25:02,167 [INFO] gui: [DEBUG] gui: update_frame frame_id=2 original=(480, 640, 3) mask=(480, 640, 3)
2026-04-03 16:25:02,167 [INFO] gui: [DEBUG] gui: update_frame frame_id=3 original=(480, 640, 3) mask=(480, 640, 3)
2026-04-03 16:25:04,453 [INFO] gui: [DEBUG] gui: update_frame frame_id=50 original=(480, 640, 3) mask=(480, 640, 3)
2026-04-03 16:25:06,501 [INFO] gui: [DEBUG] gui: update_frame frame_id=100 original=(480, 640, 3) mask=(480, 640, 3)
2026-04-03 16:25:07,171 [INFO] gui: [DEBUG] gui: update_frame frame_id=0 original=(480, 640, 3) mask=(480, 640, 3)
2026-04-03 16:25:07,171 [INFO] gui: [DEBUG] gui: update_frame frame_id=1 original=(480, 640, 3) mask=(480, 640, 3)
2026-04-03 16:25:07,171 [INFO] gui: [DEBUG] gui: update_frame frame_id=2 original=(480, 640, 3) mask=(480, 640, 3)
2026-04-03 16:25:07,171 [INFO] gui: [DEBUG] gui: update_frame frame_id=3 original=(480, 640, 3) mask=(480, 640, 3)
2026-04-03 16:25:09,398 [INFO] gui: [DEBUG] gui: update_frame frame_id=50 original=(480, 640, 3) mask=(480, 640, 3)
2026-04-03 16:25:11,447 [INFO] gui: [DEBUG] gui: update_frame frame_id=100 original=(480, 640, 3) mask=(480, 640, 3)
2026-04-03 16:25:12,173 [INFO] gui: [DEBUG] gui: update_frame frame_id=0 original=(480, 640, 3) mask=(480, 640, 3)
2026-04-03 16:25:12,173 [INFO] gui: [DEBUG] gui: update_frame frame_id=1 original=(480, 640, 3) mask=(480, 640, 3)
2026-04-03 16:25:12,173 [INFO] gui: [DEBUG] gui: update_frame frame_id=2 original=(480, 640, 3) mask=(480, 640, 3)
2026-04-03 16:25:12,174 [INFO] gui: [DEBUG] gui: update_frame frame_id=3 original=(480, 640, 3) mask=(480, 640, 3)
2026-04-03 16:25:14,361 [INFO] gui: [DEBUG] gui: update_frame frame_id=50 original=(480, 640, 3) mask=(480, 640, 3)
2026-04-03 16:25:16,390 [INFO] gui: [DEBUG] gui: update_frame frame_id=100 original=(480, 640, 3) mask=(480, 640, 3)
2026-04-03 16:25:17,179 [INFO] gui: [DEBUG] gui: update_frame frame_id=0 original=(480, 640, 3) mask=(480, 640, 3)
2026-04-03 16:25:17,179 [INFO] gui: [DEBUG] gui: update_frame frame_id=1 original=(480, 640, 3) mask=(480, 640, 3)
2026-04-03 16:25:17,179 [INFO] gui: [DEBUG] gui: update_frame frame_id=2 original=(480, 640, 3) mask=(480, 640, 3)
2026-04-03 16:25:17,179 [INFO] gui: [DEBUG] gui: update_frame frame_id=3 original=(480, 640, 3) mask=(480, 640, 3)
2026-04-03 16:25:18,180 [INFO] gui: GUI: requesting system shutdown
2026-04-03 16:25:18,180 [INFO] gui: GUI: shutdown request sent, ok=True
