2026-04-01 11:04:32,736 [INFO] renderer: Process state registered: renderer
2026-04-01 11:04:32,736 [INFO] renderer: RendererProcess initializing...
2026-04-01 11:04:32,736 [INFO] renderer: RendererProcess ready
2026-04-01 11:04:32,736 [INFO] renderer: Registered 10 command(s) with router: ['get_metrics', 'get_metric', 'reset_metrics', 'stats_snapshot', 'flush_stats', 'set_draw_contours', 'set_show_original', 'set_show_mask', 'set_draw_bboxes', 'set_save_frames']
2026-04-01 11:04:32,736 [INFO] renderer: Process 'renderer' initialized successfully
2026-04-03 16:20:40,318 [INFO] renderer: Process state registered: renderer
2026-04-03 16:20:40,318 [INFO] renderer: RendererProcess initializing...
2026-04-03 16:20:40,318 [INFO] renderer: RendererProcess ready
2026-04-03 16:20:40,318 [INFO] renderer: Registered 10 command(s) with router: ['get_metrics', 'get_metric', 'reset_metrics', 'stats_snapshot', 'flush_stats', 'set_draw_contours', 'set_show_original', 'set_show_mask', 'set_draw_bboxes', 'set_save_frames']
2026-04-03 16:20:40,318 [INFO] renderer: Process 'renderer' initialized successfully
2026-04-03 16:23:56,935 [INFO] renderer: [DEBUG] renderer: detection_result received frame_id=1
2026-04-03 16:23:56,269 [INFO] renderer: [DEBUG] renderer: sending rendered_frame_ready to gui frame_id=1
2026-04-03 16:23:56,269 [INFO] renderer: [DEBUG] renderer: detection_result received frame_id=2
2026-04-03 16:23:56,269 [INFO] renderer: [DEBUG] renderer: sending rendered_frame_ready to gui frame_id=2
2026-04-03 16:23:56,269 [INFO] renderer: [DEBUG] renderer: detection_result received frame_id=3
2026-04-03 16:23:56,269 [INFO] renderer: [DEBUG] renderer: sending rendered_frame_ready to gui frame_id=3
2026-04-03 16:23:58,888 [INFO] renderer: [DEBUG] renderer: detection_result received frame_id=50
2026-04-03 16:23:58,286 [INFO] renderer: [DEBUG] renderer: sending rendered_frame_ready to gui frame_id=50
2026-04-03 16:24:00,928 [INFO] renderer: [DEBUG] renderer: detection_result received frame_id=100
2026-04-03 16:24:00,301 [INFO] renderer: [DEBUG] renderer: sending rendered_frame_ready to gui frame_id=100
2026-04-03 16:24:01,316 [INFO] renderer: [DEBUG] renderer: detection_result received frame_id=0
2026-04-03 16:24:01,316 [INFO] renderer: [DEBUG] renderer: sending rendered_frame_ready to gui frame_id=0
2026-04-03 16:24:01,316 [INFO] renderer: [DEBUG] renderer: detection_result received frame_id=1
2026-04-03 16:24:01,316 [INFO] renderer: [DEBUG] renderer: sending rendered_frame_ready to gui frame_id=1
2026-04-03 16:24:01,316 [INFO] renderer: [DEBUG] renderer: detection_result received frame_id=2
2026-04-03 16:24:01,316 [INFO] renderer: [DEBUG] renderer: sending rendered_frame_ready to gui frame_id=2
2026-04-03 16:24:01,317 [INFO] renderer: [DEBUG] renderer: detection_result received frame_id=3
2026-04-03 16:24:01,317 [INFO] renderer: [DEBUG] renderer: sending rendered_frame_ready to gui frame_id=3
2026-04-03 16:24:06,605 [INFO] renderer: [DEBUG] renderer: detection_result received frame_id=50
2026-04-03 16:24:06,358 [INFO] renderer: [DEBUG] renderer: sending rendered_frame_ready to gui frame_id=50
2026-04-03 16:24:08,781 [INFO] renderer: [DEBUG] renderer: detection_result received frame_id=100
2026-04-03 16:24:08,383 [INFO] renderer: [DEBUG] renderer: sending rendered_frame_ready to gui frame_id=100
2026-04-03 16:24:09,398 [INFO] renderer: [DEBUG] renderer: detection_result received frame_id=0
2026-04-03 16:24:09,398 [INFO] renderer: [DEBUG] renderer: sending rendered_frame_ready to gui frame_id=0
2026-04-03 16:24:09,398 [INFO] renderer: [DEBUG] renderer: detection_result received frame_id=1
2026-04-03 16:24:09,398 [INFO] renderer: [DEBUG] renderer: sending rendered_frame_ready to gui frame_id=1
2026-04-03 16:24:09,398 [INFO] renderer: [DEBUG] renderer: detection_result received frame_id=2
2026-04-03 16:24:09,398 [INFO] renderer: [DEBUG] renderer: sending rendered_frame_ready to gui frame_id=2
2026-04-03 16:24:09,398 [INFO] renderer: [DEBUG] renderer: detection_result received frame_id=3
2026-04-03 16:24:09,398 [INFO] renderer: [DEBUG] renderer: sending rendered_frame_ready to gui frame_id=3
2026-04-03 16:24:14,973 [INFO] renderer: [DEBUG] renderer: detection_result received frame_id=50
2026-04-03 16:24:14,435 [INFO] renderer: [DEBUG] renderer: sending rendered_frame_ready to gui frame_id=50
2026-04-03 16:24:17,015 [INFO] renderer: [DEBUG] renderer: detection_result received frame_id=100
2026-04-03 16:24:17,459 [INFO] renderer: [DEBUG] renderer: sending rendered_frame_ready to gui frame_id=100
2026-04-03 16:24:17,478 [INFO] renderer: [DEBUG] renderer: detection_result received frame_id=0
2026-04-03 16:24:17,478 [INFO] renderer: [DEBUG] renderer: sending rendered_frame_ready to gui frame_id=0
2026-04-03 16:24:17,478 [INFO] renderer: [DEBUG] renderer: detection_result received frame_id=1
2026-04-03 16:24:17,478 [INFO] renderer: [DEBUG] renderer: sending rendered_frame_ready to gui frame_id=1
2026-04-03 16:24:17,478 [INFO] renderer: [DEBUG] renderer: detection_result received frame_id=2
2026-04-03 16:24:17,478 [INFO] renderer: [DEBUG] renderer: sending rendered_frame_ready to gui frame_id=2
2026-04-03 16:24:17,478 [INFO] renderer: [DEBUG] renderer: detection_result received frame_id=3
2026-04-03 16:24:18,478 [INFO] renderer: [DEBUG] renderer: sending rendered_frame_ready to gui frame_id=3
2026-04-03 16:24:19,936 [INFO] renderer: [DEBUG] renderer: detection_result received frame_id=50
2026-04-03 16:24:19,500 [INFO] renderer: [DEBUG] renderer: sending rendered_frame_ready to gui frame_id=50
2026-04-03 16:24:21,987 [INFO] renderer: [DEBUG] renderer: detection_result received frame_id=100
2026-04-03 16:24:21,512 [INFO] renderer: [DEBUG] renderer: sending rendered_frame_ready to gui frame_id=100
2026-04-03 16:24:22,535 [INFO] renderer: [DEBUG] renderer: detection_result received frame_id=0
2026-04-03 16:24:22,535 [INFO] renderer: [DEBUG] renderer: sending rendered_frame_ready to gui frame_id=0
2026-04-03 16:24:22,535 [INFO] renderer: [DEBUG] renderer: detection_result received frame_id=1
2026-04-03 16:24:22,536 [INFO] renderer: [DEBUG] renderer: sending rendered_frame_ready to gui frame_id=1
2026-04-03 16:24:22,536 [INFO] renderer: [DEBUG] renderer: detection_result received frame_id=2
2026-04-03 16:24:22,536 [INFO] renderer: [DEBUG] renderer: sending rendered_frame_ready to gui frame_id=2
2026-04-03 16:24:22,536 [INFO] renderer: [DEBUG] renderer: detection_result received frame_id=3
2026-04-03 16:24:22,536 [INFO] renderer: [DEBUG] renderer: sending rendered_frame_ready to gui frame_id=3
2026-04-03 16:24:24,879 [INFO] renderer: [DEBUG] renderer: detection_result received frame_id=50
2026-04-03 16:24:24,555 [INFO] renderer: [DEBUG] renderer: sending rendered_frame_ready to gui frame_id=50
2026-04-03 16:24:26,920 [INFO] renderer: [DEBUG] renderer: detection_result received frame_id=100
2026-04-03 16:24:26,575 [INFO] renderer: [DEBUG] renderer: sending rendered_frame_ready to gui frame_id=100
2026-04-03 16:24:27,597 [INFO] renderer: [DEBUG] renderer: detection_result received frame_id=0
2026-04-03 16:24:27,597 [INFO] renderer: [DEBUG] renderer: sending rendered_frame_ready to gui frame_id=0
2026-04-03 16:24:27,598 [INFO] renderer: [DEBUG] renderer: detection_result received frame_id=1
2026-04-03 16:24:27,599 [INFO] renderer: [DEBUG] renderer: sending rendered_frame_ready to gui frame_id=1
2026-04-03 16:24:27,599 [INFO] renderer: [DEBUG] renderer: detection_result received frame_id=2
2026-04-03 16:24:27,600 [INFO] renderer: [DEBUG] renderer: sending rendered_frame_ready to gui frame_id=2
2026-04-03 16:24:27,600 [INFO] renderer: [DEBUG] renderer: detection_result received frame_id=3
2026-04-03 16:24:27,601 [INFO] renderer: [DEBUG] renderer: sending rendered_frame_ready to gui frame_id=3
2026-04-03 16:24:29,834 [INFO] renderer: [DEBUG] renderer: detection_result received frame_id=50
2026-04-03 16:24:29,622 [INFO] renderer: [DEBUG] renderer: sending rendered_frame_ready to gui frame_id=50
2026-04-03 16:24:31,871 [INFO] renderer: [DEBUG] renderer: detection_result received frame_id=100
2026-04-03 16:24:31,645 [INFO] renderer: [DEBUG] renderer: sending rendered_frame_ready to gui frame_id=100
2026-04-03 16:24:32,658 [INFO] renderer: [DEBUG] renderer: detection_result received frame_id=0
2026-04-03 16:24:32,658 [INFO] renderer: [DEBUG] renderer: sending rendered_frame_ready to gui frame_id=0
2026-04-03 16:24:32,658 [INFO] renderer: [DEBUG] renderer: detection_result received frame_id=1
2026-04-03 16:24:32,658 [INFO] renderer: [DEBUG] renderer: sending rendered_frame_ready to gui frame_id=1
2026-04-03 16:24:32,658 [INFO] renderer: [DEBUG] renderer: detection_result received frame_id=2
2026-04-03 16:24:32,658 [INFO] renderer: [DEBUG] renderer: sending rendered_frame_ready to gui frame_id=2
2026-04-03 16:24:32,659 [INFO] renderer: [DEBUG] renderer: detection_result received frame_id=3
2026-04-03 16:24:32,659 [INFO] renderer: [DEBUG] renderer: sending rendered_frame_ready to gui frame_id=3
2026-04-03 16:24:34,778 [INFO] renderer: [DEBUG] renderer: detection_result received frame_id=50
2026-04-03 16:24:34,682 [INFO] renderer: [DEBUG] renderer: sending rendered_frame_ready to gui frame_id=50
2026-04-03 16:24:36,819 [INFO] renderer: [DEBUG] renderer: detection_result received frame_id=100
2026-04-03 16:24:36,708 [INFO] renderer: [DEBUG] renderer: sending rendered_frame_ready to gui frame_id=100
2026-04-03 16:24:37,709 [INFO] renderer: [DEBUG] renderer: detection_result received frame_id=0
2026-04-03 16:24:37,709 [INFO] renderer: [DEBUG] renderer: sending rendered_frame_ready to gui frame_id=0
2026-04-03 16:24:37,724 [INFO] renderer: [DEBUG] renderer: detection_result received frame_id=1
2026-04-03 16:24:37,724 [INFO] renderer: [DEBUG] renderer: sending rendered_frame_ready to gui frame_id=1
2026-04-03 16:24:37,724 [INFO] renderer: [DEBUG] renderer: detection_result received frame_id=2
2026-04-03 16:24:37,725 [INFO] renderer: [DEBUG] renderer: sending rendered_frame_ready to gui frame_id=2
2026-04-03 16:24:37,725 [INFO] renderer: [DEBUG] renderer: detection_result received frame_id=3
2026-04-03 16:24:37,725 [INFO] renderer: [DEBUG] renderer: sending rendered_frame_ready to gui frame_id=3
2026-04-03 16:24:39,725 [INFO] renderer: [DEBUG] renderer: detection_result received frame_id=50
2026-04-03 16:24:39,737 [INFO] renderer: [DEBUG] renderer: sending rendered_frame_ready to gui frame_id=50
2026-04-03 16:24:41,764 [INFO] renderer: [DEBUG] renderer: detection_result received frame_id=100
2026-04-03 16:24:41,759 [INFO] renderer: [DEBUG] renderer: sending rendered_frame_ready to gui frame_id=100
2026-04-03 16:24:42,760 [INFO] renderer: [DEBUG] renderer: detection_result received frame_id=0
2026-04-03 16:24:42,760 [INFO] renderer: [DEBUG] renderer: sending rendered_frame_ready to gui frame_id=0
2026-04-03 16:24:42,760 [INFO] renderer: [DEBUG] renderer: detection_result received frame_id=1
2026-04-03 16:24:42,761 [INFO] renderer: [DEBUG] renderer: sending rendered_frame_ready to gui frame_id=1
2026-04-03 16:24:42,761 [INFO] renderer: [DEBUG] renderer: detection_result received frame_id=2
2026-04-03 16:24:42,762 [INFO] renderer: [DEBUG] renderer: sending rendered_frame_ready to gui frame_id=2
2026-04-03 16:24:42,762 [INFO] renderer: [DEBUG] renderer: detection_result received frame_id=3
2026-04-03 16:24:42,770 [INFO] renderer: [DEBUG] renderer: sending rendered_frame_ready to gui frame_id=3
2026-04-03 16:24:44,778 [INFO] renderer: [DEBUG] renderer: detection_result received frame_id=50
2026-04-03 16:24:44,778 [INFO] renderer: [DEBUG] renderer: sending rendered_frame_ready to gui frame_id=50
2026-04-03 16:24:46,710 [INFO] renderer: [DEBUG] renderer: detection_result received frame_id=100
2026-04-03 16:24:46,804 [INFO] renderer: [DEBUG] renderer: sending rendered_frame_ready to gui frame_id=100
2026-04-03 16:24:47,822 [INFO] renderer: [DEBUG] renderer: detection_result received frame_id=0
2026-04-03 16:24:47,822 [INFO] renderer: [DEBUG] renderer: sending rendered_frame_ready to gui frame_id=0
2026-04-03 16:24:47,822 [INFO] renderer: [DEBUG] renderer: detection_result received frame_id=1
2026-04-03 16:24:47,822 [INFO] renderer: [DEBUG] renderer: sending rendered_frame_ready to gui frame_id=1
2026-04-03 16:24:47,822 [INFO] renderer: [DEBUG] renderer: detection_result received frame_id=2
2026-04-03 16:24:47,823 [INFO] renderer: [DEBUG] renderer: sending rendered_frame_ready to gui frame_id=2
2026-04-03 16:24:47,823 [INFO] renderer: [DEBUG] renderer: detection_result received frame_id=3
2026-04-03 16:24:47,823 [INFO] renderer: [DEBUG] renderer: sending rendered_frame_ready to gui frame_id=3
2026-04-03 16:24:49,610 [INFO] renderer: [DEBUG] renderer: detection_result received frame_id=50
2026-04-03 16:24:49,844 [INFO] renderer: [DEBUG] renderer: sending rendered_frame_ready to gui frame_id=50
2026-04-03 16:24:51,653 [INFO] renderer: [DEBUG] renderer: detection_result received frame_id=100
2026-04-03 16:24:51,866 [INFO] renderer: [DEBUG] renderer: sending rendered_frame_ready to gui frame_id=100
2026-04-03 16:24:52,879 [INFO] renderer: [DEBUG] renderer: detection_result received frame_id=0
2026-04-03 16:24:52,879 [INFO] renderer: [DEBUG] renderer: sending rendered_frame_ready to gui frame_id=0
2026-04-03 16:24:52,879 [INFO] renderer: [DEBUG] renderer: detection_result received frame_id=1
2026-04-03 16:24:52,879 [INFO] renderer: [DEBUG] renderer: sending rendered_frame_ready to gui frame_id=1
2026-04-03 16:24:52,880 [INFO] renderer: [DEBUG] renderer: detection_result received frame_id=2
2026-04-03 16:24:52,880 [INFO] renderer: [DEBUG] renderer: sending rendered_frame_ready to gui frame_id=2
2026-04-03 16:24:52,880 [INFO] renderer: [DEBUG] renderer: detection_result received frame_id=3
2026-04-03 16:24:52,880 [INFO] renderer: [DEBUG] renderer: sending rendered_frame_ready to gui frame_id=3
2026-04-03 16:24:54,553 [INFO] renderer: [DEBUG] renderer: detection_result received frame_id=50
2026-04-03 16:24:54,895 [INFO] renderer: [DEBUG] renderer: sending rendered_frame_ready to gui frame_id=50
2026-04-03 16:24:56,596 [INFO] renderer: [DEBUG] renderer: detection_result received frame_id=100
2026-04-03 16:24:56,901 [INFO] renderer: [DEBUG] renderer: sending rendered_frame_ready to gui frame_id=100
2026-04-03 16:24:57,917 [INFO] renderer: [DEBUG] renderer: detection_result received frame_id=0
2026-04-03 16:24:57,917 [INFO] renderer: [DEBUG] renderer: sending rendered_frame_ready to gui frame_id=0
2026-04-03 16:24:57,917 [INFO] renderer: [DEBUG] renderer: detection_result received frame_id=1
2026-04-03 16:24:57,917 [INFO] renderer: [DEBUG] renderer: sending rendered_frame_ready to gui frame_id=1
2026-04-03 16:24:57,917 [INFO] renderer: [DEBUG] renderer: detection_result received frame_id=2
2026-04-03 16:24:57,917 [INFO] renderer: [DEBUG] renderer: sending rendered_frame_ready to gui frame_id=2
2026-04-03 16:24:57,917 [INFO] renderer: [DEBUG] renderer: detection_result received frame_id=3
2026-04-03 16:24:57,917 [INFO] renderer: [DEBUG] renderer: sending rendered_frame_ready to gui frame_id=3
2026-04-03 16:24:59,495 [INFO] renderer: [DEBUG] renderer: detection_result received frame_id=50
2026-04-03 16:24:59,940 [INFO] renderer: [DEBUG] renderer: sending rendered_frame_ready to gui frame_id=50
2026-04-03 16:25:01,539 [INFO] renderer: [DEBUG] renderer: detection_result received frame_id=100
2026-04-03 16:25:01,961 [INFO] renderer: [DEBUG] renderer: sending rendered_frame_ready to gui frame_id=100
2026-04-03 16:25:02,977 [INFO] renderer: [DEBUG] renderer: detection_result received frame_id=0
2026-04-03 16:25:02,977 [INFO] renderer: [DEBUG] renderer: sending rendered_frame_ready to gui frame_id=0
2026-04-03 16:25:02,978 [INFO] renderer: [DEBUG] renderer: detection_result received frame_id=1
2026-04-03 16:25:02,978 [INFO] renderer: [DEBUG] renderer: sending rendered_frame_ready to gui frame_id=1
2026-04-03 16:25:02,978 [INFO] renderer: [DEBUG] renderer: detection_result received frame_id=2
2026-04-03 16:25:02,979 [INFO] renderer: [DEBUG] renderer: sending rendered_frame_ready to gui frame_id=2
2026-04-03 16:25:02,980 [INFO] renderer: [DEBUG] renderer: detection_result received frame_id=3
2026-04-03 16:25:02,980 [INFO] renderer: [DEBUG] renderer: sending rendered_frame_ready to gui frame_id=3
2026-04-03 16:25:04,444 [INFO] renderer: [DEBUG] renderer: detection_result received frame_id=50
2026-04-03 16:25:04,001 [INFO] renderer: [DEBUG] renderer: sending rendered_frame_ready to gui frame_id=50
2026-04-03 16:25:06,485 [INFO] renderer: [DEBUG] renderer: detection_result received frame_id=100
2026-04-03 16:25:06,026 [INFO] renderer: [DEBUG] renderer: sending rendered_frame_ready to gui frame_id=100
2026-04-03 16:25:07,042 [INFO] renderer: [DEBUG] renderer: detection_result received frame_id=0
2026-04-03 16:25:07,042 [INFO] renderer: [DEBUG] renderer: sending rendered_frame_ready to gui frame_id=0
2026-04-03 16:25:07,042 [INFO] renderer: [DEBUG] renderer: detection_result received frame_id=1
2026-04-03 16:25:07,042 [INFO] renderer: [DEBUG] renderer: sending rendered_frame_ready to gui frame_id=1
2026-04-03 16:25:07,042 [INFO] renderer: [DEBUG] renderer: detection_result received frame_id=2
2026-04-03 16:25:07,042 [INFO] renderer: [DEBUG] renderer: sending rendered_frame_ready to gui frame_id=2
2026-04-03 16:25:07,042 [INFO] renderer: [DEBUG] renderer: detection_result received frame_id=3
2026-04-03 16:25:07,042 [INFO] renderer: [DEBUG] renderer: sending rendered_frame_ready to gui frame_id=3
2026-04-03 16:25:09,387 [INFO] renderer: [DEBUG] renderer: detection_result received frame_id=50
2026-04-03 16:25:09,059 [INFO] renderer: [DEBUG] renderer: sending rendered_frame_ready to gui frame_id=50
2026-04-03 16:25:11,426 [INFO] renderer: [DEBUG] renderer: detection_result received frame_id=100
2026-04-03 16:25:11,084 [INFO] renderer: [DEBUG] renderer: sending rendered_frame_ready to gui frame_id=100
2026-04-03 16:25:12,100 [INFO] renderer: [DEBUG] renderer: detection_result received frame_id=0
2026-04-03 16:25:12,100 [INFO] renderer: [DEBUG] renderer: sending rendered_frame_ready to gui frame_id=0
2026-04-03 16:25:12,101 [INFO] renderer: [DEBUG] renderer: detection_result received frame_id=1
2026-04-03 16:25:12,101 [INFO] renderer: [DEBUG] renderer: sending rendered_frame_ready to gui frame_id=1
2026-04-03 16:25:12,101 [INFO] renderer: [DEBUG] renderer: detection_result received frame_id=2
2026-04-03 16:25:12,101 [INFO] renderer: [DEBUG] renderer: sending rendered_frame_ready to gui frame_id=2
2026-04-03 16:25:12,102 [INFO] renderer: [DEBUG] renderer: detection_result received frame_id=3
2026-04-03 16:25:12,102 [INFO] renderer: [DEBUG] renderer: sending rendered_frame_ready to gui frame_id=3
2026-04-03 16:25:14,336 [INFO] renderer: [DEBUG] renderer: detection_result received frame_id=50
2026-04-03 16:25:14,122 [INFO] renderer: [DEBUG] renderer: sending rendered_frame_ready to gui frame_id=50
2026-04-03 16:25:16,378 [INFO] renderer: [DEBUG] renderer: detection_result received frame_id=100
2026-04-03 16:25:16,135 [INFO] renderer: [DEBUG] renderer: sending rendered_frame_ready to gui frame_id=100
2026-04-03 16:25:17,149 [INFO] renderer: [DEBUG] renderer: detection_result received frame_id=0
2026-04-03 16:25:17,149 [INFO] renderer: [DEBUG] renderer: sending rendered_frame_ready to gui frame_id=0
2026-04-03 16:25:17,149 [INFO] renderer: [DEBUG] renderer: detection_result received frame_id=1
2026-04-03 16:25:17,149 [INFO] renderer: [DEBUG] renderer: sending rendered_frame_ready to gui frame_id=1
2026-04-03 16:25:17,149 [INFO] renderer: [DEBUG] renderer: detection_result received frame_id=2
2026-04-03 16:25:17,149 [INFO] renderer: [DEBUG] renderer: sending rendered_frame_ready to gui frame_id=2
2026-04-03 16:25:17,149 [INFO] renderer: [DEBUG] renderer: detection_result received frame_id=3
2026-04-03 16:25:17,149 [INFO] renderer: [DEBUG] renderer: sending rendered_frame_ready to gui frame_id=3
2026-04-03 16:25:19,287 [INFO] renderer: [DEBUG] renderer: detection_result received frame_id=50
2026-04-03 16:25:19,163 [INFO] renderer: [DEBUG] renderer: sending rendered_frame_ready to gui frame_id=50
2026-04-03 16:25:21,322 [INFO] renderer: [DEBUG] renderer: detection_result received frame_id=100
2026-04-03 16:25:21,189 [INFO] renderer: [DEBUG] renderer: sending rendered_frame_ready to gui frame_id=100
2026-04-03 16:25:22,189 [INFO] renderer: [DEBUG] renderer: detection_result received frame_id=0
2026-04-03 16:25:22,189 [INFO] renderer: [DEBUG] renderer: sending rendered_frame_ready to gui frame_id=0
2026-04-03 16:25:22,201 [INFO] renderer: [DEBUG] renderer: detection_result received frame_id=1
2026-04-03 16:25:22,201 [INFO] renderer: [DEBUG] renderer: sending rendered_frame_ready to gui frame_id=1
2026-04-03 16:25:22,201 [INFO] renderer: [DEBUG] renderer: detection_result received frame_id=2
2026-04-03 16:25:22,201 [INFO] renderer: [DEBUG] renderer: sending rendered_frame_ready to gui frame_id=2
2026-04-03 16:25:22,202 [INFO] renderer: [DEBUG] renderer: detection_result received frame_id=3
2026-04-03 16:25:22,202 [INFO] renderer: [DEBUG] renderer: sending rendered_frame_ready to gui frame_id=3
2026-04-03 16:25:24,221 [INFO] renderer: [DEBUG] renderer: detection_result received frame_id=50
2026-04-03 16:25:24,225 [INFO] renderer: [DEBUG] renderer: sending rendered_frame_ready to gui frame_id=50
2026-04-03 16:25:26,272 [INFO] renderer: [DEBUG] renderer: detection_result received frame_id=100
2026-04-03 16:25:26,252 [INFO] renderer: [DEBUG] renderer: sending rendered_frame_ready to gui frame_id=100
2026-04-03 16:25:27,252 [INFO] renderer: [DEBUG] renderer: detection_result received frame_id=0
2026-04-03 16:25:27,252 [INFO] renderer: [DEBUG] renderer: sending rendered_frame_ready to gui frame_id=0
2026-04-03 16:25:27,252 [INFO] renderer: [DEBUG] renderer: detection_result received frame_id=1
2026-04-03 16:25:27,253 [INFO] renderer: [DEBUG] renderer: sending rendered_frame_ready to gui frame_id=1
2026-04-03 16:25:27,253 [INFO] renderer: [DEBUG] renderer: detection_result received frame_id=2
2026-04-03 16:25:27,253 [INFO] renderer: [DEBUG] renderer: sending rendered_frame_ready to gui frame_id=2
2026-04-03 16:25:27,267 [INFO] renderer: [DEBUG] renderer: detection_result received frame_id=3
2026-04-03 16:25:27,267 [INFO] renderer: [DEBUG] renderer: sending rendered_frame_ready to gui frame_id=3
2026-04-03 16:25:29,272 [INFO] renderer: [DEBUG] renderer: detection_result received frame_id=50
2026-04-03 16:25:29,272 [INFO] renderer: [DEBUG] renderer: sending rendered_frame_ready to gui frame_id=50
2026-04-03 16:25:31,217 [INFO] renderer: [DEBUG] renderer: detection_result received frame_id=100
2026-04-03 16:25:31,290 [INFO] renderer: [DEBUG] renderer: sending rendered_frame_ready to gui frame_id=100
2026-04-03 16:25:32,303 [INFO] renderer: [DEBUG] renderer: detection_result received frame_id=0
2026-04-03 16:25:32,303 [INFO] renderer: [DEBUG] renderer: sending rendered_frame_ready to gui frame_id=0
2026-04-03 16:25:32,303 [INFO] renderer: [DEBUG] renderer: detection_result received frame_id=1
2026-04-03 16:25:32,303 [INFO] renderer: [DEBUG] renderer: sending rendered_frame_ready to gui frame_id=1
2026-04-03 16:25:32,303 [INFO] renderer: [DEBUG] renderer: detection_result received frame_id=2
2026-04-03 16:25:32,303 [INFO] renderer: [DEBUG] renderer: sending rendered_frame_ready to gui frame_id=2
2026-04-03 16:25:32,303 [INFO] renderer: [DEBUG] renderer: detection_result received frame_id=3
2026-04-03 16:25:32,303 [INFO] renderer: [DEBUG] renderer: sending rendered_frame_ready to gui frame_id=3
2026-04-03 16:25:34,117 [INFO] renderer: [DEBUG] renderer: detection_result received frame_id=50
2026-04-03 16:25:34,325 [INFO] renderer: [DEBUG] renderer: sending rendered_frame_ready to gui frame_id=50
2026-04-03 16:25:36,171 [INFO] renderer: [DEBUG] renderer: detection_result received frame_id=100
2026-04-03 16:25:36,350 [INFO] renderer: [DEBUG] renderer: sending rendered_frame_ready to gui frame_id=100
2026-04-03 16:25:37,358 [INFO] renderer: [DEBUG] renderer: detection_result received frame_id=0
2026-04-03 16:25:37,358 [INFO] renderer: [DEBUG] renderer: sending rendered_frame_ready to gui frame_id=0
2026-04-03 16:25:37,358 [INFO] renderer: [DEBUG] renderer: detection_result received frame_id=1
2026-04-03 16:25:37,358 [INFO] renderer: [DEBUG] renderer: sending rendered_frame_ready to gui frame_id=1
2026-04-03 16:25:37,359 [INFO] renderer: [DEBUG] renderer: detection_result received frame_id=2
2026-04-03 16:25:37,359 [INFO] renderer: [DEBUG] renderer: sending rendered_frame_ready to gui frame_id=2
2026-04-03 16:25:37,359 [INFO] renderer: [DEBUG] renderer: detection_result received frame_id=3
2026-04-03 16:25:37,359 [INFO] renderer: [DEBUG] renderer: sending rendered_frame_ready to gui frame_id=3
2026-04-03 16:25:39,071 [INFO] renderer: [DEBUG] renderer: detection_result received frame_id=50
2026-04-03 16:25:39,379 [INFO] renderer: [DEBUG] renderer: sending rendered_frame_ready to gui frame_id=50
2026-04-03 16:25:41,119 [INFO] renderer: [DEBUG] renderer: detection_result received frame_id=100
2026-04-03 16:25:41,401 [INFO] renderer: [DEBUG] renderer: sending rendered_frame_ready to gui frame_id=100
2026-04-03 16:25:41,412 [INFO] renderer: [DEBUG] renderer: detection_result received frame_id=0
2026-04-03 16:25:41,412 [INFO] renderer: [DEBUG] renderer: sending rendered_frame_ready to gui frame_id=0
2026-04-03 16:25:42,412 [INFO] renderer: [DEBUG] renderer: detection_result received frame_id=1
2026-04-03 16:25:42,412 [INFO] renderer: [DEBUG] renderer: sending rendered_frame_ready to gui frame_id=1
2026-04-03 16:25:42,412 [INFO] renderer: [DEBUG] renderer: detection_result received frame_id=2
2026-04-03 16:25:42,412 [INFO] renderer: [DEBUG] renderer: sending rendered_frame_ready to gui frame_id=2
2026-04-03 16:25:42,412 [INFO] renderer: [DEBUG] renderer: detection_result received frame_id=3
2026-04-03 16:25:42,412 [INFO] renderer: [DEBUG] renderer: sending rendered_frame_ready to gui frame_id=3
2026-04-03 16:25:44,017 [INFO] renderer: [DEBUG] renderer: detection_result received frame_id=50
2026-04-03 16:25:44,435 [INFO] renderer: [DEBUG] renderer: sending rendered_frame_ready to gui frame_id=50
2026-04-03 16:25:46,058 [INFO] renderer: [DEBUG] renderer: detection_result received frame_id=100
2026-04-03 16:25:46,460 [INFO] renderer: [DEBUG] renderer: sending rendered_frame_ready to gui frame_id=100
2026-04-03 16:25:46,463 [INFO] renderer: [DEBUG] renderer: detection_result received frame_id=0
2026-04-03 16:25:46,463 [INFO] renderer: [DEBUG] renderer: sending rendered_frame_ready to gui frame_id=0
2026-04-03 16:25:46,463 [INFO] renderer: [DEBUG] renderer: detection_result received frame_id=1
2026-04-03 16:25:46,463 [INFO] renderer: [DEBUG] renderer: sending rendered_frame_ready to gui frame_id=1
2026-04-03 16:25:46,463 [INFO] renderer: [DEBUG] renderer: detection_result received frame_id=2
2026-04-03 16:25:47,463 [INFO] renderer: [DEBUG] renderer: sending rendered_frame_ready to gui frame_id=2
2026-04-03 16:25:47,463 [INFO] renderer: [DEBUG] renderer: detection_result received frame_id=3
2026-04-03 16:25:47,463 [INFO] renderer: [DEBUG] renderer: sending rendered_frame_ready to gui frame_id=3
2026-04-03 16:25:48,960 [INFO] renderer: [DEBUG] renderer: detection_result received frame_id=50
2026-04-03 16:25:48,486 [INFO] renderer: [DEBUG] renderer: sending rendered_frame_ready to gui frame_id=50
2026-04-03 16:25:51,002 [INFO] renderer: [DEBUG] renderer: detection_result received frame_id=100
2026-04-03 16:25:51,507 [INFO] renderer: [DEBUG] renderer: sending rendered_frame_ready to gui frame_id=100
2026-04-03 16:25:51,517 [INFO] renderer: [DEBUG] renderer: detection_result received frame_id=0
2026-04-03 16:25:51,517 [INFO] renderer: [DEBUG] renderer: sending rendered_frame_ready to gui frame_id=0
2026-04-03 16:25:51,517 [INFO] renderer: [DEBUG] renderer: detection_result received frame_id=1
2026-04-03 16:25:51,517 [INFO] renderer: [DEBUG] renderer: sending rendered_frame_ready to gui frame_id=1
2026-04-03 16:25:51,517 [INFO] renderer: [DEBUG] renderer: detection_result received frame_id=2
2026-04-03 16:25:51,517 [INFO] renderer: [DEBUG] renderer: sending rendered_frame_ready to gui frame_id=2
2026-04-03 16:25:51,517 [INFO] renderer: [DEBUG] renderer: detection_result received frame_id=3
2026-04-03 16:25:51,517 [INFO] renderer: [DEBUG] renderer: sending rendered_frame_ready to gui frame_id=3
2026-04-03 16:25:53,896 [INFO] renderer: [DEBUG] renderer: detection_result received frame_id=50
2026-04-03 16:25:53,540 [INFO] renderer: [DEBUG] renderer: sending rendered_frame_ready to gui frame_id=50
2026-04-03 16:25:55,939 [INFO] renderer: [DEBUG] renderer: detection_result received frame_id=100
2026-04-03 16:25:55,556 [INFO] renderer: [DEBUG] renderer: sending rendered_frame_ready to gui frame_id=100
2026-04-03 16:25:56,576 [INFO] renderer: [DEBUG] renderer: detection_result received frame_id=0
2026-04-03 16:25:56,576 [INFO] renderer: [DEBUG] renderer: sending rendered_frame_ready to gui frame_id=0
2026-04-03 16:25:56,577 [INFO] renderer: [DEBUG] renderer: detection_result received frame_id=1
2026-04-03 16:25:56,577 [INFO] renderer: [DEBUG] renderer: sending rendered_frame_ready to gui frame_id=1
2026-04-03 16:25:56,577 [INFO] renderer: [DEBUG] renderer: detection_result received frame_id=2
2026-04-03 16:25:56,577 [INFO] renderer: [DEBUG] renderer: sending rendered_frame_ready to gui frame_id=2
2026-04-03 16:25:56,577 [INFO] renderer: [DEBUG] renderer: detection_result received frame_id=3
2026-04-03 16:25:56,577 [INFO] renderer: [DEBUG] renderer: sending rendered_frame_ready to gui frame_id=3
2026-04-03 16:25:58,832 [INFO] renderer: [DEBUG] renderer: detection_result received frame_id=50
2026-04-03 16:25:58,595 [INFO] renderer: [DEBUG] renderer: sending rendered_frame_ready to gui frame_id=50
2026-04-03 16:26:00,870 [INFO] renderer: [DEBUG] renderer: detection_result received frame_id=100
2026-04-03 16:26:00,622 [INFO] renderer: [DEBUG] renderer: sending rendered_frame_ready to gui frame_id=100
2026-04-03 16:26:01,636 [INFO] renderer: [DEBUG] renderer: detection_result received frame_id=0
2026-04-03 16:26:01,636 [INFO] renderer: [DEBUG] renderer: sending rendered_frame_ready to gui frame_id=0
2026-04-03 16:26:01,636 [INFO] renderer: [DEBUG] renderer: detection_result received frame_id=1
2026-04-03 16:26:01,636 [INFO] renderer: [DEBUG] renderer: sending rendered_frame_ready to gui frame_id=1
2026-04-03 16:26:01,636 [INFO] renderer: [DEBUG] renderer: detection_result received frame_id=2
2026-04-03 16:26:01,636 [INFO] renderer: [DEBUG] renderer: sending rendered_frame_ready to gui frame_id=2
2026-04-03 16:26:01,636 [INFO] renderer: [DEBUG] renderer: detection_result received frame_id=3
2026-04-03 16:26:01,636 [INFO] renderer: [DEBUG] renderer: sending rendered_frame_ready to gui frame_id=3
2026-04-03 16:26:03,773 [INFO] renderer: [DEBUG] renderer: detection_result received frame_id=50
2026-04-03 16:26:03,649 [INFO] renderer: [DEBUG] renderer: sending rendered_frame_ready to gui frame_id=50
2026-04-03 16:26:05,815 [INFO] renderer: [DEBUG] renderer: detection_result received frame_id=100
2026-04-03 16:26:05,671 [INFO] renderer: [DEBUG] renderer: sending rendered_frame_ready to gui frame_id=100
2026-04-03 16:26:06,688 [INFO] renderer: [DEBUG] renderer: detection_result received frame_id=0
2026-04-03 16:26:06,688 [INFO] renderer: [DEBUG] renderer: sending rendered_frame_ready to gui frame_id=0
2026-04-03 16:26:06,688 [INFO] renderer: [DEBUG] renderer: detection_result received frame_id=1
2026-04-03 16:26:06,688 [INFO] renderer: [DEBUG] renderer: sending rendered_frame_ready to gui frame_id=1
2026-04-03 16:26:06,688 [INFO] renderer: [DEBUG] renderer: detection_result received frame_id=2
2026-04-03 16:26:06,689 [INFO] renderer: [DEBUG] renderer: sending rendered_frame_ready to gui frame_id=2
2026-04-03 16:26:06,689 [INFO] renderer: [DEBUG] renderer: detection_result received frame_id=3
2026-04-03 16:26:06,689 [INFO] renderer: [DEBUG] renderer: sending rendered_frame_ready to gui frame_id=3
2026-04-03 16:26:08,715 [INFO] renderer: [DEBUG] renderer: detection_result received frame_id=50
2026-04-03 16:26:08,712 [INFO] renderer: [DEBUG] renderer: sending rendered_frame_ready to gui frame_id=50
2026-04-03 16:26:10,755 [INFO] renderer: [DEBUG] renderer: detection_result received frame_id=100
2026-04-03 16:26:10,739 [INFO] renderer: [DEBUG] renderer: sending rendered_frame_ready to gui frame_id=100
2026-04-03 16:26:11,740 [INFO] renderer: [DEBUG] renderer: detection_result received frame_id=0
2026-04-03 16:26:11,740 [INFO] renderer: [DEBUG] renderer: sending rendered_frame_ready to gui frame_id=0
2026-04-03 16:26:11,740 [INFO] renderer: [DEBUG] renderer: detection_result received frame_id=1
2026-04-03 16:26:11,740 [INFO] renderer: [DEBUG] renderer: sending rendered_frame_ready to gui frame_id=1
2026-04-03 16:26:11,740 [INFO] renderer: [DEBUG] renderer: detection_result received frame_id=2
2026-04-03 16:26:11,740 [INFO] renderer: [DEBUG] renderer: sending rendered_frame_ready to gui frame_id=2
2026-04-03 16:26:11,740 [INFO] renderer: [DEBUG] renderer: detection_result received frame_id=3
2026-04-03 16:26:11,746 [INFO] renderer: [DEBUG] renderer: sending rendered_frame_ready to gui frame_id=3
2026-04-03 16:26:13,759 [INFO] renderer: [DEBUG] renderer: detection_result received frame_id=50
2026-04-03 16:26:13,759 [INFO] renderer: [DEBUG] renderer: sending rendered_frame_ready to gui frame_id=50
2026-04-03 16:26:15,701 [INFO] renderer: [DEBUG] renderer: detection_result received frame_id=100
2026-04-03 16:26:15,781 [INFO] renderer: [DEBUG] renderer: sending rendered_frame_ready to gui frame_id=100
2026-04-03 16:26:16,799 [INFO] renderer: [DEBUG] renderer: detection_result received frame_id=0
2026-04-03 16:26:16,799 [INFO] renderer: [DEBUG] renderer: sending rendered_frame_ready to gui frame_id=0
2026-04-03 16:26:16,799 [INFO] renderer: [DEBUG] renderer: detection_result received frame_id=1
2026-04-03 16:26:16,799 [INFO] renderer: [DEBUG] renderer: sending rendered_frame_ready to gui frame_id=1
2026-04-03 16:26:16,799 [INFO] renderer: [DEBUG] renderer: detection_result received frame_id=2
2026-04-03 16:26:16,799 [INFO] renderer: [DEBUG] renderer: sending rendered_frame_ready to gui frame_id=2
2026-04-03 16:26:16,800 [INFO] renderer: [DEBUG] renderer: detection_result received frame_id=3
2026-04-03 16:26:16,800 [INFO] renderer: [DEBUG] renderer: sending rendered_frame_ready to gui frame_id=3
2026-04-03 16:26:18,596 [INFO] renderer: [DEBUG] renderer: detection_result received frame_id=50
2026-04-03 16:26:18,817 [INFO] renderer: [DEBUG] renderer: sending rendered_frame_ready to gui frame_id=50
2026-04-03 16:26:20,635 [INFO] renderer: [DEBUG] renderer: detection_result received frame_id=100
2026-04-03 16:26:20,829 [INFO] renderer: [DEBUG] renderer: sending rendered_frame_ready to gui frame_id=100
2026-04-03 16:26:21,840 [INFO] renderer: [DEBUG] renderer: detection_result received frame_id=0
2026-04-03 16:26:21,840 [INFO] renderer: [DEBUG] renderer: sending rendered_frame_ready to gui frame_id=0
2026-04-03 16:26:21,840 [INFO] renderer: [DEBUG] renderer: detection_result received frame_id=1
2026-04-03 16:26:21,840 [INFO] renderer: [DEBUG] renderer: sending rendered_frame_ready to gui frame_id=1
2026-04-03 16:26:21,840 [INFO] renderer: [DEBUG] renderer: detection_result received frame_id=2
2026-04-03 16:26:21,840 [INFO] renderer: [DEBUG] renderer: sending rendered_frame_ready to gui frame_id=2
2026-04-03 16:26:21,840 [INFO] renderer: [DEBUG] renderer: detection_result received frame_id=3
2026-04-03 16:26:21,840 [INFO] renderer: [DEBUG] renderer: sending rendered_frame_ready to gui frame_id=3
2026-04-03 16:26:23,534 [INFO] renderer: [DEBUG] renderer: detection_result received frame_id=50
2026-04-03 16:26:23,867 [INFO] renderer: [DEBUG] renderer: sending rendered_frame_ready to gui frame_id=50
2026-04-03 16:26:25,580 [INFO] renderer: [DEBUG] renderer: detection_result received frame_id=100
2026-04-03 16:26:25,890 [INFO] renderer: [DEBUG] renderer: sending rendered_frame_ready to gui frame_id=100
2026-04-03 16:26:26,906 [INFO] renderer: [DEBUG] renderer: detection_result received frame_id=0
2026-04-03 16:26:26,906 [INFO] renderer: [DEBUG] renderer: sending rendered_frame_ready to gui frame_id=0
2026-04-03 16:26:26,906 [INFO] renderer: [DEBUG] renderer: detection_result received frame_id=1
2026-04-03 16:26:26,907 [INFO] renderer: [DEBUG] renderer: sending rendered_frame_ready to gui frame_id=1
2026-04-03 16:26:26,907 [INFO] renderer: [DEBUG] renderer: detection_result received frame_id=2
2026-04-03 16:26:26,907 [INFO] renderer: [DEBUG] renderer: sending rendered_frame_ready to gui frame_id=2
2026-04-03 16:26:26,907 [INFO] renderer: [DEBUG] renderer: detection_result received frame_id=3
2026-04-03 16:26:26,907 [INFO] renderer: [DEBUG] renderer: sending rendered_frame_ready to gui frame_id=3
2026-04-03 16:26:28,478 [INFO] renderer: [DEBUG] renderer: detection_result received frame_id=50
2026-04-03 16:26:28,920 [INFO] renderer: [DEBUG] renderer: sending rendered_frame_ready to gui frame_id=50
2026-04-03 16:26:30,518 [INFO] renderer: [DEBUG] renderer: detection_result received frame_id=100
2026-04-03 16:26:30,941 [INFO] renderer: [DEBUG] renderer: sending rendered_frame_ready to gui frame_id=100
2026-04-03 16:26:31,956 [INFO] renderer: [DEBUG] renderer: detection_result received frame_id=0
2026-04-03 16:26:31,956 [INFO] renderer: [DEBUG] renderer: sending rendered_frame_ready to gui frame_id=0
2026-04-03 16:26:31,956 [INFO] renderer: [DEBUG] renderer: detection_result received frame_id=1
2026-04-03 16:26:31,956 [INFO] renderer: [DEBUG] renderer: sending rendered_frame_ready to gui frame_id=1
2026-04-03 16:26:31,956 [INFO] renderer: [DEBUG] renderer: detection_result received frame_id=2
2026-04-03 16:26:31,956 [INFO] renderer: [DEBUG] renderer: sending rendered_frame_ready to gui frame_id=2
2026-04-03 16:26:31,957 [INFO] renderer: [DEBUG] renderer: detection_result received frame_id=3
2026-04-03 16:26:31,957 [INFO] renderer: [DEBUG] renderer: sending rendered_frame_ready to gui frame_id=3
2026-04-03 16:26:33,422 [INFO] renderer: [DEBUG] renderer: detection_result received frame_id=50
2026-04-03 16:26:33,976 [INFO] renderer: [DEBUG] renderer: sending rendered_frame_ready to gui frame_id=50
2026-04-03 16:26:35,466 [INFO] renderer: [DEBUG] renderer: detection_result received frame_id=100
2026-04-03 16:26:35,002 [INFO] renderer: [DEBUG] renderer: sending rendered_frame_ready to gui frame_id=100
2026-04-03 16:26:36,013 [INFO] renderer: [DEBUG] renderer: detection_result received frame_id=0
2026-04-03 16:26:36,013 [INFO] renderer: [DEBUG] renderer: sending rendered_frame_ready to gui frame_id=0
2026-04-03 16:26:36,013 [INFO] renderer: [DEBUG] renderer: detection_result received frame_id=1
2026-04-03 16:26:36,013 [INFO] renderer: [DEBUG] renderer: sending rendered_frame_ready to gui frame_id=1
2026-04-03 16:26:36,013 [INFO] renderer: [DEBUG] renderer: detection_result received frame_id=2
2026-04-03 16:26:36,013 [INFO] renderer: [DEBUG] renderer: sending rendered_frame_ready to gui frame_id=2
2026-04-03 16:26:36,013 [INFO] renderer: [DEBUG] renderer: detection_result received frame_id=3
2026-04-03 16:26:36,013 [INFO] renderer: [DEBUG] renderer: sending rendered_frame_ready to gui frame_id=3
2026-04-03 16:26:38,384 [INFO] renderer: [DEBUG] renderer: detection_result received frame_id=50
2026-04-03 16:26:38,031 [INFO] renderer: [DEBUG] renderer: sending rendered_frame_ready to gui frame_id=50
2026-04-03 16:26:40,417 [INFO] renderer: [DEBUG] renderer: detection_result received frame_id=100
2026-04-03 16:26:40,055 [INFO] renderer: [DEBUG] renderer: sending rendered_frame_ready to gui frame_id=100
2026-04-03 16:26:41,067 [INFO] renderer: [DEBUG] renderer: detection_result received frame_id=0
2026-04-03 16:26:41,067 [INFO] renderer: [DEBUG] renderer: sending rendered_frame_ready to gui frame_id=0
2026-04-03 16:26:41,067 [INFO] renderer: [DEBUG] renderer: detection_result received frame_id=1
2026-04-03 16:26:41,067 [INFO] renderer: [DEBUG] renderer: sending rendered_frame_ready to gui frame_id=1
2026-04-03 16:26:41,067 [INFO] renderer: [DEBUG] renderer: detection_result received frame_id=2
2026-04-03 16:26:41,067 [INFO] renderer: [DEBUG] renderer: sending rendered_frame_ready to gui frame_id=2
2026-04-03 16:26:41,068 [INFO] renderer: [DEBUG] renderer: detection_result received frame_id=3
2026-04-03 16:26:41,068 [INFO] renderer: [DEBUG] renderer: sending rendered_frame_ready to gui frame_id=3
2026-04-03 16:26:43,327 [INFO] renderer: [DEBUG] renderer: detection_result received frame_id=50
2026-04-03 16:26:43,087 [INFO] renderer: [DEBUG] renderer: sending rendered_frame_ready to gui frame_id=50
2026-04-03 16:26:45,362 [INFO] renderer: [DEBUG] renderer: detection_result received frame_id=100
2026-04-03 16:26:45,109 [INFO] renderer: [DEBUG] renderer: sending rendered_frame_ready to gui frame_id=100
2026-04-03 16:26:46,115 [INFO] renderer: [DEBUG] renderer: detection_result received frame_id=0
2026-04-03 16:26:46,115 [INFO] renderer: [DEBUG] renderer: sending rendered_frame_ready to gui frame_id=0
2026-04-03 16:26:46,115 [INFO] renderer: [DEBUG] renderer: detection_result received frame_id=1
2026-04-03 16:26:46,116 [INFO] renderer: [DEBUG] renderer: sending rendered_frame_ready to gui frame_id=1
2026-04-03 16:26:46,116 [INFO] renderer: [DEBUG] renderer: detection_result received frame_id=2
2026-04-03 16:26:46,116 [INFO] renderer: [DEBUG] renderer: sending rendered_frame_ready to gui frame_id=2
2026-04-03 16:26:46,116 [INFO] renderer: [DEBUG] renderer: detection_result received frame_id=3
2026-04-03 16:26:46,116 [INFO] renderer: [DEBUG] renderer: sending rendered_frame_ready to gui frame_id=3
2026-04-03 16:26:48,264 [INFO] renderer: [DEBUG] renderer: detection_result received frame_id=50
2026-04-03 16:26:48,136 [INFO] renderer: [DEBUG] renderer: sending rendered_frame_ready to gui frame_id=50
2026-04-03 16:26:50,304 [INFO] renderer: [DEBUG] renderer: detection_result received frame_id=100
2026-04-03 16:26:50,164 [INFO] renderer: [DEBUG] renderer: sending rendered_frame_ready to gui frame_id=100
2026-04-03 16:26:51,164 [INFO] renderer: [DEBUG] renderer: detection_result received frame_id=0
2026-04-03 16:26:51,176 [INFO] renderer: [DEBUG] renderer: sending rendered_frame_ready to gui frame_id=0
2026-04-03 16:26:51,176 [INFO] renderer: [DEBUG] renderer: detection_result received frame_id=1
2026-04-03 16:26:51,176 [INFO] renderer: [DEBUG] renderer: sending rendered_frame_ready to gui frame_id=1
2026-04-03 16:26:51,177 [INFO] renderer: [DEBUG] renderer: detection_result received frame_id=2
2026-04-03 16:26:51,177 [INFO] renderer: [DEBUG] renderer: sending rendered_frame_ready to gui frame_id=2
2026-04-03 16:26:51,177 [INFO] renderer: [DEBUG] renderer: detection_result received frame_id=3
2026-04-03 16:26:51,177 [INFO] renderer: [DEBUG] renderer: sending rendered_frame_ready to gui frame_id=3
2026-04-03 16:26:53,205 [INFO] renderer: [DEBUG] renderer: detection_result received frame_id=50
2026-04-03 16:26:53,201 [INFO] renderer: [DEBUG] renderer: sending rendered_frame_ready to gui frame_id=50
2026-04-03 16:26:55,247 [INFO] renderer: [DEBUG] renderer: detection_result received frame_id=100
2026-04-03 16:26:55,226 [INFO] renderer: [DEBUG] renderer: sending rendered_frame_ready to gui frame_id=100
2026-04-03 16:26:56,226 [INFO] renderer: [DEBUG] renderer: detection_result received frame_id=0
2026-04-03 16:26:56,226 [INFO] renderer: [DEBUG] renderer: sending rendered_frame_ready to gui frame_id=0
2026-04-03 16:26:56,227 [INFO] renderer: [DEBUG] renderer: detection_result received frame_id=1
2026-04-03 16:26:56,227 [INFO] renderer: [DEBUG] renderer: sending rendered_frame_ready to gui frame_id=1
2026-04-03 16:26:56,227 [INFO] renderer: [DEBUG] renderer: detection_result received frame_id=2
2026-04-03 16:26:56,227 [INFO] renderer: [DEBUG] renderer: sending rendered_frame_ready to gui frame_id=2
2026-04-03 16:26:56,235 [INFO] renderer: [DEBUG] renderer: detection_result received frame_id=3
2026-04-03 16:26:56,235 [INFO] renderer: [DEBUG] renderer: sending rendered_frame_ready to gui frame_id=3
2026-04-03 16:26:58,241 [INFO] renderer: [DEBUG] renderer: detection_result received frame_id=50
2026-04-03 16:26:58,241 [INFO] renderer: [DEBUG] renderer: sending rendered_frame_ready to gui frame_id=50
2026-04-03 16:27:00,206 [INFO] renderer: [DEBUG] renderer: detection_result received frame_id=100
2026-04-03 16:27:00,253 [INFO] renderer: [DEBUG] renderer: sending rendered_frame_ready to gui frame_id=100
2026-04-03 16:27:01,257 [INFO] renderer: [DEBUG] renderer: detection_result received frame_id=0
2026-04-03 16:27:01,257 [INFO] renderer: [DEBUG] renderer: sending rendered_frame_ready to gui frame_id=0
2026-04-03 16:27:01,257 [INFO] renderer: [DEBUG] renderer: detection_result received frame_id=1
2026-04-03 16:27:01,257 [INFO] renderer: [DEBUG] renderer: sending rendered_frame_ready to gui frame_id=1
2026-04-03 16:27:01,257 [INFO] renderer: [DEBUG] renderer: detection_result received frame_id=2
2026-04-03 16:27:01,257 [INFO] renderer: [DEBUG] renderer: sending rendered_frame_ready to gui frame_id=2
2026-04-03 16:27:01,257 [INFO] renderer: [DEBUG] renderer: detection_result received frame_id=3
2026-04-03 16:27:01,258 [INFO] renderer: [DEBUG] renderer: sending rendered_frame_ready to gui frame_id=3
2026-04-03 16:27:03,099 [INFO] renderer: [DEBUG] renderer: detection_result received frame_id=50
2026-04-03 16:27:03,277 [INFO] renderer: [DEBUG] renderer: sending rendered_frame_ready to gui frame_id=50
2026-04-03 16:27:05,144 [INFO] renderer: [DEBUG] renderer: detection_result received frame_id=100
2026-04-03 16:27:05,302 [INFO] renderer: [DEBUG] renderer: sending rendered_frame_ready to gui frame_id=100
2026-04-03 16:27:06,311 [INFO] renderer: [DEBUG] renderer: detection_result received frame_id=0
2026-04-03 16:27:06,311 [INFO] renderer: [DEBUG] renderer: sending rendered_frame_ready to gui frame_id=0
2026-04-03 16:27:06,311 [INFO] renderer: [DEBUG] renderer: detection_result received frame_id=1
2026-04-03 16:27:06,311 [INFO] renderer: [DEBUG] renderer: sending rendered_frame_ready to gui frame_id=1
2026-04-03 16:27:06,311 [INFO] renderer: [DEBUG] renderer: detection_result received frame_id=2
2026-04-03 16:27:06,312 [INFO] renderer: [DEBUG] renderer: sending rendered_frame_ready to gui frame_id=2
2026-04-03 16:27:06,312 [INFO] renderer: [DEBUG] renderer: detection_result received frame_id=3
2026-04-03 16:27:06,312 [INFO] renderer: [DEBUG] renderer: sending rendered_frame_ready to gui frame_id=3
2026-04-03 16:27:08,039 [INFO] renderer: [DEBUG] renderer: detection_result received frame_id=50
2026-04-03 16:27:08,330 [INFO] renderer: [DEBUG] renderer: sending rendered_frame_ready to gui frame_id=50
2026-04-03 16:27:10,081 [INFO] renderer: [DEBUG] renderer: detection_result received frame_id=100
2026-04-03 16:27:10,347 [INFO] renderer: [DEBUG] renderer: sending rendered_frame_ready to gui frame_id=100
2026-04-03 16:27:10,357 [INFO] renderer: [DEBUG] renderer: detection_result received frame_id=0
2026-04-03 16:27:10,357 [INFO] renderer: [DEBUG] renderer: sending rendered_frame_ready to gui frame_id=0
2026-04-03 16:27:10,357 [INFO] renderer: [DEBUG] renderer: detection_result received frame_id=1
2026-04-03 16:27:10,357 [INFO] renderer: [DEBUG] renderer: sending rendered_frame_ready to gui frame_id=1
2026-04-03 16:27:11,357 [INFO] renderer: [DEBUG] renderer: detection_result received frame_id=2
2026-04-03 16:27:11,357 [INFO] renderer: [DEBUG] renderer: sending rendered_frame_ready to gui frame_id=2
2026-04-03 16:27:11,357 [INFO] renderer: [DEBUG] renderer: detection_result received frame_id=3
2026-04-03 16:27:11,358 [INFO] renderer: [DEBUG] renderer: sending rendered_frame_ready to gui frame_id=3
2026-04-03 16:27:12,982 [INFO] renderer: [DEBUG] renderer: detection_result received frame_id=50
2026-04-03 16:27:12,384 [INFO] renderer: [DEBUG] renderer: sending rendered_frame_ready to gui frame_id=50
2026-04-03 16:27:15,020 [INFO] renderer: [DEBUG] renderer: detection_result received frame_id=100
2026-04-03 16:27:15,408 [INFO] renderer: [DEBUG] renderer: sending rendered_frame_ready to gui frame_id=100
2026-04-03 16:27:15,423 [INFO] renderer: [DEBUG] renderer: detection_result received frame_id=0
2026-04-03 16:27:15,423 [INFO] renderer: [DEBUG] renderer: sending rendered_frame_ready to gui frame_id=0
2026-04-03 16:27:15,423 [INFO] renderer: [DEBUG] renderer: detection_result received frame_id=1
2026-04-03 16:27:15,423 [INFO] renderer: [DEBUG] renderer: sending rendered_frame_ready to gui frame_id=1
2026-04-03 16:27:15,423 [INFO] renderer: [DEBUG] renderer: detection_result received frame_id=2
2026-04-03 16:27:15,424 [INFO] renderer: [DEBUG] renderer: sending rendered_frame_ready to gui frame_id=2
2026-04-03 16:27:16,424 [INFO] renderer: [DEBUG] renderer: detection_result received frame_id=3
2026-04-03 16:27:16,424 [INFO] renderer: [DEBUG] renderer: sending rendered_frame_ready to gui frame_id=3
2026-04-03 16:27:17,923 [INFO] renderer: [DEBUG] renderer: detection_result received frame_id=50
2026-04-03 16:27:17,448 [INFO] renderer: [DEBUG] renderer: sending rendered_frame_ready to gui frame_id=50
2026-04-03 16:27:19,967 [INFO] renderer: [DEBUG] renderer: detection_result received frame_id=100
2026-04-03 16:27:19,453 [INFO] renderer: [DEBUG] renderer: sending rendered_frame_ready to gui frame_id=100
2026-04-03 16:27:20,466 [INFO] renderer: [DEBUG] renderer: detection_result received frame_id=0
2026-04-03 16:27:20,466 [INFO] renderer: [DEBUG] renderer: sending rendered_frame_ready to gui frame_id=0
2026-04-03 16:27:20,466 [INFO] renderer: [DEBUG] renderer: detection_result received frame_id=1
2026-04-03 16:27:20,466 [INFO] renderer: [DEBUG] renderer: sending rendered_frame_ready to gui frame_id=1
2026-04-03 16:27:20,466 [INFO] renderer: [DEBUG] renderer: detection_result received frame_id=2
2026-04-03 16:27:20,467 [INFO] renderer: [DEBUG] renderer: sending rendered_frame_ready to gui frame_id=2
2026-04-03 16:27:20,467 [INFO] renderer: [DEBUG] renderer: detection_result received frame_id=3
2026-04-03 16:27:20,467 [INFO] renderer: [DEBUG] renderer: sending rendered_frame_ready to gui frame_id=3
2026-04-03 16:27:22,869 [INFO] renderer: [DEBUG] renderer: detection_result received frame_id=50
2026-04-03 16:27:22,474 [INFO] renderer: [DEBUG] renderer: sending rendered_frame_ready to gui frame_id=50
2026-04-03 16:27:24,910 [INFO] renderer: [DEBUG] renderer: detection_result received frame_id=100
2026-04-03 16:27:24,495 [INFO] renderer: [DEBUG] renderer: sending rendered_frame_ready to gui frame_id=100
2026-04-03 16:27:25,498 [INFO] renderer: [DEBUG] renderer: detection_result received frame_id=0
2026-04-03 16:27:25,498 [INFO] renderer: [DEBUG] renderer: sending rendered_frame_ready to gui frame_id=0
2026-04-03 16:27:25,498 [INFO] renderer: [DEBUG] renderer: detection_result received frame_id=1
2026-04-03 16:27:25,498 [INFO] renderer: [DEBUG] renderer: sending rendered_frame_ready to gui frame_id=1
2026-04-03 16:27:25,498 [INFO] renderer: [DEBUG] renderer: detection_result received frame_id=2
2026-04-03 16:27:25,498 [INFO] renderer: [DEBUG] renderer: sending rendered_frame_ready to gui frame_id=2
2026-04-03 16:27:25,498 [INFO] renderer: [DEBUG] renderer: detection_result received frame_id=3
2026-04-03 16:27:25,498 [INFO] renderer: [DEBUG] renderer: sending rendered_frame_ready to gui frame_id=3
2026-04-03 16:27:27,810 [INFO] renderer: [DEBUG] renderer: detection_result received frame_id=50
2026-04-03 16:27:27,524 [INFO] renderer: [DEBUG] renderer: sending rendered_frame_ready to gui frame_id=50
2026-04-03 16:27:29,849 [INFO] renderer: [DEBUG] renderer: detection_result received frame_id=100
2026-04-03 16:27:29,544 [INFO] renderer: [DEBUG] renderer: sending rendered_frame_ready to gui frame_id=100
2026-04-03 16:27:30,553 [INFO] renderer: [DEBUG] renderer: detection_result received frame_id=0
2026-04-03 16:27:30,553 [INFO] renderer: [DEBUG] renderer: sending rendered_frame_ready to gui frame_id=0
2026-04-03 16:27:30,553 [INFO] renderer: [DEBUG] renderer: detection_result received frame_id=1
2026-04-03 16:27:30,554 [INFO] renderer: [DEBUG] renderer: sending rendered_frame_ready to gui frame_id=1
2026-04-03 16:27:30,554 [INFO] renderer: [DEBUG] renderer: detection_result received frame_id=2
2026-04-03 16:27:30,554 [INFO] renderer: [DEBUG] renderer: sending rendered_frame_ready to gui frame_id=2
2026-04-03 16:27:30,554 [INFO] renderer: [DEBUG] renderer: detection_result received frame_id=3
2026-04-03 16:27:30,555 [INFO] renderer: [DEBUG] renderer: sending rendered_frame_ready to gui frame_id=3
2026-04-03 16:27:32,744 [INFO] renderer: [DEBUG] renderer: detection_result received frame_id=50
2026-04-03 16:27:32,567 [INFO] renderer: [DEBUG] renderer: sending rendered_frame_ready to gui frame_id=50
2026-04-03 16:27:34,788 [INFO] renderer: [DEBUG] renderer: detection_result received frame_id=100
2026-04-03 16:27:34,580 [INFO] renderer: [DEBUG] renderer: sending rendered_frame_ready to gui frame_id=100
2026-04-03 16:27:35,598 [INFO] renderer: [DEBUG] renderer: detection_result received frame_id=0
2026-04-03 16:27:35,598 [INFO] renderer: [DEBUG] renderer: sending rendered_frame_ready to gui frame_id=0
2026-04-03 16:27:35,598 [INFO] renderer: [DEBUG] renderer: detection_result received frame_id=1
2026-04-03 16:27:35,599 [INFO] renderer: [DEBUG] renderer: sending rendered_frame_ready to gui frame_id=1
2026-04-03 16:27:35,599 [INFO] renderer: [DEBUG] renderer: detection_result received frame_id=2
2026-04-03 16:27:35,599 [INFO] renderer: [DEBUG] renderer: sending rendered_frame_ready to gui frame_id=2
2026-04-03 16:27:35,601 [INFO] renderer: [DEBUG] renderer: detection_result received frame_id=3
2026-04-03 16:27:35,601 [INFO] renderer: [DEBUG] renderer: sending rendered_frame_ready to gui frame_id=3
2026-04-03 16:27:37,694 [INFO] renderer: [DEBUG] renderer: detection_result received frame_id=50
2026-04-03 16:27:37,614 [INFO] renderer: [DEBUG] renderer: sending rendered_frame_ready to gui frame_id=50
2026-04-03 16:27:39,739 [INFO] renderer: [DEBUG] renderer: detection_result received frame_id=100
2026-04-03 16:27:39,634 [INFO] renderer: [DEBUG] renderer: sending rendered_frame_ready to gui frame_id=100
2026-04-03 16:27:40,635 [INFO] renderer: [DEBUG] renderer: detection_result received frame_id=0
2026-04-03 16:27:40,635 [INFO] renderer: [DEBUG] renderer: sending rendered_frame_ready to gui frame_id=0
2026-04-03 16:27:40,652 [INFO] renderer: [DEBUG] renderer: detection_result received frame_id=1
2026-04-03 16:27:40,652 [INFO] renderer: [DEBUG] renderer: sending rendered_frame_ready to gui frame_id=1
2026-04-03 16:27:40,652 [INFO] renderer: [DEBUG] renderer: detection_result received frame_id=2
2026-04-03 16:27:40,652 [INFO] renderer: [DEBUG] renderer: sending rendered_frame_ready to gui frame_id=2
2026-04-03 16:27:40,652 [INFO] renderer: [DEBUG] renderer: detection_result received frame_id=3
2026-04-03 16:27:40,653 [INFO] renderer: [DEBUG] renderer: sending rendered_frame_ready to gui frame_id=3
2026-04-03 16:27:42,664 [INFO] renderer: [DEBUG] renderer: detection_result received frame_id=50
2026-04-03 16:27:42,664 [INFO] renderer: [DEBUG] renderer: sending rendered_frame_ready to gui frame_id=50
2026-04-03 16:27:44,684 [INFO] renderer: [DEBUG] renderer: detection_result received frame_id=100
2026-04-03 16:27:44,697 [INFO] renderer: [DEBUG] renderer: sending rendered_frame_ready to gui frame_id=100
2026-04-03 16:27:45,697 [INFO] renderer: [DEBUG] renderer: detection_result received frame_id=0
2026-04-03 16:27:45,697 [INFO] renderer: [DEBUG] renderer: sending rendered_frame_ready to gui frame_id=0
2026-04-03 16:27:45,697 [INFO] renderer: [DEBUG] renderer: detection_result received frame_id=1
2026-04-03 16:27:45,697 [INFO] renderer: [DEBUG] renderer: sending rendered_frame_ready to gui frame_id=1
2026-04-03 16:27:45,697 [INFO] renderer: [DEBUG] renderer: detection_result received frame_id=2
2026-04-03 16:27:45,698 [INFO] renderer: [DEBUG] renderer: sending rendered_frame_ready to gui frame_id=2
2026-04-03 16:27:45,698 [INFO] renderer: [DEBUG] renderer: detection_result received frame_id=3
2026-04-03 16:27:45,698 [INFO] renderer: [DEBUG] renderer: sending rendered_frame_ready to gui frame_id=3
2026-04-03 16:27:47,583 [INFO] renderer: [DEBUG] renderer: detection_result received frame_id=50
2026-04-03 16:27:47,714 [INFO] renderer: [DEBUG] renderer: sending rendered_frame_ready to gui frame_id=50
2026-04-03 16:27:49,630 [INFO] renderer: [DEBUG] renderer: detection_result received frame_id=100
2026-04-03 16:27:49,736 [INFO] renderer: [DEBUG] renderer: sending rendered_frame_ready to gui frame_id=100
2026-04-03 16:27:50,748 [INFO] renderer: [DEBUG] renderer: detection_result received frame_id=0
2026-04-03 16:27:50,749 [INFO] renderer: [DEBUG] renderer: sending rendered_frame_ready to gui frame_id=0
2026-04-03 16:27:50,749 [INFO] renderer: [DEBUG] renderer: detection_result received frame_id=1
2026-04-03 16:27:50,749 [INFO] renderer: [DEBUG] renderer: sending rendered_frame_ready to gui frame_id=1
2026-04-03 16:27:50,750 [INFO] renderer: [DEBUG] renderer: detection_result received frame_id=2
2026-04-03 16:27:50,751 [INFO] renderer: [DEBUG] renderer: sending rendered_frame_ready to gui frame_id=2
2026-04-03 16:27:50,751 [INFO] renderer: [DEBUG] renderer: detection_result received frame_id=3
2026-04-03 16:27:50,752 [INFO] renderer: [DEBUG] renderer: sending rendered_frame_ready to gui frame_id=3
2026-04-03 16:27:52,534 [INFO] renderer: [DEBUG] renderer: detection_result received frame_id=50
2026-04-03 16:27:52,764 [INFO] renderer: [DEBUG] renderer: sending rendered_frame_ready to gui frame_id=50
2026-04-03 16:27:54,572 [INFO] renderer: [DEBUG] renderer: detection_result received frame_id=100
2026-04-03 16:27:54,788 [INFO] renderer: [DEBUG] renderer: sending rendered_frame_ready to gui frame_id=100
2026-04-03 16:27:55,805 [INFO] renderer: [DEBUG] renderer: detection_result received frame_id=0
2026-04-03 16:27:55,805 [INFO] renderer: [DEBUG] renderer: sending rendered_frame_ready to gui frame_id=0
2026-04-03 16:27:55,805 [INFO] renderer: [DEBUG] renderer: detection_result received frame_id=1
2026-04-03 16:27:55,805 [INFO] renderer: [DEBUG] renderer: sending rendered_frame_ready to gui frame_id=1
2026-04-03 16:27:55,805 [INFO] renderer: [DEBUG] renderer: detection_result received frame_id=2
2026-04-03 16:27:55,805 [INFO] renderer: [DEBUG] renderer: sending rendered_frame_ready to gui frame_id=2
2026-04-03 16:27:55,805 [INFO] renderer: [DEBUG] renderer: detection_result received frame_id=3
2026-04-03 16:27:55,805 [INFO] renderer: [DEBUG] renderer: sending rendered_frame_ready to gui frame_id=3
2026-04-03 16:27:57,472 [INFO] renderer: [DEBUG] renderer: detection_result received frame_id=50
2026-04-03 16:27:57,822 [INFO] renderer: [DEBUG] renderer: sending rendered_frame_ready to gui frame_id=50
2026-04-03 16:27:59,509 [INFO] renderer: [DEBUG] renderer: detection_result received frame_id=100
2026-04-03 16:27:59,846 [INFO] renderer: [DEBUG] renderer: sending rendered_frame_ready to gui frame_id=100
2026-04-03 16:28:00,865 [INFO] renderer: [DEBUG] renderer: detection_result received frame_id=0
2026-04-03 16:28:00,865 [INFO] renderer: [DEBUG] renderer: sending rendered_frame_ready to gui frame_id=0
2026-04-03 16:28:00,865 [INFO] renderer: [DEBUG] renderer: detection_result received frame_id=1
2026-04-03 16:28:00,865 [INFO] renderer: [DEBUG] renderer: sending rendered_frame_ready to gui frame_id=1
2026-04-03 16:28:00,865 [INFO] renderer: [DEBUG] renderer: detection_result received frame_id=2
2026-04-03 16:28:00,865 [INFO] renderer: [DEBUG] renderer: sending rendered_frame_ready to gui frame_id=2
2026-04-03 16:28:00,866 [INFO] renderer: [DEBUG] renderer: detection_result received frame_id=3
2026-04-03 16:28:00,866 [INFO] renderer: [DEBUG] renderer: sending rendered_frame_ready to gui frame_id=3
2026-04-03 16:28:02,413 [INFO] renderer: [DEBUG] renderer: detection_result received frame_id=50
2026-04-03 16:28:02,890 [INFO] renderer: [DEBUG] renderer: sending rendered_frame_ready to gui frame_id=50
2026-04-03 16:28:04,457 [INFO] renderer: [DEBUG] renderer: detection_result received frame_id=100
2026-04-03 16:28:04,903 [INFO] renderer: [DEBUG] renderer: sending rendered_frame_ready to gui frame_id=100
2026-04-03 16:28:05,916 [INFO] renderer: [DEBUG] renderer: detection_result received frame_id=0
2026-04-03 16:28:05,916 [INFO] renderer: [DEBUG] renderer: sending rendered_frame_ready to gui frame_id=0
2026-04-03 16:28:05,916 [INFO] renderer: [DEBUG] renderer: detection_result received frame_id=1
2026-04-03 16:28:05,916 [INFO] renderer: [DEBUG] renderer: sending rendered_frame_ready to gui frame_id=1
2026-04-03 16:28:05,916 [INFO] renderer: [DEBUG] renderer: detection_result received frame_id=2
2026-04-03 16:28:05,916 [INFO] renderer: [DEBUG] renderer: sending rendered_frame_ready to gui frame_id=2
2026-04-03 16:28:05,916 [INFO] renderer: [DEBUG] renderer: detection_result received frame_id=3
2026-04-03 16:28:05,916 [INFO] renderer: [DEBUG] renderer: sending rendered_frame_ready to gui frame_id=3
2026-04-03 16:28:07,352 [INFO] renderer: [DEBUG] renderer: detection_result received frame_id=50
2026-04-03 16:28:07,943 [INFO] renderer: [DEBUG] renderer: sending rendered_frame_ready to gui frame_id=50
2026-04-03 16:28:09,398 [INFO] renderer: [DEBUG] renderer: detection_result received frame_id=100
2026-04-03 16:28:09,969 [INFO] renderer: [DEBUG] renderer: sending rendered_frame_ready to gui frame_id=100
2026-04-03 16:28:10,982 [INFO] renderer: [DEBUG] renderer: detection_result received frame_id=0
2026-04-03 16:28:10,982 [INFO] renderer: [DEBUG] renderer: sending rendered_frame_ready to gui frame_id=0
2026-04-03 16:28:10,983 [INFO] renderer: [DEBUG] renderer: detection_result received frame_id=1
2026-04-03 16:28:10,983 [INFO] renderer: [DEBUG] renderer: sending rendered_frame_ready to gui frame_id=1
2026-04-03 16:28:10,983 [INFO] renderer: [DEBUG] renderer: detection_result received frame_id=2
2026-04-03 16:28:10,984 [INFO] renderer: [DEBUG] renderer: sending rendered_frame_ready to gui frame_id=2
2026-04-03 16:28:10,984 [INFO] renderer: [DEBUG] renderer: detection_result received frame_id=3
2026-04-03 16:28:10,984 [INFO] renderer: [DEBUG] renderer: sending rendered_frame_ready to gui frame_id=3
2026-04-03 16:28:12,299 [INFO] renderer: [DEBUG] renderer: detection_result received frame_id=50
2026-04-03 16:28:12,004 [INFO] renderer: [DEBUG] renderer: sending rendered_frame_ready to gui frame_id=50
2026-04-03 16:28:14,343 [INFO] renderer: [DEBUG] renderer: detection_result received frame_id=100
2026-04-03 16:28:14,029 [INFO] renderer: [DEBUG] renderer: sending rendered_frame_ready to gui frame_id=100
2026-04-03 16:28:15,045 [INFO] renderer: [DEBUG] renderer: detection_result received frame_id=0
2026-04-03 16:28:15,045 [INFO] renderer: [DEBUG] renderer: sending rendered_frame_ready to gui frame_id=0
2026-04-03 16:28:15,045 [INFO] renderer: [DEBUG] renderer: detection_result received frame_id=1
2026-04-03 16:28:15,045 [INFO] renderer: [DEBUG] renderer: sending rendered_frame_ready to gui frame_id=1
2026-04-03 16:28:15,045 [INFO] renderer: [DEBUG] renderer: detection_result received frame_id=2
2026-04-03 16:28:15,045 [INFO] renderer: [DEBUG] renderer: sending rendered_frame_ready to gui frame_id=2
2026-04-03 16:28:15,046 [INFO] renderer: [DEBUG] renderer: detection_result received frame_id=3
2026-04-03 16:28:15,046 [INFO] renderer: [DEBUG] renderer: sending rendered_frame_ready to gui frame_id=3
2026-04-03 16:28:17,246 [INFO] renderer: [DEBUG] renderer: detection_result received frame_id=50
2026-04-03 16:28:17,067 [INFO] renderer: [DEBUG] renderer: sending rendered_frame_ready to gui frame_id=50
2026-04-03 16:28:19,286 [INFO] renderer: [DEBUG] renderer: detection_result received frame_id=100
2026-04-03 16:28:19,085 [INFO] renderer: [DEBUG] renderer: sending rendered_frame_ready to gui frame_id=100
2026-04-03 16:28:20,089 [INFO] renderer: [DEBUG] renderer: detection_result received frame_id=0
2026-04-03 16:28:20,089 [INFO] renderer: [DEBUG] renderer: sending rendered_frame_ready to gui frame_id=0
2026-04-03 16:28:20,089 [INFO] renderer: [DEBUG] renderer: detection_result received frame_id=1
2026-04-03 16:28:20,089 [INFO] renderer: [DEBUG] renderer: sending rendered_frame_ready to gui frame_id=1
2026-04-03 16:28:20,089 [INFO] renderer: [DEBUG] renderer: detection_result received frame_id=2
2026-04-03 16:28:20,089 [INFO] renderer: [DEBUG] renderer: sending rendered_frame_ready to gui frame_id=2
2026-04-03 16:28:20,089 [INFO] renderer: [DEBUG] renderer: detection_result received frame_id=3
2026-04-03 16:28:20,089 [INFO] renderer: [DEBUG] renderer: sending rendered_frame_ready to gui frame_id=3
2026-04-03 16:28:22,182 [INFO] renderer: [DEBUG] renderer: detection_result received frame_id=50
2026-04-03 16:28:22,110 [INFO] renderer: [DEBUG] renderer: sending rendered_frame_ready to gui frame_id=50
2026-04-03 16:28:24,226 [INFO] renderer: [DEBUG] renderer: detection_result received frame_id=100
2026-04-03 16:28:24,129 [INFO] renderer: [DEBUG] renderer: sending rendered_frame_ready to gui frame_id=100
2026-04-03 16:28:25,129 [INFO] renderer: [DEBUG] renderer: detection_result received frame_id=0
2026-04-03 16:28:25,130 [INFO] renderer: [DEBUG] renderer: sending rendered_frame_ready to gui frame_id=0
2026-04-03 16:28:25,146 [INFO] renderer: [DEBUG] renderer: detection_result received frame_id=1
2026-04-03 16:28:25,146 [INFO] renderer: [DEBUG] renderer: sending rendered_frame_ready to gui frame_id=1
2026-04-03 16:28:25,147 [INFO] renderer: [DEBUG] renderer: detection_result received frame_id=2
2026-04-03 16:28:25,147 [INFO] renderer: [DEBUG] renderer: sending rendered_frame_ready to gui frame_id=2
2026-04-03 16:28:25,147 [INFO] renderer: [DEBUG] renderer: detection_result received frame_id=3
2026-04-03 16:28:25,147 [INFO] renderer: [DEBUG] renderer: sending rendered_frame_ready to gui frame_id=3
2026-04-03 16:28:27,158 [INFO] renderer: [DEBUG] renderer: detection_result received frame_id=50
2026-04-03 16:28:27,158 [INFO] renderer: [DEBUG] renderer: sending rendered_frame_ready to gui frame_id=50
2026-04-03 16:28:29,168 [INFO] renderer: [DEBUG] renderer: detection_result received frame_id=100
2026-04-03 16:28:29,188 [INFO] renderer: [DEBUG] renderer: sending rendered_frame_ready to gui frame_id=100
2026-04-03 16:28:30,204 [INFO] renderer: [DEBUG] renderer: detection_result received frame_id=0
2026-04-03 16:28:30,204 [INFO] renderer: [DEBUG] renderer: sending rendered_frame_ready to gui frame_id=0
2026-04-03 16:28:30,204 [INFO] renderer: [DEBUG] renderer: detection_result received frame_id=1
2026-04-03 16:28:30,205 [INFO] renderer: [DEBUG] renderer: sending rendered_frame_ready to gui frame_id=1
2026-04-03 16:28:30,205 [INFO] renderer: [DEBUG] renderer: detection_result received frame_id=2
2026-04-03 16:28:30,205 [INFO] renderer: [DEBUG] renderer: sending rendered_frame_ready to gui frame_id=2
2026-04-03 16:28:30,205 [INFO] renderer: [DEBUG] renderer: detection_result received frame_id=3
2026-04-03 16:28:30,205 [INFO] renderer: [DEBUG] renderer: sending rendered_frame_ready to gui frame_id=3
2026-04-03 16:28:32,075 [INFO] renderer: [DEBUG] renderer: detection_result received frame_id=50
2026-04-03 16:28:32,227 [INFO] renderer: [DEBUG] renderer: sending rendered_frame_ready to gui frame_id=50
2026-04-03 16:28:34,114 [INFO] renderer: [DEBUG] renderer: detection_result received frame_id=100
2026-04-03 16:28:34,248 [INFO] renderer: [DEBUG] renderer: sending rendered_frame_ready to gui frame_id=100
2026-04-03 16:28:34,264 [INFO] renderer: [DEBUG] renderer: detection_result received frame_id=0
2026-04-03 16:28:34,264 [INFO] renderer: [DEBUG] renderer: sending rendered_frame_ready to gui frame_id=0
2026-04-03 16:28:35,265 [INFO] renderer: [DEBUG] renderer: detection_result received frame_id=1
2026-04-03 16:28:35,265 [INFO] renderer: [DEBUG] renderer: sending rendered_frame_ready to gui frame_id=1
2026-04-03 16:28:35,265 [INFO] renderer: [DEBUG] renderer: detection_result received frame_id=2
2026-04-03 16:28:35,265 [INFO] renderer: [DEBUG] renderer: sending rendered_frame_ready to gui frame_id=2
2026-04-03 16:28:35,265 [INFO] renderer: [DEBUG] renderer: detection_result received frame_id=3
2026-04-03 16:28:35,265 [INFO] renderer: [DEBUG] renderer: sending rendered_frame_ready to gui frame_id=3
2026-04-03 16:28:37,013 [INFO] renderer: [DEBUG] renderer: detection_result received frame_id=50
2026-04-03 16:28:37,289 [INFO] renderer: [DEBUG] renderer: sending rendered_frame_ready to gui frame_id=50
2026-04-03 16:28:39,049 [INFO] renderer: [DEBUG] renderer: detection_result received frame_id=100
2026-04-03 16:28:39,313 [INFO] renderer: [DEBUG] renderer: sending rendered_frame_ready to gui frame_id=100
2026-04-03 16:28:39,327 [INFO] renderer: [DEBUG] renderer: detection_result received frame_id=0
2026-04-03 16:28:39,327 [INFO] renderer: [DEBUG] renderer: sending rendered_frame_ready to gui frame_id=0
2026-04-03 16:28:39,327 [INFO] renderer: [DEBUG] renderer: detection_result received frame_id=1
2026-04-03 16:28:39,327 [INFO] renderer: [DEBUG] renderer: sending rendered_frame_ready to gui frame_id=1
2026-04-03 16:28:40,328 [INFO] renderer: [DEBUG] renderer: detection_result received frame_id=2
2026-04-03 16:28:40,328 [INFO] renderer: [DEBUG] renderer: sending rendered_frame_ready to gui frame_id=2
2026-04-03 16:28:40,328 [INFO] renderer: [DEBUG] renderer: detection_result received frame_id=3
2026-04-03 16:28:40,328 [INFO] renderer: [DEBUG] renderer: sending rendered_frame_ready to gui frame_id=3
2026-04-03 16:28:41,947 [INFO] renderer: [DEBUG] renderer: detection_result received frame_id=50
2026-04-03 16:28:41,349 [INFO] renderer: [DEBUG] renderer: sending rendered_frame_ready to gui frame_id=50
2026-04-03 16:28:44,004 [INFO] renderer: [DEBUG] renderer: detection_result received frame_id=100
2026-04-03 16:28:44,363 [INFO] renderer: [DEBUG] renderer: sending rendered_frame_ready to gui frame_id=100
2026-04-03 16:28:44,377 [INFO] renderer: [DEBUG] renderer: detection_result received frame_id=0
2026-04-03 16:28:44,378 [INFO] renderer: [DEBUG] renderer: sending rendered_frame_ready to gui frame_id=0
2026-04-03 16:28:44,378 [INFO] renderer: [DEBUG] renderer: detection_result received frame_id=1
2026-04-03 16:28:44,378 [INFO] renderer: [DEBUG] renderer: sending rendered_frame_ready to gui frame_id=1
2026-04-03 16:28:44,378 [INFO] renderer: [DEBUG] renderer: detection_result received frame_id=2
2026-04-03 16:28:44,378 [INFO] renderer: [DEBUG] renderer: sending rendered_frame_ready to gui frame_id=2
2026-04-03 16:28:44,378 [INFO] renderer: [DEBUG] renderer: detection_result received frame_id=3
2026-04-03 16:28:44,378 [INFO] renderer: [DEBUG] renderer: sending rendered_frame_ready to gui frame_id=3
2026-04-03 16:28:46,906 [INFO] renderer: [DEBUG] renderer: detection_result received frame_id=50
2026-04-03 16:28:46,398 [INFO] renderer: [DEBUG] renderer: sending rendered_frame_ready to gui frame_id=50
2026-04-03 16:28:48,961 [INFO] renderer: [DEBUG] renderer: detection_result received frame_id=100
2026-04-03 16:28:48,414 [INFO] renderer: [DEBUG] renderer: sending rendered_frame_ready to gui frame_id=100
2026-04-03 16:28:49,429 [INFO] renderer: [DEBUG] renderer: detection_result received frame_id=0
2026-04-03 16:28:49,429 [INFO] renderer: [DEBUG] renderer: sending rendered_frame_ready to gui frame_id=0
2026-04-03 16:28:49,429 [INFO] renderer: [DEBUG] renderer: detection_result received frame_id=1
2026-04-03 16:28:49,429 [INFO] renderer: [DEBUG] renderer: sending rendered_frame_ready to gui frame_id=1
2026-04-03 16:28:49,429 [INFO] renderer: [DEBUG] renderer: detection_result received frame_id=2
2026-04-03 16:28:49,429 [INFO] renderer: [DEBUG] renderer: sending rendered_frame_ready to gui frame_id=2
2026-04-03 16:28:49,429 [INFO] renderer: [DEBUG] renderer: detection_result received frame_id=3
2026-04-03 16:28:49,429 [INFO] renderer: [DEBUG] renderer: sending rendered_frame_ready to gui frame_id=3
2026-04-03 16:28:51,848 [INFO] renderer: [DEBUG] renderer: detection_result received frame_id=50
2026-04-03 16:28:51,451 [INFO] renderer: [DEBUG] renderer: sending rendered_frame_ready to gui frame_id=50
2026-04-03 16:28:53,899 [INFO] renderer: [DEBUG] renderer: detection_result received frame_id=100
2026-04-03 16:28:53,479 [INFO] renderer: [DEBUG] renderer: sending rendered_frame_ready to gui frame_id=100
2026-04-03 16:28:54,494 [INFO] renderer: [DEBUG] renderer: detection_result received frame_id=0
2026-04-03 16:28:54,494 [INFO] renderer: [DEBUG] renderer: sending rendered_frame_ready to gui frame_id=0
2026-04-03 16:28:54,494 [INFO] renderer: [DEBUG] renderer: detection_result received frame_id=1
2026-04-03 16:28:54,494 [INFO] renderer: [DEBUG] renderer: sending rendered_frame_ready to gui frame_id=1
2026-04-03 16:28:54,494 [INFO] renderer: [DEBUG] renderer: detection_result received frame_id=2
2026-04-03 16:28:54,494 [INFO] renderer: [DEBUG] renderer: sending rendered_frame_ready to gui frame_id=2
2026-04-03 16:28:54,494 [INFO] renderer: [DEBUG] renderer: detection_result received frame_id=3
2026-04-03 16:28:54,495 [INFO] renderer: [DEBUG] renderer: sending rendered_frame_ready to gui frame_id=3
2026-04-03 16:28:56,802 [INFO] renderer: [DEBUG] renderer: detection_result received frame_id=50
2026-04-03 16:28:56,519 [INFO] renderer: [DEBUG] renderer: sending rendered_frame_ready to gui frame_id=50
