2026-03-30 09:51:06,707 [INFO] robot: Process state registered: robot
2026-03-30 09:51:06,707 [INFO] robot: RobotSimulatorProcess initializing...
2026-03-30 09:51:06,707 [INFO] robot: RobotSimulatorProcess ready: log_file=./robot_actions.log
2026-03-30 09:51:06,707 [INFO] robot: Registered 6 command(s) with router: ['get_metrics', 'get_metric', 'reset_metrics', 'stats_snapshot', 'flush_stats', 'reject_item']
2026-03-30 09:51:06,708 [INFO] robot: Process 'robot' initialized successfully
2026-04-01 11:04:32,763 [INFO] robot: Process state registered: robot
2026-04-01 11:04:32,763 [INFO] robot: RobotSimulatorProcess initializing...
2026-04-01 11:04:32,763 [INFO] robot: RobotSimulatorProcess ready: log_file=./robot_actions.log
2026-04-01 11:04:32,763 [INFO] robot: Registered 6 command(s) with router: ['get_metrics', 'get_metric', 'reset_metrics', 'stats_snapshot', 'flush_stats', 'reject_item']
2026-04-01 11:04:32,763 [INFO] robot: Process 'robot' initialized successfully
2026-04-03 16:20:40,425 [INFO] robot: Process state registered: robot
2026-04-03 16:20:40,425 [INFO] robot: RobotSimulatorProcess initializing...
2026-04-03 16:20:40,425 [INFO] robot: RobotSimulatorProcess ready: log_file=./robot_actions.log
2026-04-03 16:20:40,425 [INFO] robot: Registered 6 command(s) with router: ['get_metrics', 'get_metric', 'reset_metrics', 'stats_snapshot', 'flush_stats', 'reject_item']
2026-04-03 16:20:40,426 [INFO] robot: Process 'robot' initialized successfully
2026-04-03 16:23:56,961 [INFO] robot: REJECT #1: frame=1, pos=(327, 339), area=2821
2026-04-03 16:23:57,985 [INFO] robot: REJECT #2: frame=1, pos=(327, 339), area=2821
2026-04-03 16:23:57,985 [INFO] robot: REJECT #3: frame=2, pos=(334, 339), area=2821
2026-04-03 16:23:58,008 [INFO] robot: REJECT #4: frame=2, pos=(334, 339), area=2821
2026-04-03 16:23:59,008 [INFO] robot: REJECT #5: frame=3, pos=(342, 339), area=2821
2026-04-03 16:23:59,030 [INFO] robot: REJECT #6: frame=3, pos=(342, 339), area=2821
2026-04-03 16:24:00,030 [INFO] robot: REJECT #7: frame=28, pos=(467, 306), area=2821
2026-04-03 16:24:00,054 [INFO] robot: REJECT #8: frame=28, pos=(467, 306), area=2821
2026-04-03 16:24:01,054 [INFO] robot: REJECT #9: frame=53, pos=(390, 238), area=2821
2026-04-03 16:24:01,078 [INFO] robot: REJECT #10: frame=53, pos=(390, 238), area=2821
2026-04-03 16:24:02,078 [INFO] robot: REJECT #11: frame=79, pos=(211, 168), area=2821
2026-04-03 16:24:02,100 [INFO] robot: REJECT #12: frame=79, pos=(211, 168), area=2821
2026-04-03 16:24:03,100 [INFO] robot: REJECT #13: frame=93, pos=(170, 146), area=2821
2026-04-03 16:24:03,123 [INFO] robot: REJECT #14: frame=93, pos=(170, 146), area=2821
2026-04-03 16:24:04,123 [INFO] robot: REJECT #15: frame=94, pos=(170, 145), area=2821
2026-04-03 16:24:04,146 [INFO] robot: REJECT #16: frame=94, pos=(170, 145), area=2821
2026-04-03 16:24:05,146 [INFO] robot: REJECT #17: frame=95, pos=(170, 144), area=2821
2026-04-03 16:24:05,169 [INFO] robot: REJECT #18: frame=95, pos=(170, 144), area=2821
2026-04-03 16:24:06,169 [INFO] robot: REJECT #19: frame=96, pos=(170, 143), area=2821
2026-04-03 16:24:06,193 [INFO] robot: REJECT #20: frame=96, pos=(170, 143), area=2821
2026-04-03 16:24:07,193 [INFO] robot: REJECT #21: frame=97, pos=(171, 142), area=2821
2026-04-03 16:24:07,215 [INFO] robot: REJECT #22: frame=97, pos=(171, 142), area=2821
2026-04-03 16:24:08,215 [INFO] robot: REJECT #23: frame=98, pos=(172, 142), area=2821
2026-04-03 16:24:08,238 [INFO] robot: REJECT #24: frame=98, pos=(172, 142), area=2821
2026-04-03 16:24:09,238 [INFO] robot: REJECT #25: frame=99, pos=(174, 141), area=2821
2026-04-03 16:24:09,262 [INFO] robot: REJECT #26: frame=99, pos=(174, 141), area=2821
2026-04-03 16:24:10,262 [INFO] robot: REJECT #27: frame=100, pos=(176, 141), area=2821
2026-04-03 16:24:10,286 [INFO] robot: REJECT #28: frame=100, pos=(176, 141), area=2821
2026-04-03 16:24:11,286 [INFO] robot: REJECT #29: frame=101, pos=(178, 140), area=2821
2026-04-03 16:24:11,310 [INFO] robot: REJECT #30: frame=101, pos=(178, 140), area=2821
2026-04-03 16:24:12,310 [INFO] robot: REJECT #31: frame=102, pos=(181, 140), area=2821
2026-04-03 16:24:12,334 [INFO] robot: REJECT #32: frame=102, pos=(181, 140), area=2821
2026-04-03 16:24:13,334 [INFO] robot: REJECT #33: frame=103, pos=(184, 140), area=2821
2026-04-03 16:24:13,357 [INFO] robot: REJECT #34: frame=103, pos=(184, 140), area=2821
2026-04-03 16:24:14,357 [INFO] robot: REJECT #35: frame=104, pos=(187, 140), area=2821
2026-04-03 16:24:14,379 [INFO] robot: REJECT #36: frame=104, pos=(187, 140), area=2821
2026-04-03 16:24:15,379 [INFO] robot: REJECT #37: frame=7, pos=(337, 163), area=2821
2026-04-03 16:24:15,403 [INFO] robot: REJECT #38: frame=7, pos=(337, 163), area=2821
2026-04-03 16:24:16,403 [INFO] robot: REJECT #39: frame=35, pos=(398, 334), area=2821
2026-04-03 16:24:16,425 [INFO] robot: REJECT #40: frame=35, pos=(398, 334), area=2821
2026-04-03 16:24:17,425 [INFO] robot: REJECT #41: frame=60, pos=(466, 287), area=2821
2026-04-03 16:24:17,449 [INFO] robot: REJECT #42: frame=60, pos=(466, 287), area=2821
2026-04-03 16:24:18,450 [INFO] robot: REJECT #43: frame=85, pos=(333, 214), area=2821
2026-04-03 16:24:18,473 [INFO] robot: REJECT #44: frame=85, pos=(333, 214), area=2821
2026-04-03 16:24:19,473 [INFO] robot: REJECT #45: frame=110, pos=(182, 155), area=2821
2026-04-03 16:24:19,497 [INFO] robot: REJECT #46: frame=110, pos=(182, 155), area=2821
2026-04-03 16:24:20,497 [INFO] robot: REJECT #47: frame=14, pos=(219, 141), area=2821
2026-04-03 16:24:20,521 [INFO] robot: REJECT #48: frame=14, pos=(219, 141), area=2821
2026-04-03 16:24:21,521 [INFO] robot: REJECT #49: frame=39, pos=(394, 180), area=2821
2026-04-03 16:24:22,545 [INFO] robot: REJECT #50: frame=39, pos=(394, 180), area=2821
2026-04-03 16:24:22,546 [INFO] robot: REJECT #51: frame=63, pos=(468, 248), area=2821
2026-04-03 16:24:23,569 [INFO] robot: REJECT #52: frame=63, pos=(468, 248), area=2821
2026-04-03 16:24:23,569 [INFO] robot: REJECT #53: frame=89, pos=(338, 316), area=2821
2026-04-03 16:24:24,592 [INFO] robot: REJECT #54: frame=89, pos=(338, 316), area=2821
2026-04-03 16:24:24,593 [INFO] robot: REJECT #55: frame=114, pos=(184, 339), area=2821
2026-04-03 16:24:25,615 [INFO] robot: REJECT #56: frame=114, pos=(184, 339), area=2821
2026-04-03 16:24:25,615 [INFO] robot: REJECT #57: frame=18, pos=(215, 309), area=2821
2026-04-03 16:24:26,639 [INFO] robot: REJECT #58: frame=18, pos=(215, 309), area=2821
2026-04-03 16:24:26,639 [INFO] robot: REJECT #59: frame=44, pos=(396, 239), area=2821
2026-04-03 16:24:27,663 [INFO] robot: REJECT #60: frame=44, pos=(396, 239), area=2821
2026-04-03 16:24:27,663 [INFO] robot: REJECT #61: frame=69, pos=(466, 171), area=2821
2026-04-03 16:24:28,683 [INFO] robot: REJECT #62: frame=69, pos=(466, 171), area=2821
2026-04-03 16:24:28,693 [INFO] robot: REJECT #63: frame=94, pos=(336, 140), area=2821
2026-04-03 16:24:29,693 [INFO] robot: REJECT #64: frame=94, pos=(336, 140), area=2821
2026-04-03 16:24:29,704 [INFO] robot: REJECT #65: frame=119, pos=(183, 162), area=2821
2026-04-03 16:24:30,704 [INFO] robot: REJECT #66: frame=119, pos=(183, 162), area=2821
2026-04-03 16:24:30,716 [INFO] robot: REJECT #67: frame=22, pos=(212, 223), area=2821
2026-04-03 16:24:31,716 [INFO] robot: REJECT #68: frame=22, pos=(212, 223), area=2821
2026-04-03 16:24:31,724 [INFO] robot: REJECT #69: frame=47, pos=(385, 295), area=2821
2026-04-03 16:24:32,724 [INFO] robot: REJECT #70: frame=47, pos=(385, 295), area=2821
2026-04-03 16:24:32,736 [INFO] robot: REJECT #71: frame=73, pos=(467, 337), area=2821
2026-04-03 16:24:33,736 [INFO] robot: REJECT #72: frame=73, pos=(467, 337), area=2821
2026-04-03 16:24:33,749 [INFO] robot: REJECT #73: frame=98, pos=(341, 325), area=2821
2026-04-03 16:24:34,749 [INFO] robot: REJECT #74: frame=98, pos=(341, 325), area=2821
2026-04-03 16:24:34,760 [INFO] robot: REJECT #75: frame=2, pos=(185, 267), area=2821
2026-04-03 16:24:35,760 [INFO] robot: REJECT #76: frame=2, pos=(185, 267), area=2821
2026-04-03 16:24:35,774 [INFO] robot: REJECT #77: frame=27, pos=(214, 194), area=2821
2026-04-03 16:24:36,774 [INFO] robot: REJECT #78: frame=27, pos=(214, 194), area=2821
2026-04-03 16:24:36,789 [INFO] robot: REJECT #79: frame=52, pos=(387, 145), area=2821
2026-04-03 16:24:37,789 [INFO] robot: REJECT #80: frame=52, pos=(387, 145), area=2821
2026-04-03 16:24:37,802 [INFO] robot: REJECT #81: frame=77, pos=(468, 147), area=2821
2026-04-03 16:24:38,802 [INFO] robot: REJECT #82: frame=77, pos=(468, 147), area=2821
2026-04-03 16:24:38,805 [INFO] robot: REJECT #83: frame=102, pos=(346, 199), area=2821
2026-04-03 16:24:39,805 [INFO] robot: REJECT #84: frame=102, pos=(346, 199), area=2821
2026-04-03 16:24:39,816 [INFO] robot: REJECT #85: frame=6, pos=(188, 272), area=2821
2026-04-03 16:24:40,816 [INFO] robot: REJECT #86: frame=6, pos=(188, 272), area=2821
2026-04-03 16:24:40,827 [INFO] robot: REJECT #87: frame=31, pos=(210, 328), area=2821
2026-04-03 16:24:41,827 [INFO] robot: REJECT #88: frame=31, pos=(210, 328), area=2821
2026-04-03 16:24:41,836 [INFO] robot: REJECT #89: frame=56, pos=(383, 336), area=2821
2026-04-03 16:24:42,836 [INFO] robot: REJECT #90: frame=56, pos=(383, 336), area=2821
2026-04-03 16:24:43,847 [INFO] robot: REJECT #91: frame=81, pos=(469, 293), area=2821
2026-04-03 16:24:43,847 [INFO] robot: REJECT #92: frame=81, pos=(469, 293), area=2821
2026-04-03 16:24:44,859 [INFO] robot: REJECT #93: frame=106, pos=(350, 221), area=2821
2026-04-03 16:24:44,859 [INFO] robot: REJECT #94: frame=106, pos=(350, 221), area=2821
2026-04-03 16:24:45,871 [INFO] robot: REJECT #95: frame=10, pos=(190, 159), area=2821
2026-04-03 16:24:45,871 [INFO] robot: REJECT #96: frame=10, pos=(190, 159), area=2821
2026-04-03 16:24:46,885 [INFO] robot: REJECT #97: frame=35, pos=(207, 140), area=2821
2026-04-03 16:24:46,885 [INFO] robot: REJECT #98: frame=35, pos=(207, 140), area=2821
2026-04-03 16:24:47,897 [INFO] robot: REJECT #99: frame=60, pos=(378, 175), area=2821
2026-04-03 16:24:47,897 [INFO] robot: REJECT #100: frame=60, pos=(378, 175), area=2821
2026-04-03 16:24:48,908 [INFO] robot: REJECT #101: frame=85, pos=(469, 244), area=2821
2026-04-03 16:24:48,908 [INFO] robot: REJECT #102: frame=85, pos=(469, 244), area=2821
2026-04-03 16:24:49,924 [INFO] robot: REJECT #103: frame=110, pos=(355, 311), area=2821
2026-04-03 16:24:49,924 [INFO] robot: REJECT #104: frame=110, pos=(355, 311), area=2821
2026-04-03 16:24:50,936 [INFO] robot: REJECT #105: frame=14, pos=(193, 339), area=2821
2026-04-03 16:24:50,936 [INFO] robot: REJECT #106: frame=14, pos=(193, 339), area=2821
2026-04-03 16:24:51,944 [INFO] robot: REJECT #107: frame=39, pos=(204, 314), area=2821
2026-04-03 16:24:51,945 [INFO] robot: REJECT #108: frame=39, pos=(204, 314), area=2821
2026-04-03 16:24:52,958 [INFO] robot: REJECT #109: frame=64, pos=(373, 249), area=2821
2026-04-03 16:24:52,958 [INFO] robot: REJECT #110: frame=64, pos=(373, 249), area=2821
2026-04-03 16:24:53,963 [INFO] robot: REJECT #111: frame=90, pos=(469, 176), area=2821
2026-04-03 16:24:53,963 [INFO] robot: REJECT #112: frame=90, pos=(469, 176), area=2821
2026-04-03 16:24:54,975 [INFO] robot: REJECT #113: frame=115, pos=(353, 140), area=2821
2026-04-03 16:24:54,975 [INFO] robot: REJECT #114: frame=115, pos=(353, 140), area=2821
2026-04-03 16:24:55,980 [INFO] robot: REJECT #115: frame=19, pos=(191, 158), area=2821
2026-04-03 16:24:55,980 [INFO] robot: REJECT #116: frame=19, pos=(191, 158), area=2821
2026-04-03 16:24:56,998 [INFO] robot: REJECT #117: frame=44, pos=(205, 219), area=2821
2026-04-03 16:24:56,998 [INFO] robot: REJECT #118: frame=44, pos=(205, 219), area=2821
2026-04-03 16:24:57,009 [INFO] robot: REJECT #119: frame=69, pos=(376, 291), area=2821
2026-04-03 16:24:57,009 [INFO] robot: REJECT #120: frame=69, pos=(376, 291), area=2821
2026-04-03 16:24:58,022 [INFO] robot: REJECT #121: frame=94, pos=(469, 336), area=2821
2026-04-03 16:24:58,022 [INFO] robot: REJECT #122: frame=94, pos=(469, 336), area=2821
2026-04-03 16:24:59,035 [INFO] robot: REJECT #123: frame=119, pos=(358, 328), area=2821
2026-04-03 16:24:59,035 [INFO] robot: REJECT #124: frame=119, pos=(358, 328), area=2821
2026-04-03 16:25:00,041 [INFO] robot: REJECT #125: frame=23, pos=(194, 273), area=2821
2026-04-03 16:25:00,041 [INFO] robot: REJECT #126: frame=23, pos=(194, 273), area=2821
2026-04-03 16:25:01,057 [INFO] robot: REJECT #127: frame=48, pos=(202, 200), area=2821
2026-04-03 16:25:01,057 [INFO] robot: REJECT #128: frame=48, pos=(202, 200), area=2821
2026-04-03 16:25:02,070 [INFO] robot: REJECT #129: frame=73, pos=(371, 148), area=2821
2026-04-03 16:25:02,070 [INFO] robot: REJECT #130: frame=73, pos=(371, 148), area=2821
2026-04-03 16:25:03,086 [INFO] robot: REJECT #131: frame=98, pos=(469, 145), area=2821
2026-04-03 16:25:03,086 [INFO] robot: REJECT #132: frame=98, pos=(469, 145), area=2821
2026-04-03 16:25:04,097 [INFO] robot: REJECT #133: frame=2, pos=(362, 193), area=2821
2026-04-03 16:25:05,097 [INFO] robot: REJECT #134: frame=2, pos=(362, 193), area=2821
2026-04-03 16:25:05,109 [INFO] robot: REJECT #135: frame=27, pos=(197, 265), area=2821
2026-04-03 16:25:06,109 [INFO] robot: REJECT #136: frame=27, pos=(197, 265), area=2821
2026-04-03 16:25:06,120 [INFO] robot: REJECT #137: frame=52, pos=(199, 324), area=2821
2026-04-03 16:25:07,120 [INFO] robot: REJECT #138: frame=52, pos=(199, 324), area=2821
2026-04-03 16:25:07,132 [INFO] robot: REJECT #139: frame=77, pos=(366, 338), area=2821
2026-04-03 16:25:08,132 [INFO] robot: REJECT #140: frame=77, pos=(366, 338), area=2821
2026-04-03 16:25:08,141 [INFO] robot: REJECT #141: frame=102, pos=(469, 298), area=2821
2026-04-03 16:25:09,141 [INFO] robot: REJECT #142: frame=102, pos=(469, 298), area=2821
2026-04-03 16:25:09,155 [INFO] robot: REJECT #143: frame=6, pos=(367, 228), area=2821
2026-04-03 16:25:10,155 [INFO] robot: REJECT #144: frame=6, pos=(367, 228), area=2821
2026-04-03 16:25:10,165 [INFO] robot: REJECT #145: frame=31, pos=(200, 163), area=2821
2026-04-03 16:25:11,165 [INFO] robot: REJECT #146: frame=31, pos=(200, 163), area=2821
2026-04-03 16:25:11,168 [INFO] robot: REJECT #147: frame=56, pos=(196, 140), area=2821
2026-04-03 16:25:12,168 [INFO] robot: REJECT #148: frame=56, pos=(196, 140), area=2821
2026-04-03 16:25:12,191 [INFO] robot: REJECT #149: frame=81, pos=(362, 170), area=2821
2026-04-03 16:25:13,191 [INFO] robot: REJECT #150: frame=81, pos=(362, 170), area=2821
2026-04-03 16:25:13,207 [INFO] robot: REJECT #151: frame=106, pos=(469, 237), area=2821
2026-04-03 16:25:14,217 [INFO] robot: REJECT #152: frame=106, pos=(469, 237), area=2821
2026-04-03 16:25:14,217 [INFO] robot: REJECT #153: frame=10, pos=(372, 306), area=2821
2026-04-03 16:25:15,229 [INFO] robot: REJECT #154: frame=10, pos=(372, 306), area=2821
2026-04-03 16:25:15,229 [INFO] robot: REJECT #155: frame=35, pos=(203, 339), area=2821
2026-04-03 16:25:16,232 [INFO] robot: REJECT #156: frame=35, pos=(203, 339), area=2821
2026-04-03 16:25:16,232 [INFO] robot: REJECT #157: frame=60, pos=(193, 319), area=2821
2026-04-03 16:25:17,243 [INFO] robot: REJECT #158: frame=60, pos=(193, 319), area=2821
2026-04-03 16:25:17,243 [INFO] robot: REJECT #159: frame=85, pos=(357, 256), area=2821
2026-04-03 16:25:18,256 [INFO] robot: REJECT #160: frame=85, pos=(357, 256), area=2821
2026-04-03 16:25:18,256 [INFO] robot: REJECT #161: frame=110, pos=(469, 184), area=2821
2026-04-03 16:25:19,272 [INFO] robot: REJECT #162: frame=110, pos=(469, 184), area=2821
2026-04-03 16:25:19,272 [INFO] robot: REJECT #163: frame=14, pos=(377, 142), area=2821
2026-04-03 16:25:20,286 [INFO] robot: REJECT #164: frame=14, pos=(377, 142), area=2821
2026-04-03 16:25:20,286 [INFO] robot: REJECT #165: frame=39, pos=(206, 153), area=2821
2026-04-03 16:25:21,298 [INFO] robot: REJECT #166: frame=39, pos=(206, 153), area=2821
2026-04-03 16:25:21,298 [INFO] robot: REJECT #167: frame=64, pos=(191, 210), area=2821
2026-04-03 16:25:22,312 [INFO] robot: REJECT #168: frame=64, pos=(191, 210), area=2821
2026-04-03 16:25:22,313 [INFO] robot: REJECT #169: frame=90, pos=(359, 285), area=2821
2026-04-03 16:25:23,323 [INFO] robot: REJECT #170: frame=90, pos=(359, 285), area=2821
2026-04-03 16:25:23,323 [INFO] robot: REJECT #171: frame=115, pos=(469, 334), area=2821
2026-04-03 16:25:24,335 [INFO] robot: REJECT #172: frame=115, pos=(469, 334), area=2821
2026-04-03 16:25:24,335 [INFO] robot: REJECT #173: frame=18, pos=(381, 333), area=2821
2026-04-03 16:25:25,350 [INFO] robot: REJECT #174: frame=18, pos=(381, 333), area=2821
2026-04-03 16:25:25,350 [INFO] robot: REJECT #175: frame=43, pos=(209, 283), area=2821
2026-04-03 16:25:26,361 [INFO] robot: REJECT #176: frame=43, pos=(209, 283), area=2821
2026-04-03 16:25:27,361 [INFO] robot: REJECT #177: frame=68, pos=(188, 210), area=2821
2026-04-03 16:25:27,376 [INFO] robot: REJECT #178: frame=68, pos=(188, 210), area=2821
2026-04-03 16:25:28,376 [INFO] robot: REJECT #179: frame=93, pos=(347, 153), area=2821
2026-04-03 16:25:28,382 [INFO] robot: REJECT #180: frame=93, pos=(347, 153), area=2821
2026-04-03 16:25:29,382 [INFO] robot: REJECT #181: frame=118, pos=(468, 142), area=2821
2026-04-03 16:25:29,387 [INFO] robot: REJECT #182: frame=118, pos=(468, 142), area=2821
2026-04-03 16:25:30,387 [INFO] robot: REJECT #183: frame=23, pos=(379, 187), area=2821
2026-04-03 16:25:30,400 [INFO] robot: REJECT #184: frame=23, pos=(379, 187), area=2821
2026-04-03 16:25:31,400 [INFO] robot: REJECT #185: frame=48, pos=(207, 259), area=2821
2026-04-03 16:25:31,412 [INFO] robot: REJECT #186: frame=48, pos=(207, 259), area=2821
2026-04-03 16:25:32,412 [INFO] robot: REJECT #187: frame=73, pos=(190, 320), area=2821
2026-04-03 16:25:32,423 [INFO] robot: REJECT #188: frame=73, pos=(190, 320), area=2821
2026-04-03 16:25:33,423 [INFO] robot: REJECT #189: frame=98, pos=(350, 339), area=2821
2026-04-03 16:25:33,436 [INFO] robot: REJECT #190: frame=98, pos=(350, 339), area=2821
2026-04-03 16:25:34,436 [INFO] robot: REJECT #191: frame=2, pos=(468, 304), area=2821
2026-04-03 16:25:34,448 [INFO] robot: REJECT #192: frame=2, pos=(468, 304), area=2821
2026-04-03 16:25:35,448 [INFO] robot: REJECT #193: frame=26, pos=(390, 237), area=2821
2026-04-03 16:25:35,461 [INFO] robot: REJECT #194: frame=26, pos=(390, 237), area=2821
2026-04-03 16:25:36,461 [INFO] robot: REJECT #195: frame=51, pos=(216, 170), area=2821
2026-04-03 16:25:36,466 [INFO] robot: REJECT #196: frame=51, pos=(216, 170), area=2821
2026-04-03 16:25:37,466 [INFO] robot: REJECT #197: frame=77, pos=(187, 140), area=2821
2026-04-03 16:25:37,477 [INFO] robot: REJECT #198: frame=77, pos=(187, 140), area=2821
2026-04-03 16:25:38,477 [INFO] robot: REJECT #199: frame=101, pos=(337, 163), area=2821
2026-04-03 16:25:38,492 [INFO] robot: REJECT #200: frame=101, pos=(337, 163), area=2821
2026-04-03 16:25:39,492 [INFO] robot: REJECT #201: frame=6, pos=(468, 230), area=2821
2026-04-03 16:25:39,501 [INFO] robot: REJECT #202: frame=6, pos=(468, 230), area=2821
2026-04-03 16:25:40,501 [INFO] robot: REJECT #203: frame=31, pos=(388, 301), area=2821
2026-04-03 16:25:40,511 [INFO] robot: REJECT #204: frame=31, pos=(388, 301), area=2821
2026-04-03 16:25:41,511 [INFO] robot: REJECT #205: frame=56, pos=(214, 338), area=2821
2026-04-03 16:25:41,522 [INFO] robot: REJECT #206: frame=56, pos=(214, 338), area=2821
2026-04-03 16:25:42,522 [INFO] robot: REJECT #207: frame=81, pos=(185, 323), area=2821
2026-04-03 16:25:42,536 [INFO] robot: REJECT #208: frame=81, pos=(185, 323), area=2821
2026-04-03 16:25:43,536 [INFO] robot: REJECT #209: frame=106, pos=(340, 263), area=2821
2026-04-03 16:25:43,546 [INFO] robot: REJECT #210: frame=106, pos=(340, 263), area=2821
2026-04-03 16:25:44,546 [INFO] robot: REJECT #211: frame=10, pos=(467, 190), area=2821
2026-04-03 16:25:44,561 [INFO] robot: REJECT #212: frame=10, pos=(467, 190), area=2821
2026-04-03 16:25:45,561 [INFO] robot: REJECT #213: frame=35, pos=(392, 144), area=2821
2026-04-03 16:25:45,571 [INFO] robot: REJECT #214: frame=35, pos=(392, 144), area=2821
2026-04-03 16:25:46,571 [INFO] robot: REJECT #215: frame=60, pos=(218, 149), area=2821
2026-04-03 16:25:46,573 [INFO] robot: REJECT #216: frame=60, pos=(218, 149), area=2821
2026-04-03 16:25:47,573 [INFO] robot: REJECT #217: frame=85, pos=(183, 203), area=2821
2026-04-03 16:25:47,587 [INFO] robot: REJECT #218: frame=85, pos=(183, 203), area=2821
2026-04-03 16:25:48,587 [INFO] robot: REJECT #219: frame=110, pos=(335, 276), area=2821
2026-04-03 16:25:49,596 [INFO] robot: REJECT #220: frame=110, pos=(335, 276), area=2821
2026-04-03 16:25:49,596 [INFO] robot: REJECT #221: frame=14, pos=(466, 330), area=2821
2026-04-03 16:25:50,607 [INFO] robot: REJECT #222: frame=14, pos=(466, 330), area=2821
2026-04-03 16:25:50,607 [INFO] robot: REJECT #223: frame=39, pos=(396, 335), area=2821
2026-04-03 16:25:51,618 [INFO] robot: REJECT #224: frame=39, pos=(396, 335), area=2821
2026-04-03 16:25:51,618 [INFO] robot: REJECT #225: frame=64, pos=(222, 289), area=2821
2026-04-03 16:25:52,628 [INFO] robot: REJECT #226: frame=64, pos=(222, 289), area=2821
2026-04-03 16:25:52,628 [INFO] robot: REJECT #227: frame=89, pos=(181, 216), area=2821
2026-04-03 16:25:53,637 [INFO] robot: REJECT #228: frame=89, pos=(181, 216), area=2821
2026-04-03 16:25:53,638 [INFO] robot: REJECT #229: frame=115, pos=(337, 155), area=2821
2026-04-03 16:25:54,642 [INFO] robot: REJECT #230: frame=115, pos=(337, 155), area=2821
2026-04-03 16:25:54,642 [INFO] robot: REJECT #231: frame=19, pos=(466, 141), area=2821
2026-04-03 16:25:55,659 [INFO] robot: REJECT #232: frame=19, pos=(466, 141), area=2821
2026-04-03 16:25:55,668 [INFO] robot: REJECT #233: frame=44, pos=(394, 181), area=2821
2026-04-03 16:25:56,668 [INFO] robot: REJECT #234: frame=44, pos=(394, 181), area=2821
2026-04-03 16:25:56,681 [INFO] robot: REJECT #235: frame=69, pos=(220, 252), area=2821
2026-04-03 16:25:57,682 [INFO] robot: REJECT #236: frame=69, pos=(220, 252), area=2821
2026-04-03 16:25:57,697 [INFO] robot: REJECT #237: frame=94, pos=(182, 316), area=2821
2026-04-03 16:25:58,697 [INFO] robot: REJECT #238: frame=94, pos=(182, 316), area=2821
2026-04-03 16:25:58,705 [INFO] robot: REJECT #239: frame=119, pos=(332, 339), area=2821
2026-04-03 16:25:59,705 [INFO] robot: REJECT #240: frame=119, pos=(332, 339), area=2821
2026-04-03 16:25:59,717 [INFO] robot: REJECT #241: frame=23, pos=(465, 309), area=2821
2026-04-03 16:26:00,717 [INFO] robot: REJECT #242: frame=23, pos=(465, 309), area=2821
2026-04-03 16:26:00,733 [INFO] robot: REJECT #243: frame=48, pos=(399, 241), area=2821
2026-04-03 16:26:01,733 [INFO] robot: REJECT #244: frame=48, pos=(399, 241), area=2821
2026-04-03 16:26:01,745 [INFO] robot: REJECT #245: frame=73, pos=(223, 173), area=2821
2026-04-03 16:26:02,745 [INFO] robot: REJECT #246: frame=73, pos=(223, 173), area=2821
2026-04-03 16:26:02,756 [INFO] robot: REJECT #247: frame=98, pos=(180, 140), area=2821
2026-04-03 16:26:03,756 [INFO] robot: REJECT #248: frame=98, pos=(180, 140), area=2821
2026-04-03 16:26:03,759 [INFO] robot: REJECT #249: frame=2, pos=(327, 161), area=2821
2026-04-03 16:26:04,759 [INFO] robot: REJECT #250: frame=2, pos=(327, 161), area=2821
2026-04-03 16:26:04,771 [INFO] robot: REJECT #251: frame=27, pos=(464, 224), area=2821
2026-04-03 16:26:05,771 [INFO] robot: REJECT #252: frame=27, pos=(464, 224), area=2821
2026-04-03 16:26:05,781 [INFO] robot: REJECT #253: frame=52, pos=(403, 295), area=2821
2026-04-03 16:26:06,781 [INFO] robot: REJECT #254: frame=52, pos=(403, 295), area=2821
2026-04-03 16:26:06,796 [INFO] robot: REJECT #255: frame=77, pos=(227, 337), area=2821
2026-04-03 16:26:07,796 [INFO] robot: REJECT #256: frame=77, pos=(227, 337), area=2821
2026-04-03 16:26:07,811 [INFO] robot: REJECT #257: frame=102, pos=(178, 326), area=2821
2026-04-03 16:26:08,811 [INFO] robot: REJECT #258: frame=102, pos=(178, 326), area=2821
2026-04-03 16:26:08,821 [INFO] robot: REJECT #259: frame=6, pos=(322, 269), area=2821
2026-04-03 16:26:09,822 [INFO] robot: REJECT #260: frame=6, pos=(322, 269), area=2821
2026-04-03 16:26:09,835 [INFO] robot: REJECT #261: frame=31, pos=(463, 196), area=2821
2026-04-03 16:26:10,835 [INFO] robot: REJECT #262: frame=31, pos=(463, 196), area=2821
2026-04-03 16:26:11,846 [INFO] robot: REJECT #263: frame=57, pos=(401, 145), area=2821
2026-04-03 16:26:11,846 [INFO] robot: REJECT #264: frame=57, pos=(401, 145), area=2821
2026-04-03 16:26:12,857 [INFO] robot: REJECT #265: frame=82, pos=(225, 148), area=2821
2026-04-03 16:26:12,857 [INFO] robot: REJECT #266: frame=82, pos=(225, 148), area=2821
2026-04-03 16:26:13,869 [INFO] robot: REJECT #267: frame=107, pos=(179, 199), area=2821
2026-04-03 16:26:13,869 [INFO] robot: REJECT #268: frame=107, pos=(179, 199), area=2821
2026-04-03 16:26:14,881 [INFO] robot: REJECT #269: frame=11, pos=(325, 272), area=2821
2026-04-03 16:26:14,881 [INFO] robot: REJECT #270: frame=11, pos=(325, 272), area=2821
2026-04-03 16:26:15,892 [INFO] robot: REJECT #271: frame=36, pos=(463, 328), area=2821
2026-04-03 16:26:15,892 [INFO] robot: REJECT #272: frame=36, pos=(463, 328), area=2821
2026-04-03 16:26:16,905 [INFO] robot: REJECT #273: frame=61, pos=(405, 336), area=2821
2026-04-03 16:26:16,905 [INFO] robot: REJECT #274: frame=61, pos=(405, 336), area=2821
2026-04-03 16:26:17,919 [INFO] robot: REJECT #275: frame=86, pos=(229, 292), area=2821
2026-04-03 16:26:17,919 [INFO] robot: REJECT #276: frame=86, pos=(229, 292), area=2821
2026-04-03 16:26:18,928 [INFO] robot: REJECT #277: frame=111, pos=(177, 220), area=2821
2026-04-03 16:26:18,928 [INFO] robot: REJECT #278: frame=111, pos=(177, 220), area=2821
2026-04-03 16:26:19,943 [INFO] robot: REJECT #279: frame=15, pos=(320, 158), area=2821
2026-04-03 16:26:19,944 [INFO] robot: REJECT #280: frame=15, pos=(320, 158), area=2821
2026-04-03 16:26:20,956 [INFO] robot: REJECT #281: frame=40, pos=(462, 140), area=2821
2026-04-03 16:26:20,956 [INFO] robot: REJECT #282: frame=40, pos=(462, 140), area=2821
2026-04-03 16:26:21,965 [INFO] robot: REJECT #283: frame=65, pos=(409, 175), area=2821
2026-04-03 16:26:21,965 [INFO] robot: REJECT #284: frame=65, pos=(409, 175), area=2821
2026-04-03 16:26:22,976 [INFO] robot: REJECT #285: frame=90, pos=(233, 245), area=2821
2026-04-03 16:26:22,976 [INFO] robot: REJECT #286: frame=90, pos=(233, 245), area=2821
2026-04-03 16:26:23,992 [INFO] robot: REJECT #287: frame=115, pos=(176, 311), area=2821
2026-04-03 16:26:23,992 [INFO] robot: REJECT #288: frame=115, pos=(176, 311), area=2821
2026-04-03 16:26:24,006 [INFO] robot: REJECT #289: frame=19, pos=(315, 339), area=2821
2026-04-03 16:26:24,006 [INFO] robot: REJECT #290: frame=19, pos=(315, 339), area=2821
2026-04-03 16:26:25,014 [INFO] robot: REJECT #291: frame=44, pos=(460, 314), area=2821
2026-04-03 16:26:25,014 [INFO] robot: REJECT #292: frame=44, pos=(460, 314), area=2821
2026-04-03 16:26:26,030 [INFO] robot: REJECT #293: frame=69, pos=(413, 248), area=2821
2026-04-03 16:26:26,030 [INFO] robot: REJECT #294: frame=69, pos=(413, 248), area=2821
2026-04-03 16:26:27,046 [INFO] robot: REJECT #295: frame=95, pos=(231, 176), area=2821
2026-04-03 16:26:27,046 [INFO] robot: REJECT #296: frame=95, pos=(231, 176), area=2821
2026-04-03 16:26:28,062 [INFO] robot: REJECT #297: frame=119, pos=(174, 141), area=2821
2026-04-03 16:26:28,062 [INFO] robot: REJECT #298: frame=119, pos=(174, 141), area=2821
2026-04-03 16:26:29,070 [INFO] robot: REJECT #299: frame=24, pos=(318, 158), area=2821
2026-04-03 16:26:29,070 [INFO] robot: REJECT #300: frame=24, pos=(318, 158), area=2821
2026-04-03 16:26:30,082 [INFO] robot: REJECT #301: frame=49, pos=(461, 220), area=2821
2026-04-03 16:26:30,082 [INFO] robot: REJECT #302: frame=49, pos=(461, 220), area=2821
2026-04-03 16:26:31,096 [INFO] robot: REJECT #303: frame=74, pos=(411, 292), area=2821
2026-04-03 16:26:31,096 [INFO] robot: REJECT #304: frame=74, pos=(411, 292), area=2821
2026-04-03 16:26:32,105 [INFO] robot: REJECT #305: frame=99, pos=(235, 336), area=2821
2026-04-03 16:26:32,105 [INFO] robot: REJECT #306: frame=99, pos=(235, 336), area=2821
2026-04-03 16:26:33,120 [INFO] robot: REJECT #307: frame=3, pos=(175, 328), area=2821
2026-04-03 16:26:34,120 [INFO] robot: REJECT #308: frame=3, pos=(175, 328), area=2821
2026-04-03 16:26:34,132 [INFO] robot: REJECT #309: frame=28, pos=(313, 273), area=2821
2026-04-03 16:26:35,132 [INFO] robot: REJECT #310: frame=28, pos=(313, 273), area=2821
2026-04-03 16:26:35,144 [INFO] robot: REJECT #311: frame=52, pos=(457, 203), area=2821
2026-04-03 16:26:36,145 [INFO] robot: REJECT #312: frame=52, pos=(457, 203), area=2821
2026-04-03 16:26:36,153 [INFO] robot: REJECT #313: frame=78, pos=(415, 148), area=2821
2026-04-03 16:26:37,153 [INFO] robot: REJECT #314: frame=78, pos=(415, 148), area=2821
2026-04-03 16:26:37,163 [INFO] robot: REJECT #315: frame=103, pos=(240, 145), area=2821
2026-04-03 16:26:38,163 [INFO] robot: REJECT #316: frame=103, pos=(240, 145), area=2821
2026-04-03 16:26:38,173 [INFO] robot: REJECT #317: frame=7, pos=(174, 193), area=2821
2026-04-03 16:26:39,173 [INFO] robot: REJECT #318: frame=7, pos=(174, 193), area=2821
2026-04-03 16:26:39,187 [INFO] robot: REJECT #319: frame=32, pos=(308, 266), area=2821
2026-04-03 16:26:40,187 [INFO] robot: REJECT #320: frame=32, pos=(308, 266), area=2821
2026-04-03 16:26:40,198 [INFO] robot: REJECT #321: frame=57, pos=(458, 325), area=2821
2026-04-03 16:26:41,198 [INFO] robot: REJECT #322: frame=57, pos=(458, 325), area=2821
2026-04-03 16:26:41,206 [INFO] robot: REJECT #323: frame=82, pos=(418, 338), area=2821
2026-04-03 16:26:42,206 [INFO] robot: REJECT #324: frame=82, pos=(418, 338), area=2821
2026-04-03 16:26:42,220 [INFO] robot: REJECT #325: frame=107, pos=(244, 298), area=2821
2026-04-03 16:26:43,228 [INFO] robot: REJECT #326: frame=107, pos=(244, 298), area=2821
2026-04-03 16:26:43,228 [INFO] robot: REJECT #327: frame=11, pos=(173, 227), area=2821
2026-04-03 16:26:44,239 [INFO] robot: REJECT #328: frame=11, pos=(173, 227), area=2821
2026-04-03 16:26:44,239 [INFO] robot: REJECT #329: frame=36, pos=(303, 163), area=2821
2026-04-03 16:26:45,253 [INFO] robot: REJECT #330: frame=36, pos=(303, 163), area=2821
2026-04-03 16:26:45,253 [INFO] robot: REJECT #331: frame=61, pos=(456, 140), area=2821
2026-04-03 16:26:46,269 [INFO] robot: REJECT #332: frame=61, pos=(456, 140), area=2821
2026-04-03 16:26:46,270 [INFO] robot: REJECT #333: frame=86, pos=(422, 170), area=2821
2026-04-03 16:26:47,280 [INFO] robot: REJECT #334: frame=86, pos=(422, 170), area=2821
2026-04-03 16:26:47,280 [INFO] robot: REJECT #335: frame=111, pos=(248, 238), area=2821
2026-04-03 16:26:48,295 [INFO] robot: REJECT #336: frame=111, pos=(248, 238), area=2821
2026-04-03 16:26:48,295 [INFO] robot: REJECT #337: frame=15, pos=(172, 306), area=2821
2026-04-03 16:26:49,307 [INFO] robot: REJECT #338: frame=15, pos=(172, 306), area=2821
2026-04-03 16:26:49,307 [INFO] robot: REJECT #339: frame=40, pos=(298, 339), area=2821
2026-04-03 16:26:50,318 [INFO] robot: REJECT #340: frame=40, pos=(298, 339), area=2821
2026-04-03 16:26:50,318 [INFO] robot: REJECT #341: frame=65, pos=(453, 318), area=2821
2026-04-03 16:26:51,332 [INFO] robot: REJECT #342: frame=65, pos=(453, 318), area=2821
2026-04-03 16:26:51,332 [INFO] robot: REJECT #343: frame=90, pos=(426, 255), area=2821
2026-04-03 16:26:52,334 [INFO] robot: REJECT #344: frame=90, pos=(426, 255), area=2821
2026-04-03 16:26:52,334 [INFO] robot: REJECT #345: frame=115, pos=(253, 184), area=2821
2026-04-03 16:26:53,343 [INFO] robot: REJECT #346: frame=115, pos=(253, 184), area=2821
2026-04-03 16:26:53,344 [INFO] robot: REJECT #347: frame=19, pos=(171, 142), area=2821
2026-04-03 16:26:54,354 [INFO] robot: REJECT #348: frame=19, pos=(171, 142), area=2821
2026-04-03 16:26:55,354 [INFO] robot: REJECT #349: frame=44, pos=(293, 153), area=2821
2026-04-03 16:26:55,364 [INFO] robot: REJECT #350: frame=44, pos=(293, 153), area=2821
2026-04-03 16:26:56,364 [INFO] robot: REJECT #351: frame=69, pos=(451, 210), area=2821
2026-04-03 16:26:56,375 [INFO] robot: REJECT #352: frame=69, pos=(451, 210), area=2821
2026-04-03 16:26:57,375 [INFO] robot: REJECT #353: frame=95, pos=(424, 286), area=2821
2026-04-03 16:26:57,385 [INFO] robot: REJECT #354: frame=95, pos=(424, 286), area=2821
2026-04-03 16:26:58,386 [INFO] robot: REJECT #355: frame=120, pos=(250, 334), area=2821
2026-04-03 16:26:58,391 [INFO] robot: REJECT #356: frame=120, pos=(250, 334), area=2821
2026-04-03 16:26:59,391 [INFO] robot: REJECT #357: frame=24, pos=(171, 331), area=2821
2026-04-03 16:26:59,398 [INFO] robot: REJECT #358: frame=24, pos=(171, 331), area=2821
2026-04-03 16:27:00,399 [INFO] robot: REJECT #359: frame=49, pos=(295, 279), area=2821
2026-04-03 16:27:00,410 [INFO] robot: REJECT #360: frame=49, pos=(295, 279), area=2821
2026-04-03 16:27:01,410 [INFO] robot: REJECT #361: frame=73, pos=(449, 209), area=2821
2026-04-03 16:27:01,423 [INFO] robot: REJECT #362: frame=73, pos=(449, 209), area=2821
2026-04-03 16:27:02,423 [INFO] robot: REJECT #363: frame=98, pos=(433, 152), area=2821
2026-04-03 16:27:02,435 [INFO] robot: REJECT #364: frame=98, pos=(433, 152), area=2821
2026-04-03 16:27:03,436 [INFO] robot: REJECT #365: frame=3, pos=(255, 143), area=2821
2026-04-03 16:27:03,447 [INFO] robot: REJECT #366: frame=3, pos=(255, 143), area=2821
2026-04-03 16:27:04,447 [INFO] robot: REJECT #367: frame=28, pos=(171, 187), area=2821
2026-04-03 16:27:04,461 [INFO] robot: REJECT #368: frame=28, pos=(171, 187), area=2821
2026-04-03 16:27:05,461 [INFO] robot: REJECT #369: frame=53, pos=(290, 259), area=2821
2026-04-03 16:27:05,465 [INFO] robot: REJECT #370: frame=53, pos=(290, 259), area=2821
2026-04-03 16:27:06,465 [INFO] robot: REJECT #371: frame=78, pos=(450, 321), area=2821
2026-04-03 16:27:06,481 [INFO] robot: REJECT #372: frame=78, pos=(450, 321), area=2821
2026-04-03 16:27:07,481 [INFO] robot: REJECT #373: frame=103, pos=(431, 339), area=2821
2026-04-03 16:27:07,488 [INFO] robot: REJECT #374: frame=103, pos=(431, 339), area=2821
2026-04-03 16:27:08,488 [INFO] robot: REJECT #375: frame=7, pos=(259, 304), area=2821
2026-04-03 16:27:08,491 [INFO] robot: REJECT #376: frame=7, pos=(259, 304), area=2821
2026-04-03 16:27:09,491 [INFO] robot: REJECT #377: frame=32, pos=(170, 234), area=2821
2026-04-03 16:27:09,504 [INFO] robot: REJECT #378: frame=32, pos=(170, 234), area=2821
2026-04-03 16:27:10,504 [INFO] robot: REJECT #379: frame=57, pos=(286, 167), area=2821
2026-04-03 16:27:10,515 [INFO] robot: REJECT #380: frame=57, pos=(286, 167), area=2821
2026-04-03 16:27:11,516 [INFO] robot: REJECT #381: frame=82, pos=(447, 140), area=2821
2026-04-03 16:27:11,529 [INFO] robot: REJECT #382: frame=82, pos=(447, 140), area=2821
2026-04-03 16:27:12,529 [INFO] robot: REJECT #383: frame=107, pos=(434, 165), area=2821
2026-04-03 16:27:12,544 [INFO] robot: REJECT #384: frame=107, pos=(434, 165), area=2821
2026-04-03 16:27:13,544 [INFO] robot: REJECT #385: frame=11, pos=(264, 231), area=2821
2026-04-03 16:27:13,552 [INFO] robot: REJECT #386: frame=11, pos=(264, 231), area=2821
2026-04-03 16:27:14,552 [INFO] robot: REJECT #387: frame=36, pos=(170, 301), area=2821
2026-04-03 16:27:14,564 [INFO] robot: REJECT #388: frame=36, pos=(170, 301), area=2821
2026-04-03 16:27:15,564 [INFO] robot: REJECT #389: frame=61, pos=(281, 338), area=2821
2026-04-03 16:27:15,579 [INFO] robot: REJECT #390: frame=61, pos=(281, 338), area=2821
2026-04-03 16:27:16,579 [INFO] robot: REJECT #391: frame=86, pos=(445, 322), area=2821
2026-04-03 16:27:16,589 [INFO] robot: REJECT #392: frame=86, pos=(445, 322), area=2821
2026-04-03 16:27:17,589 [INFO] robot: REJECT #393: frame=111, pos=(437, 262), area=2821
2026-04-03 16:27:18,593 [INFO] robot: REJECT #394: frame=111, pos=(437, 262), area=2821
2026-04-03 16:27:18,593 [INFO] robot: REJECT #395: frame=15, pos=(268, 190), area=2821
2026-04-03 16:27:19,607 [INFO] robot: REJECT #396: frame=15, pos=(268, 190), area=2821
2026-04-03 16:27:19,607 [INFO] robot: REJECT #397: frame=40, pos=(170, 144), area=2821
2026-04-03 16:27:20,613 [INFO] robot: REJECT #398: frame=40, pos=(170, 144), area=2821
2026-04-03 16:27:20,613 [INFO] robot: REJECT #399: frame=65, pos=(276, 150), area=2821
2026-04-03 16:27:21,622 [INFO] robot: REJECT #400: frame=65, pos=(276, 150), area=2821
2026-04-03 16:27:21,623 [INFO] robot: REJECT #401: frame=90, pos=(442, 203), area=2821
2026-04-03 16:27:22,629 [INFO] robot: REJECT #402: frame=90, pos=(442, 203), area=2821
2026-04-03 16:27:22,629 [INFO] robot: REJECT #403: frame=116, pos=(436, 279), area=2821
2026-04-03 16:27:23,633 [INFO] robot: REJECT #404: frame=116, pos=(436, 279), area=2821
2026-04-03 16:27:23,640 [INFO] robot: REJECT #405: frame=20, pos=(266, 331), area=2821
2026-04-03 16:27:24,640 [INFO] robot: REJECT #406: frame=20, pos=(266, 331), area=2821
2026-04-03 16:27:24,655 [INFO] robot: REJECT #407: frame=45, pos=(170, 334), area=2821
2026-04-03 16:27:25,655 [INFO] robot: REJECT #408: frame=45, pos=(170, 334), area=2821
2026-04-03 16:27:25,670 [INFO] robot: REJECT #409: frame=70, pos=(278, 286), area=2821
2026-04-03 16:27:26,670 [INFO] robot: REJECT #410: frame=70, pos=(278, 286), area=2821
2026-04-03 16:27:26,683 [INFO] robot: REJECT #411: frame=95, pos=(443, 213), area=2821
2026-04-03 16:27:27,683 [INFO] robot: REJECT #412: frame=95, pos=(443, 213), area=2821
2026-04-03 16:27:27,698 [INFO] robot: REJECT #413: frame=120, pos=(439, 154), area=2821
2026-04-03 16:27:28,698 [INFO] robot: REJECT #414: frame=120, pos=(439, 154), area=2821
2026-04-03 16:27:28,703 [INFO] robot: REJECT #415: frame=24, pos=(271, 141), area=2821
2026-04-03 16:27:29,703 [INFO] robot: REJECT #416: frame=24, pos=(271, 141), area=2821
2026-04-03 16:27:29,714 [INFO] robot: REJECT #417: frame=49, pos=(170, 181), area=2821
2026-04-03 16:27:30,715 [INFO] robot: REJECT #418: frame=49, pos=(170, 181), area=2821
2026-04-03 16:27:30,725 [INFO] robot: REJECT #419: frame=74, pos=(274, 252), area=2821
2026-04-03 16:27:31,725 [INFO] robot: REJECT #420: frame=74, pos=(274, 252), area=2821
2026-04-03 16:27:31,741 [INFO] robot: REJECT #421: frame=99, pos=(441, 316), area=2821
2026-04-03 16:27:32,742 [INFO] robot: REJECT #422: frame=99, pos=(441, 316), area=2821
2026-04-03 16:27:32,758 [INFO] robot: REJECT #423: frame=3, pos=(442, 339), area=2821
2026-04-03 16:27:33,758 [INFO] robot: REJECT #424: frame=3, pos=(442, 339), area=2821
2026-04-03 16:27:33,770 [INFO] robot: REJECT #425: frame=28, pos=(276, 309), area=2821
2026-04-03 16:27:34,770 [INFO] robot: REJECT #426: frame=28, pos=(276, 309), area=2821
2026-04-03 16:27:34,783 [INFO] robot: REJECT #427: frame=53, pos=(170, 241), area=2821
2026-04-03 16:27:35,783 [INFO] robot: REJECT #428: frame=53, pos=(170, 241), area=2821
2026-04-03 16:27:35,797 [INFO] robot: REJECT #429: frame=78, pos=(269, 172), area=2821
2026-04-03 16:27:36,797 [INFO] robot: REJECT #430: frame=78, pos=(269, 172), area=2821
2026-04-03 16:27:36,811 [INFO] robot: REJECT #431: frame=103, pos=(438, 140), area=2821
2026-04-03 16:27:37,812 [INFO] robot: REJECT #432: frame=103, pos=(438, 140), area=2821
2026-04-03 16:27:37,818 [INFO] robot: REJECT #433: frame=7, pos=(445, 161), area=2821
2026-04-03 16:27:38,818 [INFO] robot: REJECT #434: frame=7, pos=(445, 161), area=2821
2026-04-03 16:27:39,829 [INFO] robot: REJECT #435: frame=32, pos=(280, 224), area=2821
2026-04-03 16:27:39,830 [INFO] robot: REJECT #436: frame=32, pos=(280, 224), area=2821
2026-04-03 16:27:40,841 [INFO] robot: REJECT #437: frame=57, pos=(170, 295), area=2821
2026-04-03 16:27:40,841 [INFO] robot: REJECT #438: frame=57, pos=(170, 295), area=2821
2026-04-03 16:27:41,853 [INFO] robot: REJECT #439: frame=82, pos=(264, 337), area=2821
2026-04-03 16:27:41,853 [INFO] robot: REJECT #440: frame=82, pos=(264, 337), area=2821
2026-04-03 16:27:42,868 [INFO] robot: REJECT #441: frame=107, pos=(434, 326), area=2821
2026-04-03 16:27:42,869 [INFO] robot: REJECT #442: frame=107, pos=(434, 326), area=2821
2026-04-03 16:27:43,872 [INFO] robot: REJECT #443: frame=11, pos=(447, 269), area=2821
2026-04-03 16:27:43,872 [INFO] robot: REJECT #444: frame=11, pos=(447, 269), area=2821
2026-04-03 16:27:44,884 [INFO] robot: REJECT #445: frame=37, pos=(278, 193), area=2821
2026-04-03 16:27:44,884 [INFO] robot: REJECT #446: frame=37, pos=(278, 193), area=2821
2026-04-03 16:27:45,897 [INFO] robot: REJECT #447: frame=62, pos=(170, 145), area=2821
2026-04-03 16:27:45,897 [INFO] robot: REJECT #448: frame=62, pos=(170, 145), area=2821
2026-04-03 16:27:46,908 [INFO] robot: REJECT #449: frame=87, pos=(267, 148), area=2821
2026-04-03 16:27:46,908 [INFO] robot: REJECT #450: frame=87, pos=(267, 148), area=2821
2026-04-03 16:27:47,917 [INFO] robot: REJECT #451: frame=111, pos=(431, 197), area=2821
2026-04-03 16:27:47,917 [INFO] robot: REJECT #452: frame=111, pos=(431, 197), area=2821
2026-04-03 16:27:48,927 [INFO] robot: REJECT #453: frame=16, pos=(446, 273), area=2821
2026-04-03 16:27:48,927 [INFO] robot: REJECT #454: frame=16, pos=(446, 273), area=2821
2026-04-03 16:27:49,936 [INFO] robot: REJECT #455: frame=40, pos=(290, 327), area=2821
2026-04-03 16:27:49,936 [INFO] robot: REJECT #456: frame=40, pos=(290, 327), area=2821
2026-04-03 16:27:50,946 [INFO] robot: REJECT #457: frame=65, pos=(171, 337), area=2821
2026-04-03 16:27:50,946 [INFO] robot: REJECT #458: frame=65, pos=(171, 337), area=2821
2026-04-03 16:27:51,968 [INFO] robot: REJECT #459: frame=91, pos=(262, 292), area=2821
2026-04-03 16:27:51,968 [INFO] robot: REJECT #460: frame=91, pos=(262, 292), area=2821
2026-04-03 16:27:52,983 [INFO] robot: REJECT #461: frame=116, pos=(433, 220), area=2821
2026-04-03 16:27:52,983 [INFO] robot: REJECT #462: frame=116, pos=(433, 220), area=2821
2026-04-03 16:27:53,994 [INFO] robot: REJECT #463: frame=20, pos=(449, 158), area=2821
2026-04-03 16:27:53,994 [INFO] robot: REJECT #464: frame=20, pos=(449, 158), area=2821
2026-04-03 16:27:54,008 [INFO] robot: REJECT #465: frame=45, pos=(288, 140), area=2821
2026-04-03 16:27:54,008 [INFO] robot: REJECT #466: frame=45, pos=(288, 140), area=2821
2026-04-03 16:27:55,021 [INFO] robot: REJECT #467: frame=70, pos=(170, 176), area=2821
2026-04-03 16:27:55,021 [INFO] robot: REJECT #468: frame=70, pos=(170, 176), area=2821
2026-04-03 16:27:56,033 [INFO] robot: REJECT #469: frame=95, pos=(257, 245), area=2821
2026-04-03 16:27:56,033 [INFO] robot: REJECT #470: frame=95, pos=(257, 245), area=2821
2026-04-03 16:27:57,042 [INFO] robot: REJECT #471: frame=120, pos=(429, 312), area=2821
2026-04-03 16:27:57,042 [INFO] robot: REJECT #472: frame=120, pos=(429, 312), area=2821
2026-04-03 16:27:58,054 [INFO] robot: REJECT #473: frame=24, pos=(451, 339), area=2821
2026-04-03 16:27:58,055 [INFO] robot: REJECT #474: frame=24, pos=(451, 339), area=2821
2026-04-03 16:27:59,069 [INFO] robot: REJECT #475: frame=49, pos=(292, 314), area=2821
2026-04-03 16:27:59,069 [INFO] robot: REJECT #476: frame=49, pos=(292, 314), area=2821
2026-04-03 16:28:00,083 [INFO] robot: REJECT #477: frame=74, pos=(171, 248), area=2821
2026-04-03 16:28:01,083 [INFO] robot: REJECT #478: frame=74, pos=(171, 248), area=2821
2026-04-03 16:28:01,095 [INFO] robot: REJECT #479: frame=100, pos=(260, 175), area=2821
2026-04-03 16:28:02,095 [INFO] robot: REJECT #480: frame=100, pos=(260, 175), area=2821
2026-04-03 16:28:02,111 [INFO] robot: REJECT #481: frame=4, pos=(431, 140), area=2821
2026-04-03 16:28:03,111 [INFO] robot: REJECT #482: frame=4, pos=(431, 140), area=2821
2026-04-03 16:28:03,127 [INFO] robot: REJECT #483: frame=29, pos=(450, 158), area=2821
2026-04-03 16:28:04,127 [INFO] robot: REJECT #484: frame=29, pos=(450, 158), area=2821
2026-04-03 16:28:04,139 [INFO] robot: REJECT #485: frame=54, pos=(290, 220), area=2821
2026-04-03 16:28:05,139 [INFO] robot: REJECT #486: frame=54, pos=(290, 220), area=2821
2026-04-03 16:28:05,151 [INFO] robot: REJECT #487: frame=79, pos=(171, 292), area=2821
2026-04-03 16:28:06,151 [INFO] robot: REJECT #488: frame=79, pos=(171, 292), area=2821
2026-04-03 16:28:06,166 [INFO] robot: REJECT #489: frame=104, pos=(255, 336), area=2821
2026-04-03 16:28:07,166 [INFO] robot: REJECT #490: frame=104, pos=(255, 336), area=2821
2026-04-03 16:28:07,168 [INFO] robot: REJECT #491: frame=8, pos=(428, 328), area=2821
2026-04-03 16:28:08,168 [INFO] robot: REJECT #492: frame=8, pos=(428, 328), area=2821
2026-04-03 16:28:08,193 [INFO] robot: REJECT #493: frame=33, pos=(452, 273), area=2821
2026-04-03 16:28:09,193 [INFO] robot: REJECT #494: frame=33, pos=(452, 273), area=2821
2026-04-03 16:28:09,204 [INFO] robot: REJECT #495: frame=58, pos=(295, 199), area=2821
2026-04-03 16:28:10,212 [INFO] robot: REJECT #496: frame=58, pos=(295, 199), area=2821
2026-04-03 16:28:10,212 [INFO] robot: REJECT #497: frame=83, pos=(171, 148), area=2821
2026-04-03 16:28:11,223 [INFO] robot: REJECT #498: frame=83, pos=(171, 148), area=2821
2026-04-03 16:28:11,223 [INFO] robot: REJECT #499: frame=108, pos=(251, 145), area=2821
2026-04-03 16:28:12,225 [INFO] robot: REJECT #500: frame=108, pos=(251, 145), area=2821
2026-04-03 16:28:12,225 [INFO] robot: REJECT #501: frame=12, pos=(424, 193), area=2821
2026-04-03 16:28:13,236 [INFO] robot: REJECT #502: frame=12, pos=(424, 193), area=2821
2026-04-03 16:28:13,236 [INFO] robot: REJECT #503: frame=37, pos=(454, 266), area=2821
2026-04-03 16:28:14,248 [INFO] robot: REJECT #504: frame=37, pos=(454, 266), area=2821
2026-04-03 16:28:14,248 [INFO] robot: REJECT #505: frame=62, pos=(300, 325), area=2821
2026-04-03 16:28:15,263 [INFO] robot: REJECT #506: frame=62, pos=(300, 325), area=2821
2026-04-03 16:28:15,263 [INFO] robot: REJECT #507: frame=87, pos=(172, 337), area=2821
2026-04-03 16:28:16,276 [INFO] robot: REJECT #508: frame=87, pos=(172, 337), area=2821
2026-04-03 16:28:16,276 [INFO] robot: REJECT #509: frame=112, pos=(246, 298), area=2821
2026-04-03 16:28:17,284 [INFO] robot: REJECT #510: frame=112, pos=(246, 298), area=2821
2026-04-03 16:28:17,284 [INFO] robot: REJECT #511: frame=16, pos=(421, 227), area=2821
2026-04-03 16:28:18,294 [INFO] robot: REJECT #512: frame=16, pos=(421, 227), area=2821
2026-04-03 16:28:18,294 [INFO] robot: REJECT #513: frame=41, pos=(456, 162), area=2821
2026-04-03 16:28:19,304 [INFO] robot: REJECT #514: frame=41, pos=(456, 162), area=2821
2026-04-03 16:28:19,304 [INFO] robot: REJECT #515: frame=66, pos=(305, 140), area=2821
2026-04-03 16:28:20,309 [INFO] robot: REJECT #516: frame=66, pos=(305, 140), area=2821
2026-04-03 16:28:20,309 [INFO] robot: REJECT #517: frame=92, pos=(172, 173), area=2821
2026-04-03 16:28:21,317 [INFO] robot: REJECT #518: frame=92, pos=(172, 173), area=2821
2026-04-03 16:28:21,317 [INFO] robot: REJECT #519: frame=117, pos=(249, 241), area=2821
2026-04-03 16:28:22,330 [INFO] robot: REJECT #520: frame=117, pos=(249, 241), area=2821
2026-04-03 16:28:23,330 [INFO] robot: REJECT #521: frame=21, pos=(423, 309), area=2821
2026-04-03 16:28:23,340 [INFO] robot: REJECT #522: frame=21, pos=(423, 309), area=2821
2026-04-03 16:28:24,340 [INFO] robot: REJECT #523: frame=46, pos=(455, 339), area=2821
2026-04-03 16:28:24,349 [INFO] robot: REJECT #524: frame=46, pos=(455, 339), area=2821
2026-04-03 16:28:25,350 [INFO] robot: REJECT #525: frame=71, pos=(302, 316), area=2821
2026-04-03 16:28:25,363 [INFO] robot: REJECT #526: frame=71, pos=(302, 316), area=2821
2026-04-03 16:28:26,363 [INFO] robot: REJECT #527: frame=96, pos=(173, 252), area=2821
2026-04-03 16:28:26,377 [INFO] robot: REJECT #528: frame=96, pos=(173, 252), area=2821
2026-04-03 16:28:27,377 [INFO] robot: REJECT #529: frame=0, pos=(244, 181), area=2821
2026-04-03 16:28:27,395 [INFO] robot: REJECT #530: frame=0, pos=(244, 181), area=2821
2026-04-03 16:28:28,395 [INFO] robot: REJECT #531: frame=25, pos=(419, 141), area=2821
2026-04-03 16:28:28,408 [INFO] robot: REJECT #532: frame=25, pos=(419, 141), area=2821
2026-04-03 16:28:29,409 [INFO] robot: REJECT #533: frame=50, pos=(457, 155), area=2821
2026-04-03 16:28:29,424 [INFO] robot: REJECT #534: frame=50, pos=(457, 155), area=2821
2026-04-03 16:28:30,424 [INFO] robot: REJECT #535: frame=75, pos=(307, 213), area=2821
2026-04-03 16:28:30,434 [INFO] robot: REJECT #536: frame=75, pos=(307, 213), area=2821
2026-04-03 16:28:31,434 [INFO] robot: REJECT #537: frame=100, pos=(174, 286), area=2821
2026-04-03 16:28:31,448 [INFO] robot: REJECT #538: frame=100, pos=(174, 286), area=2821
2026-04-03 16:28:32,448 [INFO] robot: REJECT #539: frame=4, pos=(240, 334), area=2821
2026-04-03 16:28:32,461 [INFO] robot: REJECT #540: frame=4, pos=(240, 334), area=2821
2026-04-03 16:28:33,461 [INFO] robot: REJECT #541: frame=29, pos=(415, 331), area=2821
2026-04-03 16:28:33,467 [INFO] robot: REJECT #542: frame=29, pos=(415, 331), area=2821
2026-04-03 16:28:34,467 [INFO] robot: REJECT #543: frame=54, pos=(459, 279), area=2821
2026-04-03 16:28:34,482 [INFO] robot: REJECT #544: frame=54, pos=(459, 279), area=2821
2026-04-03 16:28:35,482 [INFO] robot: REJECT #545: frame=79, pos=(312, 206), area=2821
2026-04-03 16:28:35,496 [INFO] robot: REJECT #546: frame=79, pos=(312, 206), area=2821
2026-04-03 16:28:36,496 [INFO] robot: REJECT #547: frame=104, pos=(175, 151), area=2821
2026-04-03 16:28:36,508 [INFO] robot: REJECT #548: frame=104, pos=(175, 151), area=2821
2026-04-03 16:28:37,508 [INFO] robot: REJECT #549: frame=8, pos=(236, 143), area=2821
2026-04-03 16:28:37,519 [INFO] robot: REJECT #550: frame=8, pos=(236, 143), area=2821
2026-04-03 16:28:38,519 [INFO] robot: REJECT #551: frame=33, pos=(411, 187), area=2821
2026-04-03 16:28:38,533 [INFO] robot: REJECT #552: frame=33, pos=(411, 187), area=2821
2026-04-03 16:28:39,533 [INFO] robot: REJECT #553: frame=58, pos=(461, 260), area=2821
2026-04-03 16:28:39,550 [INFO] robot: REJECT #554: frame=58, pos=(461, 260), area=2821
2026-04-03 16:28:40,550 [INFO] robot: REJECT #555: frame=84, pos=(310, 323), area=2821
2026-04-03 16:28:40,560 [INFO] robot: REJECT #556: frame=84, pos=(310, 323), area=2821
2026-04-03 16:28:41,561 [INFO] robot: REJECT #557: frame=109, pos=(174, 338), area=2821
2026-04-03 16:28:41,567 [INFO] robot: REJECT #558: frame=109, pos=(174, 338), area=2821
2026-04-03 16:28:42,567 [INFO] robot: REJECT #559: frame=13, pos=(238, 301), area=2821
2026-04-03 16:28:42,584 [INFO] robot: REJECT #560: frame=13, pos=(238, 301), area=2821
2026-04-03 16:28:43,584 [INFO] robot: REJECT #561: frame=38, pos=(413, 230), area=2821
2026-04-03 16:28:43,597 [INFO] robot: REJECT #562: frame=38, pos=(413, 230), area=2821
2026-04-03 16:28:44,597 [INFO] robot: REJECT #563: frame=63, pos=(460, 165), area=2821
2026-04-03 16:28:44,612 [INFO] robot: REJECT #564: frame=63, pos=(460, 165), area=2821
2026-04-03 16:28:45,612 [INFO] robot: REJECT #565: frame=88, pos=(315, 140), area=2821
2026-04-03 16:28:46,622 [INFO] robot: REJECT #566: frame=88, pos=(315, 140), area=2821
2026-04-03 16:28:46,622 [INFO] robot: REJECT #567: frame=113, pos=(176, 168), area=2821
2026-04-03 16:28:47,634 [INFO] robot: REJECT #568: frame=113, pos=(176, 168), area=2821
2026-04-03 16:28:47,634 [INFO] robot: REJECT #569: frame=17, pos=(234, 234), area=2821
2026-04-03 16:28:48,637 [INFO] robot: REJECT #570: frame=17, pos=(234, 234), area=2821
2026-04-03 16:28:48,637 [INFO] robot: REJECT #571: frame=41, pos=(403, 302), area=2821
2026-04-03 16:28:49,649 [INFO] robot: REJECT #572: frame=41, pos=(403, 302), area=2821
2026-04-03 16:28:49,649 [INFO] robot: REJECT #573: frame=66, pos=(464, 338), area=2821
2026-04-03 16:28:50,662 [INFO] robot: REJECT #574: frame=66, pos=(464, 338), area=2821
2026-04-03 16:28:50,662 [INFO] robot: REJECT #575: frame=92, pos=(320, 320), area=2821
2026-04-03 16:28:51,672 [INFO] robot: REJECT #576: frame=92, pos=(320, 320), area=2821
2026-04-03 16:28:51,673 [INFO] robot: REJECT #577: frame=117, pos=(177, 259), area=2821
2026-04-03 16:28:52,678 [INFO] robot: REJECT #578: frame=117, pos=(177, 259), area=2821
2026-04-03 16:28:52,678 [INFO] robot: REJECT #579: frame=21, pos=(230, 187), area=2821
2026-04-03 16:28:53,687 [INFO] robot: REJECT #580: frame=21, pos=(230, 187), area=2821
2026-04-03 16:28:53,700 [INFO] robot: REJECT #581: frame=46, pos=(405, 143), area=2821
2026-04-03 16:28:54,701 [INFO] robot: REJECT #582: frame=46, pos=(405, 143), area=2821
2026-04-03 16:28:54,711 [INFO] robot: REJECT #583: frame=70, pos=(465, 150), area=2821
2026-04-03 16:28:55,711 [INFO] robot: REJECT #584: frame=70, pos=(465, 150), area=2821
2026-04-03 16:28:55,723 [INFO] robot: REJECT #585: frame=96, pos=(325, 207), area=2821
2026-04-03 16:28:56,723 [INFO] robot: REJECT #586: frame=96, pos=(325, 207), area=2821
2026-04-03 16:28:56,740 [INFO] robot: REJECT #587: frame=0, pos=(179, 280), area=2821
2026-04-03 16:28:57,740 [INFO] robot: REJECT #588: frame=0, pos=(179, 280), area=2821
2026-04-03 16:28:57,750 [INFO] robot: REJECT #589: frame=24, pos=(220, 330), area=2821
2026-04-03 16:28:58,751 [INFO] robot: REJECT #590: frame=24, pos=(220, 330), area=2821
2026-04-03 16:28:58,760 [INFO] robot: REJECT #591: frame=30, pos=(258, 336), area=2821
2026-04-03 16:28:59,760 [INFO] robot: REJECT #592: frame=30, pos=(258, 336), area=2821
2026-04-03 16:28:59,767 [INFO] robot: REJECT #593: frame=31, pos=(265, 337), area=2821
2026-04-03 16:29:00,767 [INFO] robot: REJECT #594: frame=31, pos=(265, 337), area=2821
2026-04-03 16:29:00,782 [INFO] robot: REJECT #595: frame=32, pos=(272, 338), area=2821
2026-04-03 16:29:01,782 [INFO] robot: REJECT #596: frame=32, pos=(272, 338), area=2821
2026-04-03 16:29:01,793 [INFO] robot: REJECT #597: frame=33, pos=(279, 338), area=2821
2026-04-03 16:29:02,793 [INFO] robot: REJECT #598: frame=33, pos=(279, 338), area=2821
2026-04-03 16:29:02,806 [INFO] robot: REJECT #599: frame=34, pos=(286, 339), area=2821
2026-04-03 16:29:03,806 [INFO] robot: REJECT #600: frame=34, pos=(286, 339), area=2821
2026-04-03 16:29:03,811 [INFO] robot: REJECT #601: frame=35, pos=(293, 339), area=2821
2026-04-03 16:29:04,811 [INFO] robot: REJECT #602: frame=35, pos=(293, 339), area=2821
2026-04-03 16:29:04,825 [INFO] robot: REJECT #603: frame=36, pos=(301, 339), area=2821
2026-04-03 16:29:05,825 [INFO] robot: REJECT #604: frame=36, pos=(301, 339), area=2821
2026-04-03 16:29:05,829 [INFO] robot: REJECT #605: frame=37, pos=(308, 339), area=2821
2026-04-03 16:29:06,829 [INFO] robot: REJECT #606: frame=37, pos=(308, 339), area=2821
2026-04-03 16:29:07,840 [INFO] robot: REJECT #607: frame=38, pos=(316, 339), area=2821
2026-04-03 16:29:07,840 [INFO] robot: REJECT #608: frame=38, pos=(316, 339), area=2821
2026-04-03 16:29:08,849 [INFO] robot: REJECT #609: frame=39, pos=(323, 339), area=2821
2026-04-03 16:29:08,849 [INFO] robot: REJECT #610: frame=39, pos=(323, 339), area=2821
