2026-04-20 15:14:10,807 [INFO] database: Process state registered: database
2026-04-20 15:14:10,807 [INFO] database: DatabaseModule ready
2026-04-20 15:14:10,807 [INFO] database: Registered 9 command(s) with router: ['get_metrics', 'get_metric', 'reset_metrics', 'stats_snapshot', 'flush_stats', 'db.query', 'db.execute', 'db.insert', 'db.save_detections']
2026-04-20 15:14:10,807 [INFO] database: Process 'database' initialized successfully
2026-04-20 15:14:31,139 [INFO] database: Process state registered: database
2026-04-20 15:14:31,139 [INFO] database: DatabaseModule ready
2026-04-20 15:14:31,139 [INFO] database: Registered 9 command(s) with router: ['get_metrics', 'get_metric', 'reset_metrics', 'stats_snapshot', 'flush_stats', 'db.query', 'db.execute', 'db.insert', 'db.save_detections']
2026-04-20 15:14:31,142 [INFO] database: Process 'database' initialized successfully
2026-04-20 15:19:02,110 [INFO] database: Process state registered: database
2026-04-20 15:19:02,110 [INFO] database: DatabaseModule ready
2026-04-20 15:19:02,110 [INFO] database: Registered 9 command(s) with router: ['get_metrics', 'get_metric', 'reset_metrics', 'stats_snapshot', 'flush_stats', 'db.query', 'db.execute', 'db.insert', 'db.save_detections']
2026-04-20 15:19:02,110 [INFO] database: Process 'database' initialized successfully
2026-04-20 15:19:58,752 [INFO] database: Process state registered: database
2026-04-20 15:19:58,752 [INFO] database: DatabaseModule ready
2026-04-20 15:19:58,752 [INFO] database: Registered 9 command(s) with router: ['get_metrics', 'get_metric', 'reset_metrics', 'stats_snapshot', 'flush_stats', 'db.query', 'db.execute', 'db.insert', 'db.save_detections']
2026-04-20 15:19:58,752 [INFO] database: Process 'database' initialized successfully
2026-04-20 15:20:48,058 [INFO] database: Process state registered: database
2026-04-20 15:20:48,058 [INFO] database: DatabaseModule ready
2026-04-20 15:20:48,058 [INFO] database: Registered 9 command(s) with router: ['get_metrics', 'get_metric', 'reset_metrics', 'stats_snapshot', 'flush_stats', 'db.query', 'db.execute', 'db.insert', 'db.save_detections']
2026-04-20 15:20:48,059 [INFO] database: Process 'database' initialized successfully
2026-04-20 15:22:30,603 [INFO] database: Process state registered: database
2026-04-20 15:22:30,603 [INFO] database: DatabaseModule ready
2026-04-20 15:22:30,603 [INFO] database: Registered 9 command(s) with router: ['get_metrics', 'get_metric', 'reset_metrics', 'stats_snapshot', 'flush_stats', 'db.query', 'db.execute', 'db.insert', 'db.save_detections']
2026-04-20 15:22:30,603 [INFO] database: Process 'database' initialized successfully
2026-04-20 15:24:04,435 [INFO] database: Process state registered: database
2026-04-20 15:24:04,435 [INFO] database: DatabaseModule ready
2026-04-20 15:24:04,435 [INFO] database: Registered 9 command(s) with router: ['get_metrics', 'get_metric', 'reset_metrics', 'stats_snapshot', 'flush_stats', 'db.query', 'db.execute', 'db.insert', 'db.save_detections']
2026-04-20 15:24:04,435 [INFO] database: Process 'database' initialized successfully
2026-04-20 16:22:18,690 [INFO] database: Process 'database' shut down successfully
2026-04-20 16:23:46,709 [INFO] database: Process state registered: database
2026-04-20 16:23:46,709 [INFO] database: DatabaseProcess ready
2026-04-20 16:23:46,709 [INFO] database: Registered 9 command(s) with router: ['get_metrics', 'get_metric', 'reset_metrics', 'stats_snapshot', 'flush_stats', 'db.query', 'db.execute', 'db.insert', 'db.save_detections']
2026-04-20 16:23:46,709 [INFO] database: Process 'database' initialized successfully
2026-04-20 16:34:17,754 [INFO] database: Process state registered: database
2026-04-20 16:34:17,755 [INFO] database: DatabaseProcess ready
2026-04-20 16:34:17,755 [INFO] database: Registered 9 command(s) with router: ['get_metrics', 'get_metric', 'reset_metrics', 'stats_snapshot', 'flush_stats', 'db.query', 'db.execute', 'db.insert', 'db.save_detections']
2026-04-20 16:34:17,755 [INFO] database: Process 'database' initialized successfully
