2026-04-20 15:14:10,179 [INFO] robot: Process state registered: robot
2026-04-20 15:14:10,179 [INFO] robot: RobotModule initializing...
2026-04-20 15:14:10,179 [INFO] robot: RobotModule ready: log_file=./robot_actions.log
2026-04-20 15:14:10,179 [INFO] robot: Registered 6 command(s) with router: ['get_metrics', 'get_metric', 'reset_metrics', 'stats_snapshot', 'flush_stats', 'reject_item']
2026-04-20 15:14:10,179 [INFO] robot: Process 'robot' initialized successfully
2026-04-20 15:14:30,681 [INFO] robot: Process state registered: robot
2026-04-20 15:14:30,681 [INFO] robot: RobotModule initializing...
2026-04-20 15:14:30,681 [INFO] robot: RobotModule ready: log_file=./robot_actions.log
2026-04-20 15:14:30,681 [INFO] robot: Registered 6 command(s) with router: ['get_metrics', 'get_metric', 'reset_metrics', 'stats_snapshot', 'flush_stats', 'reject_item']
2026-04-20 15:14:30,681 [INFO] robot: Process 'robot' initialized successfully
2026-04-20 15:19:01,661 [INFO] robot: Process state registered: robot
2026-04-20 15:19:01,661 [INFO] robot: RobotModule initializing...
2026-04-20 15:19:01,661 [INFO] robot: RobotModule ready: log_file=./robot_actions.log
2026-04-20 15:19:01,661 [INFO] robot: Registered 6 command(s) with router: ['get_metrics', 'get_metric', 'reset_metrics', 'stats_snapshot', 'flush_stats', 'reject_item']
2026-04-20 15:19:01,661 [INFO] robot: Process 'robot' initialized successfully
2026-04-20 15:19:58,415 [INFO] robot: Process state registered: robot
2026-04-20 15:19:58,415 [INFO] robot: RobotModule initializing...
2026-04-20 15:19:58,415 [INFO] robot: RobotModule ready: log_file=./robot_actions.log
2026-04-20 15:19:58,415 [INFO] robot: Registered 6 command(s) with router: ['get_metrics', 'get_metric', 'reset_metrics', 'stats_snapshot', 'flush_stats', 'reject_item']
2026-04-20 15:19:58,415 [INFO] robot: Process 'robot' initialized successfully
2026-04-20 15:20:47,692 [INFO] robot: Process state registered: robot
2026-04-20 15:20:47,692 [INFO] robot: RobotModule initializing...
2026-04-20 15:20:47,692 [INFO] robot: RobotModule ready: log_file=./robot_actions.log
2026-04-20 15:20:47,692 [INFO] robot: Registered 6 command(s) with router: ['get_metrics', 'get_metric', 'reset_metrics', 'stats_snapshot', 'flush_stats', 'reject_item']
2026-04-20 15:20:47,692 [INFO] robot: Process 'robot' initialized successfully
2026-04-20 15:22:30,257 [INFO] robot: Process state registered: robot
2026-04-20 15:22:30,257 [INFO] robot: RobotModule initializing...
2026-04-20 15:22:30,257 [INFO] robot: RobotModule ready: log_file=./robot_actions.log
2026-04-20 15:22:30,258 [INFO] robot: Registered 6 command(s) with router: ['get_metrics', 'get_metric', 'reset_metrics', 'stats_snapshot', 'flush_stats', 'reject_item']
2026-04-20 15:22:30,258 [INFO] robot: Process 'robot' initialized successfully
2026-04-20 15:24:04,104 [INFO] robot: Process state registered: robot
2026-04-20 15:24:04,105 [INFO] robot: RobotModule initializing...
2026-04-20 15:24:04,105 [INFO] robot: RobotModule ready: log_file=./robot_actions.log
2026-04-20 15:24:04,105 [INFO] robot: Registered 6 command(s) with router: ['get_metrics', 'get_metric', 'reset_metrics', 'stats_snapshot', 'flush_stats', 'reject_item']
2026-04-20 15:24:04,105 [INFO] robot: Process 'robot' initialized successfully
2026-04-20 16:22:18,592 [INFO] robot: RobotModule shutting down. Total actions: 0
2026-04-20 16:23:46,203 [INFO] robot: Process state registered: robot
2026-04-20 16:23:46,203 [INFO] robot: RobotProcess initializing...
2026-04-20 16:23:46,203 [INFO] robot: RobotProcess ready: log_file=./robot_actions.log
2026-04-20 16:23:46,203 [INFO] robot: Registered 6 command(s) with router: ['get_metrics', 'get_metric', 'reset_metrics', 'stats_snapshot', 'flush_stats', 'reject_item']
2026-04-20 16:23:46,203 [INFO] robot: Process 'robot' initialized successfully
2026-04-20 16:24:11,049 [INFO] robot: REJECT #1: frame=35, pos=(310, 157), area=3161
2026-04-20 16:24:11,073 [INFO] robot: REJECT #2: frame=35, pos=(310, 157), area=3161
2026-04-20 16:24:12,074 [INFO] robot: REJECT #3: frame=36, pos=(327, 203), area=38408
2026-04-20 16:24:12,098 [INFO] robot: REJECT #4: frame=36, pos=(327, 203), area=38408
2026-04-20 16:24:13,098 [INFO] robot: REJECT #5: frame=42, pos=(299, 203), area=13573
2026-04-20 16:24:13,121 [INFO] robot: REJECT #6: frame=42, pos=(299, 203), area=13573
2026-04-20 16:24:14,121 [INFO] robot: REJECT #7: frame=48, pos=(306, 237), area=19890
2026-04-20 16:34:17,376 [INFO] robot: Process state registered: robot
2026-04-20 16:34:17,376 [INFO] robot: RobotProcess initializing...
2026-04-20 16:34:17,377 [INFO] robot: RobotProcess ready: log_file=./robot_actions.log
2026-04-20 16:34:17,377 [INFO] robot: Registered 6 command(s) with router: ['get_metrics', 'get_metric', 'reset_metrics', 'stats_snapshot', 'flush_stats', 'reject_item']
2026-04-20 16:34:17,377 [INFO] robot: Process 'robot' initialized successfully
