2026-03-18 13:09:11,633 [INFO] camera: Process state registered: camera
2026-03-18 13:09:11,633 [INFO] camera: UnifiedCameraProcess initializing...
2026-03-18 13:09:13,879 [INFO] camera: UnifiedCameraProcess ready, camera_type=webcam
2026-03-18 13:09:13,651 [INFO] camera: Registered 18 command(s) with router: ['get_metrics', 'get_metric', 'reset_metrics', 'stats_snapshot', 'flush_stats', 'set_camera_type', 'get_camera_type', 'start_capture', 'stop_capture', 'set_fps', 'set_resolution', 'enum_devices', 'open', 'close', 'start_grabbing', 'stop_grabbing', 'get_parameters', 'set_parameters']
2026-03-18 13:09:13,652 [INFO] camera: Process 'camera' initialized successfully
2026-03-18 13:13:31,586 [INFO] camera: Process state registered: camera
2026-03-18 13:13:31,588 [INFO] camera: UnifiedCameraProcess initializing...
2026-03-18 13:13:33,646 [INFO] camera: UnifiedCameraProcess ready, camera_type=webcam
2026-03-18 13:13:33,609 [INFO] camera: Registered 18 command(s) with router: ['get_metrics', 'get_metric', 'reset_metrics', 'stats_snapshot', 'flush_stats', 'set_camera_type', 'get_camera_type', 'start_capture', 'stop_capture', 'set_fps', 'set_resolution', 'enum_devices', 'open', 'close', 'start_grabbing', 'stop_grabbing', 'get_parameters', 'set_parameters']
2026-03-18 13:13:33,609 [INFO] camera: Process 'camera' initialized successfully
2026-03-18 14:53:03,169 [INFO] camera: Process state registered: camera
2026-03-18 14:53:03,169 [INFO] camera: UnifiedCameraProcess initializing...
2026-03-18 14:53:05,389 [INFO] camera: UnifiedCameraProcess ready, camera_type=webcam
2026-03-18 14:53:05,190 [INFO] camera: Registered 18 command(s) with router: ['get_metrics', 'get_metric', 'reset_metrics', 'stats_snapshot', 'flush_stats', 'set_camera_type', 'get_camera_type', 'start_capture', 'stop_capture', 'set_fps', 'set_resolution', 'enum_devices', 'open', 'close', 'start_grabbing', 'stop_grabbing', 'get_parameters', 'set_parameters']
2026-03-18 14:53:05,190 [INFO] camera: Process 'camera' initialized successfully
2026-03-18 17:20:37,665 [INFO] camera: Process state registered: camera
2026-03-18 17:20:37,665 [INFO] camera: UnifiedCameraProcess initializing...
2026-03-18 17:20:39,933 [INFO] camera: UnifiedCameraProcess ready, camera_type=webcam
2026-03-18 17:20:39,679 [INFO] camera: Registered 18 command(s) with router: ['get_metrics', 'get_metric', 'reset_metrics', 'stats_snapshot', 'flush_stats', 'set_camera_type', 'get_camera_type', 'start_capture', 'stop_capture', 'set_fps', 'set_resolution', 'enum_devices', 'open', 'close', 'start_grabbing', 'stop_grabbing', 'get_parameters', 'set_parameters']
2026-03-18 17:20:39,679 [INFO] camera: Process 'camera' initialized successfully
2026-03-18 17:23:36,627 [INFO] camera: Process state registered: camera
2026-03-18 17:23:36,627 [INFO] camera: UnifiedCameraProcess initializing...
2026-03-18 17:23:38,826 [INFO] camera: UnifiedCameraProcess ready, camera_type=webcam
2026-03-18 17:23:38,644 [INFO] camera: Registered 18 command(s) with router: ['get_metrics', 'get_metric', 'reset_metrics', 'stats_snapshot', 'flush_stats', 'set_camera_type', 'get_camera_type', 'start_capture', 'stop_capture', 'set_fps', 'set_resolution', 'enum_devices', 'open', 'close', 'start_grabbing', 'stop_grabbing', 'get_parameters', 'set_parameters']
2026-03-18 17:23:38,644 [INFO] camera: Process 'camera' initialized successfully
2026-03-18 20:18:42,011 [INFO] camera: Process state registered: camera
2026-03-18 20:18:42,011 [INFO] camera: UnifiedCameraProcess initializing...
2026-03-18 20:18:44,682 [INFO] camera: UnifiedCameraProcess ready, camera_type=webcam
2026-03-18 20:18:44,020 [INFO] camera: Registered 18 command(s) with router: ['get_metrics', 'get_metric', 'reset_metrics', 'stats_snapshot', 'flush_stats', 'set_camera_type', 'get_camera_type', 'start_capture', 'stop_capture', 'set_fps', 'set_resolution', 'enum_devices', 'open', 'close', 'start_grabbing', 'stop_grabbing', 'get_parameters', 'set_parameters']
2026-03-18 20:18:44,020 [INFO] camera: Process 'camera' initialized successfully
2026-03-19 08:37:08,129 [INFO] camera: Process state registered: camera
2026-03-19 08:37:08,130 [INFO] camera: UnifiedCameraProcess initializing...
2026-03-19 08:37:10,564 [INFO] camera: UnifiedCameraProcess ready, camera_type=webcam
2026-03-19 08:37:10,145 [INFO] camera: Registered 18 command(s) with router: ['get_metrics', 'get_metric', 'reset_metrics', 'stats_snapshot', 'flush_stats', 'set_camera_type', 'get_camera_type', 'start_capture', 'stop_capture', 'set_fps', 'set_resolution', 'enum_devices', 'open', 'close', 'start_grabbing', 'stop_grabbing', 'get_parameters', 'set_parameters']
2026-03-19 08:37:10,145 [INFO] camera: Process 'camera' initialized successfully
2026-03-19 08:48:41,191 [INFO] camera: Process state registered: camera
2026-03-19 08:48:41,191 [INFO] camera: UnifiedCameraProcess initializing...
2026-03-19 08:48:41,191 [INFO] camera: UnifiedCameraProcess ready, camera_type=simulator
2026-03-19 08:48:41,191 [INFO] camera: Registered 18 command(s) with router: ['get_metrics', 'get_metric', 'reset_metrics', 'stats_snapshot', 'flush_stats', 'set_camera_type', 'get_camera_type', 'start_capture', 'stop_capture', 'set_fps', 'set_resolution', 'enum_devices', 'open', 'close', 'start_grabbing', 'stop_grabbing', 'get_parameters', 'set_parameters']
2026-03-19 08:48:41,191 [INFO] camera: Process 'camera' initialized successfully
2026-03-19 08:48:42,671 [INFO] camera: UnifiedCameraProcess shutting down...
2026-03-19 08:48:42,701 [INFO] camera: Process 'camera' shut down successfully
2026-03-19 08:48:42,701 [INFO] camera: UnifiedCameraProcess shutting down...
2026-03-19 08:48:47,256 [INFO] camera: Process state registered: camera
2026-03-19 08:48:47,256 [INFO] camera: UnifiedCameraProcess initializing...
2026-03-19 08:48:47,256 [INFO] camera: UnifiedCameraProcess ready, camera_type=simulator
2026-03-19 08:48:47,256 [INFO] camera: Registered 18 command(s) with router: ['get_metrics', 'get_metric', 'reset_metrics', 'stats_snapshot', 'flush_stats', 'set_camera_type', 'get_camera_type', 'start_capture', 'stop_capture', 'set_fps', 'set_resolution', 'enum_devices', 'open', 'close', 'start_grabbing', 'stop_grabbing', 'get_parameters', 'set_parameters']
2026-03-19 08:48:47,256 [INFO] camera: Process 'camera' initialized successfully
2026-03-19 08:48:49,818 [INFO] camera: UnifiedCameraProcess shutting down...
2026-03-19 08:48:49,884 [INFO] camera: Process 'camera' shut down successfully
2026-03-19 08:48:49,884 [INFO] camera: UnifiedCameraProcess shutting down...
2026-03-19 08:48:54,249 [INFO] camera: Process state registered: camera
2026-03-19 08:48:54,249 [INFO] camera: UnifiedCameraProcess initializing...
2026-03-19 08:48:54,249 [INFO] camera: UnifiedCameraProcess ready, camera_type=simulator
2026-03-19 08:48:54,249 [INFO] camera: Registered 18 command(s) with router: ['get_metrics', 'get_metric', 'reset_metrics', 'stats_snapshot', 'flush_stats', 'set_camera_type', 'get_camera_type', 'start_capture', 'stop_capture', 'set_fps', 'set_resolution', 'enum_devices', 'open', 'close', 'start_grabbing', 'stop_grabbing', 'get_parameters', 'set_parameters']
2026-03-19 08:48:54,249 [INFO] camera: Process 'camera' initialized successfully
2026-03-19 08:48:56,929 [INFO] camera: UnifiedCameraProcess shutting down...
2026-03-19 08:48:56,974 [INFO] camera: Process 'camera' shut down successfully
2026-03-19 08:48:56,974 [INFO] camera: UnifiedCameraProcess shutting down...
2026-03-19 08:49:30,465 [INFO] camera: Process state registered: camera
2026-03-19 08:49:30,465 [INFO] camera: UnifiedCameraProcess initializing...
2026-03-19 08:49:32,858 [INFO] camera: UnifiedCameraProcess ready, camera_type=webcam
2026-03-19 08:49:32,501 [INFO] camera: Registered 18 command(s) with router: ['get_metrics', 'get_metric', 'reset_metrics', 'stats_snapshot', 'flush_stats', 'set_camera_type', 'get_camera_type', 'start_capture', 'stop_capture', 'set_fps', 'set_resolution', 'enum_devices', 'open', 'close', 'start_grabbing', 'stop_grabbing', 'get_parameters', 'set_parameters']
2026-03-19 08:49:32,501 [INFO] camera: Process 'camera' initialized successfully
2026-03-19 13:45:17,067 [INFO] camera: Process state registered: camera
2026-03-19 13:45:17,067 [INFO] camera: UnifiedCameraProcess initializing...
2026-03-19 13:45:19,603 [INFO] camera: UnifiedCameraProcess ready, camera_type=webcam
2026-03-19 13:45:19,080 [INFO] camera: Registered 18 command(s) with router: ['get_metrics', 'get_metric', 'reset_metrics', 'stats_snapshot', 'flush_stats', 'set_camera_type', 'get_camera_type', 'start_capture', 'stop_capture', 'set_fps', 'set_resolution', 'enum_devices', 'open', 'close', 'start_grabbing', 'stop_grabbing', 'get_parameters', 'set_parameters']
2026-03-19 13:45:19,080 [INFO] camera: Process 'camera' initialized successfully
2026-03-19 13:47:44,172 [INFO] camera: Process state registered: camera
2026-03-19 13:47:44,172 [INFO] camera: UnifiedCameraProcess initializing...
2026-03-19 13:47:46,702 [INFO] camera: UnifiedCameraProcess ready, camera_type=webcam
2026-03-19 13:47:46,197 [INFO] camera: Registered 18 command(s) with router: ['get_metrics', 'get_metric', 'reset_metrics', 'stats_snapshot', 'flush_stats', 'set_camera_type', 'get_camera_type', 'start_capture', 'stop_capture', 'set_fps', 'set_resolution', 'enum_devices', 'open', 'close', 'start_grabbing', 'stop_grabbing', 'get_parameters', 'set_parameters']
2026-03-19 13:47:46,197 [INFO] camera: Process 'camera' initialized successfully
2026-03-19 13:48:21,869 [INFO] camera: Process state registered: camera
2026-03-19 13:48:21,869 [INFO] camera: UnifiedCameraProcess initializing...
2026-03-19 13:48:24,303 [INFO] camera: UnifiedCameraProcess ready, camera_type=webcam
2026-03-19 13:48:24,876 [INFO] camera: Registered 18 command(s) with router: ['get_metrics', 'get_metric', 'reset_metrics', 'stats_snapshot', 'flush_stats', 'set_camera_type', 'get_camera_type', 'start_capture', 'stop_capture', 'set_fps', 'set_resolution', 'enum_devices', 'open', 'close', 'start_grabbing', 'stop_grabbing', 'get_parameters', 'set_parameters']
2026-03-19 13:48:24,876 [INFO] camera: Process 'camera' initialized successfully
2026-03-19 13:50:58,527 [INFO] camera: Process state registered: camera
2026-03-19 13:50:58,528 [INFO] camera: UnifiedCameraProcess initializing...
2026-03-19 13:50:58,528 [INFO] camera: UnifiedCameraProcess ready, camera_type=simulator
2026-03-19 13:50:58,528 [INFO] camera: Registered 18 command(s) with router: ['get_metrics', 'get_metric', 'reset_metrics', 'stats_snapshot', 'flush_stats', 'set_camera_type', 'get_camera_type', 'start_capture', 'stop_capture', 'set_fps', 'set_resolution', 'enum_devices', 'open', 'close', 'start_grabbing', 'stop_grabbing', 'get_parameters', 'set_parameters']
2026-03-19 13:50:58,528 [INFO] camera: Process 'camera' initialized successfully
2026-03-19 14:25:40,639 [INFO] camera: Process state registered: camera
2026-03-19 14:25:40,639 [INFO] camera: UnifiedCameraProcess initializing...
2026-03-19 14:25:42,863 [INFO] camera: UnifiedCameraProcess ready, camera_type=webcam
2026-03-19 14:25:42,660 [INFO] camera: Registered 18 command(s) with router: ['get_metrics', 'get_metric', 'reset_metrics', 'stats_snapshot', 'flush_stats', 'set_camera_type', 'get_camera_type', 'start_capture', 'stop_capture', 'set_fps', 'set_resolution', 'enum_devices', 'open', 'close', 'start_grabbing', 'stop_grabbing', 'get_parameters', 'set_parameters']
2026-03-19 14:25:42,660 [INFO] camera: Process 'camera' initialized successfully
2026-03-19 15:00:57,381 [INFO] camera: Process state registered: camera
2026-03-19 15:00:57,382 [INFO] camera: UnifiedCameraProcess initializing...
2026-03-19 15:00:59,952 [INFO] camera: UnifiedCameraProcess ready, camera_type=webcam
2026-03-19 15:00:59,393 [INFO] camera: Registered 18 command(s) with router: ['get_metrics', 'get_metric', 'reset_metrics', 'stats_snapshot', 'flush_stats', 'set_camera_type', 'get_camera_type', 'start_capture', 'stop_capture', 'set_fps', 'set_resolution', 'enum_devices', 'open', 'close', 'start_grabbing', 'stop_grabbing', 'get_parameters', 'set_parameters']
2026-03-19 15:00:59,393 [INFO] camera: Process 'camera' initialized successfully
2026-03-19 15:02:03,740 [INFO] camera: Process state registered: camera
2026-03-19 15:02:03,740 [INFO] camera: UnifiedCameraProcess initializing...
2026-03-19 15:02:05,787 [INFO] camera: UnifiedCameraProcess ready, camera_type=webcam
2026-03-19 15:02:05,838 [INFO] camera: Registered 18 command(s) with router: ['get_metrics', 'get_metric', 'reset_metrics', 'stats_snapshot', 'flush_stats', 'set_camera_type', 'get_camera_type', 'start_capture', 'stop_capture', 'set_fps', 'set_resolution', 'enum_devices', 'open', 'close', 'start_grabbing', 'stop_grabbing', 'get_parameters', 'set_parameters']
2026-03-19 15:02:05,839 [INFO] camera: Process 'camera' initialized successfully
2026-03-19 15:02:16,873 [INFO] camera: Process state registered: camera
2026-03-19 15:02:16,873 [INFO] camera: UnifiedCameraProcess initializing...
2026-03-19 15:02:18,904 [INFO] camera: UnifiedCameraProcess ready, camera_type=webcam
2026-03-19 15:02:18,904 [INFO] camera: Registered 18 command(s) with router: ['get_metrics', 'get_metric', 'reset_metrics', 'stats_snapshot', 'flush_stats', 'set_camera_type', 'get_camera_type', 'start_capture', 'stop_capture', 'set_fps', 'set_resolution', 'enum_devices', 'open', 'close', 'start_grabbing', 'stop_grabbing', 'get_parameters', 'set_parameters']
2026-03-19 15:02:18,905 [INFO] camera: Process 'camera' initialized successfully
2026-03-19 15:06:17,323 [INFO] camera: Process state registered: camera
2026-03-19 15:06:17,323 [INFO] camera: UnifiedCameraProcess initializing...
2026-03-19 15:06:19,471 [INFO] camera: UnifiedCameraProcess ready, camera_type=webcam
2026-03-19 15:06:19,331 [INFO] camera: Registered 18 command(s) with router: ['get_metrics', 'get_metric', 'reset_metrics', 'stats_snapshot', 'flush_stats', 'set_camera_type', 'get_camera_type', 'start_capture', 'stop_capture', 'set_fps', 'set_resolution', 'enum_devices', 'open', 'close', 'start_grabbing', 'stop_grabbing', 'get_parameters', 'set_parameters']
2026-03-19 15:06:19,331 [INFO] camera: Process 'camera' initialized successfully
2026-03-19 15:17:51,645 [INFO] camera: Process state registered: camera
2026-03-19 15:17:51,645 [INFO] camera: UnifiedCameraProcess initializing...
2026-03-19 15:17:53,834 [INFO] camera: UnifiedCameraProcess ready, camera_type=webcam
2026-03-19 15:17:53,660 [INFO] camera: Registered 18 command(s) with router: ['get_metrics', 'get_metric', 'reset_metrics', 'stats_snapshot', 'flush_stats', 'set_camera_type', 'get_camera_type', 'start_capture', 'stop_capture', 'set_fps', 'set_resolution', 'enum_devices', 'open', 'close', 'start_grabbing', 'stop_grabbing', 'get_parameters', 'set_parameters']
2026-03-19 15:17:53,661 [INFO] camera: Process 'camera' initialized successfully
2026-03-19 15:23:17,868 [INFO] camera: Process state registered: camera
2026-03-19 15:23:17,868 [INFO] camera: UnifiedCameraProcess initializing...
2026-03-19 15:23:19,870 [INFO] camera: UnifiedCameraProcess ready, camera_type=webcam
2026-03-19 15:23:19,883 [INFO] camera: Registered 18 command(s) with router: ['get_metrics', 'get_metric', 'reset_metrics', 'stats_snapshot', 'flush_stats', 'set_camera_type', 'get_camera_type', 'start_capture', 'stop_capture', 'set_fps', 'set_resolution', 'enum_devices', 'open', 'close', 'start_grabbing', 'stop_grabbing', 'get_parameters', 'set_parameters']
2026-03-19 15:23:19,883 [INFO] camera: Process 'camera' initialized successfully
2026-03-19 16:01:22,985 [INFO] camera: Process state registered: camera
2026-03-19 16:01:22,986 [INFO] camera: UnifiedCameraProcess initializing...
2026-03-19 16:01:25,245 [INFO] camera: UnifiedCameraProcess ready, camera_type=webcam
2026-03-19 16:01:25,996 [INFO] camera: Registered 18 command(s) with router: ['get_metrics', 'get_metric', 'reset_metrics', 'stats_snapshot', 'flush_stats', 'set_camera_type', 'get_camera_type', 'start_capture', 'stop_capture', 'set_fps', 'set_resolution', 'enum_devices', 'open', 'close', 'start_grabbing', 'stop_grabbing', 'get_parameters', 'set_parameters']
2026-03-19 16:01:25,996 [INFO] camera: Process 'camera' initialized successfully
2026-03-19 16:02:24,851 [INFO] camera: Process state registered: camera
2026-03-19 16:02:24,851 [INFO] camera: UnifiedCameraProcess initializing...
2026-03-19 16:02:26,955 [INFO] camera: UnifiedCameraProcess ready, camera_type=webcam
2026-03-19 16:02:26,877 [INFO] camera: Registered 18 command(s) with router: ['get_metrics', 'get_metric', 'reset_metrics', 'stats_snapshot', 'flush_stats', 'set_camera_type', 'get_camera_type', 'start_capture', 'stop_capture', 'set_fps', 'set_resolution', 'enum_devices', 'open', 'close', 'start_grabbing', 'stop_grabbing', 'get_parameters', 'set_parameters']
2026-03-19 16:02:26,877 [INFO] camera: Process 'camera' initialized successfully
2026-03-19 16:24:56,409 [INFO] camera: Process state registered: camera
2026-03-19 16:24:56,410 [INFO] camera: UnifiedCameraProcess initializing...
2026-03-19 16:24:58,648 [INFO] camera: UnifiedCameraProcess ready, camera_type=webcam
2026-03-19 16:24:58,434 [INFO] camera: Registered 18 command(s) with router: ['get_metrics', 'get_metric', 'reset_metrics', 'stats_snapshot', 'flush_stats', 'set_camera_type', 'get_camera_type', 'start_capture', 'stop_capture', 'set_fps', 'set_resolution', 'enum_devices', 'open', 'close', 'start_grabbing', 'stop_grabbing', 'get_parameters', 'set_parameters']
2026-03-19 16:24:58,434 [INFO] camera: Process 'camera' initialized successfully
2026-03-19 16:52:10,430 [INFO] camera: Process state registered: camera
2026-03-19 16:52:10,430 [INFO] camera: UnifiedCameraProcess initializing...
2026-03-19 16:52:12,946 [INFO] camera: UnifiedCameraProcess ready, camera_type=webcam
2026-03-19 16:52:12,446 [INFO] camera: Registered 18 command(s) with router: ['get_metrics', 'get_metric', 'reset_metrics', 'stats_snapshot', 'flush_stats', 'set_camera_type', 'get_camera_type', 'start_capture', 'stop_capture', 'set_fps', 'set_resolution', 'enum_devices', 'open', 'close', 'start_grabbing', 'stop_grabbing', 'get_parameters', 'set_parameters']
2026-03-19 16:52:12,446 [INFO] camera: Process 'camera' initialized successfully
2026-03-20 09:24:17,148 [INFO] camera: Process state registered: camera
2026-03-20 09:24:17,149 [INFO] camera: UnifiedCameraProcess initializing...
2026-03-20 09:24:19,560 [INFO] camera: UnifiedCameraProcess ready, camera_type=webcam
2026-03-20 09:24:19,181 [INFO] camera: Registered 18 command(s) with router: ['get_metrics', 'get_metric', 'reset_metrics', 'stats_snapshot', 'flush_stats', 'set_camera_type', 'get_camera_type', 'start_capture', 'stop_capture', 'set_fps', 'set_resolution', 'enum_devices', 'open', 'close', 'start_grabbing', 'stop_grabbing', 'get_parameters', 'set_parameters']
2026-03-20 09:24:19,182 [INFO] camera: Process 'camera' initialized successfully
2026-03-20 11:02:04,563 [INFO] camera: Process state registered: camera
2026-03-20 11:02:04,563 [INFO] camera: UnifiedCameraProcess initializing...
2026-03-20 11:02:06,756 [INFO] camera: UnifiedCameraProcess ready, camera_type=webcam
2026-03-20 11:02:06,578 [INFO] camera: Registered 18 command(s) with router: ['get_metrics', 'get_metric', 'reset_metrics', 'stats_snapshot', 'flush_stats', 'set_camera_type', 'get_camera_type', 'start_capture', 'stop_capture', 'set_fps', 'set_resolution', 'enum_devices', 'open', 'close', 'start_grabbing', 'stop_grabbing', 'get_parameters', 'set_parameters']
2026-03-20 11:02:06,578 [INFO] camera: Process 'camera' initialized successfully
2026-03-20 11:12:34,589 [INFO] camera: Process state registered: camera
2026-03-20 11:12:34,590 [INFO] camera: UnifiedCameraProcess initializing...
2026-03-20 11:12:36,698 [INFO] camera: UnifiedCameraProcess ready, camera_type=webcam
2026-03-20 11:12:36,604 [INFO] camera: Registered 18 command(s) with router: ['get_metrics', 'get_metric', 'reset_metrics', 'stats_snapshot', 'flush_stats', 'set_camera_type', 'get_camera_type', 'start_capture', 'stop_capture', 'set_fps', 'set_resolution', 'enum_devices', 'open', 'close', 'start_grabbing', 'stop_grabbing', 'get_parameters', 'set_parameters']
2026-03-20 11:12:36,604 [INFO] camera: Process 'camera' initialized successfully
2026-03-20 13:00:55,184 [INFO] camera: Process state registered: camera
2026-03-20 13:00:55,184 [INFO] camera: UnifiedCameraProcess initializing...
2026-03-20 13:00:57,380 [INFO] camera: UnifiedCameraProcess ready, camera_type=webcam
2026-03-20 13:00:57,202 [INFO] camera: Registered 18 command(s) with router: ['get_metrics', 'get_metric', 'reset_metrics', 'stats_snapshot', 'flush_stats', 'set_camera_type', 'get_camera_type', 'start_capture', 'stop_capture', 'set_fps', 'set_resolution', 'enum_devices', 'open', 'close', 'start_grabbing', 'stop_grabbing', 'get_parameters', 'set_parameters']
2026-03-20 13:00:57,202 [INFO] camera: Process 'camera' initialized successfully
2026-03-20 13:01:00,557 [INFO] camera: UnifiedCameraProcess shutting down...
2026-03-20 13:01:15,500 [INFO] camera: Process state registered: camera
2026-03-20 13:01:15,500 [INFO] camera: UnifiedCameraProcess initializing...
2026-03-20 13:01:17,518 [INFO] camera: UnifiedCameraProcess ready, camera_type=webcam
2026-03-20 13:01:17,518 [INFO] camera: Registered 18 command(s) with router: ['get_metrics', 'get_metric', 'reset_metrics', 'stats_snapshot', 'flush_stats', 'set_camera_type', 'get_camera_type', 'start_capture', 'stop_capture', 'set_fps', 'set_resolution', 'enum_devices', 'open', 'close', 'start_grabbing', 'stop_grabbing', 'get_parameters', 'set_parameters']
2026-03-20 13:01:17,518 [INFO] camera: Process 'camera' initialized successfully
2026-03-20 13:01:56,848 [INFO] camera: Process state registered: camera
2026-03-20 13:01:56,848 [INFO] camera: UnifiedCameraProcess initializing...
2026-03-20 13:01:59,211 [INFO] camera: UnifiedCameraProcess ready, camera_type=webcam
2026-03-20 13:01:59,869 [INFO] camera: Registered 18 command(s) with router: ['get_metrics', 'get_metric', 'reset_metrics', 'stats_snapshot', 'flush_stats', 'set_camera_type', 'get_camera_type', 'start_capture', 'stop_capture', 'set_fps', 'set_resolution', 'enum_devices', 'open', 'close', 'start_grabbing', 'stop_grabbing', 'get_parameters', 'set_parameters']
2026-03-20 13:01:59,869 [INFO] camera: Process 'camera' initialized successfully
2026-03-20 13:15:04,948 [INFO] camera: Process state registered: camera
2026-03-20 13:15:04,948 [INFO] camera: UnifiedCameraProcess initializing...
2026-03-20 13:15:06,989 [INFO] camera: UnifiedCameraProcess ready, camera_type=webcam
2026-03-20 13:15:06,960 [INFO] camera: Registered 18 command(s) with router: ['get_metrics', 'get_metric', 'reset_metrics', 'stats_snapshot', 'flush_stats', 'set_camera_type', 'get_camera_type', 'start_capture', 'stop_capture', 'set_fps', 'set_resolution', 'enum_devices', 'open', 'close', 'start_grabbing', 'stop_grabbing', 'get_parameters', 'set_parameters']
2026-03-20 13:15:06,960 [INFO] camera: Process 'camera' initialized successfully
2026-03-20 13:16:26,083 [INFO] camera: Process state registered: camera
2026-03-20 13:16:26,083 [INFO] camera: UnifiedCameraProcess initializing...
2026-03-20 13:16:28,112 [INFO] camera: UnifiedCameraProcess ready, camera_type=webcam
2026-03-20 13:16:28,097 [INFO] camera: Registered 18 command(s) with router: ['get_metrics', 'get_metric', 'reset_metrics', 'stats_snapshot', 'flush_stats', 'set_camera_type', 'get_camera_type', 'start_capture', 'stop_capture', 'set_fps', 'set_resolution', 'enum_devices', 'open', 'close', 'start_grabbing', 'stop_grabbing', 'get_parameters', 'set_parameters']
2026-03-20 13:16:28,097 [INFO] camera: Process 'camera' initialized successfully
2026-03-20 13:17:50,628 [INFO] camera: Process state registered: camera
2026-03-20 13:17:50,628 [INFO] camera: UnifiedCameraProcess initializing...
2026-03-20 13:17:52,673 [INFO] camera: UnifiedCameraProcess ready, camera_type=webcam
2026-03-20 13:17:52,653 [INFO] camera: Registered 18 command(s) with router: ['get_metrics', 'get_metric', 'reset_metrics', 'stats_snapshot', 'flush_stats', 'set_camera_type', 'get_camera_type', 'start_capture', 'stop_capture', 'set_fps', 'set_resolution', 'enum_devices', 'open', 'close', 'start_grabbing', 'stop_grabbing', 'get_parameters', 'set_parameters']
2026-03-20 13:17:52,654 [INFO] camera: Process 'camera' initialized successfully
2026-03-20 13:20:21,192 [INFO] camera: Process state registered: camera
2026-03-20 13:20:21,192 [INFO] camera: UnifiedCameraProcess initializing...
2026-03-20 13:20:23,328 [INFO] camera: UnifiedCameraProcess ready, camera_type=webcam
2026-03-20 13:20:23,210 [INFO] camera: Registered 18 command(s) with router: ['get_metrics', 'get_metric', 'reset_metrics', 'stats_snapshot', 'flush_stats', 'set_camera_type', 'get_camera_type', 'start_capture', 'stop_capture', 'set_fps', 'set_resolution', 'enum_devices', 'open', 'close', 'start_grabbing', 'stop_grabbing', 'get_parameters', 'set_parameters']
2026-03-20 13:20:23,210 [INFO] camera: Process 'camera' initialized successfully
2026-03-20 13:55:32,039 [INFO] camera: Process state registered: camera
2026-03-20 13:55:32,039 [INFO] camera: UnifiedCameraProcess initializing...
2026-03-20 13:55:32,039 [INFO] camera: UnifiedCameraProcess ready, camera_type=simulator
2026-03-20 13:55:32,040 [INFO] camera: Registered 18 command(s) with router: ['get_metrics', 'get_metric', 'reset_metrics', 'stats_snapshot', 'flush_stats', 'set_camera_type', 'get_camera_type', 'start_capture', 'stop_capture', 'set_fps', 'set_resolution', 'enum_devices', 'open', 'close', 'start_grabbing', 'stop_grabbing', 'get_parameters', 'set_parameters']
2026-03-20 13:55:32,040 [INFO] camera: Process 'camera' initialized successfully
2026-03-20 13:55:34,496 [INFO] camera: UnifiedCameraProcess shutting down...
2026-03-20 13:55:34,525 [INFO] camera: Process 'camera' shut down successfully
2026-03-20 13:55:34,525 [INFO] camera: UnifiedCameraProcess shutting down...
2026-03-20 13:55:39,467 [INFO] camera: Process state registered: camera
2026-03-20 13:55:39,467 [INFO] camera: UnifiedCameraProcess initializing...
2026-03-20 13:55:39,467 [INFO] camera: UnifiedCameraProcess ready, camera_type=simulator
2026-03-20 13:55:39,467 [INFO] camera: Registered 18 command(s) with router: ['get_metrics', 'get_metric', 'reset_metrics', 'stats_snapshot', 'flush_stats', 'set_camera_type', 'get_camera_type', 'start_capture', 'stop_capture', 'set_fps', 'set_resolution', 'enum_devices', 'open', 'close', 'start_grabbing', 'stop_grabbing', 'get_parameters', 'set_parameters']
2026-03-20 13:55:39,467 [INFO] camera: Process 'camera' initialized successfully
2026-03-20 13:55:41,633 [INFO] camera: UnifiedCameraProcess shutting down...
2026-03-20 13:55:41,650 [INFO] camera: Process 'camera' shut down successfully
2026-03-20 13:55:41,651 [INFO] camera: UnifiedCameraProcess shutting down...
2026-03-20 13:57:14,770 [INFO] camera: Process state registered: camera
2026-03-20 13:57:14,771 [INFO] camera: UnifiedCameraProcess initializing...
2026-03-20 13:57:16,935 [INFO] camera: UnifiedCameraProcess ready, camera_type=webcam
2026-03-20 13:57:16,779 [INFO] camera: Registered 18 command(s) with router: ['get_metrics', 'get_metric', 'reset_metrics', 'stats_snapshot', 'flush_stats', 'set_camera_type', 'get_camera_type', 'start_capture', 'stop_capture', 'set_fps', 'set_resolution', 'enum_devices', 'open', 'close', 'start_grabbing', 'stop_grabbing', 'get_parameters', 'set_parameters']
2026-03-20 13:57:16,779 [INFO] camera: Process 'camera' initialized successfully
2026-03-20 14:00:57,718 [INFO] camera: Process state registered: camera
2026-03-20 14:00:57,718 [INFO] camera: UnifiedCameraProcess initializing...
2026-03-20 14:00:59,913 [INFO] camera: UnifiedCameraProcess ready, camera_type=webcam
2026-03-20 14:00:59,733 [INFO] camera: Registered 18 command(s) with router: ['get_metrics', 'get_metric', 'reset_metrics', 'stats_snapshot', 'flush_stats', 'set_camera_type', 'get_camera_type', 'start_capture', 'stop_capture', 'set_fps', 'set_resolution', 'enum_devices', 'open', 'close', 'start_grabbing', 'stop_grabbing', 'get_parameters', 'set_parameters']
2026-03-20 14:00:59,733 [INFO] camera: Process 'camera' initialized successfully
2026-03-20 14:12:18,191 [INFO] camera: Process state registered: camera
2026-03-20 14:12:18,192 [INFO] camera: UnifiedCameraProcess initializing...
2026-03-20 14:12:18,192 [INFO] camera: UnifiedCameraProcess ready, camera_type=simulator
2026-03-20 14:12:18,192 [INFO] camera: Registered 18 command(s) with router: ['get_metrics', 'get_metric', 'reset_metrics', 'stats_snapshot', 'flush_stats', 'set_camera_type', 'get_camera_type', 'start_capture', 'stop_capture', 'set_fps', 'set_resolution', 'enum_devices', 'open', 'close', 'start_grabbing', 'stop_grabbing', 'get_parameters', 'set_parameters']
2026-03-20 14:12:18,192 [INFO] camera: Process 'camera' initialized successfully
2026-03-20 14:12:19,941 [INFO] camera: UnifiedCameraProcess shutting down...
2026-03-20 14:12:20,036 [INFO] camera: Process 'camera' shut down successfully
2026-03-20 14:12:20,036 [INFO] camera: UnifiedCameraProcess shutting down...
2026-03-20 14:12:24,512 [INFO] camera: Process state registered: camera
2026-03-20 14:12:24,512 [INFO] camera: UnifiedCameraProcess initializing...
2026-03-20 14:12:24,512 [INFO] camera: UnifiedCameraProcess ready, camera_type=simulator
2026-03-20 14:12:24,512 [INFO] camera: Registered 18 command(s) with router: ['get_metrics', 'get_metric', 'reset_metrics', 'stats_snapshot', 'flush_stats', 'set_camera_type', 'get_camera_type', 'start_capture', 'stop_capture', 'set_fps', 'set_resolution', 'enum_devices', 'open', 'close', 'start_grabbing', 'stop_grabbing', 'get_parameters', 'set_parameters']
2026-03-20 14:12:24,512 [INFO] camera: Process 'camera' initialized successfully
2026-03-20 14:12:27,066 [INFO] camera: UnifiedCameraProcess shutting down...
2026-03-20 14:12:27,120 [INFO] camera: Process 'camera' shut down successfully
2026-03-20 14:12:27,120 [INFO] camera: UnifiedCameraProcess shutting down...
2026-03-20 14:12:31,981 [INFO] camera: Process state registered: camera
2026-03-20 14:12:31,982 [INFO] camera: UnifiedCameraProcess initializing...
2026-03-20 14:12:32,982 [INFO] camera: UnifiedCameraProcess ready, camera_type=simulator
2026-03-20 14:12:32,982 [INFO] camera: Registered 18 command(s) with router: ['get_metrics', 'get_metric', 'reset_metrics', 'stats_snapshot', 'flush_stats', 'set_camera_type', 'get_camera_type', 'start_capture', 'stop_capture', 'set_fps', 'set_resolution', 'enum_devices', 'open', 'close', 'start_grabbing', 'stop_grabbing', 'get_parameters', 'set_parameters']
2026-03-20 14:12:32,982 [INFO] camera: Process 'camera' initialized successfully
2026-03-20 14:12:34,294 [INFO] camera: UnifiedCameraProcess shutting down...
2026-03-20 14:12:34,364 [INFO] camera: Process 'camera' shut down successfully
2026-03-20 14:12:34,365 [INFO] camera: UnifiedCameraProcess shutting down...
2026-03-20 14:12:58,995 [INFO] camera: Process state registered: camera
2026-03-20 14:12:58,995 [INFO] camera: UnifiedCameraProcess initializing...
2026-03-20 14:12:59,995 [INFO] camera: UnifiedCameraProcess ready, camera_type=simulator
2026-03-20 14:12:59,995 [INFO] camera: Registered 18 command(s) with router: ['get_metrics', 'get_metric', 'reset_metrics', 'stats_snapshot', 'flush_stats', 'set_camera_type', 'get_camera_type', 'start_capture', 'stop_capture', 'set_fps', 'set_resolution', 'enum_devices', 'open', 'close', 'start_grabbing', 'stop_grabbing', 'get_parameters', 'set_parameters']
2026-03-20 14:12:59,995 [INFO] camera: Process 'camera' initialized successfully
2026-03-20 14:13:00,833 [INFO] camera: UnifiedCameraProcess shutting down...
2026-03-20 14:13:00,932 [INFO] camera: Process 'camera' shut down successfully
2026-03-20 14:13:00,933 [INFO] camera: UnifiedCameraProcess shutting down...
2026-03-20 14:13:05,232 [INFO] camera: Process state registered: camera
2026-03-20 14:13:05,232 [INFO] camera: UnifiedCameraProcess initializing...
2026-03-20 14:13:05,233 [INFO] camera: UnifiedCameraProcess ready, camera_type=simulator
2026-03-20 14:13:05,233 [INFO] camera: Registered 18 command(s) with router: ['get_metrics', 'get_metric', 'reset_metrics', 'stats_snapshot', 'flush_stats', 'set_camera_type', 'get_camera_type', 'start_capture', 'stop_capture', 'set_fps', 'set_resolution', 'enum_devices', 'open', 'close', 'start_grabbing', 'stop_grabbing', 'get_parameters', 'set_parameters']
2026-03-20 14:13:05,233 [INFO] camera: Process 'camera' initialized successfully
2026-03-20 14:13:07,893 [INFO] camera: UnifiedCameraProcess shutting down...
2026-03-20 14:13:07,952 [INFO] camera: Process 'camera' shut down successfully
2026-03-20 14:13:07,952 [INFO] camera: UnifiedCameraProcess shutting down...
2026-03-20 14:13:12,553 [INFO] camera: Process state registered: camera
2026-03-20 14:13:12,553 [INFO] camera: UnifiedCameraProcess initializing...
2026-03-20 14:13:12,553 [INFO] camera: UnifiedCameraProcess ready, camera_type=simulator
2026-03-20 14:13:12,553 [INFO] camera: Registered 18 command(s) with router: ['get_metrics', 'get_metric', 'reset_metrics', 'stats_snapshot', 'flush_stats', 'set_camera_type', 'get_camera_type', 'start_capture', 'stop_capture', 'set_fps', 'set_resolution', 'enum_devices', 'open', 'close', 'start_grabbing', 'stop_grabbing', 'get_parameters', 'set_parameters']
2026-03-20 14:13:12,553 [INFO] camera: Process 'camera' initialized successfully
2026-03-20 14:13:15,114 [INFO] camera: UnifiedCameraProcess shutting down...
2026-03-20 14:13:15,150 [INFO] camera: Process 'camera' shut down successfully
2026-03-20 14:13:15,150 [INFO] camera: UnifiedCameraProcess shutting down...
2026-03-20 14:13:57,469 [INFO] camera: Process state registered: camera
2026-03-20 14:13:57,469 [INFO] camera: UnifiedCameraProcess initializing...
2026-03-20 14:13:59,857 [INFO] camera: UnifiedCameraProcess ready, camera_type=webcam
2026-03-20 14:13:59,488 [INFO] camera: Registered 18 command(s) with router: ['get_metrics', 'get_metric', 'reset_metrics', 'stats_snapshot', 'flush_stats', 'set_camera_type', 'get_camera_type', 'start_capture', 'stop_capture', 'set_fps', 'set_resolution', 'enum_devices', 'open', 'close', 'start_grabbing', 'stop_grabbing', 'get_parameters', 'set_parameters']
2026-03-20 14:13:59,488 [INFO] camera: Process 'camera' initialized successfully
2026-03-20 14:50:20,083 [INFO] camera: Process state registered: camera
2026-03-20 14:50:20,083 [INFO] camera: UnifiedCameraProcess initializing...
2026-03-20 14:50:20,083 [INFO] camera: UnifiedCameraProcess ready, camera_type=simulator
2026-03-20 14:50:20,083 [INFO] camera: Registered 18 command(s) with router: ['get_metrics', 'get_metric', 'reset_metrics', 'stats_snapshot', 'flush_stats', 'set_camera_type', 'get_camera_type', 'start_capture', 'stop_capture', 'set_fps', 'set_resolution', 'enum_devices', 'open', 'close', 'start_grabbing', 'stop_grabbing', 'get_parameters', 'set_parameters']
2026-03-20 14:50:20,083 [INFO] camera: Process 'camera' initialized successfully
2026-03-20 14:50:21,836 [INFO] camera: UnifiedCameraProcess shutting down...
2026-03-20 14:50:21,857 [INFO] camera: Process 'camera' shut down successfully
2026-03-20 14:50:21,857 [INFO] camera: UnifiedCameraProcess shutting down...
2026-03-20 14:50:26,178 [INFO] camera: Process state registered: camera
2026-03-20 14:50:26,178 [INFO] camera: UnifiedCameraProcess initializing...
2026-03-20 14:50:26,178 [INFO] camera: UnifiedCameraProcess ready, camera_type=simulator
2026-03-20 14:50:26,178 [INFO] camera: Registered 18 command(s) with router: ['get_metrics', 'get_metric', 'reset_metrics', 'stats_snapshot', 'flush_stats', 'set_camera_type', 'get_camera_type', 'start_capture', 'stop_capture', 'set_fps', 'set_resolution', 'enum_devices', 'open', 'close', 'start_grabbing', 'stop_grabbing', 'get_parameters', 'set_parameters']
2026-03-20 14:50:26,179 [INFO] camera: Process 'camera' initialized successfully
2026-03-20 14:50:28,959 [INFO] camera: UnifiedCameraProcess shutting down...
2026-03-20 14:50:29,029 [INFO] camera: Process 'camera' shut down successfully
2026-03-20 14:50:29,029 [INFO] camera: UnifiedCameraProcess shutting down...
2026-03-20 14:50:33,527 [INFO] camera: Process state registered: camera
2026-03-20 14:50:33,527 [INFO] camera: UnifiedCameraProcess initializing...
2026-03-20 14:50:33,527 [INFO] camera: UnifiedCameraProcess ready, camera_type=simulator
2026-03-20 14:50:33,527 [INFO] camera: Registered 18 command(s) with router: ['get_metrics', 'get_metric', 'reset_metrics', 'stats_snapshot', 'flush_stats', 'set_camera_type', 'get_camera_type', 'start_capture', 'stop_capture', 'set_fps', 'set_resolution', 'enum_devices', 'open', 'close', 'start_grabbing', 'stop_grabbing', 'get_parameters', 'set_parameters']
2026-03-20 14:50:33,527 [INFO] camera: Process 'camera' initialized successfully
2026-03-20 14:50:36,109 [INFO] camera: UnifiedCameraProcess shutting down...
2026-03-20 14:50:36,134 [INFO] camera: Process 'camera' shut down successfully
2026-03-20 14:50:36,134 [INFO] camera: UnifiedCameraProcess shutting down...
2026-03-20 14:51:03,929 [INFO] camera: Process state registered: camera
2026-03-20 14:51:03,930 [INFO] camera: UnifiedCameraProcess initializing...
2026-03-20 14:51:03,930 [INFO] camera: UnifiedCameraProcess ready, camera_type=simulator
2026-03-20 14:51:03,930 [INFO] camera: Registered 18 command(s) with router: ['get_metrics', 'get_metric', 'reset_metrics', 'stats_snapshot', 'flush_stats', 'set_camera_type', 'get_camera_type', 'start_capture', 'stop_capture', 'set_fps', 'set_resolution', 'enum_devices', 'open', 'close', 'start_grabbing', 'stop_grabbing', 'get_parameters', 'set_parameters']
2026-03-20 14:51:03,930 [INFO] camera: Process 'camera' initialized successfully
2026-03-20 14:51:05,769 [INFO] camera: UnifiedCameraProcess shutting down...
2026-03-20 14:51:05,877 [INFO] camera: Process 'camera' shut down successfully
2026-03-20 14:51:05,878 [INFO] camera: UnifiedCameraProcess shutting down...
2026-03-20 14:51:10,311 [INFO] camera: Process state registered: camera
2026-03-20 14:51:10,311 [INFO] camera: UnifiedCameraProcess initializing...
2026-03-20 14:51:10,311 [INFO] camera: UnifiedCameraProcess ready, camera_type=simulator
2026-03-20 14:51:10,311 [INFO] camera: Registered 18 command(s) with router: ['get_metrics', 'get_metric', 'reset_metrics', 'stats_snapshot', 'flush_stats', 'set_camera_type', 'get_camera_type', 'start_capture', 'stop_capture', 'set_fps', 'set_resolution', 'enum_devices', 'open', 'close', 'start_grabbing', 'stop_grabbing', 'get_parameters', 'set_parameters']
2026-03-20 14:51:10,311 [INFO] camera: Process 'camera' initialized successfully
2026-03-20 14:51:12,775 [INFO] camera: UnifiedCameraProcess shutting down...
2026-03-20 14:51:12,813 [INFO] camera: Process 'camera' shut down successfully
2026-03-20 14:51:12,813 [INFO] camera: UnifiedCameraProcess shutting down...
2026-03-20 14:51:17,530 [INFO] camera: Process state registered: camera
2026-03-20 14:51:17,530 [INFO] camera: UnifiedCameraProcess initializing...
2026-03-20 14:51:17,530 [INFO] camera: UnifiedCameraProcess ready, camera_type=simulator
2026-03-20 14:51:17,530 [INFO] camera: Registered 18 command(s) with router: ['get_metrics', 'get_metric', 'reset_metrics', 'stats_snapshot', 'flush_stats', 'set_camera_type', 'get_camera_type', 'start_capture', 'stop_capture', 'set_fps', 'set_resolution', 'enum_devices', 'open', 'close', 'start_grabbing', 'stop_grabbing', 'get_parameters', 'set_parameters']
2026-03-20 14:51:17,530 [INFO] camera: Process 'camera' initialized successfully
2026-03-20 14:51:19,994 [INFO] camera: UnifiedCameraProcess shutting down...
2026-03-20 14:51:20,025 [INFO] camera: Process 'camera' shut down successfully
2026-03-20 14:51:20,026 [INFO] camera: UnifiedCameraProcess shutting down...
2026-03-20 14:54:56,233 [INFO] camera: Process state registered: camera
2026-03-20 14:54:56,233 [INFO] camera: UnifiedCameraProcess initializing...
2026-03-20 14:54:56,233 [INFO] camera: UnifiedCameraProcess ready, camera_type=simulator
2026-03-20 14:54:56,233 [INFO] camera: Registered 18 command(s) with router: ['get_metrics', 'get_metric', 'reset_metrics', 'stats_snapshot', 'flush_stats', 'set_camera_type', 'get_camera_type', 'start_capture', 'stop_capture', 'set_fps', 'set_resolution', 'enum_devices', 'open', 'close', 'start_grabbing', 'stop_grabbing', 'get_parameters', 'set_parameters']
2026-03-20 14:54:56,233 [INFO] camera: Process 'camera' initialized successfully
2026-03-20 14:54:57,874 [INFO] camera: UnifiedCameraProcess shutting down...
2026-03-20 14:54:57,962 [INFO] camera: Process 'camera' shut down successfully
2026-03-20 14:54:57,963 [INFO] camera: UnifiedCameraProcess shutting down...
2026-03-20 14:55:02,189 [INFO] camera: Process state registered: camera
2026-03-20 14:55:02,189 [INFO] camera: UnifiedCameraProcess initializing...
2026-03-20 14:55:02,189 [INFO] camera: UnifiedCameraProcess ready, camera_type=simulator
2026-03-20 14:55:02,189 [INFO] camera: Registered 18 command(s) with router: ['get_metrics', 'get_metric', 'reset_metrics', 'stats_snapshot', 'flush_stats', 'set_camera_type', 'get_camera_type', 'start_capture', 'stop_capture', 'set_fps', 'set_resolution', 'enum_devices', 'open', 'close', 'start_grabbing', 'stop_grabbing', 'get_parameters', 'set_parameters']
2026-03-20 14:55:02,190 [INFO] camera: Process 'camera' initialized successfully
2026-03-20 14:55:04,941 [INFO] camera: UnifiedCameraProcess shutting down...
2026-03-20 14:55:05,013 [INFO] camera: Process 'camera' shut down successfully
2026-03-20 14:55:05,013 [INFO] camera: UnifiedCameraProcess shutting down...
2026-03-20 14:55:09,698 [INFO] camera: Process state registered: camera
2026-03-20 14:55:09,698 [INFO] camera: UnifiedCameraProcess initializing...
2026-03-20 14:55:09,698 [INFO] camera: UnifiedCameraProcess ready, camera_type=simulator
2026-03-20 14:55:09,698 [INFO] camera: Registered 18 command(s) with router: ['get_metrics', 'get_metric', 'reset_metrics', 'stats_snapshot', 'flush_stats', 'set_camera_type', 'get_camera_type', 'start_capture', 'stop_capture', 'set_fps', 'set_resolution', 'enum_devices', 'open', 'close', 'start_grabbing', 'stop_grabbing', 'get_parameters', 'set_parameters']
2026-03-20 14:55:09,698 [INFO] camera: Process 'camera' initialized successfully
2026-03-20 14:55:12,161 [INFO] camera: UnifiedCameraProcess shutting down...
2026-03-20 14:55:12,187 [INFO] camera: Process 'camera' shut down successfully
2026-03-20 14:55:12,187 [INFO] camera: UnifiedCameraProcess shutting down...
2026-03-20 15:17:19,580 [INFO] camera: Process state registered: camera
2026-03-20 15:17:19,581 [INFO] camera: UnifiedCameraProcess initializing...
2026-03-20 15:17:19,581 [INFO] camera: UnifiedCameraProcess ready, camera_type=simulator
2026-03-20 15:17:19,581 [INFO] camera: Registered 18 command(s) with router: ['get_metrics', 'get_metric', 'reset_metrics', 'stats_snapshot', 'flush_stats', 'set_camera_type', 'get_camera_type', 'start_capture', 'stop_capture', 'set_fps', 'set_resolution', 'enum_devices', 'open', 'close', 'start_grabbing', 'stop_grabbing', 'get_parameters', 'set_parameters']
2026-03-20 15:17:19,581 [INFO] camera: Process 'camera' initialized successfully
2026-03-20 15:17:21,252 [INFO] camera: UnifiedCameraProcess shutting down...
2026-03-20 15:17:21,313 [INFO] camera: Process 'camera' shut down successfully
2026-03-20 15:17:21,314 [INFO] camera: UnifiedCameraProcess shutting down...
2026-03-20 15:17:25,525 [INFO] camera: Process state registered: camera
2026-03-20 15:17:25,525 [INFO] camera: UnifiedCameraProcess initializing...
2026-03-20 15:17:25,525 [INFO] camera: UnifiedCameraProcess ready, camera_type=simulator
2026-03-20 15:17:25,526 [INFO] camera: Registered 18 command(s) with router: ['get_metrics', 'get_metric', 'reset_metrics', 'stats_snapshot', 'flush_stats', 'set_camera_type', 'get_camera_type', 'start_capture', 'stop_capture', 'set_fps', 'set_resolution', 'enum_devices', 'open', 'close', 'start_grabbing', 'stop_grabbing', 'get_parameters', 'set_parameters']
2026-03-20 15:17:25,526 [INFO] camera: Process 'camera' initialized successfully
2026-03-20 15:17:28,314 [INFO] camera: UnifiedCameraProcess shutting down...
2026-03-20 15:17:28,352 [INFO] camera: Process 'camera' shut down successfully
2026-03-20 15:17:28,352 [INFO] camera: UnifiedCameraProcess shutting down...
2026-03-20 15:17:33,088 [INFO] camera: Process state registered: camera
2026-03-20 15:17:33,088 [INFO] camera: UnifiedCameraProcess initializing...
2026-03-20 15:17:33,088 [INFO] camera: UnifiedCameraProcess ready, camera_type=simulator
2026-03-20 15:17:33,088 [INFO] camera: Registered 18 command(s) with router: ['get_metrics', 'get_metric', 'reset_metrics', 'stats_snapshot', 'flush_stats', 'set_camera_type', 'get_camera_type', 'start_capture', 'stop_capture', 'set_fps', 'set_resolution', 'enum_devices', 'open', 'close', 'start_grabbing', 'stop_grabbing', 'get_parameters', 'set_parameters']
2026-03-20 15:17:33,088 [INFO] camera: Process 'camera' initialized successfully
2026-03-20 15:17:35,634 [INFO] camera: UnifiedCameraProcess shutting down...
2026-03-20 15:17:35,737 [INFO] camera: Process 'camera' shut down successfully
2026-03-20 15:17:35,738 [INFO] camera: UnifiedCameraProcess shutting down...
2026-03-20 15:20:14,109 [INFO] camera: Process state registered: camera
2026-03-20 15:20:14,109 [INFO] camera: UnifiedCameraProcess initializing...
2026-03-20 15:20:16,597 [INFO] camera: UnifiedCameraProcess ready, camera_type=webcam
2026-03-20 15:20:16,142 [INFO] camera: Registered 18 command(s) with router: ['get_metrics', 'get_metric', 'reset_metrics', 'stats_snapshot', 'flush_stats', 'set_camera_type', 'get_camera_type', 'start_capture', 'stop_capture', 'set_fps', 'set_resolution', 'enum_devices', 'open', 'close', 'start_grabbing', 'stop_grabbing', 'get_parameters', 'set_parameters']
2026-03-20 15:20:16,142 [INFO] camera: Process 'camera' initialized successfully
