2026-03-18 13:09:12,527 [INFO] database: Process state registered: database
2026-03-18 13:09:12,527 [INFO] database: DatabaseProcess: table detections created from schema
2026-03-18 13:09:12,528 [INFO] database: DatabaseProcess: SQLManager ready, commands db.query/execute/insert/save_detections registered
2026-03-18 13:09:12,528 [INFO] database: Registered 9 command(s) with router: ['get_metrics', 'get_metric', 'reset_metrics', 'stats_snapshot', 'flush_stats', 'db.query', 'db.execute', 'db.insert', 'db.save_detections']
2026-03-18 13:09:12,528 [INFO] database: Process 'database' initialized successfully
2026-03-18 13:13:32,520 [INFO] database: Process state registered: database
2026-03-18 13:13:32,520 [INFO] database: DatabaseProcess: table detections created from schema
2026-03-18 13:13:32,523 [INFO] database: DatabaseProcess: SQLManager ready, commands db.query/execute/insert/save_detections registered
2026-03-18 13:13:32,523 [INFO] database: Registered 9 command(s) with router: ['get_metrics', 'get_metric', 'reset_metrics', 'stats_snapshot', 'flush_stats', 'db.query', 'db.execute', 'db.insert', 'db.save_detections']
2026-03-18 13:13:32,523 [INFO] database: Process 'database' initialized successfully
2026-03-18 13:13:37,838 [INFO] database: DatabaseProcess: saved 1 detection(s)
2026-03-18 13:13:37,587 [INFO] database: DatabaseProcess: saved 1 detection(s)
2026-03-18 13:13:37,588 [INFO] database: DatabaseProcess: saved 1 detection(s)
2026-03-18 13:13:37,588 [INFO] database: DatabaseProcess: saved 1 detection(s)
2026-03-18 13:13:37,588 [INFO] database: DatabaseProcess: saved 1 detection(s)
2026-03-18 13:13:38,588 [INFO] database: DatabaseProcess: saved 1 detection(s)
2026-03-18 13:13:38,588 [INFO] database: DatabaseProcess: saved 1 detection(s)
2026-03-18 13:13:38,588 [INFO] database: DatabaseProcess: saved 1 detection(s)
2026-03-18 13:13:38,588 [INFO] database: DatabaseProcess: saved 1 detection(s)
2026-03-18 13:13:38,588 [INFO] database: DatabaseProcess: saved 1 detection(s)
2026-03-18 13:13:38,589 [INFO] database: DatabaseProcess: saved 1 detection(s)
2026-03-18 13:13:38,589 [INFO] database: DatabaseProcess: saved 1 detection(s)
2026-03-18 13:13:38,589 [INFO] database: DatabaseProcess: saved 1 detection(s)
2026-03-18 13:13:38,589 [INFO] database: DatabaseProcess: saved 1 detection(s)
2026-03-18 13:13:38,589 [INFO] database: DatabaseProcess: saved 1 detection(s)
2026-03-18 13:13:38,589 [INFO] database: DatabaseProcess: saved 1 detection(s)
2026-03-18 13:13:38,589 [INFO] database: DatabaseProcess: saved 1 detection(s)
2026-03-18 13:13:38,589 [INFO] database: DatabaseProcess: saved 1 detection(s)
2026-03-18 13:13:38,589 [INFO] database: DatabaseProcess: saved 1 detection(s)
2026-03-18 13:13:38,597 [INFO] database: DatabaseProcess: saved 1 detection(s)
2026-03-18 13:13:38,597 [INFO] database: DatabaseProcess: saved 1 detection(s)
2026-03-18 13:13:38,597 [INFO] database: DatabaseProcess: saved 1 detection(s)
2026-03-18 13:13:38,597 [INFO] database: DatabaseProcess: saved 1 detection(s)
2026-03-18 13:13:38,597 [INFO] database: DatabaseProcess: saved 1 detection(s)
2026-03-18 13:13:38,597 [INFO] database: DatabaseProcess: saved 1 detection(s)
2026-03-18 13:13:38,597 [INFO] database: DatabaseProcess: saved 1 detection(s)
2026-03-18 13:13:38,598 [INFO] database: DatabaseProcess: saved 1 detection(s)
2026-03-18 13:13:38,598 [INFO] database: DatabaseProcess: saved 1 detection(s)
2026-03-18 13:13:38,598 [INFO] database: DatabaseProcess: saved 1 detection(s)
2026-03-18 13:13:38,598 [INFO] database: DatabaseProcess: saved 1 detection(s)
2026-03-18 13:13:39,598 [INFO] database: DatabaseProcess: saved 1 detection(s)
2026-03-18 13:13:39,598 [INFO] database: DatabaseProcess: saved 1 detection(s)
2026-03-18 13:13:39,598 [INFO] database: DatabaseProcess: saved 1 detection(s)
2026-03-18 13:13:39,598 [INFO] database: DatabaseProcess: saved 1 detection(s)
2026-03-18 13:13:39,598 [INFO] database: DatabaseProcess: saved 1 detection(s)
2026-03-18 13:13:39,598 [INFO] database: DatabaseProcess: saved 1 detection(s)
2026-03-18 13:13:39,598 [INFO] database: DatabaseProcess: saved 1 detection(s)
2026-03-18 13:13:39,598 [INFO] database: DatabaseProcess: saved 1 detection(s)
2026-03-18 13:13:39,598 [INFO] database: DatabaseProcess: saved 1 detection(s)
2026-03-18 13:13:39,598 [INFO] database: DatabaseProcess: saved 1 detection(s)
2026-03-18 13:13:39,598 [INFO] database: DatabaseProcess: saved 1 detection(s)
2026-03-18 13:13:39,598 [INFO] database: DatabaseProcess: saved 1 detection(s)
2026-03-18 13:13:39,598 [INFO] database: DatabaseProcess: saved 1 detection(s)
2026-03-18 13:13:39,598 [INFO] database: DatabaseProcess: saved 1 detection(s)
2026-03-18 13:13:39,607 [INFO] database: DatabaseProcess: saved 1 detection(s)
2026-03-18 13:13:39,607 [INFO] database: DatabaseProcess: saved 1 detection(s)
2026-03-18 13:13:39,607 [INFO] database: DatabaseProcess: saved 1 detection(s)
2026-03-18 13:13:39,607 [INFO] database: DatabaseProcess: saved 1 detection(s)
2026-03-18 13:13:39,607 [INFO] database: DatabaseProcess: saved 1 detection(s)
2026-03-18 13:13:39,607 [INFO] database: DatabaseProcess: saved 1 detection(s)
2026-03-18 13:13:39,607 [INFO] database: DatabaseProcess: saved 1 detection(s)
2026-03-18 13:13:39,607 [INFO] database: DatabaseProcess: saved 1 detection(s)
2026-03-18 13:13:39,607 [INFO] database: DatabaseProcess: saved 1 detection(s)
2026-03-18 13:13:39,607 [INFO] database: DatabaseProcess: saved 1 detection(s)
2026-03-18 13:13:40,607 [INFO] database: DatabaseProcess: saved 1 detection(s)
2026-03-18 13:13:40,607 [INFO] database: DatabaseProcess: saved 1 detection(s)
2026-03-18 13:13:40,608 [INFO] database: DatabaseProcess: saved 1 detection(s)
2026-03-18 13:13:40,608 [INFO] database: DatabaseProcess: saved 1 detection(s)
2026-03-18 13:13:40,608 [INFO] database: DatabaseProcess: saved 1 detection(s)
2026-03-18 13:13:40,608 [INFO] database: DatabaseProcess: saved 1 detection(s)
2026-03-18 13:13:40,608 [INFO] database: DatabaseProcess: saved 1 detection(s)
2026-03-18 13:13:40,608 [INFO] database: DatabaseProcess: saved 1 detection(s)
2026-03-18 13:13:40,608 [INFO] database: DatabaseProcess: saved 1 detection(s)
2026-03-18 13:13:40,608 [INFO] database: DatabaseProcess: saved 1 detection(s)
2026-03-18 13:13:40,608 [INFO] database: DatabaseProcess: saved 1 detection(s)
2026-03-18 13:13:40,608 [INFO] database: DatabaseProcess: saved 1 detection(s)
2026-03-18 13:13:40,608 [INFO] database: DatabaseProcess: saved 1 detection(s)
2026-03-18 13:13:40,608 [INFO] database: DatabaseProcess: saved 1 detection(s)
2026-03-18 13:13:40,608 [INFO] database: DatabaseProcess: saved 1 detection(s)
2026-03-18 14:53:04,120 [INFO] database: Process state registered: database
2026-03-18 14:53:04,120 [INFO] database: DatabaseProcess: table detections created from schema
2026-03-18 14:53:04,120 [INFO] database: DatabaseProcess: SQLManager ready, commands db.query/execute/insert/save_detections registered
2026-03-18 14:53:04,120 [INFO] database: Registered 10 command(s) with router: ['get_metrics', 'get_metric', 'reset_metrics', 'stats_snapshot', 'flush_stats', 'db.query', 'db.execute', 'db.insert', 'db.save_detections', 'db.export_detections']
2026-03-18 14:53:04,120 [INFO] database: Process 'database' initialized successfully
2026-03-18 17:20:38,570 [INFO] database: Process state registered: database
2026-03-18 17:20:38,570 [INFO] database: DatabaseProcess: table detections created from schema
2026-03-18 17:20:38,570 [INFO] database: DatabaseProcess: SQLManager ready, commands db.query/execute/insert/save_detections registered
2026-03-18 17:20:38,570 [INFO] database: Registered 10 command(s) with router: ['get_metrics', 'get_metric', 'reset_metrics', 'stats_snapshot', 'flush_stats', 'db.query', 'db.execute', 'db.insert', 'db.save_detections', 'db.export_detections']
2026-03-18 17:20:38,571 [INFO] database: Process 'database' initialized successfully
2026-03-18 17:23:37,521 [INFO] database: Process state registered: database
2026-03-18 17:23:37,521 [INFO] database: DatabaseProcess: table detections created from schema
2026-03-18 17:23:37,521 [INFO] database: DatabaseProcess: SQLManager ready, commands db.query/execute/insert/save_detections registered
2026-03-18 17:23:37,521 [INFO] database: Registered 10 command(s) with router: ['get_metrics', 'get_metric', 'reset_metrics', 'stats_snapshot', 'flush_stats', 'db.query', 'db.execute', 'db.insert', 'db.save_detections', 'db.export_detections']
2026-03-18 17:23:37,521 [INFO] database: Process 'database' initialized successfully
2026-03-18 20:18:42,490 [INFO] database: Process state registered: database
2026-03-18 20:18:42,490 [INFO] database: DatabaseProcess: table detections created from schema
2026-03-18 20:18:42,490 [INFO] database: DatabaseProcess: SQLManager ready, commands db.query/execute/insert/save_detections registered
2026-03-18 20:18:42,490 [INFO] database: Registered 10 command(s) with router: ['get_metrics', 'get_metric', 'reset_metrics', 'stats_snapshot', 'flush_stats', 'db.query', 'db.execute', 'db.insert', 'db.save_detections', 'db.export_detections']
2026-03-18 20:18:42,490 [INFO] database: Process 'database' initialized successfully
2026-03-19 08:37:08,847 [INFO] database: Process state registered: database
2026-03-19 08:37:08,847 [INFO] database: DatabaseProcess: table detections created from schema
2026-03-19 08:37:08,847 [INFO] database: DatabaseProcess: SQLManager ready, commands db.query/execute/insert/save_detections registered
2026-03-19 08:37:08,847 [INFO] database: Registered 10 command(s) with router: ['get_metrics', 'get_metric', 'reset_metrics', 'stats_snapshot', 'flush_stats', 'db.query', 'db.execute', 'db.insert', 'db.save_detections', 'db.export_detections']
2026-03-19 08:37:08,847 [INFO] database: Process 'database' initialized successfully
2026-03-19 08:49:31,254 [INFO] database: Process state registered: database
2026-03-19 08:49:31,254 [INFO] database: DatabaseProcess: table detections created from schema
2026-03-19 08:49:31,254 [INFO] database: DatabaseProcess: SQLManager ready, commands db.query/execute/insert/save_detections registered
2026-03-19 08:49:31,254 [INFO] database: Registered 10 command(s) with router: ['get_metrics', 'get_metric', 'reset_metrics', 'stats_snapshot', 'flush_stats', 'db.query', 'db.execute', 'db.insert', 'db.save_detections', 'db.export_detections']
2026-03-19 08:49:31,254 [INFO] database: Process 'database' initialized successfully
2026-03-19 13:45:17,928 [INFO] database: Process state registered: database
2026-03-19 13:45:17,928 [INFO] database: DatabaseProcess: table detections created from schema
2026-03-19 13:45:17,928 [INFO] database: DatabaseProcess: SQLManager ready, commands db.query/execute/insert/save_detections registered
2026-03-19 13:45:17,928 [INFO] database: Registered 10 command(s) with router: ['get_metrics', 'get_metric', 'reset_metrics', 'stats_snapshot', 'flush_stats', 'db.query', 'db.execute', 'db.insert', 'db.save_detections', 'db.export_detections']
2026-03-19 13:45:17,928 [INFO] database: Process 'database' initialized successfully
2026-03-19 13:47:44,964 [INFO] database: Process state registered: database
2026-03-19 13:47:44,964 [INFO] database: DatabaseProcess: table detections created from schema
2026-03-19 13:47:44,964 [INFO] database: DatabaseProcess: SQLManager ready, commands db.query/execute/insert/save_detections registered
2026-03-19 13:47:44,964 [INFO] database: Registered 10 command(s) with router: ['get_metrics', 'get_metric', 'reset_metrics', 'stats_snapshot', 'flush_stats', 'db.query', 'db.execute', 'db.insert', 'db.save_detections', 'db.export_detections']
2026-03-19 13:47:44,964 [INFO] database: Process 'database' initialized successfully
2026-03-19 13:48:22,519 [INFO] database: Process state registered: database
2026-03-19 13:48:22,519 [INFO] database: DatabaseProcess: table detections created from schema
2026-03-19 13:48:22,519 [INFO] database: DatabaseProcess: SQLManager ready, commands db.query/execute/insert/save_detections registered
2026-03-19 13:48:22,519 [INFO] database: Registered 10 command(s) with router: ['get_metrics', 'get_metric', 'reset_metrics', 'stats_snapshot', 'flush_stats', 'db.query', 'db.execute', 'db.insert', 'db.save_detections', 'db.export_detections']
2026-03-19 13:48:22,519 [INFO] database: Process 'database' initialized successfully
2026-03-19 13:50:59,290 [INFO] database: Process state registered: database
2026-03-19 13:50:59,290 [INFO] database: DatabaseProcess: table detections created from schema
2026-03-19 13:50:59,290 [INFO] database: DatabaseProcess: SQLManager ready, commands db.query/execute/insert/save_detections registered
2026-03-19 13:50:59,290 [INFO] database: Registered 10 command(s) with router: ['get_metrics', 'get_metric', 'reset_metrics', 'stats_snapshot', 'flush_stats', 'db.query', 'db.execute', 'db.insert', 'db.save_detections', 'db.export_detections']
2026-03-19 13:50:59,290 [INFO] database: Process 'database' initialized successfully
2026-03-19 14:25:41,425 [INFO] database: Process state registered: database
2026-03-19 14:25:41,425 [INFO] database: DatabaseProcess: table detections created from schema
2026-03-19 14:25:41,425 [INFO] database: DatabaseProcess: SQLManager ready, commands db.query/execute/insert/save_detections registered
2026-03-19 14:25:41,426 [INFO] database: Registered 10 command(s) with router: ['get_metrics', 'get_metric', 'reset_metrics', 'stats_snapshot', 'flush_stats', 'db.query', 'db.execute', 'db.insert', 'db.save_detections', 'db.export_detections']
2026-03-19 14:25:41,426 [INFO] database: Process 'database' initialized successfully
2026-03-19 15:00:58,162 [INFO] database: Process state registered: database
2026-03-19 15:00:58,162 [INFO] database: DatabaseProcess: table detections created from schema
2026-03-19 15:00:58,162 [INFO] database: DatabaseProcess: SQLManager ready, commands db.query/execute/insert/save_detections registered
2026-03-19 15:00:58,163 [INFO] database: Registered 10 command(s) with router: ['get_metrics', 'get_metric', 'reset_metrics', 'stats_snapshot', 'flush_stats', 'db.query', 'db.execute', 'db.insert', 'db.save_detections', 'db.export_detections']
2026-03-19 15:00:58,163 [INFO] database: Process 'database' initialized successfully
2026-03-19 15:02:04,494 [INFO] database: Process state registered: database
2026-03-19 15:02:04,494 [INFO] database: DatabaseProcess: table detections created from schema
2026-03-19 15:02:04,495 [INFO] database: DatabaseProcess: SQLManager ready, commands db.query/execute/insert/save_detections registered
2026-03-19 15:02:04,495 [INFO] database: Registered 10 command(s) with router: ['get_metrics', 'get_metric', 'reset_metrics', 'stats_snapshot', 'flush_stats', 'db.query', 'db.execute', 'db.insert', 'db.save_detections', 'db.export_detections']
2026-03-19 15:02:04,495 [INFO] database: Process 'database' initialized successfully
2026-03-19 15:02:17,600 [INFO] database: Process state registered: database
2026-03-19 15:02:17,600 [INFO] database: DatabaseProcess: table detections created from schema
2026-03-19 15:02:17,600 [INFO] database: DatabaseProcess: SQLManager ready, commands db.query/execute/insert/save_detections registered
2026-03-19 15:02:17,600 [INFO] database: Registered 10 command(s) with router: ['get_metrics', 'get_metric', 'reset_metrics', 'stats_snapshot', 'flush_stats', 'db.query', 'db.execute', 'db.insert', 'db.save_detections', 'db.export_detections']
2026-03-19 15:02:17,600 [INFO] database: Process 'database' initialized successfully
2026-03-19 15:06:18,079 [INFO] database: Process state registered: database
2026-03-19 15:06:18,079 [INFO] database: DatabaseProcess: table detections created from schema
2026-03-19 15:06:18,079 [INFO] database: DatabaseProcess: SQLManager ready, commands db.query/execute/insert/save_detections registered
2026-03-19 15:06:18,079 [INFO] database: Registered 10 command(s) with router: ['get_metrics', 'get_metric', 'reset_metrics', 'stats_snapshot', 'flush_stats', 'db.query', 'db.execute', 'db.insert', 'db.save_detections', 'db.export_detections']
2026-03-19 15:06:18,079 [INFO] database: Process 'database' initialized successfully
2026-03-19 15:17:52,358 [INFO] database: Process state registered: database
2026-03-19 15:17:52,358 [INFO] database: DatabaseProcess: table detections created from schema
2026-03-19 15:17:52,359 [INFO] database: DatabaseProcess: SQLManager ready, commands db.query/execute/insert/save_detections registered
2026-03-19 15:17:52,359 [INFO] database: Registered 10 command(s) with router: ['get_metrics', 'get_metric', 'reset_metrics', 'stats_snapshot', 'flush_stats', 'db.query', 'db.execute', 'db.insert', 'db.save_detections', 'db.export_detections']
2026-03-19 15:17:52,359 [INFO] database: Process 'database' initialized successfully
2026-03-19 15:23:18,555 [INFO] database: Process state registered: database
2026-03-19 15:23:18,555 [INFO] database: DatabaseProcess: table detections created from schema
2026-03-19 15:23:18,556 [INFO] database: DatabaseProcess: SQLManager ready, commands db.query/execute/insert/save_detections registered
2026-03-19 15:23:18,556 [INFO] database: Registered 10 command(s) with router: ['get_metrics', 'get_metric', 'reset_metrics', 'stats_snapshot', 'flush_stats', 'db.query', 'db.execute', 'db.insert', 'db.save_detections', 'db.export_detections']
2026-03-19 15:23:18,556 [INFO] database: Process 'database' initialized successfully
2026-03-19 16:01:23,827 [INFO] database: Process state registered: database
2026-03-19 16:01:23,827 [INFO] database: DatabaseProcess: table detections created from schema
2026-03-19 16:01:23,828 [INFO] database: DatabaseProcess: SQLManager ready, commands db.query/execute/insert/save_detections registered
2026-03-19 16:01:23,828 [INFO] database: Registered 10 command(s) with router: ['get_metrics', 'get_metric', 'reset_metrics', 'stats_snapshot', 'flush_stats', 'db.query', 'db.execute', 'db.insert', 'db.save_detections', 'db.export_detections']
2026-03-19 16:01:23,828 [INFO] database: Process 'database' initialized successfully
2026-03-19 16:02:25,603 [INFO] database: Process state registered: database
2026-03-19 16:02:25,603 [INFO] database: DatabaseProcess: table detections created from schema
2026-03-19 16:02:25,603 [INFO] database: DatabaseProcess: SQLManager ready, commands db.query/execute/insert/save_detections registered
2026-03-19 16:02:25,603 [INFO] database: Registered 10 command(s) with router: ['get_metrics', 'get_metric', 'reset_metrics', 'stats_snapshot', 'flush_stats', 'db.query', 'db.execute', 'db.insert', 'db.save_detections', 'db.export_detections']
2026-03-19 16:02:25,603 [INFO] database: Process 'database' initialized successfully
2026-03-19 16:24:57,218 [INFO] database: Process state registered: database
2026-03-19 16:24:57,218 [INFO] database: DatabaseProcess: table detections created from schema
2026-03-19 16:24:57,218 [INFO] database: DatabaseProcess: SQLManager ready, commands db.query/execute/insert/save_detections registered
2026-03-19 16:24:57,218 [INFO] database: Registered 10 command(s) with router: ['get_metrics', 'get_metric', 'reset_metrics', 'stats_snapshot', 'flush_stats', 'db.query', 'db.execute', 'db.insert', 'db.save_detections', 'db.export_detections']
2026-03-19 16:24:57,218 [INFO] database: Process 'database' initialized successfully
2026-03-19 16:52:11,257 [INFO] database: Process state registered: database
2026-03-19 16:52:11,258 [INFO] database: DatabaseProcess: table detections created from schema
2026-03-19 16:52:11,258 [INFO] database: DatabaseProcess: SQLManager ready, commands db.query/execute/insert/save_detections registered
2026-03-19 16:52:11,258 [INFO] database: Registered 10 command(s) with router: ['get_metrics', 'get_metric', 'reset_metrics', 'stats_snapshot', 'flush_stats', 'db.query', 'db.execute', 'db.insert', 'db.save_detections', 'db.export_detections']
2026-03-19 16:52:11,258 [INFO] database: Process 'database' initialized successfully
