2026-03-18 13:09:12,210 [INFO] robot: Process state registered: robot
2026-03-18 13:09:12,210 [INFO] robot: RobotSimulatorProcess initializing...
2026-03-18 13:09:12,210 [INFO] robot: RobotSimulatorProcess ready: log_file=./robot_actions.log
2026-03-18 13:09:12,211 [INFO] robot: Registered 6 command(s) with router: ['get_metrics', 'get_metric', 'reset_metrics', 'stats_snapshot', 'flush_stats', 'reject_item']
2026-03-18 13:09:12,211 [INFO] robot: Process 'robot' initialized successfully
2026-03-18 13:09:17,822 [INFO] robot: REJECT #1: frame=78, pos=(582, 116), area=2928
2026-03-18 13:09:18,847 [INFO] robot: REJECT #2: frame=78, pos=(582, 116), area=2928
2026-03-18 13:09:18,847 [INFO] robot: REJECT #3: frame=79, pos=(586, 111), area=2397
2026-03-18 13:09:19,873 [INFO] robot: REJECT #4: frame=79, pos=(586, 111), area=2397
2026-03-18 13:09:19,873 [INFO] robot: REJECT #5: frame=80, pos=(505, 189), area=2438
2026-03-18 13:09:20,896 [INFO] robot: REJECT #6: frame=80, pos=(505, 189), area=2438
2026-03-18 13:09:20,896 [INFO] robot: REJECT #7: frame=95, pos=(504, 202), area=1751
2026-03-18 13:09:21,919 [INFO] robot: REJECT #8: frame=95, pos=(504, 202), area=1751
2026-03-18 13:09:21,919 [INFO] robot: REJECT #9: frame=96, pos=(512, 192), area=1561
2026-03-18 13:09:22,942 [INFO] robot: REJECT #10: frame=96, pos=(512, 192), area=1561
2026-03-18 13:09:22,942 [INFO] robot: REJECT #11: frame=97, pos=(586, 115), area=1517
2026-03-18 13:09:23,965 [INFO] robot: REJECT #12: frame=97, pos=(586, 115), area=1517
2026-03-18 13:09:23,965 [INFO] robot: REJECT #13: frame=98, pos=(583, 131), area=1742
2026-03-18 13:09:24,989 [INFO] robot: REJECT #14: frame=98, pos=(583, 131), area=1742
2026-03-18 13:09:24,989 [INFO] robot: REJECT #15: frame=99, pos=(577, 123), area=1654
2026-03-18 13:09:25,012 [INFO] robot: REJECT #16: frame=99, pos=(577, 123), area=1654
2026-03-18 13:09:26,012 [INFO] robot: REJECT #17: frame=100, pos=(493, 160), area=1752
2026-03-18 13:09:26,036 [INFO] robot: REJECT #18: frame=100, pos=(493, 160), area=1752
2026-03-18 13:09:27,036 [INFO] robot: REJECT #19: frame=101, pos=(575, 123), area=1875
2026-03-18 13:09:27,060 [INFO] robot: REJECT #20: frame=101, pos=(575, 123), area=1875
2026-03-18 13:09:28,060 [INFO] robot: REJECT #21: frame=102, pos=(513, 192), area=2727
2026-03-18 13:09:28,083 [INFO] robot: REJECT #22: frame=102, pos=(513, 192), area=2727
2026-03-18 13:09:29,083 [INFO] robot: REJECT #23: frame=103, pos=(497, 175), area=3217
2026-03-18 13:09:29,107 [INFO] robot: REJECT #24: frame=103, pos=(497, 175), area=3217
2026-03-18 13:09:30,107 [INFO] robot: REJECT #25: frame=104, pos=(510, 170), area=3372
2026-03-18 13:09:30,131 [INFO] robot: REJECT #26: frame=104, pos=(510, 170), area=3372
2026-03-18 13:09:31,131 [INFO] robot: REJECT #27: frame=105, pos=(569, 127), area=3740
2026-03-18 13:09:31,155 [INFO] robot: REJECT #28: frame=105, pos=(569, 127), area=3740
2026-03-18 13:09:32,155 [INFO] robot: REJECT #29: frame=106, pos=(581, 129), area=3978
2026-03-18 13:09:32,179 [INFO] robot: REJECT #30: frame=106, pos=(581, 129), area=3978
2026-03-18 13:09:33,179 [INFO] robot: REJECT #31: frame=107, pos=(565, 128), area=4374
2026-03-18 13:09:33,202 [INFO] robot: REJECT #32: frame=107, pos=(565, 128), area=4374
2026-03-18 13:09:34,202 [INFO] robot: REJECT #33: frame=108, pos=(572, 138), area=5101
2026-03-18 13:09:34,227 [INFO] robot: REJECT #34: frame=108, pos=(572, 138), area=5101
2026-03-18 13:09:35,227 [INFO] robot: REJECT #35: frame=109, pos=(565, 133), area=6620
2026-03-18 13:09:35,250 [INFO] robot: REJECT #36: frame=109, pos=(565, 133), area=6620
2026-03-18 13:09:36,250 [INFO] robot: REJECT #37: frame=110, pos=(566, 134), area=6983
2026-03-18 13:09:36,273 [INFO] robot: REJECT #38: frame=110, pos=(566, 134), area=6983
2026-03-18 13:09:37,273 [INFO] robot: REJECT #39: frame=111, pos=(566, 128), area=7397
2026-03-18 13:09:37,296 [INFO] robot: REJECT #40: frame=111, pos=(566, 128), area=7397
2026-03-18 13:09:38,296 [INFO] robot: REJECT #41: frame=112, pos=(567, 134), area=7481
2026-03-18 13:09:38,320 [INFO] robot: REJECT #42: frame=112, pos=(567, 134), area=7481
2026-03-18 13:09:39,320 [INFO] robot: REJECT #43: frame=113, pos=(563, 128), area=8167
2026-03-18 13:09:39,344 [INFO] robot: REJECT #44: frame=113, pos=(563, 128), area=8167
2026-03-18 13:09:40,344 [INFO] robot: REJECT #45: frame=114, pos=(567, 135), area=8170
2026-03-18 13:09:40,367 [INFO] robot: REJECT #46: frame=114, pos=(567, 135), area=8170
2026-03-18 13:09:41,367 [INFO] robot: REJECT #47: frame=115, pos=(563, 129), area=8950
2026-03-18 13:09:41,390 [INFO] robot: REJECT #48: frame=115, pos=(563, 129), area=8950
2026-03-18 13:09:42,391 [INFO] robot: REJECT #49: frame=116, pos=(566, 124), area=8092
2026-03-18 13:09:42,414 [INFO] robot: REJECT #50: frame=116, pos=(566, 124), area=8092
2026-03-18 13:09:43,414 [INFO] robot: REJECT #51: frame=117, pos=(564, 127), area=7989
2026-03-18 13:09:43,438 [INFO] robot: REJECT #52: frame=117, pos=(564, 127), area=7989
2026-03-18 13:09:44,438 [INFO] robot: REJECT #53: frame=118, pos=(555, 134), area=8074
2026-03-18 13:09:44,461 [INFO] robot: REJECT #54: frame=118, pos=(555, 134), area=8074
2026-03-18 13:09:45,461 [INFO] robot: REJECT #55: frame=119, pos=(564, 121), area=8174
2026-03-18 13:09:45,484 [INFO] robot: REJECT #56: frame=119, pos=(564, 121), area=8174
2026-03-18 13:09:46,484 [INFO] robot: REJECT #57: frame=120, pos=(561, 129), area=8316
2026-03-18 13:09:46,508 [INFO] robot: REJECT #58: frame=120, pos=(561, 129), area=8316
2026-03-18 13:09:47,508 [INFO] robot: REJECT #59: frame=0, pos=(560, 137), area=8134
2026-03-18 13:09:48,531 [INFO] robot: REJECT #60: frame=0, pos=(560, 137), area=8134
2026-03-18 13:09:48,531 [INFO] robot: REJECT #61: frame=1, pos=(566, 128), area=7892
2026-03-18 13:09:49,554 [INFO] robot: REJECT #62: frame=1, pos=(566, 128), area=7892
2026-03-18 13:09:49,554 [INFO] robot: REJECT #63: frame=2, pos=(566, 132), area=7370
2026-03-18 13:09:50,576 [INFO] robot: REJECT #64: frame=2, pos=(566, 132), area=7370
2026-03-18 13:09:50,576 [INFO] robot: REJECT #65: frame=3, pos=(557, 126), area=7972
2026-03-18 13:09:51,600 [INFO] robot: REJECT #66: frame=3, pos=(557, 126), area=7972
2026-03-18 13:09:51,600 [INFO] robot: REJECT #67: frame=4, pos=(556, 130), area=8587
2026-03-18 13:09:52,638 [INFO] robot: REJECT #68: frame=4, pos=(556, 130), area=8587
2026-03-18 13:09:52,651 [INFO] robot: REJECT #69: frame=5, pos=(559, 126), area=8526
2026-03-18 13:09:53,651 [INFO] robot: REJECT #70: frame=5, pos=(559, 126), area=8526
2026-03-18 13:09:53,664 [INFO] robot: REJECT #71: frame=6, pos=(560, 131), area=8301
2026-03-18 13:09:54,664 [INFO] robot: REJECT #72: frame=6, pos=(560, 131), area=8301
2026-03-18 13:09:54,671 [INFO] robot: REJECT #73: frame=7, pos=(553, 130), area=8759
2026-03-18 13:09:55,671 [INFO] robot: REJECT #74: frame=7, pos=(553, 130), area=8759
2026-03-18 13:09:55,684 [INFO] robot: REJECT #75: frame=8, pos=(561, 137), area=8763
2026-03-18 13:09:56,684 [INFO] robot: REJECT #76: frame=8, pos=(561, 137), area=8763
2026-03-18 13:09:56,695 [INFO] robot: REJECT #77: frame=9, pos=(562, 119), area=9095
2026-03-18 13:09:57,695 [INFO] robot: REJECT #78: frame=9, pos=(562, 119), area=9095
2026-03-18 13:09:57,712 [INFO] robot: REJECT #79: frame=10, pos=(552, 124), area=8717
2026-03-18 13:09:58,712 [INFO] robot: REJECT #80: frame=10, pos=(552, 124), area=8717
2026-03-18 13:09:58,724 [INFO] robot: REJECT #81: frame=11, pos=(565, 129), area=9053
2026-03-18 13:09:59,724 [INFO] robot: REJECT #82: frame=11, pos=(565, 129), area=9053
2026-03-18 13:09:59,741 [INFO] robot: REJECT #83: frame=12, pos=(551, 133), area=8252
2026-03-18 13:10:00,742 [INFO] robot: REJECT #84: frame=12, pos=(551, 133), area=8252
2026-03-18 13:10:00,748 [INFO] robot: REJECT #85: frame=13, pos=(546, 130), area=8589
2026-03-18 13:10:01,748 [INFO] robot: REJECT #86: frame=13, pos=(546, 130), area=8589
2026-03-18 13:10:01,765 [INFO] robot: REJECT #87: frame=14, pos=(549, 125), area=10412
2026-03-18 13:10:02,765 [INFO] robot: REJECT #88: frame=14, pos=(549, 125), area=10412
2026-03-18 13:10:02,776 [INFO] robot: REJECT #89: frame=15, pos=(547, 119), area=12650
2026-03-18 13:10:03,776 [INFO] robot: REJECT #90: frame=15, pos=(547, 119), area=12650
2026-03-18 13:10:03,787 [INFO] robot: REJECT #91: frame=16, pos=(484, 194), area=15057
2026-03-18 13:10:04,788 [INFO] robot: REJECT #92: frame=16, pos=(484, 194), area=15057
2026-03-18 13:10:04,801 [INFO] robot: REJECT #93: frame=17, pos=(538, 120), area=17556
2026-03-18 13:10:05,801 [INFO] robot: REJECT #94: frame=17, pos=(538, 120), area=17556
2026-03-18 13:10:05,815 [INFO] robot: REJECT #95: frame=18, pos=(500, 177), area=17562
2026-03-18 13:10:06,816 [INFO] robot: REJECT #96: frame=18, pos=(500, 177), area=17562
2026-03-18 13:10:06,830 [INFO] robot: REJECT #97: frame=19, pos=(538, 120), area=18518
2026-03-18 13:10:07,830 [INFO] robot: REJECT #98: frame=19, pos=(538, 120), area=18518
2026-03-18 13:10:08,840 [INFO] robot: REJECT #99: frame=20, pos=(536, 119), area=19287
2026-03-18 13:10:08,840 [INFO] robot: REJECT #100: frame=20, pos=(536, 119), area=19287
2026-03-18 13:10:09,849 [INFO] robot: REJECT #101: frame=21, pos=(540, 119), area=18936
2026-03-18 13:10:09,849 [INFO] robot: REJECT #102: frame=21, pos=(540, 119), area=18936
2026-03-18 13:10:10,864 [INFO] robot: REJECT #103: frame=22, pos=(537, 123), area=19010
2026-03-18 13:10:10,865 [INFO] robot: REJECT #104: frame=22, pos=(537, 123), area=19010
2026-03-18 13:10:11,876 [INFO] robot: REJECT #105: frame=23, pos=(535, 120), area=19406
2026-03-18 13:10:11,876 [INFO] robot: REJECT #106: frame=23, pos=(535, 120), area=19406
2026-03-18 13:10:12,878 [INFO] robot: REJECT #107: frame=24, pos=(500, 273), area=21162
2026-03-18 13:10:12,878 [INFO] robot: REJECT #108: frame=24, pos=(500, 273), area=21162
2026-03-18 13:10:13,879 [INFO] robot: REJECT #109: frame=25, pos=(500, 276), area=19590
2026-03-18 13:10:13,880 [INFO] robot: REJECT #110: frame=25, pos=(500, 276), area=19590
2026-03-18 13:10:14,892 [INFO] robot: REJECT #111: frame=26, pos=(503, 278), area=17875
2026-03-18 13:10:14,892 [INFO] robot: REJECT #112: frame=26, pos=(503, 278), area=17875
2026-03-18 13:10:15,899 [INFO] robot: REJECT #113: frame=27, pos=(501, 271), area=12441
2026-03-18 13:10:15,899 [INFO] robot: REJECT #114: frame=27, pos=(501, 271), area=12441
2026-03-18 13:10:16,910 [INFO] robot: REJECT #115: frame=28, pos=(503, 295), area=11301
2026-03-18 13:10:16,910 [INFO] robot: REJECT #116: frame=28, pos=(503, 295), area=11301
2026-03-18 13:10:17,924 [INFO] robot: REJECT #117: frame=29, pos=(511, 291), area=8593
2026-03-18 13:10:17,925 [INFO] robot: REJECT #118: frame=29, pos=(511, 291), area=8593
2026-03-18 13:10:18,937 [INFO] robot: REJECT #119: frame=30, pos=(507, 291), area=7193
2026-03-18 13:10:18,938 [INFO] robot: REJECT #120: frame=30, pos=(507, 291), area=7193
2026-03-18 13:10:19,948 [INFO] robot: REJECT #121: frame=31, pos=(510, 311), area=4879
2026-03-18 13:10:19,948 [INFO] robot: REJECT #122: frame=31, pos=(510, 311), area=4879
2026-03-18 13:10:20,965 [INFO] robot: REJECT #123: frame=32, pos=(524, 309), area=3593
2026-03-18 13:10:20,965 [INFO] robot: REJECT #124: frame=32, pos=(524, 309), area=3593
2026-03-18 13:10:21,974 [INFO] robot: REJECT #125: frame=33, pos=(522, 312), area=2160
2026-03-18 13:10:21,974 [INFO] robot: REJECT #126: frame=33, pos=(522, 312), area=2160
2026-03-18 13:10:22,985 [INFO] robot: REJECT #127: frame=34, pos=(517, 309), area=1230
2026-03-18 13:10:22,985 [INFO] robot: REJECT #128: frame=34, pos=(517, 309), area=1230
2026-03-18 13:10:23,998 [INFO] robot: REJECT #129: frame=94, pos=(208, 181), area=42217
2026-03-18 13:10:23,998 [INFO] robot: REJECT #130: frame=94, pos=(208, 181), area=42217
2026-03-18 13:10:24,008 [INFO] robot: REJECT #131: frame=106, pos=(306, 404), area=21251
2026-03-18 13:10:24,008 [INFO] robot: REJECT #132: frame=106, pos=(306, 404), area=21251
2026-03-18 13:10:25,020 [INFO] robot: REJECT #133: frame=107, pos=(233, 428), area=12670
2026-03-18 13:10:25,020 [INFO] robot: REJECT #134: frame=107, pos=(233, 428), area=12670
2026-03-18 13:10:26,033 [INFO] robot: REJECT #135: frame=116, pos=(485, 270), area=44062
2026-03-18 13:10:26,033 [INFO] robot: REJECT #136: frame=116, pos=(485, 270), area=44062
2026-03-18 13:10:27,042 [INFO] robot: REJECT #137: frame=7, pos=(480, 308), area=39895
2026-03-18 13:10:27,042 [INFO] robot: REJECT #138: frame=7, pos=(480, 308), area=39895
2026-03-18 13:10:28,059 [INFO] robot: REJECT #139: frame=8, pos=(505, 317), area=24351
2026-03-18 13:10:28,059 [INFO] robot: REJECT #140: frame=8, pos=(505, 317), area=24351
2026-03-18 13:10:29,062 [INFO] robot: REJECT #141: frame=9, pos=(505, 315), area=18129
2026-03-18 13:10:29,062 [INFO] robot: REJECT #142: frame=9, pos=(505, 315), area=18129
2026-03-18 13:10:30,069 [INFO] robot: REJECT #143: frame=10, pos=(515, 304), area=12387
2026-03-18 13:10:31,069 [INFO] robot: REJECT #144: frame=10, pos=(515, 304), area=12387
2026-03-18 13:10:31,084 [INFO] robot: REJECT #145: frame=11, pos=(503, 343), area=5578
2026-03-18 13:10:32,084 [INFO] robot: REJECT #146: frame=11, pos=(503, 343), area=5578
2026-03-18 13:10:32,096 [INFO] robot: REJECT #147: frame=12, pos=(518, 333), area=1943
2026-03-18 13:10:33,096 [INFO] robot: REJECT #148: frame=12, pos=(518, 333), area=1943
2026-03-18 13:10:33,109 [INFO] robot: REJECT #149: frame=13, pos=(498, 351), area=2241
2026-03-18 13:10:34,109 [INFO] robot: REJECT #150: frame=13, pos=(498, 351), area=2241
2026-03-18 13:10:34,115 [INFO] robot: REJECT #151: frame=14, pos=(521, 343), area=1960
2026-03-18 13:10:35,115 [INFO] robot: REJECT #152: frame=14, pos=(521, 343), area=1960
2026-03-18 13:10:35,135 [INFO] robot: REJECT #153: frame=15, pos=(513, 333), area=1772
2026-03-18 13:10:36,146 [INFO] robot: REJECT #154: frame=15, pos=(513, 333), area=1772
2026-03-18 13:10:36,146 [INFO] robot: REJECT #155: frame=16, pos=(485, 351), area=2027
2026-03-18 13:10:37,161 [INFO] robot: REJECT #156: frame=16, pos=(485, 351), area=2027
2026-03-18 13:10:37,161 [INFO] robot: REJECT #157: frame=17, pos=(514, 360), area=694
2026-03-18 13:10:38,174 [INFO] robot: REJECT #158: frame=17, pos=(514, 360), area=694
2026-03-18 13:10:38,174 [INFO] robot: REJECT #159: frame=18, pos=(508, 349), area=1829
2026-03-18 13:10:39,180 [INFO] robot: REJECT #160: frame=18, pos=(508, 349), area=1829
2026-03-18 13:10:39,180 [INFO] robot: REJECT #161: frame=19, pos=(508, 355), area=2837
2026-03-18 13:10:40,193 [INFO] robot: REJECT #162: frame=19, pos=(508, 355), area=2837
2026-03-18 13:10:40,193 [INFO] robot: REJECT #163: frame=20, pos=(515, 333), area=2663
2026-03-18 13:10:41,195 [INFO] robot: REJECT #164: frame=20, pos=(515, 333), area=2663
2026-03-18 13:10:41,196 [INFO] robot: REJECT #165: frame=21, pos=(505, 333), area=3048
2026-03-18 13:10:42,203 [INFO] robot: REJECT #166: frame=21, pos=(505, 333), area=3048
2026-03-18 13:10:42,203 [INFO] robot: REJECT #167: frame=22, pos=(507, 347), area=3761
2026-03-18 13:10:43,216 [INFO] robot: REJECT #168: frame=22, pos=(507, 347), area=3761
2026-03-18 13:10:43,216 [INFO] robot: REJECT #169: frame=23, pos=(506, 339), area=3771
2026-03-18 13:10:44,230 [INFO] robot: REJECT #170: frame=23, pos=(506, 339), area=3771
2026-03-18 13:10:44,230 [INFO] robot: REJECT #171: frame=24, pos=(509, 352), area=4045
2026-03-18 13:10:45,244 [INFO] robot: REJECT #172: frame=24, pos=(509, 352), area=4045
2026-03-18 13:10:45,244 [INFO] robot: REJECT #173: frame=25, pos=(487, 349), area=4950
2026-03-18 13:10:46,254 [INFO] robot: REJECT #174: frame=25, pos=(487, 349), area=4950
2026-03-18 13:10:46,254 [INFO] robot: REJECT #175: frame=26, pos=(496, 363), area=5407
2026-03-18 13:10:47,269 [INFO] robot: REJECT #176: frame=26, pos=(496, 363), area=5407
2026-03-18 13:10:47,269 [INFO] robot: REJECT #177: frame=27, pos=(499, 346), area=5934
2026-03-18 13:10:48,283 [INFO] robot: REJECT #178: frame=27, pos=(499, 346), area=5934
2026-03-18 13:10:48,283 [INFO] robot: REJECT #179: frame=28, pos=(506, 349), area=5897
2026-03-18 13:10:49,286 [INFO] robot: REJECT #180: frame=28, pos=(506, 349), area=5897
2026-03-18 13:10:49,286 [INFO] robot: REJECT #181: frame=29, pos=(497, 353), area=6055
2026-03-18 13:10:50,301 [INFO] robot: REJECT #182: frame=29, pos=(497, 353), area=6055
2026-03-18 13:10:50,301 [INFO] robot: REJECT #183: frame=30, pos=(492, 351), area=5476
2026-03-18 13:10:51,313 [INFO] robot: REJECT #184: frame=30, pos=(492, 351), area=5476
2026-03-18 13:10:52,313 [INFO] robot: REJECT #185: frame=31, pos=(503, 340), area=5811
2026-03-18 13:10:52,325 [INFO] robot: REJECT #186: frame=31, pos=(503, 340), area=5811
2026-03-18 13:13:32,206 [INFO] robot: Process state registered: robot
2026-03-18 13:13:32,206 [INFO] robot: RobotSimulatorProcess initializing...
2026-03-18 13:13:32,206 [INFO] robot: RobotSimulatorProcess ready: log_file=./robot_actions.log
2026-03-18 13:13:32,207 [INFO] robot: Registered 6 command(s) with router: ['get_metrics', 'get_metric', 'reset_metrics', 'stats_snapshot', 'flush_stats', 'reject_item']
2026-03-18 13:13:32,207 [INFO] robot: Process 'robot' initialized successfully
2026-03-18 13:13:37,826 [INFO] robot: REJECT #1: frame=89, pos=(622, 344), area=561
2026-03-18 13:13:38,850 [INFO] robot: REJECT #2: frame=89, pos=(622, 344), area=561
2026-03-18 13:13:38,850 [INFO] robot: REJECT #3: frame=90, pos=(579, 256), area=4939
2026-03-18 13:13:39,875 [INFO] robot: REJECT #4: frame=90, pos=(579, 256), area=4939
2026-03-18 13:13:39,875 [INFO] robot: REJECT #5: frame=91, pos=(568, 241), area=5191
2026-03-18 13:13:40,898 [INFO] robot: REJECT #6: frame=91, pos=(568, 241), area=5191
2026-03-18 13:13:40,898 [INFO] robot: REJECT #7: frame=115, pos=(319, 239), area=14626
2026-03-18 14:53:03,799 [INFO] robot: Process state registered: robot
2026-03-18 14:53:03,799 [INFO] robot: RobotSimulatorProcess initializing...
2026-03-18 14:53:03,800 [INFO] robot: RobotSimulatorProcess ready: log_file=./robot_actions.log
2026-03-18 14:53:03,800 [INFO] robot: Registered 6 command(s) with router: ['get_metrics', 'get_metric', 'reset_metrics', 'stats_snapshot', 'flush_stats', 'reject_item']
2026-03-18 14:53:03,800 [INFO] robot: Process 'robot' initialized successfully
2026-03-18 14:53:24,805 [INFO] robot: REJECT #1: frame=97, pos=(430, 219), area=4723
2026-03-18 14:53:25,828 [INFO] robot: REJECT #2: frame=97, pos=(430, 219), area=4723
2026-03-18 14:53:25,828 [INFO] robot: REJECT #3: frame=98, pos=(378, 239), area=35945
2026-03-18 14:53:26,849 [INFO] robot: REJECT #4: frame=98, pos=(378, 239), area=35945
2026-03-18 14:53:26,849 [INFO] robot: REJECT #5: frame=110, pos=(379, 239), area=41608
2026-03-18 14:53:27,873 [INFO] robot: REJECT #6: frame=110, pos=(379, 239), area=41608
2026-03-18 14:53:27,873 [INFO] robot: REJECT #7: frame=17, pos=(373, 239), area=9313
2026-03-18 14:53:28,897 [INFO] robot: REJECT #8: frame=17, pos=(373, 239), area=9313
2026-03-18 14:53:28,897 [INFO] robot: REJECT #9: frame=47, pos=(378, 239), area=31229
2026-03-18 14:53:29,919 [INFO] robot: REJECT #10: frame=47, pos=(378, 239), area=31229
2026-03-18 14:53:29,919 [INFO] robot: REJECT #11: frame=77, pos=(379, 239), area=33603
2026-03-18 14:53:30,942 [INFO] robot: REJECT #12: frame=77, pos=(379, 239), area=33603
2026-03-18 14:53:30,943 [INFO] robot: REJECT #13: frame=100, pos=(380, 239), area=30163
2026-03-18 14:53:31,966 [INFO] robot: REJECT #14: frame=100, pos=(380, 239), area=30163
2026-03-18 14:53:31,966 [INFO] robot: REJECT #15: frame=9, pos=(377, 239), area=30099
2026-03-18 14:53:32,989 [INFO] robot: REJECT #16: frame=9, pos=(377, 239), area=30099
2026-03-18 14:53:32,989 [INFO] robot: REJECT #17: frame=47, pos=(381, 239), area=28251
2026-03-18 14:53:33,012 [INFO] robot: REJECT #18: frame=47, pos=(381, 239), area=28251
2026-03-18 14:53:34,012 [INFO] robot: REJECT #19: frame=77, pos=(379, 239), area=30170
2026-03-18 14:53:34,036 [INFO] robot: REJECT #20: frame=77, pos=(379, 239), area=30170
2026-03-18 14:53:35,036 [INFO] robot: REJECT #21: frame=107, pos=(377, 239), area=30352
2026-03-18 14:53:35,059 [INFO] robot: REJECT #22: frame=107, pos=(377, 239), area=30352
2026-03-18 14:53:36,059 [INFO] robot: REJECT #23: frame=16, pos=(377, 239), area=30502
2026-03-18 14:53:36,082 [INFO] robot: REJECT #24: frame=16, pos=(377, 239), area=30502
2026-03-18 14:53:37,082 [INFO] robot: REJECT #25: frame=47, pos=(381, 239), area=31505
2026-03-18 14:53:37,107 [INFO] robot: REJECT #26: frame=47, pos=(381, 239), area=31505
2026-03-18 14:53:38,107 [INFO] robot: REJECT #27: frame=77, pos=(379, 239), area=31311
2026-03-18 14:53:38,130 [INFO] robot: REJECT #28: frame=77, pos=(379, 239), area=31311
2026-03-18 14:53:39,130 [INFO] robot: REJECT #29: frame=107, pos=(378, 239), area=30500
2026-03-18 14:53:39,153 [INFO] robot: REJECT #30: frame=107, pos=(378, 239), area=30500
2026-03-18 14:53:40,153 [INFO] robot: REJECT #31: frame=114, pos=(376, 239), area=30609
2026-03-18 14:53:40,176 [INFO] robot: REJECT #32: frame=114, pos=(376, 239), area=30609
2026-03-18 14:53:41,176 [INFO] robot: REJECT #33: frame=0, pos=(377, 239), area=30434
2026-03-18 14:53:41,199 [INFO] robot: REJECT #34: frame=0, pos=(377, 239), area=30434
2026-03-18 14:53:42,199 [INFO] robot: REJECT #35: frame=8, pos=(379, 239), area=30232
2026-03-18 14:53:42,221 [INFO] robot: REJECT #36: frame=8, pos=(379, 239), area=30232
2026-03-18 14:53:43,234 [INFO] robot: REJECT #37: frame=9, pos=(377, 239), area=30235
2026-03-18 14:53:43,234 [INFO] robot: REJECT #38: frame=9, pos=(377, 239), area=30235
2026-03-18 14:53:44,247 [INFO] robot: REJECT #39: frame=10, pos=(378, 239), area=30204
2026-03-18 14:53:44,248 [INFO] robot: REJECT #40: frame=10, pos=(378, 239), area=30204
2026-03-18 14:53:45,252 [INFO] robot: REJECT #41: frame=11, pos=(379, 239), area=30190
2026-03-18 14:53:45,252 [INFO] robot: REJECT #42: frame=11, pos=(379, 239), area=30190
2026-03-18 14:53:46,263 [INFO] robot: REJECT #43: frame=12, pos=(377, 239), area=30514
2026-03-18 14:53:46,264 [INFO] robot: REJECT #44: frame=12, pos=(377, 239), area=30514
2026-03-18 14:53:47,275 [INFO] robot: REJECT #45: frame=13, pos=(377, 239), area=30246
2026-03-18 14:53:47,275 [INFO] robot: REJECT #46: frame=13, pos=(377, 239), area=30246
2026-03-18 14:53:48,284 [INFO] robot: REJECT #47: frame=14, pos=(378, 239), area=30611
2026-03-18 14:53:48,284 [INFO] robot: REJECT #48: frame=14, pos=(378, 239), area=30611
2026-03-18 14:53:49,299 [INFO] robot: REJECT #49: frame=15, pos=(377, 239), area=30300
2026-03-18 14:53:49,299 [INFO] robot: REJECT #50: frame=15, pos=(377, 239), area=30300
2026-03-18 14:53:50,315 [INFO] robot: REJECT #51: frame=16, pos=(378, 239), area=30013
2026-03-18 14:53:50,315 [INFO] robot: REJECT #52: frame=16, pos=(378, 239), area=30013
2026-03-18 14:53:51,329 [INFO] robot: REJECT #53: frame=17, pos=(377, 239), area=30217
2026-03-18 14:53:51,329 [INFO] robot: REJECT #54: frame=17, pos=(377, 239), area=30217
2026-03-18 14:53:52,343 [INFO] robot: REJECT #55: frame=18, pos=(379, 239), area=30478
2026-03-18 14:53:52,344 [INFO] robot: REJECT #56: frame=18, pos=(379, 239), area=30478
2026-03-18 14:53:53,354 [INFO] robot: REJECT #57: frame=19, pos=(379, 239), area=29761
2026-03-18 14:53:53,354 [INFO] robot: REJECT #58: frame=19, pos=(379, 239), area=29761
2026-03-18 14:53:54,367 [INFO] robot: REJECT #59: frame=20, pos=(377, 239), area=30055
2026-03-18 14:53:54,367 [INFO] robot: REJECT #60: frame=20, pos=(377, 239), area=30055
2026-03-18 14:53:55,384 [INFO] robot: REJECT #61: frame=21, pos=(377, 239), area=29715
2026-03-18 14:53:56,384 [INFO] robot: REJECT #62: frame=21, pos=(377, 239), area=29715
2026-03-18 14:53:56,392 [INFO] robot: REJECT #63: frame=22, pos=(379, 239), area=29739
2026-03-18 14:53:57,392 [INFO] robot: REJECT #64: frame=22, pos=(379, 239), area=29739
2026-03-18 14:53:57,402 [INFO] robot: REJECT #65: frame=23, pos=(377, 239), area=29070
2026-03-18 14:53:58,402 [INFO] robot: REJECT #66: frame=23, pos=(377, 239), area=29070
2026-03-18 14:53:58,413 [INFO] robot: REJECT #67: frame=24, pos=(379, 239), area=28841
2026-03-18 14:53:59,413 [INFO] robot: REJECT #68: frame=24, pos=(379, 239), area=28841
2026-03-18 17:20:38,257 [INFO] robot: Process state registered: robot
2026-03-18 17:20:38,257 [INFO] robot: RobotSimulatorProcess initializing...
2026-03-18 17:20:38,257 [INFO] robot: RobotSimulatorProcess ready: log_file=./robot_actions.log
2026-03-18 17:20:38,257 [INFO] robot: Registered 6 command(s) with router: ['get_metrics', 'get_metric', 'reset_metrics', 'stats_snapshot', 'flush_stats', 'reject_item']
2026-03-18 17:20:38,257 [INFO] robot: Process 'robot' initialized successfully
2026-03-18 17:20:44,006 [INFO] robot: REJECT #1: frame=67, pos=(330, 239), area=12929
2026-03-18 17:20:44,028 [INFO] robot: REJECT #2: frame=67, pos=(330, 239), area=12929
2026-03-18 17:20:45,028 [INFO] robot: REJECT #3: frame=68, pos=(364, 239), area=48369
2026-03-18 17:20:45,052 [INFO] robot: REJECT #4: frame=68, pos=(364, 239), area=48369
2026-03-18 17:20:46,052 [INFO] robot: REJECT #5: frame=77, pos=(359, 239), area=23265
2026-03-18 17:20:46,076 [INFO] robot: REJECT #6: frame=77, pos=(359, 239), area=23265
2026-03-18 17:20:47,076 [INFO] robot: REJECT #7: frame=94, pos=(371, 239), area=46746
2026-03-18 17:20:47,099 [INFO] robot: REJECT #8: frame=94, pos=(371, 239), area=46746
2026-03-18 17:20:48,099 [INFO] robot: REJECT #9: frame=3, pos=(379, 239), area=34416
2026-03-18 17:20:48,122 [INFO] robot: REJECT #10: frame=3, pos=(379, 239), area=34416
2026-03-18 17:20:49,123 [INFO] robot: REJECT #11: frame=33, pos=(389, 239), area=25814
2026-03-18 17:20:49,146 [INFO] robot: REJECT #12: frame=33, pos=(389, 239), area=25814
2026-03-18 17:20:50,146 [INFO] robot: REJECT #13: frame=64, pos=(414, 239), area=19911
2026-03-18 17:20:50,169 [INFO] robot: REJECT #14: frame=64, pos=(414, 239), area=19911
2026-03-18 17:20:51,169 [INFO] robot: REJECT #15: frame=95, pos=(440, 239), area=13190
2026-03-18 17:20:51,192 [INFO] robot: REJECT #16: frame=95, pos=(440, 239), area=13190
2026-03-18 17:20:52,192 [INFO] robot: REJECT #17: frame=4, pos=(393, 239), area=25248
2026-03-18 17:20:52,215 [INFO] robot: REJECT #18: frame=4, pos=(393, 239), area=25248
2026-03-18 17:20:53,215 [INFO] robot: REJECT #19: frame=35, pos=(375, 239), area=28915
2026-03-18 17:20:53,237 [INFO] robot: REJECT #20: frame=35, pos=(375, 239), area=28915
2026-03-18 17:20:54,237 [INFO] robot: REJECT #21: frame=66, pos=(375, 239), area=36628
2026-03-18 17:20:54,261 [INFO] robot: REJECT #22: frame=66, pos=(375, 239), area=36628
2026-03-18 17:20:55,261 [INFO] robot: REJECT #23: frame=94, pos=(407, 239), area=27176
2026-03-18 17:20:55,284 [INFO] robot: REJECT #24: frame=94, pos=(407, 239), area=27176
2026-03-18 17:20:56,284 [INFO] robot: REJECT #25: frame=4, pos=(400, 239), area=26954
2026-03-18 17:20:56,308 [INFO] robot: REJECT #26: frame=4, pos=(400, 239), area=26954
2026-03-18 17:20:57,308 [INFO] robot: REJECT #27: frame=20, pos=(385, 239), area=35455
2026-03-18 17:20:57,331 [INFO] robot: REJECT #28: frame=20, pos=(385, 239), area=35455
2026-03-18 17:20:58,331 [INFO] robot: REJECT #29: frame=54, pos=(388, 239), area=40887
2026-03-18 17:20:58,354 [INFO] robot: REJECT #30: frame=54, pos=(388, 239), area=40887
2026-03-18 17:20:59,354 [INFO] robot: REJECT #31: frame=99, pos=(399, 239), area=16737
2026-03-18 17:20:59,377 [INFO] robot: REJECT #32: frame=99, pos=(399, 239), area=16737
2026-03-18 17:21:00,377 [INFO] robot: REJECT #33: frame=9, pos=(403, 239), area=13510
2026-03-18 17:21:00,400 [INFO] robot: REJECT #34: frame=9, pos=(403, 239), area=13510
2026-03-18 17:21:01,400 [INFO] robot: REJECT #35: frame=40, pos=(396, 239), area=7441
2026-03-18 17:21:01,423 [INFO] robot: REJECT #36: frame=40, pos=(396, 239), area=7441
2026-03-18 17:21:02,423 [INFO] robot: REJECT #37: frame=70, pos=(396, 239), area=7393
2026-03-18 17:21:02,446 [INFO] robot: REJECT #38: frame=70, pos=(396, 239), area=7393
2026-03-18 17:21:03,446 [INFO] robot: REJECT #39: frame=101, pos=(397, 239), area=7269
2026-03-18 17:21:03,470 [INFO] robot: REJECT #40: frame=101, pos=(397, 239), area=7269
2026-03-18 17:21:04,470 [INFO] robot: REJECT #41: frame=11, pos=(395, 239), area=7684
2026-03-18 17:21:04,492 [INFO] robot: REJECT #42: frame=11, pos=(395, 239), area=7684
2026-03-18 17:21:05,492 [INFO] robot: REJECT #43: frame=42, pos=(397, 239), area=7132
2026-03-18 17:21:05,515 [INFO] robot: REJECT #44: frame=42, pos=(397, 239), area=7132
2026-03-18 17:21:06,515 [INFO] robot: REJECT #45: frame=73, pos=(416, 239), area=7221
2026-03-18 17:21:07,539 [INFO] robot: REJECT #46: frame=73, pos=(416, 239), area=7221
2026-03-18 17:21:07,539 [INFO] robot: REJECT #47: frame=104, pos=(395, 239), area=7304
2026-03-18 17:21:08,561 [INFO] robot: REJECT #48: frame=104, pos=(395, 239), area=7304
2026-03-18 17:21:08,561 [INFO] robot: REJECT #49: frame=13, pos=(400, 239), area=7273
2026-03-18 17:23:37,207 [INFO] robot: Process state registered: robot
2026-03-18 17:23:37,207 [INFO] robot: RobotSimulatorProcess initializing...
2026-03-18 17:23:37,207 [INFO] robot: RobotSimulatorProcess ready: log_file=./robot_actions.log
2026-03-18 17:23:37,207 [INFO] robot: Registered 6 command(s) with router: ['get_metrics', 'get_metric', 'reset_metrics', 'stats_snapshot', 'flush_stats', 'reject_item']
2026-03-18 17:23:37,207 [INFO] robot: Process 'robot' initialized successfully
